DEBUG:Debug log for the robot starting on 2022-04-27_23-09-08
DEBUG:----------------------------------------------
DEBUG:Position info about the robot:
DEBUG:Initial pos/angle: ([[ 0.389  0.160 -0.067]], [[-1.649 -2.673  0.000]])
DEBUG:Current pos/angle: ([[ 0.389  0.160 -0.066]], [[ 1.650  2.674  0.000]]
DEBUG:----------------------------------------------
DEBUG:----------------------------------------------
DEBUG:Position info about the robot:
DEBUG:Initial pos/angle: ([[ 0.389  0.160 -0.067]], [[-1.649 -2.673  0.000]])
DEBUG:Current pos/angle: ([[ 0.389  0.160 -0.067]], [[ 1.650  2.674  0.000]]
DEBUG:----------------------------------------------
DEBUG:----------------------------------------------
DEBUG:Position info about the robot:
DEBUG:Initial pos/angle: ([[ 0.389  0.160 -0.067]], [[-1.649 -2.673  0.000]])
DEBUG:Current pos/angle: ([[ 0.389  0.160 -0.067]], [[-1.649 -2.673  0.000]]
DEBUG:----------------------------------------------
DEBUG:----------------------------------------------
DEBUG:Position info about the robot:
DEBUG:Initial pos/angle: ([[ 0.389  0.160 -0.067]], [[-1.649 -2.673  0.000]])
DEBUG:Current pos/angle: ([[ 0.389  0.160 -0.067]], [[-1.649 -2.673  0.000]]
DEBUG:----------------------------------------------
DEBUG:----------------------------------------------
DEBUG:Position info about the robot:
DEBUG:Initial pos/angle: ([[ 0.389  0.160 -0.067]], [[-1.649 -2.673  0.000]])
DEBUG:Current pos/angle: ([[ 0.389  0.160 -0.066]], [[ 1.650  2.674  0.000]]
DEBUG:----------------------------------------------
DEBUG:----------------------------------------------
DEBUG:Position info about the robot:
DEBUG:Initial pos/angle: ([[ 0.389  0.160 -0.067]], [[-1.649 -2.673  0.000]])
DEBUG:Current pos/angle: ([[ 0.389  0.160 -0.066]], [[ 1.650  2.674  0.000]]
DEBUG:----------------------------------------------
DEBUG:----------------------------------------------
DEBUG:Position info about the robot:
DEBUG:Initial pos/angle: ([[ 0.389  0.160 -0.067]], [[-1.649 -2.673  0.000]])
DEBUG:Current pos/angle: ([[ 0.389  0.160 -0.067]], [[ 1.650  2.674  0.000]]
DEBUG:----------------------------------------------
DEBUG:----------------------------------------------
DEBUG:Position info about the robot:
DEBUG:Initial pos/angle: ([[ 0.389  0.160 -0.067]], [[-1.649 -2.673  0.000]])
DEBUG:Current pos/angle: ([[ 0.389  0.160 -0.067]], [[-1.649 -2.673  0.000]]
DEBUG:----------------------------------------------
DEBUG:----------------------------------------------
DEBUG:Position info about the robot:
DEBUG:Initial pos/angle: ([[ 0.389  0.160 -0.067]], [[-1.649 -2.673  0.000]])
DEBUG:Current pos/angle: ([[ 0.389  0.160 -0.067]], [[-1.649 -2.673  0.000]]
DEBUG:----------------------------------------------
DEBUG:----------------------------------------------
DEBUG:Position info about the robot:
DEBUG:Initial pos/angle: ([[ 0.389  0.160 -0.067]], [[-1.649 -2.673  0.000]])
DEBUG:Current pos/angle: ([[ 0.389  0.160 -0.066]], [[ 1.650  2.674  0.000]]
DEBUG:----------------------------------------------
DEBUG:----------------------------------------------
DEBUG:Position info about the robot:
DEBUG:Initial pos/angle: ([[ 0.389  0.160 -0.067]], [[-1.649 -2.673  0.000]])
DEBUG:Current pos/angle: ([[ 0.389  0.160 -0.067]], [[-1.648 -2.673  0.000]]
DEBUG:----------------------------------------------
DEBUG:----------------------------------------------
DEBUG:Position info about the robot:
DEBUG:Initial pos/angle: ([[ 0.389  0.160 -0.067]], [[-1.649 -2.673  0.000]])
DEBUG:Current pos/angle: ([[ 0.389  0.160 -0.066]], [[ 1.650  2.674  0.000]]
DEBUG:----------------------------------------------
DEBUG:----------------------------------------------
DEBUG:Position info about the robot:
DEBUG:Initial pos/angle: ([[ 0.389  0.160 -0.067]], [[-1.649 -2.673  0.000]])
DEBUG:Current pos/angle: ([[ 0.389  0.160 -0.067]], [[-1.648 -2.673  0.000]]
DEBUG:----------------------------------------------
DEBUG:----------------------------------------------
DEBUG:Position info about the robot:
DEBUG:Initial pos/angle: ([[ 0.389  0.160 -0.067]], [[-1.649 -2.673  0.000]])
DEBUG:Current pos/angle: ([[ 0.389  0.160 -0.067]], [[-1.649 -2.673  0.000]]
DEBUG:----------------------------------------------
DEBUG:----------------------------------------------
DEBUG:Position info about the robot:
DEBUG:Initial pos/angle: ([[ 0.389  0.160 -0.067]], [[-1.649 -2.673  0.000]])
DEBUG:Current pos/angle: ([[ 0.389  0.160 -0.067]], [[-1.649 -2.673  0.000]]
DEBUG:----------------------------------------------
DEBUG:----------------------------------------------
DEBUG:Position info about the robot:
DEBUG:Initial pos/angle: ([[ 0.389  0.160 -0.067]], [[-1.649 -2.673  0.000]])
DEBUG:Current pos/angle: ([[ 0.389  0.160 -0.067]], [[-1.648 -2.673  0.000]]
DEBUG:----------------------------------------------
DEBUG:----------------------------------------------
DEBUG:Position info about the robot:
DEBUG:Initial pos/angle: ([[ 0.389  0.160 -0.067]], [[-1.649 -2.673  0.000]])
DEBUG:Current pos/angle: ([[ 0.389  0.160 -0.067]], [[ 1.650  2.674  0.000]]
DEBUG:----------------------------------------------
DEBUG:----------------------------------------------
DEBUG:Position info about the robot:
DEBUG:Initial pos/angle: ([[ 0.389  0.160 -0.067]], [[-1.649 -2.673  0.000]])
DEBUG:Current pos/angle: ([[ 0.389  0.160 -0.066]], [[ 1.650  2.674  0.000]]
DEBUG:----------------------------------------------
DEBUG:----------------------------------------------
DEBUG:Position info about the robot:
DEBUG:Initial pos/angle: ([[ 0.389  0.160 -0.067]], [[-1.649 -2.673  0.000]])
DEBUG:Current pos/angle: ([[ 0.389  0.160 -0.066]], [[ 1.649  2.674  0.000]]
DEBUG:----------------------------------------------
DEBUG:----------------------------------------------
DEBUG:Position info about the robot:
DEBUG:Initial pos/angle: ([[ 0.389  0.160 -0.067]], [[-1.649 -2.673  0.000]])
DEBUG:Current pos/angle: ([[ 0.389  0.160 -0.067]], [[-1.649 -2.673  0.000]]
DEBUG:----------------------------------------------
DEBUG:----------------------------------------------
DEBUG:Position info about the robot:
DEBUG:Initial pos/angle: ([[ 0.389  0.160 -0.067]], [[-1.649 -2.673  0.000]])
DEBUG:Current pos/angle: ([[ 0.389  0.160 -0.067]], [[-1.649 -2.673  0.000]]
DEBUG:----------------------------------------------
DEBUG:----------------------------------------------
DEBUG:Position info about the robot:
DEBUG:Initial pos/angle: ([[ 0.389  0.160 -0.067]], [[-1.649 -2.673  0.000]])
DEBUG:Current pos/angle: ([[ 0.389  0.160 -0.067]], [[-1.649 -2.673  0.000]]
DEBUG:----------------------------------------------
DEBUG:----------------------------------------------
DEBUG:Position info about the robot:
DEBUG:Initial pos/angle: ([[ 0.389  0.160 -0.067]], [[-1.649 -2.673  0.000]])
DEBUG:Current pos/angle: ([[ 0.389  0.160 -0.067]], [[-1.649 -2.673  0.000]]
DEBUG:----------------------------------------------
DEBUG:----------------------------------------------
DEBUG:Position info about the robot:
DEBUG:Initial pos/angle: ([[ 0.389  0.160 -0.067]], [[-1.649 -2.673  0.000]])
DEBUG:Current pos/angle: ([[ 0.389  0.160 -0.066]], [[ 1.650  2.674  0.000]]
DEBUG:----------------------------------------------
DEBUG:----------------------------------------------
DEBUG:Position info about the robot:
DEBUG:Initial pos/angle: ([[ 0.389  0.160 -0.067]], [[-1.649 -2.673  0.000]])
DEBUG:Current pos/angle: ([[ 0.389  0.160 -0.067]], [[-1.649 -2.673  0.000]]
DEBUG:----------------------------------------------
DEBUG:----------------------------------------------
DEBUG:Position info about the robot:
DEBUG:Initial pos/angle: ([[ 0.389  0.160 -0.067]], [[-1.649 -2.673  0.000]])
DEBUG:Current pos/angle: ([[ 0.389  0.160 -0.066]], [[ 1.650  2.674  0.000]]
DEBUG:----------------------------------------------
DEBUG:----------------------------------------------
DEBUG:Position info about the robot:
DEBUG:Initial pos/angle: ([[ 0.389  0.160 -0.067]], [[-1.649 -2.673  0.000]])
DEBUG:Current pos/angle: ([[ 0.389  0.160 -0.067]], [[-1.649 -2.673  0.000]]
DEBUG:----------------------------------------------
DEBUG:----------------------------------------------
DEBUG:Position info about the robot:
DEBUG:Initial pos/angle: ([[ 0.389  0.160 -0.067]], [[-1.649 -2.673  0.000]])
DEBUG:Current pos/angle: ([[ 0.389  0.160 -0.067]], [[ 1.650  2.674  0.000]]
DEBUG:----------------------------------------------
DEBUG:----------------------------------------------
DEBUG:Position info about the robot:
DEBUG:Initial pos/angle: ([[ 0.389  0.160 -0.067]], [[-1.649 -2.673  0.000]])
DEBUG:Current pos/angle: ([[ 0.389  0.160 -0.067]], [[-1.649 -2.673  0.000]]
DEBUG:----------------------------------------------
DEBUG:----------------------------------------------
DEBUG:Position info about the robot:
DEBUG:Initial pos/angle: ([[ 0.389  0.160 -0.067]], [[-1.649 -2.673  0.000]])
DEBUG:Current pos/angle: ([[ 0.389  0.160 -0.067]], [[-1.649 -2.673  0.000]]
DEBUG:----------------------------------------------
DEBUG:----------------------------------------------
DEBUG:Position info about the robot:
DEBUG:Initial pos/angle: ([[ 0.389  0.160 -0.067]], [[-1.649 -2.673  0.000]])
DEBUG:Current pos/angle: ([[ 0.389  0.160 -0.067]], [[ 1.650  2.674  0.000]]
DEBUG:----------------------------------------------
DEBUG:----------------------------------------------
DEBUG:Position info about the robot:
DEBUG:Initial pos/angle: ([[ 0.389  0.160 -0.067]], [[-1.649 -2.673  0.000]])
DEBUG:Current pos/angle: ([[ 0.389  0.160 -0.067]], [[ 1.649  2.674  0.000]]
DEBUG:----------------------------------------------
DEBUG:----------------------------------------------
DEBUG:Position info about the robot:
DEBUG:Initial pos/angle: ([[ 0.389  0.160 -0.067]], [[-1.649 -2.673  0.000]])
DEBUG:Current pos/angle: ([[ 0.389  0.160 -0.066]], [[ 1.650  2.674  0.000]]
DEBUG:----------------------------------------------
DEBUG:----------------------------------------------
DEBUG:Position info about the robot:
DEBUG:Initial pos/angle: ([[ 0.389  0.160 -0.067]], [[-1.649 -2.673  0.000]])
DEBUG:Current pos/angle: ([[ 0.389  0.160 -0.067]], [[-1.649 -2.673  0.000]]
DEBUG:----------------------------------------------
DEBUG:----------------------------------------------
DEBUG:Position info about the robot:
DEBUG:Initial pos/angle: ([[ 0.389  0.160 -0.067]], [[-1.649 -2.673  0.000]])
DEBUG:Current pos/angle: ([[ 0.389  0.160 -0.067]], [[ 1.650  2.674  0.000]]
DEBUG:----------------------------------------------
DEBUG:----------------------------------------------
DEBUG:Position info about the robot:
DEBUG:Initial pos/angle: ([[ 0.389  0.160 -0.067]], [[-1.649 -2.673  0.000]])
DEBUG:Current pos/angle: ([[ 0.389  0.160 -0.067]], [[-1.649 -2.673  0.000]]
DEBUG:----------------------------------------------
DEBUG:----------------------------------------------
DEBUG:Position info about the robot:
DEBUG:Initial pos/angle: ([[ 0.389  0.160 -0.067]], [[-1.649 -2.673  0.000]])
DEBUG:Current pos/angle: ([[ 0.389  0.160 -0.067]], [[-1.649 -2.673  0.000]]
DEBUG:----------------------------------------------
DEBUG:----------------------------------------------
DEBUG:Position info about the robot:
DEBUG:Initial pos/angle: ([[ 0.389  0.160 -0.067]], [[-1.649 -2.673  0.000]])
DEBUG:Current pos/angle: ([[ 0.389  0.160 -0.066]], [[ 1.649  2.674  0.000]]
DEBUG:----------------------------------------------
DEBUG:----------------------------------------------
DEBUG:Position info about the robot:
DEBUG:Initial pos/angle: ([[ 0.389  0.160 -0.067]], [[-1.649 -2.673  0.000]])
DEBUG:Current pos/angle: ([[ 0.389  0.160 -0.067]], [[-1.649 -2.673  0.000]]
DEBUG:----------------------------------------------
DEBUG:----------------------------------------------
DEBUG:Position info about the robot:
DEBUG:Initial pos/angle: ([[ 0.389  0.160 -0.067]], [[-1.649 -2.673  0.000]])
DEBUG:Current pos/angle: ([[ 0.389  0.160 -0.067]], [[-1.649 -2.673  0.000]]
DEBUG:----------------------------------------------
DEBUG:----------------------------------------------
DEBUG:Position info about the robot:
DEBUG:Initial pos/angle: ([[ 0.389  0.160 -0.067]], [[-1.649 -2.673  0.000]])
DEBUG:Current pos/angle: ([[ 0.389  0.160 -0.067]], [[-1.648 -2.673  0.000]]
DEBUG:----------------------------------------------
DEBUG:----------------------------------------------
DEBUG:Position info about the robot:
DEBUG:Initial pos/angle: ([[ 0.389  0.160 -0.067]], [[-1.649 -2.673  0.000]])
DEBUG:Current pos/angle: ([[ 0.389  0.160 -0.067]], [[ 1.650  2.674  0.000]]
DEBUG:----------------------------------------------
DEBUG:----------------------------------------------
DEBUG:Position info about the robot:
DEBUG:Initial pos/angle: ([[ 0.389  0.160 -0.067]], [[-1.649 -2.673  0.000]])
DEBUG:Current pos/angle: ([[ 0.389  0.160 -0.067]], [[-1.648 -2.673  0.000]]
DEBUG:----------------------------------------------
DEBUG:----------------------------------------------
DEBUG:Position info about the robot:
DEBUG:Initial pos/angle: ([[ 0.389  0.160 -0.067]], [[-1.649 -2.673  0.000]])
DEBUG:Current pos/angle: ([[ 0.389  0.160 -0.067]], [[-1.649 -2.673  0.000]]
DEBUG:----------------------------------------------
DEBUG:----------------------------------------------
DEBUG:Position info about the robot:
DEBUG:Initial pos/angle: ([[ 0.389  0.160 -0.067]], [[-1.649 -2.673  0.000]])
DEBUG:Current pos/angle: ([[ 0.389  0.160 -0.067]], [[-1.649 -2.673  0.000]]
DEBUG:----------------------------------------------
DEBUG:----------------------------------------------
DEBUG:Position info about the robot:
DEBUG:Initial pos/angle: ([[ 0.389  0.160 -0.067]], [[-1.649 -2.673  0.000]])
DEBUG:Current pos/angle: ([[ 0.389  0.160 -0.067]], [[-1.648 -2.673  0.000]]
DEBUG:----------------------------------------------
DEBUG:----------------------------------------------
DEBUG:Position info about the robot:
DEBUG:Initial pos/angle: ([[ 0.389  0.160 -0.067]], [[-1.649 -2.673  0.000]])
DEBUG:Current pos/angle: ([[ 0.389  0.160 -0.066]], [[ 1.649  2.674  0.000]]
DEBUG:----------------------------------------------
DEBUG:----------------------------------------------
DEBUG:Position info about the robot:
DEBUG:Initial pos/angle: ([[ 0.389  0.160 -0.067]], [[-1.649 -2.673  0.000]])
DEBUG:Current pos/angle: ([[ 0.389  0.160 -0.067]], [[-1.648 -2.673  0.000]]
DEBUG:----------------------------------------------
DEBUG:----------------------------------------------
DEBUG:Position info about the robot:
DEBUG:Initial pos/angle: ([[ 0.389  0.160 -0.067]], [[-1.649 -2.673  0.000]])
DEBUG:Current pos/angle: ([[ 0.389  0.160 -0.067]], [[-1.649 -2.673  0.000]]
DEBUG:----------------------------------------------
DEBUG:----------------------------------------------
DEBUG:Position info about the robot:
DEBUG:Initial pos/angle: ([[ 0.389  0.160 -0.067]], [[-1.649 -2.673  0.000]])
DEBUG:Current pos/angle: ([[ 0.389  0.160 -0.067]], [[-1.649 -2.673  0.000]]
DEBUG:----------------------------------------------
DEBUG:----------------------------------------------
DEBUG:Position info about the robot:
DEBUG:Initial pos/angle: ([[ 0.389  0.160 -0.067]], [[-1.649 -2.673  0.000]])
DEBUG:Current pos/angle: ([[ 0.389  0.160 -0.067]], [[-1.649 -2.673  0.000]]
DEBUG:----------------------------------------------
DEBUG:----------------------------------------------
DEBUG:Position info about the robot:
DEBUG:Initial pos/angle: ([[ 0.389  0.160 -0.067]], [[-1.649 -2.673  0.000]])
DEBUG:Current pos/angle: ([[ 0.389  0.160 -0.067]], [[-1.649 -2.673  0.000]]
DEBUG:----------------------------------------------
DEBUG:----------------------------------------------
DEBUG:Position info about the robot:
DEBUG:Initial pos/angle: ([[ 0.389  0.160 -0.067]], [[-1.649 -2.673  0.000]])
DEBUG:Current pos/angle: ([[ 0.389  0.160 -0.066]], [[ 1.650  2.674  0.000]]
DEBUG:----------------------------------------------
DEBUG:----------------------------------------------
DEBUG:Position info about the robot:
DEBUG:Initial pos/angle: ([[ 0.389  0.160 -0.067]], [[-1.649 -2.673  0.000]])
DEBUG:Current pos/angle: ([[ 0.389  0.160 -0.067]], [[-1.649 -2.673  0.000]]
DEBUG:----------------------------------------------
DEBUG:----------------------------------------------
DEBUG:Position info about the robot:
DEBUG:Initial pos/angle: ([[ 0.389  0.160 -0.067]], [[-1.649 -2.673  0.000]])
DEBUG:Current pos/angle: ([[ 0.389  0.160 -0.066]], [[ 1.650  2.674  0.000]]
DEBUG:----------------------------------------------
DEBUG:----------------------------------------------
DEBUG:Position info about the robot:
DEBUG:Initial pos/angle: ([[ 0.389  0.160 -0.067]], [[-1.649 -2.673  0.000]])
DEBUG:Current pos/angle: ([[ 0.389  0.160 -0.067]], [[ 1.650  2.674  0.000]]
DEBUG:----------------------------------------------
DEBUG:----------------------------------------------
DEBUG:Position info about the robot:
DEBUG:Initial pos/angle: ([[ 0.389  0.160 -0.067]], [[-1.649 -2.673  0.000]])
DEBUG:Current pos/angle: ([[ 0.389  0.160 -0.066]], [[ 1.649  2.674  0.000]]
DEBUG:----------------------------------------------
DEBUG:----------------------------------------------
DEBUG:Position info about the robot:
DEBUG:Initial pos/angle: ([[ 0.389  0.160 -0.067]], [[-1.649 -2.673  0.000]])
DEBUG:Current pos/angle: ([[ 0.389  0.160 -0.067]], [[-1.649 -2.673  0.000]]
DEBUG:----------------------------------------------
DEBUG:----------------------------------------------
DEBUG:Position info about the robot:
DEBUG:Initial pos/angle: ([[ 0.389  0.160 -0.067]], [[-1.649 -2.673  0.000]])
DEBUG:Current pos/angle: ([[ 0.389  0.160 -0.066]], [[ 1.650  2.674  0.000]]
DEBUG:----------------------------------------------
DEBUG:----------------------------------------------
DEBUG:Position info about the robot:
DEBUG:Initial pos/angle: ([[ 0.389  0.160 -0.067]], [[-1.649 -2.673  0.000]])
DEBUG:Current pos/angle: ([[ 0.389  0.160 -0.067]], [[ 1.650  2.674  0.000]]
DEBUG:----------------------------------------------
DEBUG:----------------------------------------------
DEBUG:Position info about the robot:
DEBUG:Initial pos/angle: ([[ 0.389  0.160 -0.067]], [[-1.649 -2.673  0.000]])
DEBUG:Current pos/angle: ([[ 0.389  0.160 -0.067]], [[ 1.649  2.674  0.000]]
DEBUG:----------------------------------------------
DEBUG:----------------------------------------------
DEBUG:Position info about the robot:
DEBUG:Initial pos/angle: ([[ 0.389  0.160 -0.067]], [[-1.649 -2.673  0.000]])
DEBUG:Current pos/angle: ([[ 0.389  0.160 -0.067]], [[-1.649 -2.673  0.000]]
DEBUG:----------------------------------------------
DEBUG:----------------------------------------------
DEBUG:Position info about the robot:
DEBUG:Initial pos/angle: ([[ 0.389  0.160 -0.067]], [[-1.649 -2.673  0.000]])
DEBUG:Current pos/angle: ([[ 0.389  0.160 -0.067]], [[-1.649 -2.673  0.000]]
DEBUG:----------------------------------------------
DEBUG:----------------------------------------------
DEBUG:Position info about the robot:
DEBUG:Initial pos/angle: ([[ 0.389  0.160 -0.067]], [[-1.649 -2.673  0.000]])
DEBUG:Current pos/angle: ([[ 0.389  0.160 -0.067]], [[-1.649 -2.673  0.000]]
DEBUG:----------------------------------------------
DEBUG:----------------------------------------------
DEBUG:Position info about the robot:
DEBUG:Initial pos/angle: ([[ 0.389  0.160 -0.067]], [[-1.649 -2.673  0.000]])
DEBUG:Current pos/angle: ([[ 0.389  0.160 -0.067]], [[-1.649 -2.673  0.000]]
DEBUG:----------------------------------------------
DEBUG:----------------------------------------------
DEBUG:Position info about the robot:
DEBUG:Initial pos/angle: ([[ 0.389  0.160 -0.067]], [[-1.649 -2.673  0.000]])
DEBUG:Current pos/angle: ([[ 0.389  0.160 -0.066]], [[ 1.650  2.674  0.000]]
DEBUG:----------------------------------------------
DEBUG:----------------------------------------------
DEBUG:Position info about the robot:
DEBUG:Initial pos/angle: ([[ 0.389  0.160 -0.067]], [[-1.649 -2.673  0.000]])
DEBUG:Current pos/angle: ([[ 0.389  0.160 -0.067]], [[-1.648 -2.673  0.000]]
DEBUG:----------------------------------------------
DEBUG:----------------------------------------------
DEBUG:Position info about the robot:
DEBUG:Initial pos/angle: ([[ 0.389  0.160 -0.067]], [[-1.649 -2.673  0.000]])
DEBUG:Current pos/angle: ([[ 0.389  0.160 -0.066]], [[ 1.650  2.674  0.000]]
DEBUG:----------------------------------------------
DEBUG:----------------------------------------------
DEBUG:Position info about the robot:
DEBUG:Initial pos/angle: ([[ 0.389  0.160 -0.067]], [[-1.649 -2.673  0.000]])
DEBUG:Current pos/angle: ([[ 0.389  0.160 -0.067]], [[ 1.649  2.674  0.000]]
DEBUG:----------------------------------------------
DEBUG:----------------------------------------------
DEBUG:Position info about the robot:
DEBUG:Initial pos/angle: ([[ 0.389  0.160 -0.067]], [[-1.649 -2.673  0.000]])
DEBUG:Current pos/angle: ([[ 0.389  0.160 -0.067]], [[ 1.650  2.674  0.000]]
DEBUG:----------------------------------------------
DEBUG:----------------------------------------------
DEBUG:Position info about the robot:
DEBUG:Initial pos/angle: ([[ 0.389  0.160 -0.067]], [[-1.649 -2.673  0.000]])
DEBUG:Current pos/angle: ([[ 0.389  0.160 -0.067]], [[-1.649 -2.673  0.000]]
DEBUG:----------------------------------------------
DEBUG:----------------------------------------------
DEBUG:Position info about the robot:
DEBUG:Initial pos/angle: ([[ 0.389  0.160 -0.067]], [[-1.649 -2.673  0.000]])
DEBUG:Current pos/angle: ([[ 0.389  0.160 -0.067]], [[-1.649 -2.673  0.000]]
DEBUG:----------------------------------------------
DEBUG:----------------------------------------------
DEBUG:Position info about the robot:
DEBUG:Initial pos/angle: ([[ 0.389  0.160 -0.067]], [[-1.649 -2.673  0.000]])
DEBUG:Current pos/angle: ([[ 0.389  0.160 -0.067]], [[-1.648 -2.673  0.000]]
DEBUG:----------------------------------------------
DEBUG:----------------------------------------------
DEBUG:Position info about the robot:
DEBUG:Initial pos/angle: ([[ 0.389  0.160 -0.067]], [[-1.649 -2.673  0.000]])
DEBUG:Current pos/angle: ([[ 0.389  0.160 -0.067]], [[-1.649 -2.673  0.000]]
DEBUG:----------------------------------------------
DEBUG:----------------------------------------------
DEBUG:Position info about the robot:
DEBUG:Initial pos/angle: ([[ 0.389  0.160 -0.067]], [[-1.649 -2.673  0.000]])
DEBUG:Current pos/angle: ([[ 0.389  0.160 -0.067]], [[-1.648 -2.673  0.000]]
DEBUG:----------------------------------------------
DEBUG:----------------------------------------------
DEBUG:Position info about the robot:
DEBUG:Initial pos/angle: ([[ 0.389  0.160 -0.067]], [[-1.649 -2.673  0.000]])
DEBUG:Current pos/angle: ([[ 0.389  0.160 -0.067]], [[ 1.650  2.674  0.000]]
DEBUG:----------------------------------------------
DEBUG:----------------------------------------------
DEBUG:Position info about the robot:
DEBUG:Initial pos/angle: ([[ 0.389  0.160 -0.067]], [[-1.649 -2.673  0.000]])
DEBUG:Current pos/angle: ([[ 0.389  0.160 -0.067]], [[-1.648 -2.673  0.000]]
DEBUG:----------------------------------------------
DEBUG:----------------------------------------------
DEBUG:Position info about the robot:
DEBUG:Initial pos/angle: ([[ 0.389  0.160 -0.067]], [[-1.649 -2.673  0.000]])
DEBUG:Current pos/angle: ([[ 0.389  0.160 -0.067]], [[-1.649 -2.673  0.000]]
DEBUG:----------------------------------------------
DEBUG:----------------------------------------------
DEBUG:Position info about the robot:
DEBUG:Initial pos/angle: ([[ 0.389  0.160 -0.067]], [[-1.649 -2.673  0.000]])
DEBUG:Current pos/angle: ([[ 0.389  0.160 -0.067]], [[-1.649 -2.673  0.000]]
DEBUG:----------------------------------------------
DEBUG:----------------------------------------------
DEBUG:Position info about the robot:
DEBUG:Initial pos/angle: ([[ 0.389  0.160 -0.067]], [[-1.649 -2.673  0.000]])
DEBUG:Current pos/angle: ([[ 0.389  0.160 -0.067]], [[-1.648 -2.673  0.000]]
DEBUG:----------------------------------------------
DEBUG:----------------------------------------------
DEBUG:Position info about the robot:
DEBUG:Initial pos/angle: ([[ 0.389  0.160 -0.067]], [[-1.649 -2.673  0.000]])
DEBUG:Current pos/angle: ([[ 0.389  0.160 -0.067]], [[-1.648 -2.673  0.000]]
DEBUG:----------------------------------------------
DEBUG:----------------------------------------------
DEBUG:Position info about the robot:
DEBUG:Initial pos/angle: ([[ 0.389  0.160 -0.067]], [[-1.649 -2.673  0.000]])
DEBUG:Current pos/angle: ([[ 0.389  0.160 -0.067]], [[ 1.650  2.674  0.000]]
DEBUG:----------------------------------------------
DEBUG:----------------------------------------------
DEBUG:Position info about the robot:
DEBUG:Initial pos/angle: ([[ 0.389  0.160 -0.067]], [[-1.649 -2.673  0.000]])
DEBUG:Current pos/angle: ([[ 0.389  0.160 -0.067]], [[ 1.649  2.674  0.000]]
DEBUG:----------------------------------------------
DEBUG:----------------------------------------------
DEBUG:Position info about the robot:
DEBUG:Initial pos/angle: ([[ 0.389  0.160 -0.067]], [[-1.649 -2.673  0.000]])
DEBUG:Current pos/angle: ([[ 0.389  0.160 -0.067]], [[-1.649 -2.673  0.000]]
DEBUG:----------------------------------------------
DEBUG:----------------------------------------------
DEBUG:Position info about the robot:
DEBUG:Initial pos/angle: ([[ 0.389  0.160 -0.067]], [[-1.649 -2.673  0.000]])
DEBUG:Current pos/angle: ([[ 0.389  0.160 -0.067]], [[-1.649 -2.673  0.000]]
DEBUG:----------------------------------------------
DEBUG:----------------------------------------------
DEBUG:Position info about the robot:
DEBUG:Initial pos/angle: ([[ 0.389  0.160 -0.067]], [[-1.649 -2.673  0.000]])
DEBUG:Current pos/angle: ([[ 0.389  0.160 -0.067]], [[-1.648 -2.673  0.000]]
DEBUG:----------------------------------------------
DEBUG:----------------------------------------------
DEBUG:Position info about the robot:
DEBUG:Initial pos/angle: ([[ 0.389  0.160 -0.067]], [[-1.649 -2.673  0.000]])
DEBUG:Current pos/angle: ([[ 0.389  0.160 -0.067]], [[ 1.650  2.674  0.000]]
DEBUG:----------------------------------------------
DEBUG:----------------------------------------------
DEBUG:Position info about the robot:
DEBUG:Initial pos/angle: ([[ 0.389  0.160 -0.067]], [[-1.649 -2.673  0.000]])
DEBUG:Current pos/angle: ([[ 0.389  0.160 -0.066]], [[ 1.649  2.674  0.000]]
DEBUG:----------------------------------------------
DEBUG:----------------------------------------------
DEBUG:Position info about the robot:
DEBUG:Initial pos/angle: ([[ 0.389  0.160 -0.067]], [[-1.649 -2.673  0.000]])
DEBUG:Current pos/angle: ([[ 0.389  0.160 -0.067]], [[-1.648 -2.673  0.000]]
DEBUG:----------------------------------------------
DEBUG:----------------------------------------------
DEBUG:Position info about the robot:
DEBUG:Initial pos/angle: ([[ 0.389  0.160 -0.067]], [[-1.649 -2.673  0.000]])
DEBUG:Current pos/angle: ([[ 0.389  0.160 -0.067]], [[-1.649 -2.673  0.000]]
DEBUG:----------------------------------------------
DEBUG:----------------------------------------------
DEBUG:Position info about the robot:
DEBUG:Initial pos/angle: ([[ 0.389  0.160 -0.067]], [[-1.649 -2.673  0.000]])
DEBUG:Current pos/angle: ([[ 0.389  0.160 -0.067]], [[-1.649 -2.673  0.000]]
DEBUG:----------------------------------------------
DEBUG:----------------------------------------------
DEBUG:Position info about the robot:
DEBUG:Initial pos/angle: ([[ 0.389  0.160 -0.067]], [[-1.649 -2.673  0.000]])
DEBUG:Current pos/angle: ([[ 0.389  0.160 -0.067]], [[ 1.650  2.674  0.000]]
DEBUG:----------------------------------------------
DEBUG:----------------------------------------------
DEBUG:Position info about the robot:
DEBUG:Initial pos/angle: ([[ 0.389  0.160 -0.067]], [[-1.649 -2.673  0.000]])
DEBUG:Current pos/angle: ([[ 0.389  0.160 -0.067]], [[-1.648 -2.673  0.000]]
DEBUG:----------------------------------------------
DEBUG:----------------------------------------------
DEBUG:Position info about the robot:
DEBUG:Initial pos/angle: ([[ 0.389  0.160 -0.067]], [[-1.649 -2.673  0.000]])
DEBUG:Current pos/angle: ([[ 0.389  0.160 -0.067]], [[-1.648 -2.673  0.000]]
DEBUG:----------------------------------------------
DEBUG:----------------------------------------------
DEBUG:Position info about the robot:
DEBUG:Initial pos/angle: ([[ 0.389  0.160 -0.067]], [[-1.649 -2.673  0.000]])
DEBUG:Current pos/angle: ([[ 0.389  0.160 -0.067]], [[-1.649 -2.673  0.000]]
DEBUG:----------------------------------------------
DEBUG:----------------------------------------------
DEBUG:Position info about the robot:
DEBUG:Initial pos/angle: ([[ 0.389  0.160 -0.067]], [[-1.649 -2.673  0.000]])
DEBUG:Current pos/angle: ([[ 0.389  0.160 -0.067]], [[ 1.650  2.674  0.000]]
DEBUG:----------------------------------------------
DEBUG:----------------------------------------------
DEBUG:Position info about the robot:
DEBUG:Initial pos/angle: ([[ 0.389  0.160 -0.067]], [[-1.649 -2.673  0.000]])
DEBUG:Current pos/angle: ([[ 0.389  0.160 -0.067]], [[-1.649 -2.673  0.000]]
DEBUG:----------------------------------------------
DEBUG:----------------------------------------------
DEBUG:Position info about the robot:
DEBUG:Initial pos/angle: ([[ 0.389  0.160 -0.067]], [[-1.649 -2.673  0.000]])
DEBUG:Current pos/angle: ([[ 0.389  0.160 -0.067]], [[-1.648 -2.673  0.000]]
DEBUG:----------------------------------------------
DEBUG:----------------------------------------------
DEBUG:Position info about the robot:
DEBUG:Initial pos/angle: ([[ 0.389  0.160 -0.067]], [[-1.649 -2.673  0.000]])
DEBUG:Current pos/angle: ([[ 0.389  0.160 -0.066]], [[ 1.650  2.674  0.000]]
DEBUG:----------------------------------------------
DEBUG:----------------------------------------------
DEBUG:Position info about the robot:
DEBUG:Initial pos/angle: ([[ 0.389  0.160 -0.067]], [[-1.649 -2.673  0.000]])
DEBUG:Current pos/angle: ([[ 0.389  0.160 -0.067]], [[-1.648 -2.673  0.000]]
DEBUG:----------------------------------------------
DEBUG:----------------------------------------------
DEBUG:Position info about the robot:
DEBUG:Initial pos/angle: ([[ 0.389  0.160 -0.067]], [[-1.649 -2.673  0.000]])
DEBUG:Current pos/angle: ([[ 0.389  0.160 -0.067]], [[ 1.650  2.674  0.000]]
DEBUG:----------------------------------------------
DEBUG:----------------------------------------------
DEBUG:Position info about the robot:
DEBUG:Initial pos/angle: ([[ 0.389  0.160 -0.067]], [[-1.649 -2.673  0.000]])
DEBUG:Current pos/angle: ([[ 0.389  0.160 -0.067]], [[ 1.649  2.674  0.000]]
DEBUG:----------------------------------------------
DEBUG:----------------------------------------------
DEBUG:Position info about the robot:
DEBUG:Initial pos/angle: ([[ 0.389  0.160 -0.067]], [[-1.649 -2.673  0.000]])
DEBUG:Current pos/angle: ([[ 0.389  0.160 -0.067]], [[ 1.649  2.674  0.000]]
DEBUG:----------------------------------------------
DEBUG:----------------------------------------------
DEBUG:Position info about the robot:
DEBUG:Initial pos/angle: ([[ 0.389  0.160 -0.067]], [[-1.649 -2.673  0.000]])
DEBUG:Current pos/angle: ([[ 0.389  0.160 -0.067]], [[-1.648 -2.673  0.000]]
DEBUG:----------------------------------------------
DEBUG:----------------------------------------------
DEBUG:Position info about the robot:
DEBUG:Initial pos/angle: ([[ 0.389  0.160 -0.067]], [[-1.649 -2.673  0.000]])
DEBUG:Current pos/angle: ([[ 0.389  0.160 -0.067]], [[-1.649 -2.673  0.000]]
DEBUG:----------------------------------------------
DEBUG:----------------------------------------------
DEBUG:Position info about the robot:
DEBUG:Initial pos/angle: ([[ 0.389  0.160 -0.067]], [[-1.649 -2.673  0.000]])
DEBUG:Current pos/angle: ([[ 0.389  0.160 -0.066]], [[ 1.649  2.674  0.000]]
DEBUG:----------------------------------------------
DEBUG:----------------------------------------------
DEBUG:Position info about the robot:
DEBUG:Initial pos/angle: ([[ 0.389  0.160 -0.067]], [[-1.649 -2.673  0.000]])
DEBUG:Current pos/angle: ([[ 0.389  0.160 -0.067]], [[-1.649 -2.673  0.000]]
DEBUG:----------------------------------------------
DEBUG:----------------------------------------------
DEBUG:Position info about the robot:
DEBUG:Initial pos/angle: ([[ 0.389  0.160 -0.067]], [[-1.649 -2.673  0.000]])
DEBUG:Current pos/angle: ([[ 0.389  0.160 -0.067]], [[ 1.650  2.674  0.000]]
DEBUG:----------------------------------------------
DEBUG:----------------------------------------------
DEBUG:Position info about the robot:
DEBUG:Initial pos/angle: ([[ 0.389  0.160 -0.067]], [[-1.649 -2.673  0.000]])
DEBUG:Current pos/angle: ([[ 0.389  0.160 -0.067]], [[ 1.649  2.674  0.000]]
DEBUG:----------------------------------------------
DEBUG:----------------------------------------------
DEBUG:Position info about the robot:
DEBUG:Initial pos/angle: ([[ 0.389  0.160 -0.067]], [[-1.649 -2.673  0.000]])
DEBUG:Current pos/angle: ([[ 0.389  0.160 -0.067]], [[-1.649 -2.673  0.000]]
DEBUG:----------------------------------------------
DEBUG:----------------------------------------------
DEBUG:Position info about the robot:
DEBUG:Initial pos/angle: ([[ 0.389  0.160 -0.067]], [[-1.649 -2.673  0.000]])
DEBUG:Current pos/angle: ([[ 0.389  0.160 -0.067]], [[-1.649 -2.673  0.000]]
DEBUG:----------------------------------------------
DEBUG:----------------------------------------------
DEBUG:Position info about the robot:
DEBUG:Initial pos/angle: ([[ 0.389  0.160 -0.067]], [[-1.649 -2.673  0.000]])
DEBUG:Current pos/angle: ([[ 0.389  0.160 -0.066]], [[ 1.650  2.674  0.000]]
DEBUG:----------------------------------------------
DEBUG:----------------------------------------------
DEBUG:Position info about the robot:
DEBUG:Initial pos/angle: ([[ 0.389  0.160 -0.067]], [[-1.649 -2.673  0.000]])
DEBUG:Current pos/angle: ([[ 0.389  0.160 -0.066]], [[ 1.649  2.674  0.000]]
DEBUG:----------------------------------------------
DEBUG:----------------------------------------------
DEBUG:Position info about the robot:
DEBUG:Initial pos/angle: ([[ 0.389  0.160 -0.067]], [[-1.649 -2.673  0.000]])
DEBUG:Current pos/angle: ([[ 0.389  0.160 -0.067]], [[-1.648 -2.673  0.000]]
DEBUG:----------------------------------------------
DEBUG:----------------------------------------------
DEBUG:Position info about the robot:
DEBUG:Initial pos/angle: ([[ 0.389  0.160 -0.067]], [[-1.649 -2.673  0.000]])
DEBUG:Current pos/angle: ([[ 0.389  0.160 -0.067]], [[-1.649 -2.673  0.000]]
DEBUG:----------------------------------------------
DEBUG:----------------------------------------------
DEBUG:Position info about the robot:
DEBUG:Initial pos/angle: ([[ 0.389  0.160 -0.067]], [[-1.649 -2.673  0.000]])
DEBUG:Current pos/angle: ([[ 0.389  0.160 -0.067]], [[-1.649 -2.673  0.000]]
DEBUG:----------------------------------------------
DEBUG:----------------------------------------------
DEBUG:Position info about the robot:
DEBUG:Initial pos/angle: ([[ 0.389  0.160 -0.067]], [[-1.649 -2.673  0.000]])
DEBUG:Current pos/angle: ([[ 0.389  0.160 -0.067]], [[ 1.650  2.674  0.000]]
DEBUG:----------------------------------------------
DEBUG:----------------------------------------------
DEBUG:Position info about the robot:
DEBUG:Initial pos/angle: ([[ 0.389  0.160 -0.067]], [[-1.649 -2.673  0.000]])
DEBUG:Current pos/angle: ([[ 0.389  0.160 -0.067]], [[-1.648 -2.673  0.000]]
DEBUG:----------------------------------------------
DEBUG:----------------------------------------------
DEBUG:Position info about the robot:
DEBUG:Initial pos/angle: ([[ 0.389  0.160 -0.067]], [[-1.649 -2.673  0.000]])
DEBUG:Current pos/angle: ([[ 0.389  0.160 -0.067]], [[ 1.650  2.674  0.000]]
DEBUG:----------------------------------------------
DEBUG:----------------------------------------------
DEBUG:Position info about the robot:
DEBUG:Initial pos/angle: ([[ 0.389  0.160 -0.067]], [[-1.649 -2.673  0.000]])
DEBUG:Current pos/angle: ([[ 0.389  0.160 -0.067]], [[ 1.650  2.674  0.000]]
DEBUG:----------------------------------------------
DEBUG:----------------------------------------------
DEBUG:Position info about the robot:
DEBUG:Initial pos/angle: ([[ 0.389  0.160 -0.067]], [[-1.649 -2.673  0.000]])
DEBUG:Current pos/angle: ([[ 0.389  0.160 -0.067]], [[-1.648 -2.673  0.000]]
DEBUG:----------------------------------------------
DEBUG:----------------------------------------------
DEBUG:Position info about the robot:
DEBUG:Initial pos/angle: ([[ 0.389  0.160 -0.067]], [[-1.649 -2.673  0.000]])
DEBUG:Current pos/angle: ([[ 0.389  0.160 -0.066]], [[ 1.650  2.674  0.000]]
DEBUG:----------------------------------------------
DEBUG:----------------------------------------------
DEBUG:Position info about the robot:
DEBUG:Initial pos/angle: ([[ 0.389  0.160 -0.067]], [[-1.649 -2.673  0.000]])
DEBUG:Current pos/angle: ([[ 0.389  0.160 -0.067]], [[-1.649 -2.673  0.000]]
DEBUG:----------------------------------------------
DEBUG:----------------------------------------------
DEBUG:Position info about the robot:
DEBUG:Initial pos/angle: ([[ 0.389  0.160 -0.067]], [[-1.649 -2.673  0.000]])
DEBUG:Current pos/angle: ([[ 0.389  0.160 -0.067]], [[-1.648 -2.673  0.000]]
DEBUG:----------------------------------------------
DEBUG:----------------------------------------------
DEBUG:Position info about the robot:
DEBUG:Initial pos/angle: ([[ 0.389  0.160 -0.067]], [[-1.649 -2.673  0.000]])
DEBUG:Current pos/angle: ([[ 0.389  0.160 -0.066]], [[ 1.650  2.674  0.000]]
DEBUG:----------------------------------------------
DEBUG:----------------------------------------------
DEBUG:Position info about the robot:
DEBUG:Initial pos/angle: ([[ 0.389  0.160 -0.067]], [[-1.649 -2.673  0.000]])
DEBUG:Current pos/angle: ([[ 0.389  0.160 -0.067]], [[-1.648 -2.673  0.000]]
DEBUG:----------------------------------------------
DEBUG:----------------------------------------------
DEBUG:Position info about the robot:
DEBUG:Initial pos/angle: ([[ 0.389  0.160 -0.067]], [[-1.649 -2.673  0.000]])
DEBUG:Current pos/angle: ([[ 0.389  0.160 -0.067]], [[-1.649 -2.673  0.000]]
DEBUG:----------------------------------------------
DEBUG:----------------------------------------------
DEBUG:Position info about the robot:
DEBUG:Initial pos/angle: ([[ 0.389  0.160 -0.067]], [[-1.649 -2.673  0.000]])
DEBUG:Current pos/angle: ([[ 0.389  0.160 -0.067]], [[-1.648 -2.673  0.000]]
DEBUG:----------------------------------------------
DEBUG:----------------------------------------------
DEBUG:Position info about the robot:
DEBUG:Initial pos/angle: ([[ 0.389  0.160 -0.067]], [[-1.649 -2.673  0.000]])
DEBUG:Current pos/angle: ([[ 0.389  0.160 -0.067]], [[-1.649 -2.673  0.000]]
DEBUG:----------------------------------------------
DEBUG:----------------------------------------------
DEBUG:Position info about the robot:
DEBUG:Initial pos/angle: ([[ 0.389  0.160 -0.067]], [[-1.649 -2.673  0.000]])
DEBUG:Current pos/angle: ([[ 0.389  0.160 -0.067]], [[-1.649 -2.673  0.000]]
DEBUG:----------------------------------------------
DEBUG:----------------------------------------------
DEBUG:Position info about the robot:
DEBUG:Initial pos/angle: ([[ 0.389  0.160 -0.067]], [[-1.649 -2.673  0.000]])
DEBUG:Current pos/angle: ([[ 0.389  0.160 -0.067]], [[ 1.650  2.674  0.000]]
DEBUG:----------------------------------------------
DEBUG:----------------------------------------------
DEBUG:Position info about the robot:
DEBUG:Initial pos/angle: ([[ 0.389  0.160 -0.067]], [[-1.649 -2.673  0.000]])
DEBUG:Current pos/angle: ([[ 0.389  0.160 -0.066]], [[ 1.650  2.674  0.000]]
DEBUG:----------------------------------------------
DEBUG:----------------------------------------------
DEBUG:Position info about the robot:
DEBUG:Initial pos/angle: ([[ 0.389  0.160 -0.067]], [[-1.649 -2.673  0.000]])
DEBUG:Current pos/angle: ([[ 0.389  0.160 -0.067]], [[ 1.650  2.674  0.000]]
DEBUG:----------------------------------------------
DEBUG:----------------------------------------------
DEBUG:Position info about the robot:
DEBUG:Initial pos/angle: ([[ 0.389  0.160 -0.067]], [[-1.649 -2.673  0.000]])
DEBUG:Current pos/angle: ([[ 0.389  0.160 -0.067]], [[-1.649 -2.673  0.000]]
DEBUG:----------------------------------------------
DEBUG:----------------------------------------------
DEBUG:Position info about the robot:
DEBUG:Initial pos/angle: ([[ 0.389  0.160 -0.067]], [[-1.649 -2.673  0.000]])
DEBUG:Current pos/angle: ([[ 0.389  0.160 -0.067]], [[-1.649 -2.673  0.000]]
DEBUG:----------------------------------------------
DEBUG:----------------------------------------------
DEBUG:Position info about the robot:
DEBUG:Initial pos/angle: ([[ 0.389  0.160 -0.067]], [[-1.649 -2.673  0.000]])
DEBUG:Current pos/angle: ([[ 0.389  0.160 -0.067]], [[-1.649 -2.673  0.000]]
DEBUG:----------------------------------------------
DEBUG:----------------------------------------------
DEBUG:Position info about the robot:
DEBUG:Initial pos/angle: ([[ 0.389  0.160 -0.067]], [[-1.649 -2.673  0.000]])
DEBUG:Current pos/angle: ([[ 0.389  0.160 -0.067]], [[ 1.650  2.674  0.000]]
DEBUG:----------------------------------------------
DEBUG:----------------------------------------------
DEBUG:Position info about the robot:
DEBUG:Initial pos/angle: ([[ 0.389  0.160 -0.067]], [[-1.649 -2.673  0.000]])
DEBUG:Current pos/angle: ([[ 0.389  0.160 -0.067]], [[ 1.649  2.674  0.000]]
DEBUG:----------------------------------------------
DEBUG:----------------------------------------------
DEBUG:Position info about the robot:
DEBUG:Initial pos/angle: ([[ 0.389  0.160 -0.067]], [[-1.649 -2.673  0.000]])
DEBUG:Current pos/angle: ([[ 0.389  0.160 -0.067]], [[ 1.650  2.674  0.000]]
DEBUG:----------------------------------------------
DEBUG:----------------------------------------------
DEBUG:Position info about the robot:
DEBUG:Initial pos/angle: ([[ 0.389  0.160 -0.067]], [[-1.649 -2.673  0.000]])
DEBUG:Current pos/angle: ([[ 0.389  0.160 -0.067]], [[-1.649 -2.673  0.000]]
DEBUG:----------------------------------------------
DEBUG:----------------------------------------------
DEBUG:Position info about the robot:
DEBUG:Initial pos/angle: ([[ 0.389  0.160 -0.067]], [[-1.649 -2.673  0.000]])
DEBUG:Current pos/angle: ([[ 0.389  0.160 -0.066]], [[ 1.649  2.674  0.000]]
DEBUG:----------------------------------------------
DEBUG:----------------------------------------------
DEBUG:Position info about the robot:
DEBUG:Initial pos/angle: ([[ 0.389  0.160 -0.067]], [[-1.649 -2.673  0.000]])
DEBUG:Current pos/angle: ([[ 0.389  0.160 -0.067]], [[-1.648 -2.673  0.000]]
DEBUG:----------------------------------------------
DEBUG:----------------------------------------------
DEBUG:Position info about the robot:
DEBUG:Initial pos/angle: ([[ 0.389  0.160 -0.067]], [[-1.649 -2.673  0.000]])
DEBUG:Current pos/angle: ([[ 0.389  0.160 -0.067]], [[ 1.650  2.674  0.000]]
DEBUG:----------------------------------------------
DEBUG:----------------------------------------------
DEBUG:Position info about the robot:
DEBUG:Initial pos/angle: ([[ 0.389  0.160 -0.067]], [[-1.649 -2.673  0.000]])
DEBUG:Current pos/angle: ([[ 0.389  0.160 -0.067]], [[ 1.649  2.674  0.000]]
DEBUG:----------------------------------------------
DEBUG:----------------------------------------------
DEBUG:Position info about the robot:
DEBUG:Initial pos/angle: ([[ 0.389  0.160 -0.067]], [[-1.649 -2.673  0.000]])
DEBUG:Current pos/angle: ([[ 0.389  0.160 -0.066]], [[ 1.649  2.674  0.000]]
DEBUG:----------------------------------------------
DEBUG:----------------------------------------------
DEBUG:Position info about the robot:
DEBUG:Initial pos/angle: ([[ 0.389  0.160 -0.067]], [[-1.649 -2.673  0.000]])
DEBUG:Current pos/angle: ([[ 0.389  0.160 -0.067]], [[-1.649 -2.673  0.000]]
DEBUG:----------------------------------------------
DEBUG:----------------------------------------------
DEBUG:Position info about the robot:
DEBUG:Initial pos/angle: ([[ 0.389  0.160 -0.067]], [[-1.649 -2.673  0.000]])
DEBUG:Current pos/angle: ([[ 0.389  0.160 -0.067]], [[ 1.649  2.674  0.000]]
DEBUG:----------------------------------------------
DEBUG:----------------------------------------------
DEBUG:Position info about the robot:
DEBUG:Initial pos/angle: ([[ 0.389  0.160 -0.067]], [[-1.649 -2.673  0.000]])
DEBUG:Current pos/angle: ([[ 0.389  0.160 -0.066]], [[ 1.650  2.674  0.000]]
DEBUG:----------------------------------------------
DEBUG:----------------------------------------------
DEBUG:Position info about the robot:
DEBUG:Initial pos/angle: ([[ 0.389  0.160 -0.067]], [[-1.649 -2.673  0.000]])
DEBUG:Current pos/angle: ([[ 0.389  0.160 -0.067]], [[-1.649 -2.673  0.000]]
DEBUG:----------------------------------------------
DEBUG:----------------------------------------------
DEBUG:Position info about the robot:
DEBUG:Initial pos/angle: ([[ 0.389  0.160 -0.067]], [[-1.649 -2.673  0.000]])
DEBUG:Current pos/angle: ([[ 0.389  0.160 -0.067]], [[-1.649 -2.673  0.000]]
DEBUG:----------------------------------------------
DEBUG:----------------------------------------------
DEBUG:Position info about the robot:
DEBUG:Initial pos/angle: ([[ 0.389  0.160 -0.067]], [[-1.649 -2.673  0.000]])
DEBUG:Current pos/angle: ([[ 0.389  0.160 -0.067]], [[-1.648 -2.673  0.000]]
DEBUG:----------------------------------------------
DEBUG:----------------------------------------------
DEBUG:Position info about the robot:
DEBUG:Initial pos/angle: ([[ 0.389  0.160 -0.067]], [[-1.649 -2.673  0.000]])
DEBUG:Current pos/angle: ([[ 0.389  0.160 -0.067]], [[-1.649 -2.673  0.000]]
DEBUG:----------------------------------------------
DEBUG:----------------------------------------------
DEBUG:Position info about the robot:
DEBUG:Initial pos/angle: ([[ 0.389  0.160 -0.067]], [[-1.649 -2.673  0.000]])
DEBUG:Current pos/angle: ([[ 0.389  0.160 -0.066]], [[ 1.650  2.674  0.000]]
DEBUG:----------------------------------------------
DEBUG:----------------------------------------------
DEBUG:Position info about the robot:
DEBUG:Initial pos/angle: ([[ 0.389  0.160 -0.067]], [[-1.649 -2.673  0.000]])
DEBUG:Current pos/angle: ([[ 0.389  0.160 -0.067]], [[-1.648 -2.673  0.000]]
DEBUG:----------------------------------------------
DEBUG:----------------------------------------------
DEBUG:Position info about the robot:
DEBUG:Initial pos/angle: ([[ 0.389  0.160 -0.067]], [[-1.649 -2.673  0.000]])
DEBUG:Current pos/angle: ([[ 0.389  0.160 -0.067]], [[ 1.650  2.674  0.000]]
DEBUG:----------------------------------------------
DEBUG:----------------------------------------------
DEBUG:Position info about the robot:
DEBUG:Initial pos/angle: ([[ 0.389  0.160 -0.067]], [[-1.649 -2.673  0.000]])
DEBUG:Current pos/angle: ([[ 0.389  0.160 -0.067]], [[-1.648 -2.673  0.000]]
DEBUG:----------------------------------------------
DEBUG:----------------------------------------------
DEBUG:Position info about the robot:
DEBUG:Initial pos/angle: ([[ 0.389  0.160 -0.067]], [[-1.649 -2.673  0.000]])
DEBUG:Current pos/angle: ([[ 0.389  0.160 -0.067]], [[ 1.650  2.674  0.000]]
DEBUG:----------------------------------------------
DEBUG:----------------------------------------------
DEBUG:Position info about the robot:
DEBUG:Initial pos/angle: ([[ 0.389  0.160 -0.067]], [[-1.649 -2.673  0.000]])
DEBUG:Current pos/angle: ([[ 0.389  0.160 -0.067]], [[ 1.650  2.674  0.000]]
DEBUG:----------------------------------------------
DEBUG:----------------------------------------------
DEBUG:Position info about the robot:
DEBUG:Initial pos/angle: ([[ 0.389  0.160 -0.067]], [[-1.649 -2.673  0.000]])
DEBUG:Current pos/angle: ([[ 0.389  0.160 -0.067]], [[ 1.649  2.674  0.000]]
DEBUG:----------------------------------------------
DEBUG:----------------------------------------------
DEBUG:Position info about the robot:
DEBUG:Initial pos/angle: ([[ 0.389  0.160 -0.067]], [[-1.649 -2.673  0.000]])
DEBUG:Current pos/angle: ([[ 0.389  0.160 -0.066]], [[ 1.649  2.674  0.000]]
DEBUG:----------------------------------------------
DEBUG:----------------------------------------------
DEBUG:Position info about the robot:
DEBUG:Initial pos/angle: ([[ 0.389  0.160 -0.067]], [[-1.649 -2.673  0.000]])
DEBUG:Current pos/angle: ([[ 0.389  0.160 -0.067]], [[-1.649 -2.673  0.000]]
DEBUG:----------------------------------------------
DEBUG:----------------------------------------------
DEBUG:Position info about the robot:
DEBUG:Initial pos/angle: ([[ 0.389  0.160 -0.067]], [[-1.649 -2.673  0.000]])
DEBUG:Current pos/angle: ([[ 0.389  0.160 -0.066]], [[ 1.650  2.674  0.000]]
DEBUG:----------------------------------------------
DEBUG:----------------------------------------------
DEBUG:Position info about the robot:
DEBUG:Initial pos/angle: ([[ 0.389  0.160 -0.067]], [[-1.649 -2.673  0.000]])
DEBUG:Current pos/angle: ([[ 0.389  0.160 -0.067]], [[-1.649 -2.673  0.000]]
DEBUG:----------------------------------------------
DEBUG:----------------------------------------------
DEBUG:Position info about the robot:
DEBUG:Initial pos/angle: ([[ 0.389  0.160 -0.067]], [[-1.649 -2.673  0.000]])
DEBUG:Current pos/angle: ([[ 0.389  0.160 -0.067]], [[-1.649 -2.673  0.000]]
DEBUG:----------------------------------------------
DEBUG:----------------------------------------------
DEBUG:Position info about the robot:
DEBUG:Initial pos/angle: ([[ 0.389  0.160 -0.067]], [[-1.649 -2.673  0.000]])
DEBUG:Current pos/angle: ([[ 0.389  0.160 -0.067]], [[-1.648 -2.673  0.000]]
DEBUG:----------------------------------------------
DEBUG:----------------------------------------------
DEBUG:Position info about the robot:
DEBUG:Initial pos/angle: ([[ 0.389  0.160 -0.067]], [[-1.649 -2.673  0.000]])
DEBUG:Current pos/angle: ([[ 0.389  0.160 -0.067]], [[-1.649 -2.673  0.000]]
DEBUG:----------------------------------------------
DEBUG:----------------------------------------------
DEBUG:Position info about the robot:
DEBUG:Initial pos/angle: ([[ 0.389  0.160 -0.067]], [[-1.649 -2.673  0.000]])
DEBUG:Current pos/angle: ([[ 0.389  0.160 -0.067]], [[-1.649 -2.673  0.000]]
DEBUG:----------------------------------------------
DEBUG:----------------------------------------------
DEBUG:Position info about the robot:
DEBUG:Initial pos/angle: ([[ 0.389  0.160 -0.067]], [[-1.649 -2.673  0.000]])
DEBUG:Current pos/angle: ([[ 0.389  0.160 -0.066]], [[ 1.649  2.674  0.000]]
DEBUG:----------------------------------------------
DEBUG:----------------------------------------------
DEBUG:Position info about the robot:
DEBUG:Initial pos/angle: ([[ 0.389  0.160 -0.067]], [[-1.649 -2.673  0.000]])
DEBUG:Current pos/angle: ([[ 0.389  0.160 -0.067]], [[-1.649 -2.673  0.000]]
DEBUG:----------------------------------------------
DEBUG:----------------------------------------------
DEBUG:Position info about the robot:
DEBUG:Initial pos/angle: ([[ 0.389  0.160 -0.067]], [[-1.649 -2.673  0.000]])
DEBUG:Current pos/angle: ([[ 0.389  0.160 -0.067]], [[-1.649 -2.673  0.000]]
DEBUG:----------------------------------------------
DEBUG:----------------------------------------------
DEBUG:Position info about the robot:
DEBUG:Initial pos/angle: ([[ 0.389  0.160 -0.067]], [[-1.649 -2.673  0.000]])
DEBUG:Current pos/angle: ([[ 0.389  0.160 -0.067]], [[-1.649 -2.673  0.000]]
DEBUG:----------------------------------------------
DEBUG:----------------------------------------------
DEBUG:Position info about the robot:
DEBUG:Initial pos/angle: ([[ 0.389  0.160 -0.067]], [[-1.649 -2.673  0.000]])
DEBUG:Current pos/angle: ([[ 0.389  0.160 -0.066]], [[ 1.645  2.666 -0.057]]
DEBUG:----------------------------------------------
DEBUG:----------------------------------------------
DEBUG:Position info about the robot:
DEBUG:Initial pos/angle: ([[ 0.389  0.160 -0.067]], [[-1.649 -2.673  0.000]])
DEBUG:Current pos/angle: ([[ 0.389  0.160 -0.067]], [[ 1.636  2.651 -0.150]]
DEBUG:----------------------------------------------
DEBUG:----------------------------------------------
DEBUG:Position info about the robot:
DEBUG:Initial pos/angle: ([[ 0.389  0.160 -0.067]], [[-1.649 -2.673  0.000]])
DEBUG:Current pos/angle: ([[ 0.389  0.160 -0.066]], [[ 1.625  2.634 -0.241]]
DEBUG:----------------------------------------------
DEBUG:----------------------------------------------
DEBUG:Position info about the robot:
DEBUG:Initial pos/angle: ([[ 0.389  0.160 -0.067]], [[-1.649 -2.673  0.000]])
DEBUG:Current pos/angle: ([[ 0.389  0.160 -0.067]], [[ 1.613  2.615 -0.332]]
DEBUG:----------------------------------------------
DEBUG:----------------------------------------------
DEBUG:Position info about the robot:
DEBUG:Initial pos/angle: ([[ 0.389  0.160 -0.067]], [[-1.649 -2.673  0.000]])
DEBUG:Current pos/angle: ([[ 0.389  0.160 -0.067]], [[ 1.600  2.593 -0.422]]
DEBUG:----------------------------------------------
DEBUG:----------------------------------------------
DEBUG:Position info about the robot:
DEBUG:Initial pos/angle: ([[ 0.389  0.160 -0.067]], [[-1.649 -2.673  0.000]])
DEBUG:Current pos/angle: ([[ 0.389  0.160 -0.067]], [[ 1.585  2.570 -0.511]]
DEBUG:----------------------------------------------
DEBUG:----------------------------------------------
DEBUG:Position info about the robot:
DEBUG:Initial pos/angle: ([[ 0.389  0.160 -0.067]], [[-1.649 -2.673  0.000]])
DEBUG:Current pos/angle: ([[ 0.389  0.160 -0.067]], [[ 1.569  2.544 -0.598]]
DEBUG:----------------------------------------------
DEBUG:----------------------------------------------
DEBUG:Position info about the robot:
DEBUG:Initial pos/angle: ([[ 0.389  0.160 -0.067]], [[-1.649 -2.673  0.000]])
DEBUG:Current pos/angle: ([[ 0.389  0.160 -0.067]], [[ 1.552  2.516 -0.684]]
DEBUG:----------------------------------------------
DEBUG:----------------------------------------------
DEBUG:Position info about the robot:
DEBUG:Initial pos/angle: ([[ 0.389  0.160 -0.067]], [[-1.649 -2.673  0.000]])
DEBUG:Current pos/angle: ([[ 0.389  0.160 -0.067]], [[ 1.534  2.486 -0.770]]
DEBUG:----------------------------------------------
DEBUG:----------------------------------------------
DEBUG:Position info about the robot:
DEBUG:Initial pos/angle: ([[ 0.389  0.160 -0.067]], [[-1.649 -2.673  0.000]])
DEBUG:Current pos/angle: ([[ 0.389  0.160 -0.067]], [[ 1.514  2.454 -0.854]]
DEBUG:----------------------------------------------
DEBUG:----------------------------------------------
DEBUG:Position info about the robot:
DEBUG:Initial pos/angle: ([[ 0.389  0.160 -0.067]], [[-1.649 -2.673  0.000]])
DEBUG:Current pos/angle: ([[ 0.389  0.160 -0.066]], [[ 1.505  2.440 -0.888]]
DEBUG:----------------------------------------------
DEBUG:----------------------------------------------
DEBUG:Position info about the robot:
DEBUG:Initial pos/angle: ([[ 0.389  0.160 -0.067]], [[-1.649 -2.673  0.000]])
DEBUG:Current pos/angle: ([[ 0.389  0.160 -0.067]], [[ 1.527  2.475 -0.869]]
DEBUG:----------------------------------------------
DEBUG:----------------------------------------------
DEBUG:Position info about the robot:
DEBUG:Initial pos/angle: ([[ 0.389  0.160 -0.067]], [[-1.649 -2.673  0.000]])
DEBUG:Current pos/angle: ([[ 0.389  0.160 -0.067]], [[ 1.561  2.529 -0.837]]
DEBUG:----------------------------------------------
DEBUG:----------------------------------------------
DEBUG:Position info about the robot:
DEBUG:Initial pos/angle: ([[ 0.389  0.160 -0.067]], [[-1.649 -2.673  0.000]])
DEBUG:Current pos/angle: ([[ 0.389  0.160 -0.066]], [[ 1.594  2.584 -0.804]]
DEBUG:----------------------------------------------
DEBUG:----------------------------------------------
DEBUG:Position info about the robot:
DEBUG:Initial pos/angle: ([[ 0.389  0.160 -0.067]], [[-1.649 -2.673  0.000]])
DEBUG:Current pos/angle: ([[ 0.389  0.160 -0.067]], [[-1.573 -2.551  0.745]]
DEBUG:----------------------------------------------
DEBUG:----------------------------------------------
DEBUG:Position info about the robot:
DEBUG:Initial pos/angle: ([[ 0.389  0.160 -0.067]], [[-1.649 -2.673  0.000]])
DEBUG:Current pos/angle: ([[ 0.389  0.160 -0.067]], [[-1.553 -2.517  0.686]]
DEBUG:----------------------------------------------
DEBUG:----------------------------------------------
DEBUG:Position info about the robot:
DEBUG:Initial pos/angle: ([[ 0.389  0.160 -0.067]], [[-1.649 -2.673  0.000]])
DEBUG:Current pos/angle: ([[ 0.389  0.160 -0.067]], [[-1.531 -2.482  0.628]]
DEBUG:----------------------------------------------
DEBUG:----------------------------------------------
DEBUG:Position info about the robot:
DEBUG:Initial pos/angle: ([[ 0.389  0.160 -0.067]], [[-1.649 -2.673  0.000]])
DEBUG:Current pos/angle: ([[ 0.389  0.160 -0.067]], [[-1.509 -2.446  0.571]]
DEBUG:----------------------------------------------
DEBUG:----------------------------------------------
DEBUG:Position info about the robot:
DEBUG:Initial pos/angle: ([[ 0.389  0.160 -0.067]], [[-1.649 -2.673  0.000]])
DEBUG:Current pos/angle: ([[ 0.389  0.160 -0.067]], [[-1.486 -2.410  0.516]]
DEBUG:----------------------------------------------
DEBUG:----------------------------------------------
DEBUG:Position info about the robot:
DEBUG:Initial pos/angle: ([[ 0.389  0.160 -0.067]], [[-1.649 -2.673  0.000]])
DEBUG:Current pos/angle: ([[ 0.389  0.160 -0.067]], [[-1.463 -2.373  0.462]]
DEBUG:----------------------------------------------
DEBUG:----------------------------------------------
DEBUG:Position info about the robot:
DEBUG:Initial pos/angle: ([[ 0.389  0.160 -0.067]], [[-1.649 -2.673  0.000]])
DEBUG:Current pos/angle: ([[ 0.389  0.160 -0.067]], [[-1.440 -2.334  0.409]]
DEBUG:----------------------------------------------
DEBUG:----------------------------------------------
DEBUG:Position info about the robot:
DEBUG:Initial pos/angle: ([[ 0.389  0.160 -0.067]], [[-1.649 -2.673  0.000]])
DEBUG:Current pos/angle: ([[ 0.389  0.160 -0.067]], [[-1.416 -2.296  0.357]]
DEBUG:----------------------------------------------
DEBUG:----------------------------------------------
DEBUG:Position info about the robot:
DEBUG:Initial pos/angle: ([[ 0.389  0.160 -0.067]], [[-1.649 -2.673  0.000]])
DEBUG:Current pos/angle: ([[ 0.389  0.160 -0.067]], [[-1.392 -2.256  0.306]]
DEBUG:----------------------------------------------
DEBUG:----------------------------------------------
DEBUG:Position info about the robot:
DEBUG:Initial pos/angle: ([[ 0.389  0.160 -0.067]], [[-1.649 -2.673  0.000]])
DEBUG:Current pos/angle: ([[ 0.389  0.160 -0.067]], [[-1.367 -2.216  0.257]]
DEBUG:----------------------------------------------
DEBUG:----------------------------------------------
DEBUG:Position info about the robot:
DEBUG:Initial pos/angle: ([[ 0.389  0.160 -0.067]], [[-1.649 -2.673  0.000]])
DEBUG:Current pos/angle: ([[ 0.389  0.160 -0.067]], [[-1.342 -2.175  0.209]]
DEBUG:----------------------------------------------
DEBUG:----------------------------------------------
DEBUG:Position info about the robot:
DEBUG:Initial pos/angle: ([[ 0.389  0.160 -0.067]], [[-1.649 -2.673  0.000]])
DEBUG:Current pos/angle: ([[ 0.389  0.160 -0.066]], [[-1.330 -2.157  0.186]]
DEBUG:----------------------------------------------
DEBUG:----------------------------------------------
DEBUG:Position info about the robot:
DEBUG:Initial pos/angle: ([[ 0.389  0.160 -0.067]], [[-1.649 -2.673  0.000]])
DEBUG:Current pos/angle: ([[ 0.389  0.160 -0.067]], [[-1.343 -2.177  0.139]]
DEBUG:----------------------------------------------
DEBUG:----------------------------------------------
DEBUG:Position info about the robot:
DEBUG:Initial pos/angle: ([[ 0.389  0.160 -0.067]], [[-1.649 -2.673  0.000]])
DEBUG:Current pos/angle: ([[ 0.389  0.160 -0.067]], [[-1.360 -2.205  0.069]]
DEBUG:----------------------------------------------
DEBUG:----------------------------------------------
DEBUG:Position info about the robot:
DEBUG:Initial pos/angle: ([[ 0.389  0.160 -0.067]], [[-1.649 -2.673  0.000]])
DEBUG:Current pos/angle: ([[ 0.389  0.160 -0.066]], [[-1.377 -2.233 -0.001]]
DEBUG:----------------------------------------------
DEBUG:----------------------------------------------
DEBUG:Position info about the robot:
DEBUG:Initial pos/angle: ([[ 0.389  0.160 -0.067]], [[-1.649 -2.673  0.000]])
DEBUG:Current pos/angle: ([[ 0.389  0.160 -0.067]], [[-1.393 -2.259 -0.073]]
DEBUG:----------------------------------------------
DEBUG:----------------------------------------------
DEBUG:Position info about the robot:
DEBUG:Initial pos/angle: ([[ 0.389  0.160 -0.067]], [[-1.649 -2.673  0.000]])
DEBUG:Current pos/angle: ([[ 0.389  0.160 -0.067]], [[-1.408 -2.284 -0.147]]
DEBUG:----------------------------------------------
DEBUG:----------------------------------------------
DEBUG:Position info about the robot:
DEBUG:Initial pos/angle: ([[ 0.389  0.160 -0.067]], [[-1.649 -2.673  0.000]])
DEBUG:Current pos/angle: ([[ 0.389  0.160 -0.067]], [[-1.423 -2.307 -0.221]]
DEBUG:----------------------------------------------
DEBUG:----------------------------------------------
DEBUG:Position info about the robot:
DEBUG:Initial pos/angle: ([[ 0.389  0.160 -0.067]], [[-1.649 -2.673  0.000]])
DEBUG:Current pos/angle: ([[ 0.389  0.160 -0.067]], [[-1.436 -2.329 -0.296]]
DEBUG:----------------------------------------------
DEBUG:----------------------------------------------
DEBUG:Position info about the robot:
DEBUG:Initial pos/angle: ([[ 0.389  0.160 -0.067]], [[-1.649 -2.673  0.000]])
DEBUG:Current pos/angle: ([[ 0.389  0.160 -0.067]], [[-1.449 -2.349 -0.373]]
DEBUG:----------------------------------------------
DEBUG:----------------------------------------------
DEBUG:Position info about the robot:
DEBUG:Initial pos/angle: ([[ 0.389  0.160 -0.067]], [[-1.649 -2.673  0.000]])
DEBUG:Current pos/angle: ([[ 0.389  0.160 -0.067]], [[-1.460 -2.367 -0.450]]
DEBUG:----------------------------------------------
DEBUG:----------------------------------------------
DEBUG:Position info about the robot:
DEBUG:Initial pos/angle: ([[ 0.389  0.160 -0.067]], [[-1.649 -2.673  0.000]])
DEBUG:Current pos/angle: ([[ 0.389  0.160 -0.067]], [[-1.471 -2.384 -0.529]]
DEBUG:----------------------------------------------
DEBUG:----------------------------------------------
DEBUG:Position info about the robot:
DEBUG:Initial pos/angle: ([[ 0.389  0.160 -0.067]], [[-1.649 -2.673  0.000]])
DEBUG:Current pos/angle: ([[ 0.389  0.160 -0.067]], [[-1.480 -2.400 -0.608]]
DEBUG:----------------------------------------------
DEBUG:----------------------------------------------
DEBUG:Position info about the robot:
DEBUG:Initial pos/angle: ([[ 0.389  0.160 -0.067]], [[-1.649 -2.673  0.000]])
DEBUG:Current pos/angle: ([[ 0.389  0.160 -0.066]], [[-1.489 -2.413 -0.689]]
DEBUG:----------------------------------------------
DEBUG:----------------------------------------------
DEBUG:Position info about the robot:
DEBUG:Initial pos/angle: ([[ 0.389  0.160 -0.067]], [[-1.649 -2.673  0.000]])
DEBUG:Current pos/angle: ([[ 0.389  0.160 -0.067]], [[-1.496 -2.425 -0.771]]
DEBUG:----------------------------------------------
DEBUG:----------------------------------------------
DEBUG:Position info about the robot:
DEBUG:Initial pos/angle: ([[ 0.389  0.160 -0.067]], [[-1.649 -2.673  0.000]])
DEBUG:Current pos/angle: ([[ 0.389  0.160 -0.067]], [[-1.502 -2.435 -0.853]]
DEBUG:----------------------------------------------
DEBUG:----------------------------------------------
DEBUG:Position info about the robot:
DEBUG:Initial pos/angle: ([[ 0.389  0.160 -0.067]], [[-1.649 -2.673  0.000]])
DEBUG:Current pos/angle: ([[ 0.389  0.160 -0.067]], [[-1.504 -2.439 -0.888]]
DEBUG:----------------------------------------------
DEBUG:----------------------------------------------
DEBUG:Position info about the robot:
DEBUG:Initial pos/angle: ([[ 0.389  0.160 -0.067]], [[-1.649 -2.673  0.000]])
DEBUG:Current pos/angle: ([[ 0.389  0.160 -0.067]], [[-1.526 -2.474 -0.868]]
DEBUG:----------------------------------------------
DEBUG:----------------------------------------------
DEBUG:Position info about the robot:
DEBUG:Initial pos/angle: ([[ 0.389  0.160 -0.067]], [[-1.649 -2.673  0.000]])
DEBUG:Current pos/angle: ([[ 0.389  0.160 -0.067]], [[-1.560 -2.529 -0.837]]
DEBUG:----------------------------------------------
DEBUG:----------------------------------------------
DEBUG:Position info about the robot:
DEBUG:Initial pos/angle: ([[ 0.389  0.160 -0.067]], [[-1.649 -2.673  0.000]])
DEBUG:Current pos/angle: ([[ 0.389  0.160 -0.067]], [[-1.593 -2.583 -0.803]]
DEBUG:----------------------------------------------
DEBUG:----------------------------------------------
DEBUG:Position info about the robot:
DEBUG:Initial pos/angle: ([[ 0.389  0.160 -0.067]], [[-1.649 -2.673  0.000]])
DEBUG:Current pos/angle: ([[ 0.389  0.160 -0.067]], [[ 1.574  2.552  0.744]]
DEBUG:----------------------------------------------
DEBUG:----------------------------------------------
DEBUG:Position info about the robot:
DEBUG:Initial pos/angle: ([[ 0.389  0.160 -0.067]], [[-1.649 -2.673  0.000]])
DEBUG:Current pos/angle: ([[ 0.389  0.160 -0.066]], [[ 1.553  2.518  0.685]]
DEBUG:----------------------------------------------
DEBUG:----------------------------------------------
DEBUG:Position info about the robot:
DEBUG:Initial pos/angle: ([[ 0.389  0.160 -0.067]], [[-1.649 -2.673  0.000]])
DEBUG:Current pos/angle: ([[ 0.389  0.160 -0.066]], [[ 1.532  2.483  0.627]]
DEBUG:----------------------------------------------
DEBUG:----------------------------------------------
DEBUG:Position info about the robot:
DEBUG:Initial pos/angle: ([[ 0.389  0.160 -0.067]], [[-1.649 -2.673  0.000]])
DEBUG:Current pos/angle: ([[ 0.389  0.160 -0.067]], [[ 1.510  2.447  0.570]]
DEBUG:----------------------------------------------
DEBUG:----------------------------------------------
DEBUG:Position info about the robot:
DEBUG:Initial pos/angle: ([[ 0.389  0.160 -0.067]], [[-1.649 -2.673  0.000]])
DEBUG:Current pos/angle: ([[ 0.389  0.160 -0.067]], [[ 1.487  2.411  0.515]]
DEBUG:----------------------------------------------
DEBUG:----------------------------------------------
DEBUG:Position info about the robot:
DEBUG:Initial pos/angle: ([[ 0.389  0.160 -0.067]], [[-1.649 -2.673  0.000]])
DEBUG:Current pos/angle: ([[ 0.389  0.160 -0.067]], [[ 1.464  2.373  0.461]]
DEBUG:----------------------------------------------
DEBUG:----------------------------------------------
DEBUG:Position info about the robot:
DEBUG:Initial pos/angle: ([[ 0.389  0.160 -0.067]], [[-1.649 -2.673  0.000]])
DEBUG:Current pos/angle: ([[ 0.389  0.160 -0.067]], [[ 1.441  2.335  0.408]]
DEBUG:----------------------------------------------
DEBUG:----------------------------------------------
DEBUG:Position info about the robot:
DEBUG:Initial pos/angle: ([[ 0.389  0.160 -0.067]], [[-1.649 -2.673  0.000]])
DEBUG:Current pos/angle: ([[ 0.389  0.160 -0.067]], [[ 1.417  2.296  0.357]]
DEBUG:----------------------------------------------
DEBUG:----------------------------------------------
DEBUG:Position info about the robot:
DEBUG:Initial pos/angle: ([[ 0.389  0.160 -0.067]], [[-1.649 -2.673  0.000]])
DEBUG:Current pos/angle: ([[ 0.389  0.160 -0.067]], [[ 1.392  2.257  0.306]]
DEBUG:----------------------------------------------
DEBUG:----------------------------------------------
DEBUG:Position info about the robot:
DEBUG:Initial pos/angle: ([[ 0.389  0.160 -0.067]], [[-1.649 -2.673  0.000]])
DEBUG:Current pos/angle: ([[ 0.389  0.160 -0.067]], [[ 1.368  2.217  0.256]]
DEBUG:----------------------------------------------
DEBUG:----------------------------------------------
DEBUG:Position info about the robot:
DEBUG:Initial pos/angle: ([[ 0.389  0.160 -0.067]], [[-1.649 -2.673  0.000]])
DEBUG:Current pos/angle: ([[ 0.389  0.160 -0.067]], [[ 1.342  2.176  0.208]]
DEBUG:----------------------------------------------
DEBUG:----------------------------------------------
DEBUG:Position info about the robot:
DEBUG:Initial pos/angle: ([[ 0.389  0.160 -0.067]], [[-1.649 -2.673  0.000]])
DEBUG:Current pos/angle: ([[ 0.389  0.160 -0.067]], [[ 1.331  2.157  0.186]]
DEBUG:----------------------------------------------
DEBUG:----------------------------------------------
DEBUG:Position info about the robot:
DEBUG:Initial pos/angle: ([[ 0.389  0.160 -0.067]], [[-1.649 -2.673  0.000]])
DEBUG:Current pos/angle: ([[ 0.389  0.160 -0.067]], [[ 1.353  2.193  0.176]]
DEBUG:----------------------------------------------
DEBUG:----------------------------------------------
DEBUG:Position info about the robot:
DEBUG:Initial pos/angle: ([[ 0.389  0.160 -0.067]], [[-1.649 -2.673  0.000]])
DEBUG:Current pos/angle: ([[ 0.389  0.160 -0.067]], [[ 1.385  2.245  0.159]]
DEBUG:----------------------------------------------
DEBUG:----------------------------------------------
DEBUG:Position info about the robot:
DEBUG:Initial pos/angle: ([[ 0.389  0.160 -0.067]], [[-1.649 -2.673  0.000]])
DEBUG:Current pos/angle: ([[ 0.389  0.160 -0.066]], [[ 1.417  2.297  0.143]]
DEBUG:----------------------------------------------
DEBUG:----------------------------------------------
DEBUG:Position info about the robot:
DEBUG:Initial pos/angle: ([[ 0.389  0.160 -0.067]], [[-1.649 -2.673  0.000]])
DEBUG:Current pos/angle: ([[ 0.389  0.160 -0.067]], [[ 1.449  2.349  0.125]]
DEBUG:----------------------------------------------
DEBUG:----------------------------------------------
DEBUG:Position info about the robot:
DEBUG:Initial pos/angle: ([[ 0.389  0.160 -0.067]], [[-1.649 -2.673  0.000]])
DEBUG:Current pos/angle: ([[ 0.389  0.160 -0.067]], [[ 1.481  2.400  0.108]]
DEBUG:----------------------------------------------
DEBUG:----------------------------------------------
DEBUG:Position info about the robot:
DEBUG:Initial pos/angle: ([[ 0.389  0.160 -0.067]], [[-1.649 -2.673  0.000]])
DEBUG:Current pos/angle: ([[ 0.389  0.160 -0.067]], [[ 1.513  2.452  0.089]]
DEBUG:----------------------------------------------
DEBUG:----------------------------------------------
DEBUG:Position info about the robot:
DEBUG:Initial pos/angle: ([[ 0.389  0.160 -0.067]], [[-1.649 -2.673  0.000]])
DEBUG:Current pos/angle: ([[ 0.389  0.160 -0.067]], [[ 1.544  2.503  0.070]]
DEBUG:----------------------------------------------
DEBUG:----------------------------------------------
DEBUG:Position info about the robot:
DEBUG:Initial pos/angle: ([[ 0.389  0.160 -0.067]], [[-1.649 -2.673  0.000]])
DEBUG:Current pos/angle: ([[ 0.389  0.160 -0.067]], [[ 1.576  2.554  0.050]]
DEBUG:----------------------------------------------
DEBUG:----------------------------------------------
DEBUG:Position info about the robot:
DEBUG:Initial pos/angle: ([[ 0.389  0.160 -0.067]], [[-1.649 -2.673  0.000]])
DEBUG:Current pos/angle: ([[ 0.389  0.160 -0.066]], [[ 1.607  2.605  0.029]]
DEBUG:----------------------------------------------
DEBUG:----------------------------------------------
DEBUG:Position info about the robot:
DEBUG:Initial pos/angle: ([[ 0.389  0.160 -0.067]], [[-1.649 -2.673  0.000]])
DEBUG:Current pos/angle: ([[ 0.389  0.160 -0.067]], [[ 1.639  2.656  0.008]]
DEBUG:----------------------------------------------
DEBUG:----------------------------------------------
DEBUG:Position info about the robot:
DEBUG:Initial pos/angle: ([[ 0.389  0.160 -0.067]], [[-1.649 -2.673  0.000]])
DEBUG:Current pos/angle: ([[ 0.389  0.160 -0.067]], [[-1.628 -2.640  0.014]]
DEBUG:----------------------------------------------
DEBUG:----------------------------------------------
DEBUG:Position info about the robot:
DEBUG:Initial pos/angle: ([[ 0.389  0.160 -0.067]], [[-1.649 -2.673  0.000]])
DEBUG:Current pos/angle: ([[ 0.389  0.160 -0.066]], [[-1.597 -2.589  0.035]]
DEBUG:----------------------------------------------
DEBUG:----------------------------------------------
DEBUG:Position info about the robot:
DEBUG:Initial pos/angle: ([[ 0.389  0.160 -0.067]], [[-1.649 -2.673  0.000]])
DEBUG:Current pos/angle: ([[ 0.389  0.160 -0.067]], [[-1.565 -2.537  0.056]]
DEBUG:----------------------------------------------
DEBUG:----------------------------------------------
DEBUG:Position info about the robot:
DEBUG:Initial pos/angle: ([[ 0.389  0.160 -0.067]], [[-1.649 -2.673  0.000]])
DEBUG:Current pos/angle: ([[ 0.389  0.160 -0.067]], [[-1.534 -2.486  0.076]]
DEBUG:----------------------------------------------
DEBUG:----------------------------------------------
DEBUG:Position info about the robot:
DEBUG:Initial pos/angle: ([[ 0.389  0.160 -0.067]], [[-1.649 -2.673  0.000]])
DEBUG:Current pos/angle: ([[ 0.389  0.160 -0.067]], [[-1.502 -2.435  0.095]]
DEBUG:----------------------------------------------
DEBUG:----------------------------------------------
DEBUG:Position info about the robot:
DEBUG:Initial pos/angle: ([[ 0.389  0.160 -0.067]], [[-1.649 -2.673  0.000]])
DEBUG:Current pos/angle: ([[ 0.389  0.160 -0.067]], [[-1.470 -2.384  0.113]]
DEBUG:----------------------------------------------
DEBUG:----------------------------------------------
DEBUG:Position info about the robot:
DEBUG:Initial pos/angle: ([[ 0.389  0.160 -0.067]], [[-1.649 -2.673  0.000]])
DEBUG:Current pos/angle: ([[ 0.389  0.160 -0.067]], [[-1.438 -2.332  0.131]]
DEBUG:----------------------------------------------
DEBUG:----------------------------------------------
DEBUG:Position info about the robot:
DEBUG:Initial pos/angle: ([[ 0.389  0.160 -0.067]], [[-1.649 -2.673  0.000]])
DEBUG:Current pos/angle: ([[ 0.389  0.160 -0.066]], [[-1.406 -2.280  0.148]]
DEBUG:----------------------------------------------
DEBUG:----------------------------------------------
DEBUG:Position info about the robot:
DEBUG:Initial pos/angle: ([[ 0.389  0.160 -0.067]], [[-1.649 -2.673  0.000]])
DEBUG:Current pos/angle: ([[ 0.389  0.160 -0.067]], [[-1.374 -2.228  0.164]]
DEBUG:----------------------------------------------
DEBUG:----------------------------------------------
DEBUG:Position info about the robot:
DEBUG:Initial pos/angle: ([[ 0.389  0.160 -0.067]], [[-1.649 -2.673  0.000]])
DEBUG:Current pos/angle: ([[ 0.389  0.160 -0.066]], [[-1.342 -2.177  0.180]]
DEBUG:----------------------------------------------
DEBUG:----------------------------------------------
DEBUG:Position info about the robot:
DEBUG:Initial pos/angle: ([[ 0.389  0.160 -0.067]], [[-1.649 -2.673  0.000]])
DEBUG:Current pos/angle: ([[ 0.389  0.160 -0.066]], [[-1.330 -2.156  0.186]]
DEBUG:----------------------------------------------
DEBUG:----------------------------------------------
DEBUG:Position info about the robot:
DEBUG:Initial pos/angle: ([[ 0.389  0.160 -0.067]], [[-1.649 -2.673  0.000]])
DEBUG:Current pos/angle: ([[ 0.389  0.160 -0.066]], [[-1.330 -2.156  0.186]]
DEBUG:----------------------------------------------
DEBUG:----------------------------------------------
DEBUG:Position info about the robot:
DEBUG:Initial pos/angle: ([[ 0.389  0.160 -0.067]], [[-1.649 -2.673  0.000]])
DEBUG:Current pos/angle: ([[ 0.389  0.160 -0.067]], [[-1.342 -2.175  0.142]]
DEBUG:----------------------------------------------
DEBUG:----------------------------------------------
DEBUG:Position info about the robot:
DEBUG:Initial pos/angle: ([[ 0.389  0.160 -0.067]], [[-1.649 -2.673  0.000]])
DEBUG:Current pos/angle: ([[ 0.389  0.160 -0.067]], [[-1.360 -2.204  0.072]]
DEBUG:----------------------------------------------
DEBUG:----------------------------------------------
DEBUG:Position info about the robot:
DEBUG:Initial pos/angle: ([[ 0.389  0.160 -0.067]], [[-1.649 -2.673  0.000]])
DEBUG:Current pos/angle: ([[ 0.389  0.160 -0.067]], [[-1.376 -2.232  0.001]]
DEBUG:----------------------------------------------
DEBUG:----------------------------------------------
DEBUG:Position info about the robot:
DEBUG:Initial pos/angle: ([[ 0.389  0.160 -0.067]], [[-1.649 -2.673  0.000]])
DEBUG:Current pos/angle: ([[ 0.389  0.160 -0.067]], [[-1.393 -2.258 -0.070]]
DEBUG:----------------------------------------------
DEBUG:----------------------------------------------
DEBUG:Position info about the robot:
DEBUG:Initial pos/angle: ([[ 0.389  0.160 -0.067]], [[-1.649 -2.673  0.000]])
DEBUG:Current pos/angle: ([[ 0.389  0.160 -0.067]], [[-1.408 -2.283 -0.144]]
DEBUG:----------------------------------------------
DEBUG:----------------------------------------------
DEBUG:Position info about the robot:
DEBUG:Initial pos/angle: ([[ 0.389  0.160 -0.067]], [[-1.649 -2.673  0.000]])
DEBUG:Current pos/angle: ([[ 0.389  0.160 -0.066]], [[-1.422 -2.306 -0.218]]
DEBUG:----------------------------------------------
DEBUG:----------------------------------------------
DEBUG:Position info about the robot:
DEBUG:Initial pos/angle: ([[ 0.389  0.160 -0.067]], [[-1.649 -2.673  0.000]])
DEBUG:Current pos/angle: ([[ 0.389  0.160 -0.067]], [[-1.436 -2.328 -0.294]]
DEBUG:----------------------------------------------
DEBUG:----------------------------------------------
DEBUG:Position info about the robot:
DEBUG:Initial pos/angle: ([[ 0.389  0.160 -0.067]], [[-1.649 -2.673  0.000]])
DEBUG:Current pos/angle: ([[ 0.389  0.160 -0.067]], [[-1.448 -2.348 -0.371]]
DEBUG:----------------------------------------------
DEBUG:----------------------------------------------
DEBUG:Position info about the robot:
DEBUG:Initial pos/angle: ([[ 0.389  0.160 -0.067]], [[-1.649 -2.673  0.000]])
DEBUG:Current pos/angle: ([[ 0.389  0.160 -0.067]], [[-1.460 -2.367 -0.448]]
DEBUG:----------------------------------------------
DEBUG:----------------------------------------------
DEBUG:Position info about the robot:
DEBUG:Initial pos/angle: ([[ 0.389  0.160 -0.067]], [[-1.649 -2.673  0.000]])
DEBUG:Current pos/angle: ([[ 0.389  0.160 -0.067]], [[-1.470 -2.384 -0.526]]
DEBUG:----------------------------------------------
DEBUG:----------------------------------------------
DEBUG:Position info about the robot:
DEBUG:Initial pos/angle: ([[ 0.389  0.160 -0.067]], [[-1.649 -2.673  0.000]])
DEBUG:Current pos/angle: ([[ 0.389  0.160 -0.067]], [[-1.480 -2.399 -0.606]]
DEBUG:----------------------------------------------
DEBUG:----------------------------------------------
DEBUG:Position info about the robot:
DEBUG:Initial pos/angle: ([[ 0.389  0.160 -0.067]], [[-1.649 -2.673  0.000]])
DEBUG:Current pos/angle: ([[ 0.389  0.160 -0.067]], [[-1.488 -2.413 -0.687]]
DEBUG:----------------------------------------------
DEBUG:----------------------------------------------
DEBUG:Position info about the robot:
DEBUG:Initial pos/angle: ([[ 0.389  0.160 -0.067]], [[-1.649 -2.673  0.000]])
DEBUG:Current pos/angle: ([[ 0.389  0.160 -0.067]], [[-1.496 -2.425 -0.768]]
DEBUG:----------------------------------------------
DEBUG:----------------------------------------------
DEBUG:Position info about the robot:
DEBUG:Initial pos/angle: ([[ 0.389  0.160 -0.067]], [[-1.649 -2.673  0.000]])
DEBUG:Current pos/angle: ([[ 0.389  0.160 -0.067]], [[-1.502 -2.435 -0.850]]
DEBUG:----------------------------------------------
DEBUG:----------------------------------------------
DEBUG:Position info about the robot:
DEBUG:Initial pos/angle: ([[ 0.389  0.160 -0.067]], [[-1.649 -2.673  0.000]])
DEBUG:Current pos/angle: ([[ 0.389  0.160 -0.067]], [[-1.504 -2.439 -0.888]]
DEBUG:----------------------------------------------
DEBUG:----------------------------------------------
DEBUG:Position info about the robot:
DEBUG:Initial pos/angle: ([[ 0.389  0.160 -0.067]], [[-1.649 -2.673  0.000]])
DEBUG:Current pos/angle: ([[ 0.389  0.160 -0.067]], [[-1.525 -2.472 -0.870]]
DEBUG:----------------------------------------------
DEBUG:----------------------------------------------
DEBUG:Position info about the robot:
DEBUG:Initial pos/angle: ([[ 0.389  0.160 -0.067]], [[-1.649 -2.673  0.000]])
DEBUG:Current pos/angle: ([[ 0.389  0.160 -0.067]], [[-1.558 -2.526 -0.838]]
DEBUG:----------------------------------------------
DEBUG:----------------------------------------------
DEBUG:Position info about the robot:
DEBUG:Initial pos/angle: ([[ 0.389  0.160 -0.067]], [[-1.649 -2.673  0.000]])
DEBUG:Current pos/angle: ([[ 0.389  0.160 -0.066]], [[-1.592 -2.581 -0.805]]
DEBUG:----------------------------------------------
DEBUG:----------------------------------------------
DEBUG:Position info about the robot:
DEBUG:Initial pos/angle: ([[ 0.389  0.160 -0.067]], [[-1.649 -2.673  0.000]])
DEBUG:Current pos/angle: ([[ 0.389  0.160 -0.067]], [[ 1.575  2.553  0.747]]
DEBUG:----------------------------------------------
DEBUG:----------------------------------------------
DEBUG:Position info about the robot:
DEBUG:Initial pos/angle: ([[ 0.389  0.160 -0.067]], [[-1.649 -2.673  0.000]])
DEBUG:Current pos/angle: ([[ 0.389  0.160 -0.067]], [[ 1.554  2.519  0.688]]
DEBUG:----------------------------------------------
DEBUG:----------------------------------------------
DEBUG:Position info about the robot:
DEBUG:Initial pos/angle: ([[ 0.389  0.160 -0.067]], [[-1.649 -2.673  0.000]])
DEBUG:Current pos/angle: ([[ 0.389  0.160 -0.067]], [[ 1.533  2.485  0.630]]
DEBUG:----------------------------------------------
DEBUG:----------------------------------------------
DEBUG:Position info about the robot:
DEBUG:Initial pos/angle: ([[ 0.389  0.160 -0.067]], [[-1.649 -2.673  0.000]])
DEBUG:Current pos/angle: ([[ 0.389  0.160 -0.067]], [[ 1.511  2.449  0.573]]
DEBUG:----------------------------------------------
DEBUG:----------------------------------------------
DEBUG:Position info about the robot:
DEBUG:Initial pos/angle: ([[ 0.389  0.160 -0.067]], [[-1.649 -2.673  0.000]])
DEBUG:Current pos/angle: ([[ 0.389  0.160 -0.067]], [[ 1.488  2.413  0.518]]
DEBUG:----------------------------------------------
DEBUG:----------------------------------------------
DEBUG:Position info about the robot:
DEBUG:Initial pos/angle: ([[ 0.389  0.160 -0.067]], [[-1.649 -2.673  0.000]])
DEBUG:Current pos/angle: ([[ 0.389  0.160 -0.066]], [[ 1.465  2.375  0.464]]
DEBUG:----------------------------------------------
DEBUG:----------------------------------------------
DEBUG:Position info about the robot:
DEBUG:Initial pos/angle: ([[ 0.389  0.160 -0.067]], [[-1.649 -2.673  0.000]])
DEBUG:Current pos/angle: ([[ 0.389  0.160 -0.067]], [[ 1.442  2.337  0.411]]
DEBUG:----------------------------------------------
DEBUG:----------------------------------------------
DEBUG:Position info about the robot:
DEBUG:Initial pos/angle: ([[ 0.389  0.160 -0.067]], [[-1.649 -2.673  0.000]])
DEBUG:Current pos/angle: ([[ 0.389  0.160 -0.067]], [[ 1.418  2.298  0.359]]
DEBUG:----------------------------------------------
DEBUG:----------------------------------------------
DEBUG:Position info about the robot:
DEBUG:Initial pos/angle: ([[ 0.389  0.160 -0.067]], [[-1.649 -2.673  0.000]])
DEBUG:Current pos/angle: ([[ 0.389  0.160 -0.067]], [[ 1.394  2.259  0.309]]
DEBUG:----------------------------------------------
DEBUG:----------------------------------------------
DEBUG:Position info about the robot:
DEBUG:Initial pos/angle: ([[ 0.389  0.160 -0.067]], [[-1.649 -2.673  0.000]])
DEBUG:Current pos/angle: ([[ 0.389  0.160 -0.067]], [[ 1.369  2.219  0.259]]
DEBUG:----------------------------------------------
DEBUG:----------------------------------------------
DEBUG:Position info about the robot:
DEBUG:Initial pos/angle: ([[ 0.389  0.160 -0.067]], [[-1.649 -2.673  0.000]])
DEBUG:Current pos/angle: ([[ 0.389  0.160 -0.066]], [[ 1.344  2.178  0.210]]
DEBUG:----------------------------------------------
