DEBUG:Debug log for the robot starting on 2022-06-29_17-06-27
DEBUG:----------------------------------------------
DEBUG:Position info about the robot:
DEBUG:Initial pos/angle: ([[ 0.428  0.023 -0.223]], [[-0.020 -3.141  0.000]])
DEBUG:Current pos/angle: ([[ 0.428  0.023 -0.223]], [[ 0.021  3.142  0.000]]
DEBUG:----------------------------------------------
DEBUG:----------------------------------------------
DEBUG:Position info about the robot:
DEBUG:Initial pos/angle: ([[ 0.428  0.023 -0.223]], [[-0.020 -3.141  0.000]])
DEBUG:Current pos/angle: ([[ 0.428  0.023 -0.223]], [[-0.020 -3.140  0.000]]
DEBUG:----------------------------------------------
DEBUG:----------------------------------------------
DEBUG:Position info about the robot:
DEBUG:Initial pos/angle: ([[ 0.428  0.023 -0.223]], [[-0.020 -3.141  0.000]])
DEBUG:Current pos/angle: ([[ 0.428  0.024 -0.223]], [[ 0.021  3.141  0.000]]
DEBUG:----------------------------------------------
DEBUG:----------------------------------------------
DEBUG:Position info about the robot:
DEBUG:Initial pos/angle: ([[ 0.428  0.023 -0.223]], [[-0.020 -3.141  0.000]])
DEBUG:Current pos/angle: ([[ 0.428  0.024 -0.223]], [[ 0.021  3.142  0.000]]
DEBUG:----------------------------------------------
DEBUG:----------------------------------------------
DEBUG:Position info about the robot:
DEBUG:Initial pos/angle: ([[ 0.428  0.023 -0.223]], [[-0.020 -3.141  0.000]])
DEBUG:Current pos/angle: ([[ 0.428  0.023 -0.223]], [[ 0.021  3.142  0.000]]
DEBUG:----------------------------------------------
DEBUG:----------------------------------------------
DEBUG:Position info about the robot:
DEBUG:Initial pos/angle: ([[ 0.428  0.023 -0.223]], [[-0.020 -3.141  0.000]])
DEBUG:Current pos/angle: ([[ 0.428  0.023 -0.223]], [[ 0.021  3.141  0.000]]
DEBUG:----------------------------------------------
DEBUG:----------------------------------------------
DEBUG:Position info about the robot:
DEBUG:Initial pos/angle: ([[ 0.428  0.023 -0.223]], [[-0.020 -3.141  0.000]])
DEBUG:Current pos/angle: ([[ 0.428  0.023 -0.223]], [[-0.020 -3.140  0.000]]
DEBUG:----------------------------------------------
DEBUG:----------------------------------------------
DEBUG:Position info about the robot:
DEBUG:Initial pos/angle: ([[ 0.428  0.023 -0.223]], [[-0.020 -3.141  0.000]])
DEBUG:Current pos/angle: ([[ 0.428  0.023 -0.223]], [[ 0.021  3.142  0.000]]
DEBUG:----------------------------------------------
DEBUG:----------------------------------------------
DEBUG:Position info about the robot:
DEBUG:Initial pos/angle: ([[ 0.428  0.023 -0.223]], [[-0.020 -3.141  0.000]])
DEBUG:Current pos/angle: ([[ 0.428  0.024 -0.223]], [[-0.020 -3.140  0.000]]
DEBUG:----------------------------------------------
DEBUG:----------------------------------------------
DEBUG:Position info about the robot:
DEBUG:Initial pos/angle: ([[ 0.428  0.023 -0.223]], [[-0.020 -3.141  0.000]])
DEBUG:Current pos/angle: ([[ 0.428  0.024 -0.223]], [[-0.020 -3.141  0.000]]
DEBUG:----------------------------------------------
DEBUG:----------------------------------------------
DEBUG:Position info about the robot:
DEBUG:Initial pos/angle: ([[ 0.428  0.023 -0.223]], [[-0.020 -3.141  0.000]])
DEBUG:Current pos/angle: ([[ 0.428  0.024 -0.223]], [[-0.020 -3.141  0.000]]
DEBUG:----------------------------------------------
DEBUG:----------------------------------------------
DEBUG:Position info about the robot:
DEBUG:Initial pos/angle: ([[ 0.428  0.023 -0.223]], [[-0.020 -3.141  0.000]])
DEBUG:Current pos/angle: ([[ 0.428  0.023 -0.223]], [[ 0.021  3.141  0.000]]
DEBUG:----------------------------------------------
DEBUG:----------------------------------------------
DEBUG:Position info about the robot:
DEBUG:Initial pos/angle: ([[ 0.428  0.023 -0.223]], [[-0.020 -3.141  0.000]])
DEBUG:Current pos/angle: ([[ 0.428  0.023 -0.223]], [[-0.020 -3.141  0.000]]
DEBUG:----------------------------------------------
DEBUG:----------------------------------------------
DEBUG:Position info about the robot:
DEBUG:Initial pos/angle: ([[ 0.428  0.023 -0.223]], [[-0.020 -3.141  0.000]])
DEBUG:Current pos/angle: ([[ 0.428  0.024 -0.223]], [[-0.020 -3.140  0.000]]
DEBUG:----------------------------------------------
DEBUG:----------------------------------------------
DEBUG:Position info about the robot:
DEBUG:Initial pos/angle: ([[ 0.428  0.023 -0.223]], [[-0.020 -3.141  0.000]])
DEBUG:Current pos/angle: ([[ 0.428  0.024 -0.223]], [[ 0.021  3.141  0.000]]
DEBUG:----------------------------------------------
DEBUG:----------------------------------------------
DEBUG:Position info about the robot:
DEBUG:Initial pos/angle: ([[ 0.428  0.023 -0.223]], [[-0.020 -3.141  0.000]])
DEBUG:Current pos/angle: ([[ 0.428  0.023 -0.223]], [[ 0.021  3.142  0.000]]
DEBUG:----------------------------------------------
DEBUG:----------------------------------------------
DEBUG:Position info about the robot:
DEBUG:Initial pos/angle: ([[ 0.428  0.023 -0.223]], [[-0.020 -3.141  0.000]])
DEBUG:Current pos/angle: ([[ 0.428  0.024 -0.223]], [[ 0.021  3.142  0.000]]
DEBUG:----------------------------------------------
DEBUG:----------------------------------------------
DEBUG:Position info about the robot:
DEBUG:Initial pos/angle: ([[ 0.428  0.023 -0.223]], [[-0.020 -3.141  0.000]])
DEBUG:Current pos/angle: ([[ 0.428  0.024 -0.223]], [[-0.020 -3.141  0.000]]
DEBUG:----------------------------------------------
DEBUG:----------------------------------------------
DEBUG:Position info about the robot:
DEBUG:Initial pos/angle: ([[ 0.428  0.023 -0.223]], [[-0.020 -3.141  0.000]])
DEBUG:Current pos/angle: ([[ 0.428  0.023 -0.223]], [[-0.020 -3.141  0.000]]
DEBUG:----------------------------------------------
DEBUG:----------------------------------------------
DEBUG:Position info about the robot:
DEBUG:Initial pos/angle: ([[ 0.428  0.023 -0.223]], [[-0.020 -3.141  0.000]])
DEBUG:Current pos/angle: ([[ 0.428  0.023 -0.223]], [[-0.020 -3.140  0.000]]
DEBUG:----------------------------------------------
DEBUG:----------------------------------------------
DEBUG:Position info about the robot:
DEBUG:Initial pos/angle: ([[ 0.428  0.023 -0.223]], [[-0.020 -3.141  0.000]])
DEBUG:Current pos/angle: ([[ 0.428  0.024 -0.223]], [[ 0.021  3.142  0.000]]
DEBUG:----------------------------------------------
DEBUG:----------------------------------------------
DEBUG:Position info about the robot:
DEBUG:Initial pos/angle: ([[ 0.428  0.023 -0.223]], [[-0.020 -3.141  0.000]])
DEBUG:Current pos/angle: ([[ 0.428  0.024 -0.223]], [[-0.020 -3.141  0.000]]
DEBUG:----------------------------------------------
DEBUG:----------------------------------------------
DEBUG:Position info about the robot:
DEBUG:Initial pos/angle: ([[ 0.428  0.023 -0.223]], [[-0.020 -3.141  0.000]])
DEBUG:Current pos/angle: ([[ 0.428  0.023 -0.223]], [[-0.020 -3.140  0.000]]
DEBUG:----------------------------------------------
DEBUG:----------------------------------------------
DEBUG:Position info about the robot:
DEBUG:Initial pos/angle: ([[ 0.428  0.023 -0.223]], [[-0.020 -3.141  0.000]])
DEBUG:Current pos/angle: ([[ 0.428  0.024 -0.223]], [[-0.020 -3.140  0.000]]
DEBUG:----------------------------------------------
DEBUG:----------------------------------------------
DEBUG:Position info about the robot:
DEBUG:Initial pos/angle: ([[ 0.428  0.023 -0.223]], [[-0.020 -3.141  0.000]])
DEBUG:Current pos/angle: ([[ 0.428  0.024 -0.223]], [[ 0.021  3.142  0.000]]
DEBUG:----------------------------------------------
DEBUG:----------------------------------------------
DEBUG:Position info about the robot:
DEBUG:Initial pos/angle: ([[ 0.428  0.023 -0.223]], [[-0.020 -3.141  0.000]])
DEBUG:Current pos/angle: ([[ 0.428  0.023 -0.223]], [[-0.020 -3.140  0.000]]
DEBUG:----------------------------------------------
DEBUG:----------------------------------------------
DEBUG:Position info about the robot:
DEBUG:Initial pos/angle: ([[ 0.428  0.023 -0.223]], [[-0.020 -3.141  0.000]])
DEBUG:Current pos/angle: ([[ 0.428  0.023 -0.223]], [[ 0.021  3.142  0.000]]
DEBUG:----------------------------------------------
DEBUG:----------------------------------------------
DEBUG:Position info about the robot:
DEBUG:Initial pos/angle: ([[ 0.428  0.023 -0.223]], [[-0.020 -3.141  0.000]])
DEBUG:Current pos/angle: ([[ 0.428  0.023 -0.223]], [[ 0.021  3.141  0.000]]
DEBUG:----------------------------------------------
DEBUG:----------------------------------------------
DEBUG:Position info about the robot:
DEBUG:Initial pos/angle: ([[ 0.428  0.023 -0.223]], [[-0.020 -3.141  0.000]])
DEBUG:Current pos/angle: ([[ 0.428  0.024 -0.223]], [[-0.020 -3.140  0.000]]
DEBUG:----------------------------------------------
DEBUG:----------------------------------------------
DEBUG:Position info about the robot:
DEBUG:Initial pos/angle: ([[ 0.428  0.023 -0.223]], [[-0.020 -3.141  0.000]])
DEBUG:Current pos/angle: ([[ 0.428  0.024 -0.223]], [[-0.020 -3.140  0.000]]
DEBUG:----------------------------------------------
DEBUG:----------------------------------------------
DEBUG:Position info about the robot:
DEBUG:Initial pos/angle: ([[ 0.428  0.023 -0.223]], [[-0.020 -3.141  0.000]])
DEBUG:Current pos/angle: ([[ 0.428  0.024 -0.223]], [[ 0.021  3.141  0.000]]
DEBUG:----------------------------------------------
DEBUG:----------------------------------------------
DEBUG:Position info about the robot:
DEBUG:Initial pos/angle: ([[ 0.428  0.023 -0.223]], [[-0.020 -3.141  0.000]])
DEBUG:Current pos/angle: ([[ 0.428  0.024 -0.223]], [[-0.020 -3.141  0.000]]
DEBUG:----------------------------------------------
DEBUG:----------------------------------------------
DEBUG:Position info about the robot:
DEBUG:Initial pos/angle: ([[ 0.428  0.023 -0.223]], [[-0.020 -3.141  0.000]])
DEBUG:Current pos/angle: ([[ 0.428  0.023 -0.223]], [[-0.020 -3.141  0.000]]
DEBUG:----------------------------------------------
DEBUG:----------------------------------------------
DEBUG:Position info about the robot:
DEBUG:Initial pos/angle: ([[ 0.428  0.023 -0.223]], [[-0.020 -3.141  0.000]])
DEBUG:Current pos/angle: ([[ 0.428  0.024 -0.223]], [[-0.020 -3.141  0.000]]
DEBUG:----------------------------------------------
DEBUG:----------------------------------------------
DEBUG:Position info about the robot:
DEBUG:Initial pos/angle: ([[ 0.428  0.023 -0.223]], [[-0.020 -3.141  0.000]])
DEBUG:Current pos/angle: ([[ 0.428  0.023 -0.223]], [[ 0.021  3.141  0.000]]
DEBUG:----------------------------------------------
DEBUG:----------------------------------------------
DEBUG:Position info about the robot:
DEBUG:Initial pos/angle: ([[ 0.428  0.023 -0.223]], [[-0.020 -3.141  0.000]])
DEBUG:Current pos/angle: ([[ 0.428  0.024 -0.223]], [[-0.020 -3.140  0.000]]
DEBUG:----------------------------------------------
DEBUG:----------------------------------------------
DEBUG:Position info about the robot:
DEBUG:Initial pos/angle: ([[ 0.428  0.023 -0.223]], [[-0.020 -3.141  0.000]])
DEBUG:Current pos/angle: ([[ 0.428  0.024 -0.223]], [[-0.020 -3.141  0.000]]
DEBUG:----------------------------------------------
DEBUG:----------------------------------------------
DEBUG:Position info about the robot:
DEBUG:Initial pos/angle: ([[ 0.428  0.023 -0.223]], [[-0.020 -3.141  0.000]])
DEBUG:Current pos/angle: ([[ 0.428  0.024 -0.223]], [[-0.020 -3.140  0.000]]
DEBUG:----------------------------------------------
DEBUG:----------------------------------------------
DEBUG:Position info about the robot:
DEBUG:Initial pos/angle: ([[ 0.428  0.023 -0.223]], [[-0.020 -3.141  0.000]])
DEBUG:Current pos/angle: ([[ 0.428  0.023 -0.223]], [[-0.020 -3.140  0.000]]
DEBUG:----------------------------------------------
DEBUG:----------------------------------------------
DEBUG:Position info about the robot:
DEBUG:Initial pos/angle: ([[ 0.428  0.023 -0.223]], [[-0.020 -3.141  0.000]])
DEBUG:Current pos/angle: ([[ 0.428  0.024 -0.223]], [[-0.020 -3.140  0.000]]
DEBUG:----------------------------------------------
DEBUG:----------------------------------------------
DEBUG:Position info about the robot:
DEBUG:Initial pos/angle: ([[ 0.428  0.023 -0.223]], [[-0.020 -3.141  0.000]])
DEBUG:Current pos/angle: ([[ 0.428  0.024 -0.223]], [[-0.020 -3.140  0.000]]
DEBUG:----------------------------------------------
DEBUG:----------------------------------------------
DEBUG:Position info about the robot:
DEBUG:Initial pos/angle: ([[ 0.428  0.023 -0.223]], [[-0.020 -3.141  0.000]])
DEBUG:Current pos/angle: ([[ 0.428  0.023 -0.223]], [[ 0.021  3.141  0.000]]
DEBUG:----------------------------------------------
DEBUG:----------------------------------------------
DEBUG:Position info about the robot:
DEBUG:Initial pos/angle: ([[ 0.428  0.023 -0.223]], [[-0.020 -3.141  0.000]])
DEBUG:Current pos/angle: ([[ 0.428  0.023 -0.223]], [[-0.020 -3.140  0.000]]
DEBUG:----------------------------------------------
DEBUG:----------------------------------------------
DEBUG:Position info about the robot:
DEBUG:Initial pos/angle: ([[ 0.428  0.023 -0.223]], [[-0.020 -3.141  0.000]])
DEBUG:Current pos/angle: ([[ 0.428  0.024 -0.223]], [[-0.020 -3.140  0.000]]
DEBUG:----------------------------------------------
DEBUG:----------------------------------------------
DEBUG:Position info about the robot:
DEBUG:Initial pos/angle: ([[ 0.428  0.023 -0.223]], [[-0.020 -3.141  0.000]])
DEBUG:Current pos/angle: ([[ 0.428  0.024 -0.223]], [[-0.020 -3.140  0.000]]
DEBUG:----------------------------------------------
DEBUG:----------------------------------------------
DEBUG:Position info about the robot:
DEBUG:Initial pos/angle: ([[ 0.428  0.023 -0.223]], [[-0.020 -3.141  0.000]])
DEBUG:Current pos/angle: ([[ 0.428  0.023 -0.223]], [[-0.020 -3.141  0.000]]
DEBUG:----------------------------------------------
DEBUG:----------------------------------------------
DEBUG:Position info about the robot:
DEBUG:Initial pos/angle: ([[ 0.428  0.023 -0.223]], [[-0.020 -3.141  0.000]])
DEBUG:Current pos/angle: ([[ 0.428  0.023 -0.223]], [[-0.020 -3.140  0.000]]
DEBUG:----------------------------------------------
DEBUG:----------------------------------------------
DEBUG:Position info about the robot:
DEBUG:Initial pos/angle: ([[ 0.428  0.023 -0.223]], [[-0.020 -3.141  0.000]])
DEBUG:Current pos/angle: ([[ 0.428  0.023 -0.223]], [[ 0.021  3.141  0.000]]
DEBUG:----------------------------------------------
DEBUG:----------------------------------------------
DEBUG:Position info about the robot:
DEBUG:Initial pos/angle: ([[ 0.428  0.023 -0.223]], [[-0.020 -3.141  0.000]])
DEBUG:Current pos/angle: ([[ 0.428  0.024 -0.223]], [[ 0.021  3.141  0.000]]
DEBUG:----------------------------------------------
DEBUG:----------------------------------------------
DEBUG:Position info about the robot:
DEBUG:Initial pos/angle: ([[ 0.428  0.023 -0.223]], [[-0.020 -3.141  0.000]])
DEBUG:Current pos/angle: ([[ 0.428  0.023 -0.223]], [[-0.020 -3.141  0.000]]
DEBUG:----------------------------------------------
DEBUG:----------------------------------------------
DEBUG:Position info about the robot:
DEBUG:Initial pos/angle: ([[ 0.428  0.023 -0.223]], [[-0.020 -3.141  0.000]])
DEBUG:Current pos/angle: ([[ 0.428  0.023 -0.223]], [[-0.020 -3.141  0.000]]
DEBUG:----------------------------------------------
DEBUG:----------------------------------------------
DEBUG:Position info about the robot:
DEBUG:Initial pos/angle: ([[ 0.428  0.023 -0.223]], [[-0.020 -3.141  0.000]])
DEBUG:Current pos/angle: ([[ 0.428  0.024 -0.223]], [[-0.020 -3.140  0.000]]
DEBUG:----------------------------------------------
DEBUG:----------------------------------------------
DEBUG:Position info about the robot:
DEBUG:Initial pos/angle: ([[ 0.428  0.023 -0.223]], [[-0.020 -3.141  0.000]])
DEBUG:Current pos/angle: ([[ 0.428  0.024 -0.223]], [[-0.020 -3.140  0.000]]
DEBUG:----------------------------------------------
DEBUG:----------------------------------------------
DEBUG:Position info about the robot:
DEBUG:Initial pos/angle: ([[ 0.428  0.023 -0.223]], [[-0.020 -3.141  0.000]])
DEBUG:Current pos/angle: ([[ 0.428  0.024 -0.223]], [[-0.020 -3.140  0.000]]
DEBUG:----------------------------------------------
DEBUG:----------------------------------------------
DEBUG:Position info about the robot:
DEBUG:Initial pos/angle: ([[ 0.428  0.023 -0.223]], [[-0.020 -3.141  0.000]])
DEBUG:Current pos/angle: ([[ 0.428  0.024 -0.223]], [[ 0.021  3.141  0.000]]
DEBUG:----------------------------------------------
DEBUG:----------------------------------------------
DEBUG:Position info about the robot:
DEBUG:Initial pos/angle: ([[ 0.428  0.023 -0.223]], [[-0.020 -3.141  0.000]])
DEBUG:Current pos/angle: ([[ 0.428  0.024 -0.223]], [[-0.020 -3.140  0.000]]
DEBUG:----------------------------------------------
DEBUG:----------------------------------------------
DEBUG:Position info about the robot:
DEBUG:Initial pos/angle: ([[ 0.428  0.023 -0.223]], [[-0.020 -3.141  0.000]])
DEBUG:Current pos/angle: ([[ 0.428  0.023 -0.223]], [[-0.020 -3.140  0.000]]
DEBUG:----------------------------------------------
DEBUG:----------------------------------------------
DEBUG:Position info about the robot:
DEBUG:Initial pos/angle: ([[ 0.428  0.023 -0.223]], [[-0.020 -3.141  0.000]])
DEBUG:Current pos/angle: ([[ 0.428  0.023 -0.223]], [[-0.020 -3.140  0.000]]
DEBUG:----------------------------------------------
DEBUG:----------------------------------------------
DEBUG:Position info about the robot:
DEBUG:Initial pos/angle: ([[ 0.428  0.023 -0.223]], [[-0.020 -3.141  0.000]])
DEBUG:Current pos/angle: ([[ 0.428  0.024 -0.223]], [[-0.020 -3.140  0.000]]
DEBUG:----------------------------------------------
DEBUG:----------------------------------------------
DEBUG:Position info about the robot:
DEBUG:Initial pos/angle: ([[ 0.428  0.023 -0.223]], [[-0.020 -3.141  0.000]])
DEBUG:Current pos/angle: ([[ 0.428  0.023 -0.223]], [[-0.020 -3.141  0.000]]
DEBUG:----------------------------------------------
DEBUG:----------------------------------------------
DEBUG:Position info about the robot:
DEBUG:Initial pos/angle: ([[ 0.428  0.023 -0.223]], [[-0.020 -3.141  0.000]])
DEBUG:Current pos/angle: ([[ 0.428  0.023 -0.223]], [[ 0.021  3.141  0.000]]
DEBUG:----------------------------------------------
DEBUG:----------------------------------------------
DEBUG:Position info about the robot:
DEBUG:Initial pos/angle: ([[ 0.428  0.023 -0.223]], [[-0.020 -3.141  0.000]])
DEBUG:Current pos/angle: ([[ 0.428  0.024 -0.223]], [[-0.020 -3.140  0.000]]
DEBUG:----------------------------------------------
DEBUG:----------------------------------------------
DEBUG:Position info about the robot:
DEBUG:Initial pos/angle: ([[ 0.428  0.023 -0.223]], [[-0.020 -3.141  0.000]])
DEBUG:Current pos/angle: ([[ 0.428  0.023 -0.223]], [[-0.020 -3.141  0.000]]
DEBUG:----------------------------------------------
DEBUG:----------------------------------------------
DEBUG:Position info about the robot:
DEBUG:Initial pos/angle: ([[ 0.428  0.023 -0.223]], [[-0.020 -3.141  0.000]])
DEBUG:Current pos/angle: ([[ 0.428  0.023 -0.223]], [[ 0.021  3.141  0.000]]
DEBUG:----------------------------------------------
DEBUG:----------------------------------------------
DEBUG:Position info about the robot:
DEBUG:Initial pos/angle: ([[ 0.428  0.023 -0.223]], [[-0.020 -3.141  0.000]])
DEBUG:Current pos/angle: ([[ 0.428  0.024 -0.223]], [[-0.020 -3.140  0.000]]
DEBUG:----------------------------------------------
DEBUG:----------------------------------------------
DEBUG:Position info about the robot:
DEBUG:Initial pos/angle: ([[ 0.428  0.023 -0.223]], [[-0.020 -3.141  0.000]])
DEBUG:Current pos/angle: ([[ 0.428  0.023 -0.223]], [[ 0.021  3.141  0.000]]
DEBUG:----------------------------------------------
DEBUG:----------------------------------------------
DEBUG:Position info about the robot:
DEBUG:Initial pos/angle: ([[ 0.428  0.023 -0.223]], [[-0.020 -3.141  0.000]])
DEBUG:Current pos/angle: ([[ 0.428  0.024 -0.223]], [[-0.020 -3.140  0.000]]
DEBUG:----------------------------------------------
DEBUG:----------------------------------------------
DEBUG:Position info about the robot:
DEBUG:Initial pos/angle: ([[ 0.428  0.023 -0.223]], [[-0.020 -3.141  0.000]])
DEBUG:Current pos/angle: ([[ 0.428  0.024 -0.223]], [[-0.020 -3.140  0.000]]
DEBUG:----------------------------------------------
DEBUG:----------------------------------------------
DEBUG:Position info about the robot:
DEBUG:Initial pos/angle: ([[ 0.428  0.023 -0.223]], [[-0.020 -3.141  0.000]])
DEBUG:Current pos/angle: ([[ 0.428  0.023 -0.223]], [[ 0.021  3.142  0.000]]
DEBUG:----------------------------------------------
DEBUG:----------------------------------------------
DEBUG:Position info about the robot:
DEBUG:Initial pos/angle: ([[ 0.428  0.023 -0.223]], [[-0.020 -3.141  0.000]])
DEBUG:Current pos/angle: ([[ 0.428  0.024 -0.223]], [[-0.020 -3.140  0.000]]
DEBUG:----------------------------------------------
DEBUG:----------------------------------------------
DEBUG:Position info about the robot:
DEBUG:Initial pos/angle: ([[ 0.428  0.023 -0.223]], [[-0.020 -3.141  0.000]])
DEBUG:Current pos/angle: ([[ 0.428  0.023 -0.223]], [[ 0.021  3.142  0.000]]
DEBUG:----------------------------------------------
DEBUG:----------------------------------------------
DEBUG:Position info about the robot:
DEBUG:Initial pos/angle: ([[ 0.428  0.023 -0.223]], [[-0.020 -3.141  0.000]])
DEBUG:Current pos/angle: ([[ 0.428  0.024 -0.223]], [[-0.020 -3.140  0.000]]
DEBUG:----------------------------------------------
DEBUG:----------------------------------------------
DEBUG:Position info about the robot:
DEBUG:Initial pos/angle: ([[ 0.428  0.023 -0.223]], [[-0.020 -3.141  0.000]])
DEBUG:Current pos/angle: ([[ 0.428  0.024 -0.223]], [[-0.020 -3.140  0.000]]
DEBUG:----------------------------------------------
DEBUG:----------------------------------------------
DEBUG:Position info about the robot:
DEBUG:Initial pos/angle: ([[ 0.428  0.023 -0.223]], [[-0.020 -3.141  0.000]])
DEBUG:Current pos/angle: ([[ 0.428  0.023 -0.223]], [[ 0.021  3.141  0.000]]
DEBUG:----------------------------------------------
DEBUG:----------------------------------------------
DEBUG:Position info about the robot:
DEBUG:Initial pos/angle: ([[ 0.428  0.023 -0.223]], [[-0.020 -3.141  0.000]])
DEBUG:Current pos/angle: ([[ 0.428  0.024 -0.223]], [[-0.020 -3.140  0.000]]
DEBUG:----------------------------------------------
DEBUG:----------------------------------------------
DEBUG:Position info about the robot:
DEBUG:Initial pos/angle: ([[ 0.428  0.023 -0.223]], [[-0.020 -3.141  0.000]])
DEBUG:Current pos/angle: ([[ 0.428  0.023 -0.223]], [[-0.020 -3.140  0.000]]
DEBUG:----------------------------------------------
DEBUG:----------------------------------------------
DEBUG:Position info about the robot:
DEBUG:Initial pos/angle: ([[ 0.428  0.023 -0.223]], [[-0.020 -3.141  0.000]])
DEBUG:Current pos/angle: ([[ 0.428  0.023 -0.223]], [[-0.020 -3.141  0.000]]
DEBUG:----------------------------------------------
DEBUG:----------------------------------------------
DEBUG:Position info about the robot:
DEBUG:Initial pos/angle: ([[ 0.428  0.023 -0.223]], [[-0.020 -3.141  0.000]])
DEBUG:Current pos/angle: ([[ 0.428  0.024 -0.223]], [[ 0.021  3.141  0.000]]
DEBUG:----------------------------------------------
DEBUG:----------------------------------------------
DEBUG:Position info about the robot:
DEBUG:Initial pos/angle: ([[ 0.428  0.023 -0.223]], [[-0.020 -3.141  0.000]])
DEBUG:Current pos/angle: ([[ 0.428  0.024 -0.223]], [[-0.020 -3.141  0.000]]
DEBUG:----------------------------------------------
DEBUG:----------------------------------------------
DEBUG:Position info about the robot:
DEBUG:Initial pos/angle: ([[ 0.428  0.023 -0.223]], [[-0.020 -3.141  0.000]])
DEBUG:Current pos/angle: ([[ 0.428  0.023 -0.223]], [[-0.020 -3.140  0.000]]
DEBUG:----------------------------------------------
DEBUG:----------------------------------------------
DEBUG:Position info about the robot:
DEBUG:Initial pos/angle: ([[ 0.428  0.023 -0.223]], [[-0.020 -3.141  0.000]])
DEBUG:Current pos/angle: ([[ 0.428  0.024 -0.223]], [[-0.020 -3.140  0.000]]
DEBUG:----------------------------------------------
DEBUG:----------------------------------------------
DEBUG:Position info about the robot:
DEBUG:Initial pos/angle: ([[ 0.428  0.023 -0.223]], [[-0.020 -3.141  0.000]])
DEBUG:Current pos/angle: ([[ 0.428  0.023 -0.223]], [[-0.020 -3.140  0.000]]
DEBUG:----------------------------------------------
DEBUG:----------------------------------------------
DEBUG:Position info about the robot:
DEBUG:Initial pos/angle: ([[ 0.428  0.023 -0.223]], [[-0.020 -3.141  0.000]])
DEBUG:Current pos/angle: ([[ 0.428  0.024 -0.223]], [[-0.020 -3.140  0.000]]
DEBUG:----------------------------------------------
DEBUG:----------------------------------------------
DEBUG:Position info about the robot:
DEBUG:Initial pos/angle: ([[ 0.428  0.023 -0.223]], [[-0.020 -3.141  0.000]])
DEBUG:Current pos/angle: ([[ 0.428  0.024 -0.223]], [[ 0.021  3.142  0.000]]
DEBUG:----------------------------------------------
DEBUG:----------------------------------------------
DEBUG:Position info about the robot:
DEBUG:Initial pos/angle: ([[ 0.428  0.023 -0.223]], [[-0.020 -3.141  0.000]])
DEBUG:Current pos/angle: ([[ 0.428  0.024 -0.223]], [[ 0.021  3.141  0.000]]
DEBUG:----------------------------------------------
DEBUG:----------------------------------------------
DEBUG:Position info about the robot:
DEBUG:Initial pos/angle: ([[ 0.428  0.023 -0.223]], [[-0.020 -3.141  0.000]])
DEBUG:Current pos/angle: ([[ 0.428  0.023 -0.223]], [[ 0.021  3.141  0.000]]
DEBUG:----------------------------------------------
DEBUG:----------------------------------------------
DEBUG:Position info about the robot:
DEBUG:Initial pos/angle: ([[ 0.428  0.023 -0.223]], [[-0.020 -3.141  0.000]])
DEBUG:Current pos/angle: ([[ 0.428  0.024 -0.223]], [[-0.020 -3.141  0.000]]
DEBUG:----------------------------------------------
DEBUG:----------------------------------------------
DEBUG:Position info about the robot:
DEBUG:Initial pos/angle: ([[ 0.428  0.023 -0.223]], [[-0.020 -3.141  0.000]])
DEBUG:Current pos/angle: ([[ 0.428  0.023 -0.223]], [[-0.020 -3.140  0.000]]
DEBUG:----------------------------------------------
DEBUG:----------------------------------------------
DEBUG:Position info about the robot:
DEBUG:Initial pos/angle: ([[ 0.428  0.023 -0.223]], [[-0.020 -3.141  0.000]])
DEBUG:Current pos/angle: ([[ 0.428  0.024 -0.223]], [[-0.020 -3.140  0.000]]
DEBUG:----------------------------------------------
DEBUG:----------------------------------------------
DEBUG:Position info about the robot:
DEBUG:Initial pos/angle: ([[ 0.428  0.023 -0.223]], [[-0.020 -3.141  0.000]])
DEBUG:Current pos/angle: ([[ 0.428  0.023 -0.223]], [[-0.020 -3.140  0.000]]
DEBUG:----------------------------------------------
DEBUG:----------------------------------------------
DEBUG:Position info about the robot:
DEBUG:Initial pos/angle: ([[ 0.428  0.023 -0.223]], [[-0.020 -3.141  0.000]])
DEBUG:Current pos/angle: ([[ 0.428  0.023 -0.223]], [[ 0.021  3.141  0.000]]
DEBUG:----------------------------------------------
DEBUG:----------------------------------------------
DEBUG:Position info about the robot:
DEBUG:Initial pos/angle: ([[ 0.428  0.023 -0.223]], [[-0.020 -3.141  0.000]])
DEBUG:Current pos/angle: ([[ 0.428  0.024 -0.223]], [[-0.020 -3.141  0.000]]
DEBUG:----------------------------------------------
DEBUG:----------------------------------------------
DEBUG:Position info about the robot:
DEBUG:Initial pos/angle: ([[ 0.428  0.023 -0.223]], [[-0.020 -3.141  0.000]])
DEBUG:Current pos/angle: ([[ 0.428  0.023 -0.223]], [[ 0.021  3.141  0.000]]
DEBUG:----------------------------------------------
DEBUG:----------------------------------------------
DEBUG:Position info about the robot:
DEBUG:Initial pos/angle: ([[ 0.428  0.023 -0.223]], [[-0.020 -3.141  0.000]])
DEBUG:Current pos/angle: ([[ 0.428  0.024 -0.223]], [[-0.020 -3.140  0.000]]
DEBUG:----------------------------------------------
DEBUG:----------------------------------------------
DEBUG:Position info about the robot:
DEBUG:Initial pos/angle: ([[ 0.428  0.023 -0.223]], [[-0.020 -3.141  0.000]])
DEBUG:Current pos/angle: ([[ 0.428  0.023 -0.223]], [[ 0.021  3.141  0.000]]
DEBUG:----------------------------------------------
DEBUG:----------------------------------------------
DEBUG:Position info about the robot:
DEBUG:Initial pos/angle: ([[ 0.428  0.023 -0.223]], [[-0.020 -3.141  0.000]])
DEBUG:Current pos/angle: ([[ 0.428  0.023 -0.223]], [[-0.020 -3.140  0.000]]
DEBUG:----------------------------------------------
DEBUG:----------------------------------------------
DEBUG:Position info about the robot:
DEBUG:Initial pos/angle: ([[ 0.428  0.023 -0.223]], [[-0.020 -3.141  0.000]])
DEBUG:Current pos/angle: ([[ 0.428  0.023 -0.223]], [[-0.020 -3.141  0.000]]
DEBUG:----------------------------------------------
DEBUG:----------------------------------------------
DEBUG:Position info about the robot:
DEBUG:Initial pos/angle: ([[ 0.428  0.023 -0.223]], [[-0.020 -3.141  0.000]])
DEBUG:Current pos/angle: ([[ 0.428  0.024 -0.223]], [[-0.020 -3.141  0.000]]
DEBUG:----------------------------------------------
DEBUG:----------------------------------------------
DEBUG:Position info about the robot:
DEBUG:Initial pos/angle: ([[ 0.428  0.023 -0.223]], [[-0.020 -3.141  0.000]])
DEBUG:Current pos/angle: ([[ 0.428  0.024 -0.223]], [[ 0.021  3.141  0.000]]
DEBUG:----------------------------------------------
DEBUG:----------------------------------------------
DEBUG:Position info about the robot:
DEBUG:Initial pos/angle: ([[ 0.428  0.023 -0.223]], [[-0.020 -3.141  0.000]])
DEBUG:Current pos/angle: ([[ 0.428  0.023 -0.223]], [[ 0.021  3.141  0.000]]
DEBUG:----------------------------------------------
DEBUG:----------------------------------------------
DEBUG:Position info about the robot:
DEBUG:Initial pos/angle: ([[ 0.428  0.023 -0.223]], [[-0.020 -3.141  0.000]])
DEBUG:Current pos/angle: ([[ 0.428  0.023 -0.223]], [[-0.020 -3.140  0.000]]
DEBUG:----------------------------------------------
DEBUG:----------------------------------------------
DEBUG:Position info about the robot:
DEBUG:Initial pos/angle: ([[ 0.428  0.023 -0.223]], [[-0.020 -3.141  0.000]])
DEBUG:Current pos/angle: ([[ 0.428  0.023 -0.223]], [[ 0.021  3.142  0.000]]
DEBUG:----------------------------------------------
DEBUG:----------------------------------------------
DEBUG:Position info about the robot:
DEBUG:Initial pos/angle: ([[ 0.428  0.023 -0.223]], [[-0.020 -3.141  0.000]])
DEBUG:Current pos/angle: ([[ 0.428  0.023 -0.223]], [[-0.020 -3.141  0.000]]
DEBUG:----------------------------------------------
DEBUG:----------------------------------------------
DEBUG:Position info about the robot:
DEBUG:Initial pos/angle: ([[ 0.428  0.023 -0.223]], [[-0.020 -3.141  0.000]])
DEBUG:Current pos/angle: ([[ 0.428  0.023 -0.223]], [[-0.020 -3.140  0.000]]
DEBUG:----------------------------------------------
DEBUG:----------------------------------------------
DEBUG:Position info about the robot:
DEBUG:Initial pos/angle: ([[ 0.428  0.023 -0.223]], [[-0.020 -3.141  0.000]])
DEBUG:Current pos/angle: ([[ 0.428  0.024 -0.223]], [[ 0.021  3.141  0.000]]
DEBUG:----------------------------------------------
DEBUG:----------------------------------------------
DEBUG:Position info about the robot:
DEBUG:Initial pos/angle: ([[ 0.428  0.023 -0.223]], [[-0.020 -3.141  0.000]])
DEBUG:Current pos/angle: ([[ 0.428  0.024 -0.223]], [[ 0.021  3.142  0.000]]
DEBUG:----------------------------------------------
DEBUG:----------------------------------------------
DEBUG:Position info about the robot:
DEBUG:Initial pos/angle: ([[ 0.428  0.023 -0.223]], [[-0.020 -3.141  0.000]])
DEBUG:Current pos/angle: ([[ 0.428  0.023 -0.223]], [[ 0.021  3.142  0.000]]
DEBUG:----------------------------------------------
DEBUG:----------------------------------------------
DEBUG:Position info about the robot:
DEBUG:Initial pos/angle: ([[ 0.428  0.023 -0.223]], [[-0.020 -3.141  0.000]])
DEBUG:Current pos/angle: ([[ 0.428  0.024 -0.223]], [[-0.020 -3.141  0.000]]
DEBUG:----------------------------------------------
DEBUG:----------------------------------------------
DEBUG:Position info about the robot:
DEBUG:Initial pos/angle: ([[ 0.428  0.023 -0.223]], [[-0.020 -3.141  0.000]])
DEBUG:Current pos/angle: ([[ 0.428  0.024 -0.223]], [[-0.020 -3.140  0.000]]
DEBUG:----------------------------------------------
DEBUG:----------------------------------------------
DEBUG:Position info about the robot:
DEBUG:Initial pos/angle: ([[ 0.428  0.023 -0.223]], [[-0.020 -3.141  0.000]])
DEBUG:Current pos/angle: ([[ 0.428  0.024 -0.223]], [[-0.020 -3.140  0.000]]
DEBUG:----------------------------------------------
DEBUG:----------------------------------------------
DEBUG:Position info about the robot:
DEBUG:Initial pos/angle: ([[ 0.428  0.023 -0.223]], [[-0.020 -3.141  0.000]])
DEBUG:Current pos/angle: ([[ 0.428  0.023 -0.223]], [[-0.020 -3.140  0.000]]
DEBUG:----------------------------------------------
DEBUG:----------------------------------------------
DEBUG:Position info about the robot:
DEBUG:Initial pos/angle: ([[ 0.428  0.023 -0.223]], [[-0.020 -3.141  0.000]])
DEBUG:Current pos/angle: ([[ 0.428  0.023 -0.223]], [[ 0.021  3.141  0.000]]
DEBUG:----------------------------------------------
DEBUG:----------------------------------------------
DEBUG:Position info about the robot:
DEBUG:Initial pos/angle: ([[ 0.428  0.023 -0.223]], [[-0.020 -3.141  0.000]])
DEBUG:Current pos/angle: ([[ 0.428  0.023 -0.223]], [[-0.020 -3.140  0.000]]
DEBUG:----------------------------------------------
DEBUG:----------------------------------------------
DEBUG:Position info about the robot:
DEBUG:Initial pos/angle: ([[ 0.428  0.023 -0.223]], [[-0.020 -3.141  0.000]])
DEBUG:Current pos/angle: ([[ 0.428  0.024 -0.223]], [[ 0.021  3.142  0.000]]
DEBUG:----------------------------------------------
DEBUG:----------------------------------------------
DEBUG:Position info about the robot:
DEBUG:Initial pos/angle: ([[ 0.428  0.023 -0.223]], [[-0.020 -3.141  0.000]])
DEBUG:Current pos/angle: ([[ 0.428  0.024 -0.223]], [[-0.020 -3.141  0.000]]
DEBUG:----------------------------------------------
DEBUG:----------------------------------------------
DEBUG:Position info about the robot:
DEBUG:Initial pos/angle: ([[ 0.428  0.023 -0.223]], [[-0.020 -3.141  0.000]])
DEBUG:Current pos/angle: ([[ 0.428  0.024 -0.223]], [[ 0.021  3.141  0.000]]
DEBUG:----------------------------------------------
DEBUG:----------------------------------------------
DEBUG:Position info about the robot:
DEBUG:Initial pos/angle: ([[ 0.428  0.023 -0.223]], [[-0.020 -3.141  0.000]])
DEBUG:Current pos/angle: ([[ 0.428  0.024 -0.223]], [[ 0.021  3.141  0.000]]
DEBUG:----------------------------------------------
DEBUG:----------------------------------------------
DEBUG:Position info about the robot:
DEBUG:Initial pos/angle: ([[ 0.428  0.023 -0.223]], [[-0.020 -3.141  0.000]])
DEBUG:Current pos/angle: ([[ 0.428  0.024 -0.223]], [[-0.020 -3.140  0.000]]
DEBUG:----------------------------------------------
DEBUG:----------------------------------------------
DEBUG:Position info about the robot:
DEBUG:Initial pos/angle: ([[ 0.428  0.023 -0.223]], [[-0.020 -3.141  0.000]])
DEBUG:Current pos/angle: ([[ 0.428  0.024 -0.223]], [[-0.020 -3.140  0.000]]
DEBUG:----------------------------------------------
DEBUG:----------------------------------------------
DEBUG:Position info about the robot:
DEBUG:Initial pos/angle: ([[ 0.428  0.023 -0.223]], [[-0.020 -3.141  0.000]])
DEBUG:Current pos/angle: ([[ 0.428  0.024 -0.223]], [[ 0.021  3.141  0.000]]
DEBUG:----------------------------------------------
DEBUG:----------------------------------------------
DEBUG:Position info about the robot:
DEBUG:Initial pos/angle: ([[ 0.428  0.023 -0.223]], [[-0.020 -3.141  0.000]])
DEBUG:Current pos/angle: ([[ 0.428  0.023 -0.223]], [[ 0.021  3.141  0.000]]
DEBUG:----------------------------------------------
DEBUG:----------------------------------------------
DEBUG:Position info about the robot:
DEBUG:Initial pos/angle: ([[ 0.428  0.023 -0.223]], [[-0.020 -3.141  0.000]])
DEBUG:Current pos/angle: ([[ 0.428  0.023 -0.223]], [[ 0.021  3.142  0.000]]
DEBUG:----------------------------------------------
DEBUG:----------------------------------------------
DEBUG:Position info about the robot:
DEBUG:Initial pos/angle: ([[ 0.428  0.023 -0.223]], [[-0.020 -3.141  0.000]])
DEBUG:Current pos/angle: ([[ 0.428  0.024 -0.223]], [[-0.020 -3.140  0.000]]
DEBUG:----------------------------------------------
DEBUG:----------------------------------------------
DEBUG:Position info about the robot:
DEBUG:Initial pos/angle: ([[ 0.428  0.023 -0.223]], [[-0.020 -3.141  0.000]])
DEBUG:Current pos/angle: ([[ 0.428  0.023 -0.223]], [[ 0.021  3.141  0.000]]
DEBUG:----------------------------------------------
DEBUG:----------------------------------------------
DEBUG:Position info about the robot:
DEBUG:Initial pos/angle: ([[ 0.428  0.023 -0.223]], [[-0.020 -3.141  0.000]])
DEBUG:Current pos/angle: ([[ 0.428  0.023 -0.223]], [[-0.020 -3.140  0.000]]
DEBUG:----------------------------------------------
DEBUG:----------------------------------------------
DEBUG:Position info about the robot:
DEBUG:Initial pos/angle: ([[ 0.428  0.023 -0.223]], [[-0.020 -3.141  0.000]])
DEBUG:Current pos/angle: ([[ 0.428  0.024 -0.223]], [[-0.020 -3.141  0.000]]
DEBUG:----------------------------------------------
DEBUG:----------------------------------------------
DEBUG:Position info about the robot:
DEBUG:Initial pos/angle: ([[ 0.428  0.023 -0.223]], [[-0.020 -3.141  0.000]])
DEBUG:Current pos/angle: ([[ 0.428  0.024 -0.223]], [[-0.020 -3.141  0.000]]
DEBUG:----------------------------------------------
DEBUG:----------------------------------------------
DEBUG:Position info about the robot:
DEBUG:Initial pos/angle: ([[ 0.428  0.023 -0.223]], [[-0.020 -3.141  0.000]])
DEBUG:Current pos/angle: ([[ 0.428  0.024 -0.223]], [[ 0.021  3.141  0.000]]
DEBUG:----------------------------------------------
DEBUG:----------------------------------------------
DEBUG:Position info about the robot:
DEBUG:Initial pos/angle: ([[ 0.428  0.023 -0.223]], [[-0.020 -3.141  0.000]])
DEBUG:Current pos/angle: ([[ 0.428  0.023 -0.223]], [[ 0.021  3.142  0.000]]
DEBUG:----------------------------------------------
DEBUG:----------------------------------------------
DEBUG:Position info about the robot:
DEBUG:Initial pos/angle: ([[ 0.428  0.023 -0.223]], [[-0.020 -3.141  0.000]])
DEBUG:Current pos/angle: ([[ 0.428  0.023 -0.223]], [[ 0.021  3.141  0.000]]
DEBUG:----------------------------------------------
DEBUG:----------------------------------------------
DEBUG:Position info about the robot:
DEBUG:Initial pos/angle: ([[ 0.428  0.023 -0.223]], [[-0.020 -3.141  0.000]])
DEBUG:Current pos/angle: ([[ 0.428  0.024 -0.223]], [[-0.020 -3.141  0.000]]
DEBUG:----------------------------------------------
DEBUG:----------------------------------------------
DEBUG:Position info about the robot:
DEBUG:Initial pos/angle: ([[ 0.428  0.023 -0.223]], [[-0.020 -3.141  0.000]])
DEBUG:Current pos/angle: ([[ 0.428  0.023 -0.223]], [[ 0.021  3.141  0.000]]
DEBUG:----------------------------------------------
DEBUG:----------------------------------------------
DEBUG:Position info about the robot:
DEBUG:Initial pos/angle: ([[ 0.428  0.023 -0.223]], [[-0.020 -3.141  0.000]])
DEBUG:Current pos/angle: ([[ 0.428  0.024 -0.223]], [[-0.020 -3.141  0.000]]
DEBUG:----------------------------------------------
DEBUG:----------------------------------------------
DEBUG:Position info about the robot:
DEBUG:Initial pos/angle: ([[ 0.428  0.023 -0.223]], [[-0.020 -3.141  0.000]])
DEBUG:Current pos/angle: ([[ 0.428  0.023 -0.223]], [[ 0.021  3.142  0.000]]
DEBUG:----------------------------------------------
DEBUG:----------------------------------------------
DEBUG:Position info about the robot:
DEBUG:Initial pos/angle: ([[ 0.428  0.023 -0.223]], [[-0.020 -3.141  0.000]])
DEBUG:Current pos/angle: ([[ 0.428  0.024 -0.223]], [[-0.020 -3.140  0.000]]
DEBUG:----------------------------------------------
DEBUG:----------------------------------------------
DEBUG:Position info about the robot:
DEBUG:Initial pos/angle: ([[ 0.428  0.023 -0.223]], [[-0.020 -3.141  0.000]])
DEBUG:Current pos/angle: ([[ 0.428  0.023 -0.223]], [[-0.020 -3.140  0.000]]
DEBUG:----------------------------------------------
DEBUG:----------------------------------------------
DEBUG:Position info about the robot:
DEBUG:Initial pos/angle: ([[ 0.428  0.023 -0.223]], [[-0.020 -3.141  0.000]])
DEBUG:Current pos/angle: ([[ 0.428  0.023 -0.223]], [[-0.020 -3.141  0.000]]
DEBUG:----------------------------------------------
DEBUG:----------------------------------------------
DEBUG:Position info about the robot:
DEBUG:Initial pos/angle: ([[ 0.428  0.023 -0.223]], [[-0.020 -3.141  0.000]])
DEBUG:Current pos/angle: ([[ 0.428  0.023 -0.223]], [[-0.020 -3.141  0.000]]
DEBUG:----------------------------------------------
DEBUG:----------------------------------------------
DEBUG:Position info about the robot:
DEBUG:Initial pos/angle: ([[ 0.428  0.023 -0.223]], [[-0.020 -3.141  0.000]])
DEBUG:Current pos/angle: ([[ 0.428  0.023 -0.223]], [[ 0.021  3.142  0.000]]
DEBUG:----------------------------------------------
DEBUG:----------------------------------------------
DEBUG:Position info about the robot:
DEBUG:Initial pos/angle: ([[ 0.428  0.023 -0.223]], [[-0.020 -3.141  0.000]])
DEBUG:Current pos/angle: ([[ 0.428  0.023 -0.223]], [[ 0.021  3.141  0.000]]
DEBUG:----------------------------------------------
DEBUG:----------------------------------------------
DEBUG:Position info about the robot:
DEBUG:Initial pos/angle: ([[ 0.428  0.023 -0.223]], [[-0.020 -3.141  0.000]])
DEBUG:Current pos/angle: ([[ 0.428  0.023 -0.223]], [[ 0.021  3.142  0.000]]
DEBUG:----------------------------------------------
DEBUG:----------------------------------------------
DEBUG:Position info about the robot:
DEBUG:Initial pos/angle: ([[ 0.428  0.023 -0.223]], [[-0.020 -3.141  0.000]])
DEBUG:Current pos/angle: ([[ 0.428  0.023 -0.223]], [[-0.020 -3.140  0.000]]
DEBUG:----------------------------------------------
DEBUG:----------------------------------------------
DEBUG:Position info about the robot:
DEBUG:Initial pos/angle: ([[ 0.428  0.023 -0.223]], [[-0.020 -3.141  0.000]])
DEBUG:Current pos/angle: ([[ 0.428  0.023 -0.223]], [[ 0.021  3.141  0.000]]
DEBUG:----------------------------------------------
DEBUG:----------------------------------------------
DEBUG:Position info about the robot:
DEBUG:Initial pos/angle: ([[ 0.428  0.023 -0.223]], [[-0.020 -3.141  0.000]])
DEBUG:Current pos/angle: ([[ 0.428  0.024 -0.223]], [[-0.020 -3.141  0.000]]
DEBUG:----------------------------------------------
DEBUG:----------------------------------------------
DEBUG:Position info about the robot:
DEBUG:Initial pos/angle: ([[ 0.428  0.023 -0.223]], [[-0.020 -3.141  0.000]])
DEBUG:Current pos/angle: ([[ 0.428  0.024 -0.223]], [[ 0.021  3.141  0.000]]
DEBUG:----------------------------------------------
DEBUG:----------------------------------------------
DEBUG:Position info about the robot:
DEBUG:Initial pos/angle: ([[ 0.428  0.023 -0.223]], [[-0.020 -3.141  0.000]])
DEBUG:Current pos/angle: ([[ 0.428  0.024 -0.223]], [[-0.020 -3.140  0.000]]
DEBUG:----------------------------------------------
DEBUG:----------------------------------------------
DEBUG:Position info about the robot:
DEBUG:Initial pos/angle: ([[ 0.428  0.023 -0.223]], [[-0.020 -3.141  0.000]])
DEBUG:Current pos/angle: ([[ 0.428  0.024 -0.223]], [[-0.020 -3.140  0.000]]
DEBUG:----------------------------------------------
DEBUG:----------------------------------------------
DEBUG:Position info about the robot:
DEBUG:Initial pos/angle: ([[ 0.428  0.023 -0.223]], [[-0.020 -3.141  0.000]])
DEBUG:Current pos/angle: ([[ 0.428  0.023 -0.223]], [[-0.020 -3.141  0.000]]
DEBUG:----------------------------------------------
DEBUG:----------------------------------------------
DEBUG:Position info about the robot:
DEBUG:Initial pos/angle: ([[ 0.428  0.023 -0.223]], [[-0.020 -3.141  0.000]])
DEBUG:Current pos/angle: ([[ 0.428  0.023 -0.223]], [[-0.020 -3.140  0.000]]
DEBUG:----------------------------------------------
DEBUG:----------------------------------------------
DEBUG:Position info about the robot:
DEBUG:Initial pos/angle: ([[ 0.428  0.023 -0.223]], [[-0.020 -3.141  0.000]])
DEBUG:Current pos/angle: ([[ 0.428  0.023 -0.223]], [[ 0.021  3.141  0.000]]
DEBUG:----------------------------------------------
DEBUG:----------------------------------------------
DEBUG:Position info about the robot:
DEBUG:Initial pos/angle: ([[ 0.428  0.023 -0.223]], [[-0.020 -3.141  0.000]])
DEBUG:Current pos/angle: ([[ 0.428  0.024 -0.223]], [[-0.020 -3.140  0.000]]
DEBUG:----------------------------------------------
DEBUG:----------------------------------------------
DEBUG:Position info about the robot:
DEBUG:Initial pos/angle: ([[ 0.428  0.023 -0.223]], [[-0.020 -3.141  0.000]])
DEBUG:Current pos/angle: ([[ 0.428  0.024 -0.223]], [[ 0.021  3.141  0.000]]
DEBUG:----------------------------------------------
DEBUG:----------------------------------------------
DEBUG:Position info about the robot:
DEBUG:Initial pos/angle: ([[ 0.428  0.023 -0.223]], [[-0.020 -3.141  0.000]])
DEBUG:Current pos/angle: ([[ 0.428  0.024 -0.223]], [[-0.020 -3.141  0.000]]
DEBUG:----------------------------------------------
DEBUG:----------------------------------------------
DEBUG:Position info about the robot:
DEBUG:Initial pos/angle: ([[ 0.428  0.023 -0.223]], [[-0.020 -3.141  0.000]])
DEBUG:Current pos/angle: ([[ 0.428  0.023 -0.223]], [[ 0.021  3.141  0.000]]
DEBUG:----------------------------------------------
DEBUG:----------------------------------------------
DEBUG:Position info about the robot:
DEBUG:Initial pos/angle: ([[ 0.428  0.023 -0.223]], [[-0.020 -3.141  0.000]])
DEBUG:Current pos/angle: ([[ 0.428  0.023 -0.223]], [[ 0.021  3.141  0.000]]
DEBUG:----------------------------------------------
DEBUG:----------------------------------------------
DEBUG:Position info about the robot:
DEBUG:Initial pos/angle: ([[ 0.428  0.023 -0.223]], [[-0.020 -3.141  0.000]])
DEBUG:Current pos/angle: ([[ 0.428  0.023 -0.223]], [[-0.020 -3.140  0.000]]
DEBUG:----------------------------------------------
DEBUG:----------------------------------------------
DEBUG:Position info about the robot:
DEBUG:Initial pos/angle: ([[ 0.428  0.023 -0.223]], [[-0.020 -3.141  0.000]])
DEBUG:Current pos/angle: ([[ 0.428  0.023 -0.223]], [[ 0.021  3.142  0.000]]
DEBUG:----------------------------------------------
DEBUG:----------------------------------------------
DEBUG:Position info about the robot:
DEBUG:Initial pos/angle: ([[ 0.428  0.023 -0.223]], [[-0.020 -3.141  0.000]])
DEBUG:Current pos/angle: ([[ 0.428  0.024 -0.223]], [[-0.020 -3.141  0.000]]
DEBUG:----------------------------------------------
DEBUG:----------------------------------------------
DEBUG:Position info about the robot:
DEBUG:Initial pos/angle: ([[ 0.428  0.023 -0.223]], [[-0.020 -3.141  0.000]])
DEBUG:Current pos/angle: ([[ 0.428  0.024 -0.223]], [[ 0.021  3.142  0.000]]
DEBUG:----------------------------------------------
DEBUG:----------------------------------------------
DEBUG:Position info about the robot:
DEBUG:Initial pos/angle: ([[ 0.428  0.023 -0.223]], [[-0.020 -3.141  0.000]])
DEBUG:Current pos/angle: ([[ 0.428  0.024 -0.223]], [[-0.020 -3.140  0.000]]
DEBUG:----------------------------------------------
DEBUG:----------------------------------------------
DEBUG:Position info about the robot:
DEBUG:Initial pos/angle: ([[ 0.428  0.023 -0.223]], [[-0.020 -3.141  0.000]])
DEBUG:Current pos/angle: ([[ 0.428  0.023 -0.223]], [[ 0.021  3.141  0.000]]
DEBUG:----------------------------------------------
DEBUG:----------------------------------------------
DEBUG:Position info about the robot:
DEBUG:Initial pos/angle: ([[ 0.428  0.023 -0.223]], [[-0.020 -3.141  0.000]])
DEBUG:Current pos/angle: ([[ 0.428  0.024 -0.223]], [[ 0.021  3.141  0.000]]
DEBUG:----------------------------------------------
DEBUG:----------------------------------------------
DEBUG:Position info about the robot:
DEBUG:Initial pos/angle: ([[ 0.428  0.023 -0.223]], [[-0.020 -3.141  0.000]])
DEBUG:Current pos/angle: ([[ 0.428  0.023 -0.223]], [[ 0.021  3.141  0.000]]
DEBUG:----------------------------------------------
DEBUG:----------------------------------------------
DEBUG:Position info about the robot:
DEBUG:Initial pos/angle: ([[ 0.428  0.023 -0.223]], [[-0.020 -3.141  0.000]])
DEBUG:Current pos/angle: ([[ 0.428  0.023 -0.223]], [[-0.020 -3.140  0.000]]
DEBUG:----------------------------------------------
DEBUG:----------------------------------------------
DEBUG:Position info about the robot:
DEBUG:Initial pos/angle: ([[ 0.428  0.023 -0.223]], [[-0.020 -3.141  0.000]])
DEBUG:Current pos/angle: ([[ 0.428  0.024 -0.223]], [[-0.020 -3.140  0.000]]
DEBUG:----------------------------------------------
DEBUG:----------------------------------------------
DEBUG:Position info about the robot:
DEBUG:Initial pos/angle: ([[ 0.428  0.023 -0.223]], [[-0.020 -3.141  0.000]])
DEBUG:Current pos/angle: ([[ 0.428  0.023 -0.223]], [[-0.020 -3.140  0.000]]
DEBUG:----------------------------------------------
DEBUG:----------------------------------------------
DEBUG:Position info about the robot:
DEBUG:Initial pos/angle: ([[ 0.428  0.023 -0.223]], [[-0.020 -3.141  0.000]])
DEBUG:Current pos/angle: ([[ 0.428  0.024 -0.223]], [[-0.020 -3.140  0.000]]
DEBUG:----------------------------------------------
DEBUG:----------------------------------------------
DEBUG:Position info about the robot:
DEBUG:Initial pos/angle: ([[ 0.428  0.023 -0.223]], [[-0.020 -3.141  0.000]])
DEBUG:Current pos/angle: ([[ 0.428  0.024 -0.223]], [[ 0.021  3.142  0.000]]
DEBUG:----------------------------------------------
DEBUG:----------------------------------------------
DEBUG:Position info about the robot:
DEBUG:Initial pos/angle: ([[ 0.428  0.023 -0.223]], [[-0.020 -3.141  0.000]])
DEBUG:Current pos/angle: ([[ 0.428  0.023 -0.223]], [[ 0.021  3.141  0.000]]
DEBUG:----------------------------------------------
DEBUG:----------------------------------------------
DEBUG:Position info about the robot:
DEBUG:Initial pos/angle: ([[ 0.428  0.023 -0.223]], [[-0.020 -3.141  0.000]])
DEBUG:Current pos/angle: ([[ 0.428  0.024 -0.223]], [[-0.020 -3.140  0.000]]
DEBUG:----------------------------------------------
DEBUG:----------------------------------------------
DEBUG:Position info about the robot:
DEBUG:Initial pos/angle: ([[ 0.428  0.023 -0.223]], [[-0.020 -3.141  0.000]])
DEBUG:Current pos/angle: ([[ 0.428  0.023 -0.223]], [[ 0.021  3.142  0.000]]
DEBUG:----------------------------------------------
DEBUG:----------------------------------------------
DEBUG:Position info about the robot:
DEBUG:Initial pos/angle: ([[ 0.428  0.023 -0.223]], [[-0.020 -3.141  0.000]])
DEBUG:Current pos/angle: ([[ 0.428  0.023 -0.223]], [[-0.020 -3.140  0.000]]
DEBUG:----------------------------------------------
DEBUG:----------------------------------------------
DEBUG:Position info about the robot:
DEBUG:Initial pos/angle: ([[ 0.428  0.023 -0.223]], [[-0.020 -3.141  0.000]])
DEBUG:Current pos/angle: ([[ 0.428  0.023 -0.223]], [[-0.020 -3.140  0.000]]
DEBUG:----------------------------------------------
DEBUG:----------------------------------------------
DEBUG:Position info about the robot:
DEBUG:Initial pos/angle: ([[ 0.428  0.023 -0.223]], [[-0.020 -3.141  0.000]])
DEBUG:Current pos/angle: ([[ 0.428  0.024 -0.223]], [[-0.020 -3.140  0.000]]
DEBUG:----------------------------------------------
DEBUG:----------------------------------------------
DEBUG:Position info about the robot:
DEBUG:Initial pos/angle: ([[ 0.428  0.023 -0.223]], [[-0.020 -3.141  0.000]])
DEBUG:Current pos/angle: ([[ 0.428  0.024 -0.223]], [[-0.020 -3.141  0.000]]
DEBUG:----------------------------------------------
DEBUG:----------------------------------------------
DEBUG:Position info about the robot:
DEBUG:Initial pos/angle: ([[ 0.428  0.023 -0.223]], [[-0.020 -3.141  0.000]])
DEBUG:Current pos/angle: ([[ 0.428  0.023 -0.223]], [[-0.020 -3.141  0.000]]
DEBUG:----------------------------------------------
DEBUG:----------------------------------------------
DEBUG:Position info about the robot:
DEBUG:Initial pos/angle: ([[ 0.428  0.023 -0.223]], [[-0.020 -3.141  0.000]])
DEBUG:Current pos/angle: ([[ 0.428  0.024 -0.223]], [[-0.020 -3.140  0.000]]
DEBUG:----------------------------------------------
DEBUG:----------------------------------------------
DEBUG:Position info about the robot:
DEBUG:Initial pos/angle: ([[ 0.428  0.023 -0.223]], [[-0.020 -3.141  0.000]])
DEBUG:Current pos/angle: ([[ 0.428  0.024 -0.223]], [[-0.020 -3.140  0.000]]
DEBUG:----------------------------------------------
DEBUG:----------------------------------------------
DEBUG:Position info about the robot:
DEBUG:Initial pos/angle: ([[ 0.428  0.023 -0.223]], [[-0.020 -3.141  0.000]])
DEBUG:Current pos/angle: ([[ 0.428  0.023 -0.223]], [[ 0.021  3.142  0.000]]
DEBUG:----------------------------------------------
DEBUG:----------------------------------------------
DEBUG:Position info about the robot:
DEBUG:Initial pos/angle: ([[ 0.428  0.023 -0.223]], [[-0.020 -3.141  0.000]])
DEBUG:Current pos/angle: ([[ 0.428  0.023 -0.223]], [[-0.020 -3.141  0.000]]
DEBUG:----------------------------------------------
DEBUG:----------------------------------------------
DEBUG:Position info about the robot:
DEBUG:Initial pos/angle: ([[ 0.428  0.023 -0.223]], [[-0.020 -3.141  0.000]])
DEBUG:Current pos/angle: ([[ 0.428  0.023 -0.223]], [[ 0.021  3.141  0.000]]
DEBUG:----------------------------------------------
DEBUG:----------------------------------------------
DEBUG:Position info about the robot:
DEBUG:Initial pos/angle: ([[ 0.428  0.023 -0.223]], [[-0.020 -3.141  0.000]])
DEBUG:Current pos/angle: ([[ 0.428  0.024 -0.223]], [[-0.020 -3.140  0.000]]
DEBUG:----------------------------------------------
DEBUG:----------------------------------------------
DEBUG:Position info about the robot:
DEBUG:Initial pos/angle: ([[ 0.428  0.023 -0.223]], [[-0.020 -3.141  0.000]])
DEBUG:Current pos/angle: ([[ 0.428  0.024 -0.223]], [[-0.020 -3.140  0.000]]
DEBUG:----------------------------------------------
DEBUG:----------------------------------------------
DEBUG:Position info about the robot:
DEBUG:Initial pos/angle: ([[ 0.428  0.023 -0.223]], [[-0.020 -3.141  0.000]])
DEBUG:Current pos/angle: ([[ 0.428  0.024 -0.223]], [[-0.020 -3.140  0.000]]
DEBUG:----------------------------------------------
DEBUG:----------------------------------------------
DEBUG:Position info about the robot:
DEBUG:Initial pos/angle: ([[ 0.428  0.023 -0.223]], [[-0.020 -3.141  0.000]])
DEBUG:Current pos/angle: ([[ 0.428  0.024 -0.223]], [[-0.020 -3.140  0.000]]
DEBUG:----------------------------------------------
DEBUG:triggering movel to ((0.0, 0.0, -12.5), (-10.0, -9.0, 0.0))
DEBUG:----------------------------------------------
DEBUG:Position info about the robot:
DEBUG:Initial pos/angle: ([[ 0.428  0.023 -0.223]], [[-0.020 -3.141  0.000]])
DEBUG:Current pos/angle: ([[ 0.428  0.024 -0.223]], [[-0.020 -3.140  0.000]]
DEBUG:----------------------------------------------
DEBUG:Still in transit to ((0.0, 0.0, -12.5), (-10.0, -9.0, 0.0))
DEBUG:----------------------------------------------
DEBUG:Position info about the robot:
DEBUG:Initial pos/angle: ([[ 0.428  0.023 -0.223]], [[-0.020 -3.141  0.000]])
DEBUG:Current pos/angle: ([[ 0.428  0.024 -0.223]], [[-0.020 -3.140  0.000]]
DEBUG:----------------------------------------------
DEBUG:Still in transit to ((0.0, 0.0, -12.5), (-10.0, -9.0, 0.0))
DEBUG:----------------------------------------------
DEBUG:Position info about the robot:
DEBUG:Initial pos/angle: ([[ 0.428  0.023 -0.223]], [[-0.020 -3.141  0.000]])
DEBUG:Current pos/angle: ([[ 0.428  0.023 -0.223]], [[-0.020 -3.140  0.000]]
DEBUG:----------------------------------------------
DEBUG:Still in transit to ((0.0, 0.0, -12.5), (-10.0, -9.0, 0.0))
DEBUG:----------------------------------------------
DEBUG:Position info about the robot:
DEBUG:Initial pos/angle: ([[ 0.428  0.023 -0.223]], [[-0.020 -3.141  0.000]])
DEBUG:Current pos/angle: ([[ 0.428  0.023 -0.223]], [[-0.020 -3.141  0.000]]
DEBUG:----------------------------------------------
DEBUG:Still in transit to ((0.0, 0.0, -12.5), (-10.0, -9.0, 0.0))
DEBUG:----------------------------------------------
DEBUG:Position info about the robot:
DEBUG:Initial pos/angle: ([[ 0.428  0.023 -0.223]], [[-0.020 -3.141  0.000]])
DEBUG:Current pos/angle: ([[ 0.428  0.023 -0.223]], [[ 0.021  3.140  0.002]]
DEBUG:----------------------------------------------
DEBUG:Still in transit to ((0.0, 0.0, -12.5), (-10.0, -9.0, 0.0))
DEBUG:----------------------------------------------
DEBUG:Position info about the robot:
DEBUG:Initial pos/angle: ([[ 0.428  0.023 -0.223]], [[-0.020 -3.141  0.000]])
DEBUG:Current pos/angle: ([[ 0.428  0.024 -0.222]], [[ 0.021  3.127  0.024]]
DEBUG:----------------------------------------------
DEBUG:Still in transit to ((0.0, 0.0, -12.5), (-10.0, -9.0, 0.0))
DEBUG:----------------------------------------------
DEBUG:Position info about the robot:
DEBUG:Initial pos/angle: ([[ 0.428  0.023 -0.223]], [[-0.020 -3.141  0.000]])
DEBUG:Current pos/angle: ([[ 0.428  0.023 -0.220]], [[ 0.021  3.099  0.071]]
DEBUG:----------------------------------------------
DEBUG:Still in transit to ((0.0, 0.0, -12.5), (-10.0, -9.0, 0.0))
DEBUG:----------------------------------------------
DEBUG:Position info about the robot:
DEBUG:Initial pos/angle: ([[ 0.428  0.023 -0.223]], [[-0.020 -3.141  0.000]])
DEBUG:Current pos/angle: ([[ 0.428  0.023 -0.217]], [[ 0.021  3.062  0.130]]
DEBUG:----------------------------------------------
DEBUG:Still in transit to ((0.0, 0.0, -12.5), (-10.0, -9.0, 0.0))
DEBUG:----------------------------------------------
DEBUG:Position info about the robot:
DEBUG:Initial pos/angle: ([[ 0.428  0.023 -0.223]], [[-0.020 -3.141  0.000]])
DEBUG:Current pos/angle: ([[ 0.428  0.024 -0.214]], [[ 0.020  3.022  0.190]]
DEBUG:----------------------------------------------
DEBUG:Still in transit to ((0.0, 0.0, -12.5), (-10.0, -9.0, 0.0))
DEBUG:----------------------------------------------
DEBUG:Position info about the robot:
DEBUG:Initial pos/angle: ([[ 0.428  0.023 -0.223]], [[-0.020 -3.141  0.000]])
DEBUG:Current pos/angle: ([[ 0.428  0.023 -0.212]], [[ 0.020  2.990  0.234]]
DEBUG:----------------------------------------------
DEBUG:Still in transit to ((0.0, 0.0, -12.5), (-10.0, -9.0, 0.0))
DEBUG:----------------------------------------------
DEBUG:Position info about the robot:
DEBUG:Initial pos/angle: ([[ 0.428  0.023 -0.223]], [[-0.020 -3.141  0.000]])
DEBUG:Current pos/angle: ([[ 0.428  0.024 -0.211]], [[ 0.020  2.974  0.257]]
DEBUG:----------------------------------------------
DEBUG:triggering movel to ((0.0, 0.0, -12.5), (-10.0, -8.0, 0.0))
DEBUG:----------------------------------------------
DEBUG:Position info about the robot:
DEBUG:Initial pos/angle: ([[ 0.428  0.023 -0.223]], [[-0.020 -3.141  0.000]])
DEBUG:Current pos/angle: ([[ 0.428  0.024 -0.211]], [[ 0.020  2.972  0.259]]
DEBUG:----------------------------------------------
DEBUG:Still in transit to ((0.0, 0.0, -12.5), (-10.0, -8.0, 0.0))
DEBUG:----------------------------------------------
DEBUG:Position info about the robot:
DEBUG:Initial pos/angle: ([[ 0.428  0.023 -0.223]], [[-0.020 -3.141  0.000]])
DEBUG:Current pos/angle: ([[ 0.428  0.024 -0.211]], [[ 0.020  2.972  0.259]]
DEBUG:----------------------------------------------
DEBUG:Still in transit to ((0.0, 0.0, -12.5), (-10.0, -8.0, 0.0))
DEBUG:----------------------------------------------
DEBUG:Position info about the robot:
DEBUG:Initial pos/angle: ([[ 0.428  0.023 -0.223]], [[-0.020 -3.141  0.000]])
DEBUG:Current pos/angle: ([[ 0.428  0.023 -0.211]], [[ 0.020  2.972  0.259]]
DEBUG:----------------------------------------------
DEBUG:Still in transit to ((0.0, 0.0, -12.5), (-10.0, -8.0, 0.0))
DEBUG:----------------------------------------------
DEBUG:Position info about the robot:
DEBUG:Initial pos/angle: ([[ 0.428  0.023 -0.223]], [[-0.020 -3.141  0.000]])
DEBUG:Current pos/angle: ([[ 0.428  0.024 -0.211]], [[ 0.020  2.972  0.259]]
DEBUG:----------------------------------------------
DEBUG:Still in transit to ((0.0, 0.0, -12.5), (-10.0, -8.0, 0.0))
DEBUG:----------------------------------------------
DEBUG:Position info about the robot:
DEBUG:Initial pos/angle: ([[ 0.428  0.023 -0.223]], [[-0.020 -3.141  0.000]])
DEBUG:Current pos/angle: ([[ 0.428  0.024 -0.211]], [[ 0.020  2.972  0.259]]
DEBUG:----------------------------------------------
DEBUG:Still in transit to ((0.0, 0.0, -12.5), (-10.0, -8.0, 0.0))
DEBUG:----------------------------------------------
DEBUG:Position info about the robot:
DEBUG:Initial pos/angle: ([[ 0.428  0.023 -0.223]], [[-0.020 -3.141  0.000]])
DEBUG:Current pos/angle: ([[ 0.428  0.024 -0.211]], [[ 0.020  2.972  0.259]]
DEBUG:----------------------------------------------
DEBUG:Still in transit to ((0.0, 0.0, -12.5), (-10.0, -8.0, 0.0))
DEBUG:----------------------------------------------
DEBUG:Position info about the robot:
DEBUG:Initial pos/angle: ([[ 0.428  0.023 -0.223]], [[-0.020 -3.141  0.000]])
DEBUG:Current pos/angle: ([[ 0.428  0.024 -0.211]], [[ 0.020  2.972  0.259]]
DEBUG:----------------------------------------------
DEBUG:Still in transit to ((0.0, 0.0, -12.5), (-10.0, -8.0, 0.0))
DEBUG:----------------------------------------------
DEBUG:Position info about the robot:
DEBUG:Initial pos/angle: ([[ 0.428  0.023 -0.223]], [[-0.020 -3.141  0.000]])
DEBUG:Current pos/angle: ([[ 0.428  0.024 -0.211]], [[ 0.020  2.972  0.259]]
DEBUG:----------------------------------------------
DEBUG:Still in transit to ((0.0, 0.0, -12.5), (-10.0, -8.0, 0.0))
DEBUG:----------------------------------------------
DEBUG:Position info about the robot:
DEBUG:Initial pos/angle: ([[ 0.428  0.023 -0.223]], [[-0.020 -3.141  0.000]])
DEBUG:Current pos/angle: ([[ 0.428  0.024 -0.211]], [[ 0.020  2.972  0.259]]
DEBUG:----------------------------------------------
DEBUG:Still in transit to ((0.0, 0.0, -12.5), (-10.0, -8.0, 0.0))
DEBUG:----------------------------------------------
DEBUG:Position info about the robot:
DEBUG:Initial pos/angle: ([[ 0.428  0.023 -0.223]], [[-0.020 -3.141  0.000]])
DEBUG:Current pos/angle: ([[ 0.428  0.024 -0.211]], [[ 0.020  2.972  0.259]]
DEBUG:----------------------------------------------
DEBUG:Still in transit to ((0.0, 0.0, -12.5), (-10.0, -8.0, 0.0))
DEBUG:----------------------------------------------
DEBUG:Position info about the robot:
DEBUG:Initial pos/angle: ([[ 0.428  0.023 -0.223]], [[-0.020 -3.141  0.000]])
DEBUG:Current pos/angle: ([[ 0.428  0.024 -0.211]], [[ 0.020  2.972  0.259]]
DEBUG:----------------------------------------------
DEBUG:Still in transit to ((0.0, 0.0, -12.5), (-10.0, -8.0, 0.0))
DEBUG:----------------------------------------------
DEBUG:Position info about the robot:
DEBUG:Initial pos/angle: ([[ 0.428  0.023 -0.223]], [[-0.020 -3.141  0.000]])
DEBUG:Current pos/angle: ([[ 0.428  0.024 -0.211]], [[ 0.020  2.972  0.259]]
DEBUG:----------------------------------------------
DEBUG:Still in transit to ((0.0, 0.0, -12.5), (-10.0, -8.0, 0.0))
DEBUG:----------------------------------------------
DEBUG:Position info about the robot:
DEBUG:Initial pos/angle: ([[ 0.428  0.023 -0.223]], [[-0.020 -3.141  0.000]])
DEBUG:Current pos/angle: ([[ 0.428  0.024 -0.211]], [[ 0.020  2.972  0.259]]
DEBUG:----------------------------------------------
DEBUG:Still in transit to ((0.0, 0.0, -12.5), (-10.0, -8.0, 0.0))
DEBUG:----------------------------------------------
DEBUG:Position info about the robot:
DEBUG:Initial pos/angle: ([[ 0.428  0.023 -0.223]], [[-0.020 -3.141  0.000]])
DEBUG:Current pos/angle: ([[ 0.428  0.024 -0.211]], [[ 0.020  2.972  0.259]]
DEBUG:----------------------------------------------
DEBUG:Still in transit to ((0.0, 0.0, -12.5), (-10.0, -8.0, 0.0))
DEBUG:----------------------------------------------
DEBUG:Position info about the robot:
DEBUG:Initial pos/angle: ([[ 0.428  0.023 -0.223]], [[-0.020 -3.141  0.000]])
DEBUG:Current pos/angle: ([[ 0.428  0.024 -0.211]], [[ 0.020  2.972  0.259]]
DEBUG:----------------------------------------------
DEBUG:Still in transit to ((0.0, 0.0, -12.5), (-10.0, -8.0, 0.0))
DEBUG:----------------------------------------------
DEBUG:Position info about the robot:
DEBUG:Initial pos/angle: ([[ 0.428  0.023 -0.223]], [[-0.020 -3.141  0.000]])
DEBUG:Current pos/angle: ([[ 0.428  0.024 -0.211]], [[ 0.020  2.972  0.259]]
DEBUG:----------------------------------------------
DEBUG:Still in transit to ((0.0, 0.0, -12.5), (-10.0, -8.0, 0.0))
DEBUG:----------------------------------------------
DEBUG:Position info about the robot:
DEBUG:Initial pos/angle: ([[ 0.428  0.023 -0.223]], [[-0.020 -3.141  0.000]])
DEBUG:Current pos/angle: ([[ 0.428  0.024 -0.211]], [[ 0.020  2.972  0.259]]
DEBUG:----------------------------------------------
DEBUG:Still in transit to ((0.0, 0.0, -12.5), (-10.0, -8.0, 0.0))
DEBUG:----------------------------------------------
DEBUG:Position info about the robot:
DEBUG:Initial pos/angle: ([[ 0.428  0.023 -0.223]], [[-0.020 -3.141  0.000]])
DEBUG:Current pos/angle: ([[ 0.428  0.024 -0.211]], [[ 0.020  2.972  0.259]]
DEBUG:----------------------------------------------
