DEBUG:Debug log for the robot starting on 2022-06-30_19-49-34
DEBUG:----------------------------------------------
DEBUG:Position info about the robot:
DEBUG:Initial pos/angle: ([[ 0.402  0.061 -0.219]], [[-0.281  3.129  0.000]])
DEBUG:Current pos/angle: ([[ 0.402  0.061 -0.219]], [[-0.281  3.129  0.000]]
DEBUG:----------------------------------------------
DEBUG:----------------------------------------------
DEBUG:Position info about the robot:
DEBUG:Initial pos/angle: ([[ 0.402  0.061 -0.219]], [[-0.281  3.129  0.000]])
DEBUG:Current pos/angle: ([[ 0.402  0.061 -0.219]], [[ 0.282 -3.128  0.000]]
DEBUG:----------------------------------------------
DEBUG:----------------------------------------------
DEBUG:Position info about the robot:
DEBUG:Initial pos/angle: ([[ 0.402  0.061 -0.219]], [[-0.281  3.129  0.000]])
DEBUG:Current pos/angle: ([[ 0.402  0.061 -0.219]], [[-0.281  3.129  0.000]]
DEBUG:----------------------------------------------
DEBUG:----------------------------------------------
DEBUG:Position info about the robot:
DEBUG:Initial pos/angle: ([[ 0.402  0.061 -0.219]], [[-0.281  3.129  0.000]])
DEBUG:Current pos/angle: ([[ 0.402  0.061 -0.219]], [[ 0.282 -3.128  0.000]]
DEBUG:----------------------------------------------
DEBUG:----------------------------------------------
DEBUG:Position info about the robot:
DEBUG:Initial pos/angle: ([[ 0.402  0.061 -0.219]], [[-0.281  3.129  0.000]])
DEBUG:Current pos/angle: ([[ 0.402  0.061 -0.219]], [[ 0.282 -3.128  0.000]]
DEBUG:----------------------------------------------
DEBUG:----------------------------------------------
DEBUG:Position info about the robot:
DEBUG:Initial pos/angle: ([[ 0.402  0.061 -0.219]], [[-0.281  3.129  0.000]])
DEBUG:Current pos/angle: ([[ 0.402  0.061 -0.219]], [[ 0.282 -3.128  0.000]]
DEBUG:----------------------------------------------
DEBUG:----------------------------------------------
DEBUG:Position info about the robot:
DEBUG:Initial pos/angle: ([[ 0.402  0.061 -0.219]], [[-0.281  3.129  0.000]])
DEBUG:Current pos/angle: ([[ 0.402  0.061 -0.219]], [[-0.281  3.129  0.000]]
DEBUG:----------------------------------------------
DEBUG:----------------------------------------------
DEBUG:Position info about the robot:
DEBUG:Initial pos/angle: ([[ 0.402  0.061 -0.219]], [[-0.281  3.129  0.000]])
DEBUG:Current pos/angle: ([[ 0.402  0.061 -0.219]], [[ 0.282 -3.128  0.000]]
DEBUG:----------------------------------------------
DEBUG:----------------------------------------------
DEBUG:Position info about the robot:
DEBUG:Initial pos/angle: ([[ 0.402  0.061 -0.219]], [[-0.281  3.129  0.000]])
DEBUG:Current pos/angle: ([[ 0.402  0.061 -0.219]], [[ 0.282 -3.128  0.000]]
DEBUG:----------------------------------------------
DEBUG:----------------------------------------------
DEBUG:Position info about the robot:
DEBUG:Initial pos/angle: ([[ 0.402  0.061 -0.219]], [[-0.281  3.129  0.000]])
DEBUG:Current pos/angle: ([[ 0.402  0.061 -0.219]], [[ 0.282 -3.128  0.000]]
DEBUG:----------------------------------------------
DEBUG:----------------------------------------------
DEBUG:Position info about the robot:
DEBUG:Initial pos/angle: ([[ 0.402  0.061 -0.219]], [[-0.281  3.129  0.000]])
DEBUG:Current pos/angle: ([[ 0.402  0.061 -0.219]], [[-0.281  3.129  0.000]]
DEBUG:----------------------------------------------
DEBUG:----------------------------------------------
DEBUG:Position info about the robot:
DEBUG:Initial pos/angle: ([[ 0.402  0.061 -0.219]], [[-0.281  3.129  0.000]])
DEBUG:Current pos/angle: ([[ 0.402  0.061 -0.219]], [[ 0.282 -3.128  0.000]]
DEBUG:----------------------------------------------
DEBUG:----------------------------------------------
DEBUG:Position info about the robot:
DEBUG:Initial pos/angle: ([[ 0.402  0.061 -0.219]], [[-0.281  3.129  0.000]])
DEBUG:Current pos/angle: ([[ 0.402  0.061 -0.219]], [[ 0.282 -3.128  0.000]]
DEBUG:----------------------------------------------
DEBUG:----------------------------------------------
DEBUG:Position info about the robot:
DEBUG:Initial pos/angle: ([[ 0.402  0.061 -0.219]], [[-0.281  3.129  0.000]])
DEBUG:Current pos/angle: ([[ 0.402  0.061 -0.219]], [[ 0.282 -3.128  0.000]]
DEBUG:----------------------------------------------
DEBUG:----------------------------------------------
DEBUG:Position info about the robot:
DEBUG:Initial pos/angle: ([[ 0.402  0.061 -0.219]], [[-0.281  3.129  0.000]])
DEBUG:Current pos/angle: ([[ 0.402  0.061 -0.219]], [[ 0.282 -3.128  0.000]]
DEBUG:----------------------------------------------
DEBUG:----------------------------------------------
DEBUG:Position info about the robot:
DEBUG:Initial pos/angle: ([[ 0.402  0.061 -0.219]], [[-0.281  3.129  0.000]])
DEBUG:Current pos/angle: ([[ 0.402  0.061 -0.219]], [[-0.281  3.129  0.000]]
DEBUG:----------------------------------------------
DEBUG:----------------------------------------------
DEBUG:Position info about the robot:
DEBUG:Initial pos/angle: ([[ 0.402  0.061 -0.219]], [[-0.281  3.129  0.000]])
DEBUG:Current pos/angle: ([[ 0.402  0.061 -0.219]], [[-0.281  3.129  0.000]]
DEBUG:----------------------------------------------
DEBUG:----------------------------------------------
DEBUG:Position info about the robot:
DEBUG:Initial pos/angle: ([[ 0.402  0.061 -0.219]], [[-0.281  3.129  0.000]])
DEBUG:Current pos/angle: ([[ 0.402  0.061 -0.219]], [[-0.281  3.129  0.000]]
DEBUG:----------------------------------------------
DEBUG:----------------------------------------------
DEBUG:Position info about the robot:
DEBUG:Initial pos/angle: ([[ 0.402  0.061 -0.219]], [[-0.281  3.129  0.000]])
DEBUG:Current pos/angle: ([[ 0.402  0.061 -0.219]], [[-0.281  3.129  0.000]]
DEBUG:----------------------------------------------
DEBUG:----------------------------------------------
DEBUG:Position info about the robot:
DEBUG:Initial pos/angle: ([[ 0.402  0.061 -0.219]], [[-0.281  3.129  0.000]])
DEBUG:Current pos/angle: ([[ 0.402  0.061 -0.219]], [[ 0.282 -3.128  0.000]]
DEBUG:----------------------------------------------
DEBUG:----------------------------------------------
DEBUG:Position info about the robot:
DEBUG:Initial pos/angle: ([[ 0.402  0.061 -0.219]], [[-0.281  3.129  0.000]])
DEBUG:Current pos/angle: ([[ 0.402  0.061 -0.219]], [[-0.281  3.129  0.000]]
DEBUG:----------------------------------------------
DEBUG:----------------------------------------------
DEBUG:Position info about the robot:
DEBUG:Initial pos/angle: ([[ 0.402  0.061 -0.219]], [[-0.281  3.129  0.000]])
DEBUG:Current pos/angle: ([[ 0.402  0.061 -0.219]], [[ 0.282 -3.128  0.000]]
DEBUG:----------------------------------------------
DEBUG:----------------------------------------------
DEBUG:Position info about the robot:
DEBUG:Initial pos/angle: ([[ 0.402  0.061 -0.219]], [[-0.281  3.129  0.000]])
DEBUG:Current pos/angle: ([[ 0.402  0.061 -0.219]], [[-0.281  3.129  0.000]]
DEBUG:----------------------------------------------
DEBUG:----------------------------------------------
DEBUG:Position info about the robot:
DEBUG:Initial pos/angle: ([[ 0.402  0.061 -0.219]], [[-0.281  3.129  0.000]])
DEBUG:Current pos/angle: ([[ 0.402  0.061 -0.219]], [[-0.281  3.129  0.000]]
DEBUG:----------------------------------------------
DEBUG:----------------------------------------------
DEBUG:Position info about the robot:
DEBUG:Initial pos/angle: ([[ 0.402  0.061 -0.219]], [[-0.281  3.129  0.000]])
DEBUG:Current pos/angle: ([[ 0.402  0.061 -0.219]], [[-0.281  3.129  0.000]]
DEBUG:----------------------------------------------
DEBUG:----------------------------------------------
DEBUG:Position info about the robot:
DEBUG:Initial pos/angle: ([[ 0.402  0.061 -0.219]], [[-0.281  3.129  0.000]])
DEBUG:Current pos/angle: ([[ 0.402  0.061 -0.219]], [[ 0.282 -3.128  0.000]]
DEBUG:----------------------------------------------
DEBUG:----------------------------------------------
DEBUG:Position info about the robot:
DEBUG:Initial pos/angle: ([[ 0.402  0.061 -0.219]], [[-0.281  3.129  0.000]])
DEBUG:Current pos/angle: ([[ 0.402  0.061 -0.219]], [[ 0.282 -3.128  0.000]]
DEBUG:----------------------------------------------
DEBUG:----------------------------------------------
DEBUG:Position info about the robot:
DEBUG:Initial pos/angle: ([[ 0.402  0.061 -0.219]], [[-0.281  3.129  0.000]])
DEBUG:Current pos/angle: ([[ 0.402  0.061 -0.219]], [[-0.281  3.129  0.000]]
DEBUG:----------------------------------------------
DEBUG:----------------------------------------------
DEBUG:Position info about the robot:
DEBUG:Initial pos/angle: ([[ 0.402  0.061 -0.219]], [[-0.281  3.129  0.000]])
DEBUG:Current pos/angle: ([[ 0.402  0.061 -0.219]], [[ 0.282 -3.128  0.000]]
DEBUG:----------------------------------------------
DEBUG:----------------------------------------------
DEBUG:Position info about the robot:
DEBUG:Initial pos/angle: ([[ 0.402  0.061 -0.219]], [[-0.281  3.129  0.000]])
DEBUG:Current pos/angle: ([[ 0.402  0.061 -0.219]], [[-0.281  3.129  0.000]]
DEBUG:----------------------------------------------
DEBUG:----------------------------------------------
DEBUG:Position info about the robot:
DEBUG:Initial pos/angle: ([[ 0.402  0.061 -0.219]], [[-0.281  3.129  0.000]])
DEBUG:Current pos/angle: ([[ 0.402  0.061 -0.219]], [[-0.281  3.129  0.000]]
DEBUG:----------------------------------------------
DEBUG:----------------------------------------------
DEBUG:Position info about the robot:
DEBUG:Initial pos/angle: ([[ 0.402  0.061 -0.219]], [[-0.281  3.129  0.000]])
DEBUG:Current pos/angle: ([[ 0.402  0.061 -0.219]], [[-0.281  3.129  0.000]]
DEBUG:----------------------------------------------
DEBUG:----------------------------------------------
DEBUG:Position info about the robot:
DEBUG:Initial pos/angle: ([[ 0.402  0.061 -0.219]], [[-0.281  3.129  0.000]])
DEBUG:Current pos/angle: ([[ 0.402  0.061 -0.219]], [[ 0.282 -3.128  0.000]]
DEBUG:----------------------------------------------
DEBUG:----------------------------------------------
DEBUG:Position info about the robot:
DEBUG:Initial pos/angle: ([[ 0.402  0.061 -0.219]], [[-0.281  3.129  0.000]])
DEBUG:Current pos/angle: ([[ 0.402  0.061 -0.219]], [[ 0.282 -3.128  0.000]]
DEBUG:----------------------------------------------
DEBUG:----------------------------------------------
DEBUG:Position info about the robot:
DEBUG:Initial pos/angle: ([[ 0.402  0.061 -0.219]], [[-0.281  3.129  0.000]])
DEBUG:Current pos/angle: ([[ 0.402  0.061 -0.219]], [[-0.281  3.129  0.000]]
DEBUG:----------------------------------------------
DEBUG:----------------------------------------------
DEBUG:Position info about the robot:
DEBUG:Initial pos/angle: ([[ 0.402  0.061 -0.219]], [[-0.281  3.129  0.000]])
DEBUG:Current pos/angle: ([[ 0.402  0.061 -0.219]], [[-0.281  3.129  0.000]]
DEBUG:----------------------------------------------
DEBUG:----------------------------------------------
DEBUG:Position info about the robot:
DEBUG:Initial pos/angle: ([[ 0.402  0.061 -0.219]], [[-0.281  3.129  0.000]])
DEBUG:Current pos/angle: ([[ 0.402  0.061 -0.219]], [[-0.281  3.129  0.000]]
DEBUG:----------------------------------------------
DEBUG:----------------------------------------------
DEBUG:Position info about the robot:
DEBUG:Initial pos/angle: ([[ 0.402  0.061 -0.219]], [[-0.281  3.129  0.000]])
DEBUG:Current pos/angle: ([[ 0.402  0.061 -0.219]], [[-0.281  3.129  0.000]]
DEBUG:----------------------------------------------
DEBUG:----------------------------------------------
DEBUG:Position info about the robot:
DEBUG:Initial pos/angle: ([[ 0.402  0.061 -0.219]], [[-0.281  3.129  0.000]])
DEBUG:Current pos/angle: ([[ 0.402  0.061 -0.219]], [[-0.281  3.129  0.000]]
DEBUG:----------------------------------------------
DEBUG:----------------------------------------------
DEBUG:Position info about the robot:
DEBUG:Initial pos/angle: ([[ 0.402  0.061 -0.219]], [[-0.281  3.129  0.000]])
DEBUG:Current pos/angle: ([[ 0.402  0.061 -0.219]], [[-0.281  3.129  0.000]]
DEBUG:----------------------------------------------
DEBUG:----------------------------------------------
DEBUG:Position info about the robot:
DEBUG:Initial pos/angle: ([[ 0.402  0.061 -0.219]], [[-0.281  3.129  0.000]])
DEBUG:Current pos/angle: ([[ 0.402  0.061 -0.219]], [[ 0.282 -3.128  0.000]]
DEBUG:----------------------------------------------
DEBUG:----------------------------------------------
DEBUG:Position info about the robot:
DEBUG:Initial pos/angle: ([[ 0.402  0.061 -0.219]], [[-0.281  3.129  0.000]])
DEBUG:Current pos/angle: ([[ 0.402  0.061 -0.219]], [[-0.281  3.129  0.000]]
DEBUG:----------------------------------------------
DEBUG:----------------------------------------------
DEBUG:Position info about the robot:
DEBUG:Initial pos/angle: ([[ 0.402  0.061 -0.219]], [[-0.281  3.129  0.000]])
DEBUG:Current pos/angle: ([[ 0.402  0.061 -0.219]], [[-0.281  3.129  0.000]]
DEBUG:----------------------------------------------
DEBUG:----------------------------------------------
DEBUG:Position info about the robot:
DEBUG:Initial pos/angle: ([[ 0.402  0.061 -0.219]], [[-0.281  3.129  0.000]])
DEBUG:Current pos/angle: ([[ 0.402  0.061 -0.219]], [[-0.281  3.129  0.000]]
DEBUG:----------------------------------------------
DEBUG:----------------------------------------------
DEBUG:Position info about the robot:
DEBUG:Initial pos/angle: ([[ 0.402  0.061 -0.219]], [[-0.281  3.129  0.000]])
DEBUG:Current pos/angle: ([[ 0.402  0.061 -0.219]], [[ 0.282 -3.128  0.000]]
DEBUG:----------------------------------------------
DEBUG:----------------------------------------------
DEBUG:Position info about the robot:
DEBUG:Initial pos/angle: ([[ 0.402  0.061 -0.219]], [[-0.281  3.129  0.000]])
DEBUG:Current pos/angle: ([[ 0.402  0.061 -0.219]], [[ 0.282 -3.128  0.000]]
DEBUG:----------------------------------------------
DEBUG:----------------------------------------------
DEBUG:Position info about the robot:
DEBUG:Initial pos/angle: ([[ 0.402  0.061 -0.219]], [[-0.281  3.129  0.000]])
DEBUG:Current pos/angle: ([[ 0.402  0.061 -0.219]], [[-0.281  3.129  0.000]]
DEBUG:----------------------------------------------
DEBUG:----------------------------------------------
DEBUG:Position info about the robot:
DEBUG:Initial pos/angle: ([[ 0.402  0.061 -0.219]], [[-0.281  3.129  0.000]])
DEBUG:Current pos/angle: ([[ 0.402  0.061 -0.219]], [[-0.281  3.129  0.000]]
DEBUG:----------------------------------------------
DEBUG:----------------------------------------------
DEBUG:Position info about the robot:
DEBUG:Initial pos/angle: ([[ 0.402  0.061 -0.219]], [[-0.281  3.129  0.000]])
DEBUG:Current pos/angle: ([[ 0.402  0.061 -0.219]], [[-0.281  3.129  0.000]]
DEBUG:----------------------------------------------
DEBUG:----------------------------------------------
DEBUG:Position info about the robot:
DEBUG:Initial pos/angle: ([[ 0.402  0.061 -0.219]], [[-0.281  3.129  0.000]])
DEBUG:Current pos/angle: ([[ 0.402  0.061 -0.219]], [[-0.281  3.129  0.000]]
DEBUG:----------------------------------------------
DEBUG:----------------------------------------------
DEBUG:Position info about the robot:
DEBUG:Initial pos/angle: ([[ 0.402  0.061 -0.219]], [[-0.281  3.129  0.000]])
DEBUG:Current pos/angle: ([[ 0.402  0.061 -0.219]], [[ 0.282 -3.128  0.000]]
DEBUG:----------------------------------------------
DEBUG:----------------------------------------------
DEBUG:Position info about the robot:
DEBUG:Initial pos/angle: ([[ 0.402  0.061 -0.219]], [[-0.281  3.129  0.000]])
DEBUG:Current pos/angle: ([[ 0.402  0.061 -0.219]], [[-0.281  3.129  0.000]]
DEBUG:----------------------------------------------
DEBUG:----------------------------------------------
DEBUG:Position info about the robot:
DEBUG:Initial pos/angle: ([[ 0.402  0.061 -0.219]], [[-0.281  3.129  0.000]])
DEBUG:Current pos/angle: ([[ 0.402  0.061 -0.219]], [[-0.281  3.129  0.000]]
DEBUG:----------------------------------------------
DEBUG:----------------------------------------------
DEBUG:Position info about the robot:
DEBUG:Initial pos/angle: ([[ 0.402  0.061 -0.219]], [[-0.281  3.129  0.000]])
DEBUG:Current pos/angle: ([[ 0.402  0.061 -0.219]], [[ 0.282 -3.128  0.000]]
DEBUG:----------------------------------------------
DEBUG:----------------------------------------------
DEBUG:Position info about the robot:
DEBUG:Initial pos/angle: ([[ 0.402  0.061 -0.219]], [[-0.281  3.129  0.000]])
DEBUG:Current pos/angle: ([[ 0.402  0.061 -0.219]], [[-0.281  3.129  0.000]]
DEBUG:----------------------------------------------
DEBUG:----------------------------------------------
DEBUG:Position info about the robot:
DEBUG:Initial pos/angle: ([[ 0.402  0.061 -0.219]], [[-0.281  3.129  0.000]])
DEBUG:Current pos/angle: ([[ 0.402  0.061 -0.219]], [[-0.281  3.129  0.000]]
DEBUG:----------------------------------------------
DEBUG:----------------------------------------------
DEBUG:Position info about the robot:
DEBUG:Initial pos/angle: ([[ 0.402  0.061 -0.219]], [[-0.281  3.129  0.000]])
DEBUG:Current pos/angle: ([[ 0.402  0.061 -0.219]], [[-0.281  3.129  0.000]]
DEBUG:----------------------------------------------
DEBUG:----------------------------------------------
DEBUG:Position info about the robot:
DEBUG:Initial pos/angle: ([[ 0.402  0.061 -0.219]], [[-0.281  3.129  0.000]])
DEBUG:Current pos/angle: ([[ 0.402  0.061 -0.219]], [[-0.281  3.129  0.000]]
DEBUG:----------------------------------------------
DEBUG:----------------------------------------------
DEBUG:Position info about the robot:
DEBUG:Initial pos/angle: ([[ 0.402  0.061 -0.219]], [[-0.281  3.129  0.000]])
DEBUG:Current pos/angle: ([[ 0.402  0.061 -0.219]], [[-0.281  3.129  0.000]]
DEBUG:----------------------------------------------
DEBUG:----------------------------------------------
DEBUG:Position info about the robot:
DEBUG:Initial pos/angle: ([[ 0.402  0.061 -0.219]], [[-0.281  3.129  0.000]])
DEBUG:Current pos/angle: ([[ 0.402  0.061 -0.219]], [[-0.281  3.129  0.000]]
DEBUG:----------------------------------------------
DEBUG:----------------------------------------------
DEBUG:Position info about the robot:
DEBUG:Initial pos/angle: ([[ 0.402  0.061 -0.219]], [[-0.281  3.129  0.000]])
DEBUG:Current pos/angle: ([[ 0.402  0.061 -0.219]], [[-0.281  3.129  0.000]]
DEBUG:----------------------------------------------
DEBUG:----------------------------------------------
DEBUG:Position info about the robot:
DEBUG:Initial pos/angle: ([[ 0.402  0.061 -0.219]], [[-0.281  3.129  0.000]])
DEBUG:Current pos/angle: ([[ 0.402  0.061 -0.219]], [[ 0.282 -3.128  0.000]]
DEBUG:----------------------------------------------
