DEBUG:Debug log for the robot starting on 2022-04-06_21-36-58
DEBUG:Toggling the command b'get_freedrive_status()\n'
Logging new packet.
Message type: 20, ROBOT_MESSAGE
Message length: 55
Full raw message data: b'\x00\x00\x007\x14\xff\xff\xff\xff\xff\xff\xff\xff\xfe\x03\tURControl\x05\x0b\x00\x00\x00\x00\x00\x00\x00\x0019-05-2021, 06:19:30'
Sub-package length: -1
Sub-package type: 255, fuck
Sub-package Data (including 5 header bits): b''
Sub-package length: 352321535
Sub-package type: 255, fuck
Sub-package Data (including 5 header bits): b'\x14\xff\xff\xff\xff\xff\xff\xff\xff\xfe\x03\tURControl\x05\x0b\x00\x00\x00\x00\x00\x00\x00\x0019-05-2021, 06:19:30'

DEBUG:Toggling the command b'get_freedrive_status()\n'
Logging new packet.
Message type: 20, ROBOT_MESSAGE
Message length: 24
Full raw message data: b'\x00\x00\x00\x18\x14\xff\xff\xff\xff\xff\xff\xff\xff\xfe\x0c\x00\x00\x00\x00\x00\x00\x00\x00\x01'
Sub-package length: -1
Sub-package type: 255, fuck
Sub-package Data (including 5 header bits): b''
Sub-package length: 352321535
Sub-package type: 255, fuck
Sub-package Data (including 5 header bits): b'\x14\xff\xff\xff\xff\xff\xff\xff\xff\xfe\x0c\x00\x00\x00\x00\x00\x00\x00\x00\x01'

DEBUG:Toggling the command b'force()\n'
Logging new packet.
Message type: 16, ROBOT_STATE
Message length: 1471
Full raw message data: b'\x00\x00\x05\xbf\x10\x00\x00\x00/\x00\x00\x00\x00\x01M\xe2B(\x01\x01\x01\x00\x00\x00\x00\x07\x00?\xf0\x00\x00\x00\x00\x00\x00\x00\x00\x00\x00\x00\x00\x00\x00?\xf0\x00\x00\x00\x00\x00\x00\x00\x00\x00\x00\xfb\x01\xc0\n\xfbx\xe8\x88Z0\xc0\n\xfbp\xc3/qu\x00\x00\x00\x00\x00\x00\x00\x00\xbd\xa77zB=\xf0;A\xf7\x00\x00\x00\x00\x00\x00\xfd\xbf\xe8\xa55\xa8\xa4\x8a\xa0\xbf\xe8\xa5BE\xfb\xdc\xa0\x00\x00\x00\x00\x00\x00\x00\x00\xbf\xa5c?B>*\xf0B\x04\x80\x00\x00\x00\x00\x00\xfd?\xf6%E\xd1\x10\xb4`?\xf6%K5\x87Z\x87\x80\x00\x00\x00\x00\x00\x00\x00\xbe\xea\xf7yB>V\xf8B\x06\x80\x00\x00\x00\x00\x00\xfd\xc0\x15I\xcc\xd9X\xbel\xc0\x15I\xca\xc7\xff\xda>\x80\x00\x00\x00\x00\x00\x00\x00>\xc1\xa3\xc6B>\x1cCB\x18\xc0\x00\x00\x00\x00\x00\xfd\xc0\x12\xe7\x83<D-\x18\xc0\x12\xe7w-]\xe5\xd6\x00\x00\x00\x00\x00\x00\x00\x00\xbd\xbd\x1a\x1eB>\r\x96B%@\x00\x00\x00\x00\x00\xfd\xc07\xc4\xd7\xe8D-\x18\xc07\xc4\xda.d\x973\x00\x00\x00\x00\x00\x00\x00\x00:w\x91\x00B>9\x9eB)\x80\x00\x00\x00\x00\x00\xfd\x00\x00\x00e\x04?\xd2R\xd4\xe8\xda4\xca?\xb1\x89\x84\xe6@I\xa8\xbf\x90\x970\x1f\xc2!\x88\xc0\t\x10K$z\x8e5?\xa0l\x90\x9f!\r\xc5?h\\\x90=L \x82\x00\x00\x00\x00\x00\x00\x00\x00\x00\x00\x00\x00\x00\x00\x00\x00?\xbf]x\x81\x1b\x1d\x92\x00\x00\x00\x00\x00\x00\x00\x00\x00\x00\x00\x00\x00\x00\x00\x00\x00\x00\x00\x00\x00\x00\x00\x00\x00\x00\x00\xe1\x05\xb1\x1fM\xc5\xb0\xfeQ\x84\xb0\xdd7{\xb2\xcc\xea\x84\xb2\xde\xbb\xb4\xb2\xd8\xb9O>m\x06\x1a\xcb\xd0\x00\x00?\xec^u\x9a\xd1\xf1\x83\xbf\xeb\x065:G,J\xbf\xa5\x84\xd0\xfa\x90~\\>\xbdX\xb7\x0c\xae\x80\x00>w\xe5\x99u0\x00\x00\xbf\x19\x97\xa5\x02\x10\x0c\xcb\xbf\xc3\xbd,Z\x92\xd8h\xbf\xcbIc\xfdm\x7f\xeb\xbe\xf2\xed\x0e\xd4\x9ec\x95\xbf\x1d]\xf5\x00\xfc\xa3\x8b\x00\x00\x00\x00\x00\x00\x00\x00?\xc3u\xa2\xf1N#\x10@P\xbeV,\xfe\xaf,\xc0P9\xc6\xa6Z\x8e\xf2\xbf\xff\x0b\x12\t\x85\xb4\x10?\xb5\xdf\x9eaC\x9c\xe3?\xb7\x9dh\x05\xb8\x97\xfe?\xf9 ZS[/\n?g\x1f\x92\xb9\xad\xd5\xf3?q\xba\xe7\x19\x89\x04\x18?\xf9%W\xfa\x0b\x19\xf9\xbf\xf9$]G\x94=\xa3\x00\x00\x00\x00\x00\x00\x00\x00\x00\x00\x00\x02\x00\x00\x005\t?\xec&b(\x19\x9bW?\xf3\x1d3H%\xeaH\xbf\xe2\xc8\xae\xec\x14\x86\xee\xbf\xdffA\x99;\xd3*?\xd6N\x02\xa3{\xe0\x94\xbfl\x81\xb4\x82\xa5\xb3\x00\x00\x00\x00K\x03\x00\x00\x00\x00\x00\x00\x00\x00\x01\x01\x80\x00\x00\x00\x00\x00\x00\x00\x80\x00\x00\x00\x00\x00\x00\x00\x00\x00?pbM\xe0\x00\x00\x00?pbM\xe0\x00\x00\x00A\xff\x00\x00B>5\xce?h\xe4\xd5\x00\x00\x00\x00\x01\x00\x00\xad\x88BW\x00\x01\x01\x00\x00\x00%\x02\x01\x01?\x9f\x93m\xa0\x00\x00\x00?\x9c\x11E \x00\x00\x00\x00\x00\x00\x00\x00<u\xf0\x00B\x18@\x00\xfd\x00\x00\x01\xbd\x06\xc0\x19W\x99(,/c@\x19W\x99(,/c\xc0\x19W\x99(,/c@\x19W\x99(,/c\xc0\x19W\x99(,/c@\x19W\x99(,/c\xc0\x19W\x99(,/c@\x19W\x99(,/c\xc0\x19W\x99(,/c@\x19W\x99(,/c\xc0\x19W\x99(,/c@\x19W\x99(,/c@\n\xbb\x94\xed\xdd\xc6\xb1@D\x00\x00\x00\x00\x00\x00@\n\xbb\x94\xed\xdd\xc6\xb1@D\x00\x00\x00\x00\x00\x00@\n\xbb\x94\xed\xdd\xc6\xb1@D\x00\x00\x00\x00\x00\x00@\x19\xee\xcb\xfb\x15\xb5t@T\x00\x00\x00\x00\x00\x00@\x19\xee\xcb\xfb\x15\xb5t@T\x00\x00\x00\x00\x00\x00@\x19\xee\xcb\xfb\x15\xb5t@T\x00\x00\x00\x00\x00\x00?\xf0\xc1R8-se?\xf6W\x18J\xe7D\x87?\xd0\x00\x00\x00\x00\x00\x00?\xf3333333?\xd0\x00\x00\x00\x00\x00\x00\x00\x00\x00\x00\x00\x00\x00\x00\xbf\xcf,\xa5zxl"\xbf\xcbJ#9\xc0\xeb\xee\x00\x00\x00\x00\x00\x00\x00\x00\x00\x00\x00\x00\x00\x00\x00\x00\x00\x00\x00\x00\x00\x00\x00\x00?\xc3o\xd2\x1f\xf2\xe4\x8f\x00\x00\x00\x00\x00\x00\x00\x00\x00\x00\x00\x00\x00\x00\x00\x00?\xc0\xc6?\x14\x12\x05\xbc?\xb5\xd9\x7fb\xb6\xae}?\xb7\x93\xdd\x97\xf6+k?\xf9!\xfbTREP\x00\x00\x00\x00\x00\x00\x00\x00\x00\x00\x00\x00\x00\x00\x00\x00?\xf9!\xfbTREP\xbf\xf9!\xfbTREP\x00\x00\x00\x00\x00\x00\x00\x00\x00\x00\x00\x00\x00\x00\x00\x00\x00\x00\x00\x00\x00\x00\x00\x00\x00\x00\x00\x00\x00\x00\x00\x00\x00\x00\x00\x00\x00\x00\x00\x00\x00\x00\x00\x00\x00\x00\x00\x00\x00\x00\x00\x00\x00\x00\x00\x00\x00\x00\x00\x06\x00\x00\x00\x06\x00\x00\x00\x03\x00\x00\x00\x03\x00\x00\x00=\x07\x00\x00\x00\x00\x00\x00\x00\x00\x00\x00\x00\x00\x00\x00\x00\x00\x00\x00\x00\x00\x00\x00\x00\x00\x00\x00\x00\x00\x00\x00\x00\x00\x00\x00\x00\x00\x00\x00\x00\x00\x00\x00\x00\x00\x00\x00\x00\x00?\'\xba\xd5m\x8d\xb6@\x00\x00\x00\t\x08\x00\x00\x00\x01\x00\x00\x00+\n\xad\x88BW\x00\x01?\xc8 \xbaG\x12\xd3p?\xa3\\:\xdd\xce\x12\xcf?\xd4\x921\xa38\xd4\xeb?\xb9\x99\x99\x99\x99\x99\x9a\x00\x00\x00\x1a\x0b\x00\x00\x01\xc2\x00\x00\x00\x00\x00\x00\x00\x00\x01?\xc0\x00\x00@`\x00\x00\x00\x00\x00\x08\x0c\x00\x01\x01\x00\x00\x00U\x0e?\x94z\xe1G\xae\x14{\x00\x00\x00\x00\x00\x00\x00\x00\x00\x00\x00\x00\x00\x00\x00\x00\x00\x00\x00\x00\x00\x00\x00\x00>\xc0\xc6\xf7\xa0\xb5\xed\x8d>\xc0\xc6\xf7\xa0\xb5\xed\x8d>\xc0\xc6\xf7\xa0\xb5\xed\x8d\x00\x00\x00\x00\x00\x00\x00\x00\x00\x00\x00\x00\x00\x00\x00\x00\x00\x00\x00\x00\x00\x00\x00\x00'
Sub-package length: 47
Sub-package type: 0, ROBOT_MODE_DATA
Sub-package Data (including 5 header bits): b'\x00\x00\x00/\x00\x00\x00\x00\x01M\xe2B(\x01\x01\x01\x00\x00\x00\x00\x07\x00?\xf0\x00\x00\x00\x00\x00\x00\x00\x00\x00\x00\x00\x00\x00\x00?\xf0\x00\x00\x00\x00\x00\x00\x00'
	packageSize: 47
	packageType: 0
	timestamp: 5601641000
	isRealRobotConnected: True
	isRealRobotEnabled: True
	isRobotPowerOn: True
	isEmergencyStopped: False
	isProtectiveStopped: False
	isProgramRunning: False
	isProgramPaused: False
	robotMode: 7
	controlMode: 0
	targetSpeedFraction: 1.0
	speedScaling: 0.0
	targetSpeedFractionLimit: 1.0
	reserved: 0
Sub-package length: 251
Sub-package type: 1, JOINT_DATA
Sub-package Data (including 5 header bits): b'\x00\x00\x00\xfb\x01\xc0\n\xfbx\xe8\x88Z0\xc0\n\xfbp\xc3/qu\x00\x00\x00\x00\x00\x00\x00\x00\xbd\xa77zB=\xf0;A\xf7\x00\x00\x00\x00\x00\x00\xfd\xbf\xe8\xa55\xa8\xa4\x8a\xa0\xbf\xe8\xa5BE\xfb\xdc\xa0\x00\x00\x00\x00\x00\x00\x00\x00\xbf\xa5c?B>*\xf0B\x04\x80\x00\x00\x00\x00\x00\xfd?\xf6%E\xd1\x10\xb4`?\xf6%K5\x87Z\x87\x80\x00\x00\x00\x00\x00\x00\x00\xbe\xea\xf7yB>V\xf8B\x06\x80\x00\x00\x00\x00\x00\xfd\xc0\x15I\xcc\xd9X\xbel\xc0\x15I\xca\xc7\xff\xda>\x80\x00\x00\x00\x00\x00\x00\x00>\xc1\xa3\xc6B>\x1cCB\x18\xc0\x00\x00\x00\x00\x00\xfd\xc0\x12\xe7\x83<D-\x18\xc0\x12\xe7w-]\xe5\xd6\x00\x00\x00\x00\x00\x00\x00\x00\xbd\xbd\x1a\x1eB>\r\x96B%@\x00\x00\x00\x00\x00\xfd\xc07\xc4\xd7\xe8D-\x18\xc07\xc4\xda.d\x973\x00\x00\x00\x00\x00\x00\x00\x00:w\x91\x00B>9\x9eB)\x80\x00\x00\x00\x00\x00\xfd'
	packageSize: 251
	packageType: 1
	joint 1 q_actual: -3.37278920808901
	joint 1 q_target: -3.37277367104087
	joint 1 qd_actual: 0.0
	joint 1 i_actual: -0.08164878189563751
	joint 1 V_actual: 47.48460006713867
	joint 1 T_motor: 30.875
	joint 2 q_actual: 2.1033424833e-314
	joint 2 q_target: 3.2932123309307427e-50
	joint 2 qd_actual: 188839706624.0
	joint 2 i_actual: 0.0
	joint 2 V_actual: 1.759990934185737e-38
	joint 2 T_motor: 0.7587610483169556
	joint 3 q_actual: -5.594523203700797e+232
	joint 3 q_target: 6.6645069604141e-304
	joint 3 qd_actual: -2.071000320849978e-56
	joint 3 i_actual: 1.9069929672146944e+16
	joint 3 V_actual: 0.0
	joint 3 T_motor: 6.848706114541111e-41
	joint 4 q_actual: -3.2578287942217925e+267
	joint 4 q_target: -3.20945e-319
	joint 4 qd_actual: 4.018055280087763e-206
	joint 4 i_actual: 4.075158985800132e-26
	joint 4 V_actual: nan
	joint 4 T_motor: 0.0
	joint 5 q_actual: 1.33168827796e-312
	joint 5 q_target: 1.6451072474762962e-09
	joint 5 qd_actual: 5.38457044063e-312
	joint 5 i_actual: 0.011973641812801361
	joint 5 V_actual: -2.295377492904663
	joint 5 T_motor: 1.2613429398178333e-11
	joint 6 q_actual: 0.0
	joint 6 q_target: -2.6468136831705384e-11
	joint 6 qd_actual: 45634027520.0
	joint 6 i_actual: -3.1937665858775697e+37
	joint 6 V_actual: -510759020789760.0
	joint 6 T_motor: 4.9687145644596336e-24
Sub-package length: 101
Sub-package type: 4, CARTESIAN_INFO
Sub-package Data (including 5 header bits): b'\x00\x00\x00e\x04?\xd2R\xd4\xe8\xda4\xca?\xb1\x89\x84\xe6@I\xa8\xbf\x90\x970\x1f\xc2!\x88\xc0\t\x10K$z\x8e5?\xa0l\x90\x9f!\r\xc5?h\\\x90=L \x82\x00\x00\x00\x00\x00\x00\x00\x00\x00\x00\x00\x00\x00\x00\x00\x00?\xbf]x\x81\x1b\x1d\x92\x00\x00\x00\x00\x00\x00\x00\x00\x00\x00\x00\x00\x00\x00\x00\x00\x00\x00\x00\x00\x00\x00\x00\x00'
	packageSize: 101
	packageType: 4
	X: 0.2863056444119364
	Y: 0.06850462552419023
	Z: -0.016201736391424443
	Rx: -3.132955822935197
	Ry: 0.03207828466886612
	Rz: 0.0029738251854532502
	TCPOffsetX: 0.0
	TCPOffsetY: 0.0
	TCPOffsetZ: 0.12251999999999999
	TCPOffsetRx: 0.0
	TCPOffsetRy: 0.0
	TCPOffsetRz: 0.0
Sub-package length: 225
Sub-package type: 5, KINEMATICS_INFO
Sub-package Data (including 5 header bits): b'\x00\x00\x00\xe1\x05\xb1\x1fM\xc5\xb0\xfeQ\x84\xb0\xdd7{\xb2\xcc\xea\x84\xb2\xde\xbb\xb4\xb2\xd8\xb9O>m\x06\x1a\xcb\xd0\x00\x00?\xec^u\x9a\xd1\xf1\x83\xbf\xeb\x065:G,J\xbf\xa5\x84\xd0\xfa\x90~\\>\xbdX\xb7\x0c\xae\x80\x00>w\xe5\x99u0\x00\x00\xbf\x19\x97\xa5\x02\x10\x0c\xcb\xbf\xc3\xbd,Z\x92\xd8h\xbf\xcbIc\xfdm\x7f\xeb\xbe\xf2\xed\x0e\xd4\x9ec\x95\xbf\x1d]\xf5\x00\xfc\xa3\x8b\x00\x00\x00\x00\x00\x00\x00\x00?\xc3u\xa2\xf1N#\x10@P\xbeV,\xfe\xaf,\xc0P9\xc6\xa6Z\x8e\xf2\xbf\xff\x0b\x12\t\x85\xb4\x10?\xb5\xdf\x9eaC\x9c\xe3?\xb7\x9dh\x05\xb8\x97\xfe?\xf9 ZS[/\n?g\x1f\x92\xb9\xad\xd5\xf3?q\xba\xe7\x19\x89\x04\x18?\xf9%W\xfa\x0b\x19\xf9\xbf\xf9$]G\x94=\xa3\x00\x00\x00\x00\x00\x00\x00\x00\x00\x00\x00\x02'
	packageSize: 225
	packageType: 5
	joint 1 checksum: 2971618757
	joint 2 checksum: 2969457028
	joint 3 checksum: 2967287675
	joint 4 checksum: 2999773828
	joint 5 checksum: 3000941492
	joint 6 checksum: 3000547663
	joint 1 DHtheta: 5.4061126665561066e-08
	joint 2 DHtheta: 0.8865306876974021
	joint 3 DHtheta: -0.8445078027956552
	joint 4 DHtheta: -0.042028933130720175
	joint 5 DHtheta: 1.7491902777125312e-06
	joint 6 DHtheta: 8.902278851585788e-08
	joint 1 DHa: -9.762711171394931e-05
	joint 2 DHa: -0.1542106096509912
	joint 3 DHa: -0.21317720293427497
	joint 4 DHa: -1.804924730883539e-05
	joint 5 DHa: -0.000112026289795465
	joint 6 DHa: 0.0
	joint 1 Dhd: 0.15202748091203278
	joint 2 Dhd: 66.97400975104819
	joint 3 Dhd: -64.9027496227607
	joint 4 Dhd: -1.940202748485948
	joint 5 Dhd: 0.08544340014087796
	joint 6 Dhd: 0.09224558009790937
	joint 1 Dhalpha: 1.5703986412144695
	joint 2 Dhalpha: 0.002822672436588952
	joint 3 Dhalpha: 0.004328634961496845
	joint 4 Dhalpha: 1.5716171042746494
	joint 5 Dhalpha: -1.571378020864224
	joint 6 Dhalpha: 0.0
	calibration status: 2
Sub-package length: 53
Sub-package type: 9, NEEDED_FOR_CALIB_DATA
Sub-package Data (including 5 header bits): b'\x00\x00\x005\t?\xec&b(\x19\x9bW?\xf3\x1d3H%\xeaH\xbf\xe2\xc8\xae\xec\x14\x86\xee\xbf\xdffA\x99;\xd3*?\xd6N\x02\xa3{\xe0\x94\xbfl\x81\xb4\x82\xa5\xb3\x00'
Sub-package length: 75
Sub-package type: 3, MASTERBOARD_DATA
Sub-package Data (including 5 header bits): b'\x00\x00\x00K\x03\x00\x00\x00\x00\x00\x00\x00\x00\x01\x01\x80\x00\x00\x00\x00\x00\x00\x00\x80\x00\x00\x00\x00\x00\x00\x00\x00\x00?pbM\xe0\x00\x00\x00?pbM\xe0\x00\x00\x00A\xff\x00\x00B>5\xce?h\xe4\xd5\x00\x00\x00\x00\x01\x00\x00\xad\x88BW\x00\x01\x01'
Sub-package length: 37
Sub-package type: 2, TOOL_DATA
Sub-package Data (including 5 header bits): b'\x00\x00\x00%\x02\x01\x01?\x9f\x93m\xa0\x00\x00\x00?\x9c\x11E \x00\x00\x00\x00\x00\x00\x00\x00<u\xf0\x00B\x18@\x00\xfd'
Sub-package length: 445
Sub-package type: 6, CONFIGURATION_DATA
Sub-package Data (including 5 header bits): b'\x00\x00\x01\xbd\x06\xc0\x19W\x99(,/c@\x19W\x99(,/c\xc0\x19W\x99(,/c@\x19W\x99(,/c\xc0\x19W\x99(,/c@\x19W\x99(,/c\xc0\x19W\x99(,/c@\x19W\x99(,/c\xc0\x19W\x99(,/c@\x19W\x99(,/c\xc0\x19W\x99(,/c@\x19W\x99(,/c@\n\xbb\x94\xed\xdd\xc6\xb1@D\x00\x00\x00\x00\x00\x00@\n\xbb\x94\xed\xdd\xc6\xb1@D\x00\x00\x00\x00\x00\x00@\n\xbb\x94\xed\xdd\xc6\xb1@D\x00\x00\x00\x00\x00\x00@\x19\xee\xcb\xfb\x15\xb5t@T\x00\x00\x00\x00\x00\x00@\x19\xee\xcb\xfb\x15\xb5t@T\x00\x00\x00\x00\x00\x00@\x19\xee\xcb\xfb\x15\xb5t@T\x00\x00\x00\x00\x00\x00?\xf0\xc1R8-se?\xf6W\x18J\xe7D\x87?\xd0\x00\x00\x00\x00\x00\x00?\xf3333333?\xd0\x00\x00\x00\x00\x00\x00\x00\x00\x00\x00\x00\x00\x00\x00\xbf\xcf,\xa5zxl"\xbf\xcbJ#9\xc0\xeb\xee\x00\x00\x00\x00\x00\x00\x00\x00\x00\x00\x00\x00\x00\x00\x00\x00\x00\x00\x00\x00\x00\x00\x00\x00?\xc3o\xd2\x1f\xf2\xe4\x8f\x00\x00\x00\x00\x00\x00\x00\x00\x00\x00\x00\x00\x00\x00\x00\x00?\xc0\xc6?\x14\x12\x05\xbc?\xb5\xd9\x7fb\xb6\xae}?\xb7\x93\xdd\x97\xf6+k?\xf9!\xfbTREP\x00\x00\x00\x00\x00\x00\x00\x00\x00\x00\x00\x00\x00\x00\x00\x00?\xf9!\xfbTREP\xbf\xf9!\xfbTREP\x00\x00\x00\x00\x00\x00\x00\x00\x00\x00\x00\x00\x00\x00\x00\x00\x00\x00\x00\x00\x00\x00\x00\x00\x00\x00\x00\x00\x00\x00\x00\x00\x00\x00\x00\x00\x00\x00\x00\x00\x00\x00\x00\x00\x00\x00\x00\x00\x00\x00\x00\x00\x00\x00\x00\x00\x00\x00\x00\x06\x00\x00\x00\x06\x00\x00\x00\x03\x00\x00\x00\x03'
Sub-package length: 61
Sub-package type: 7, FORCE_MODE_DATA
Sub-package Data (including 5 header bits): b"\x00\x00\x00=\x07\x00\x00\x00\x00\x00\x00\x00\x00\x00\x00\x00\x00\x00\x00\x00\x00\x00\x00\x00\x00\x00\x00\x00\x00\x00\x00\x00\x00\x00\x00\x00\x00\x00\x00\x00\x00\x00\x00\x00\x00\x00\x00\x00\x00\x00\x00\x00\x00?'\xba\xd5m\x8d\xb6@"
Sub-package length: 9
Sub-package type: 8, ADDITIONAL_INFO
Sub-package Data (including 5 header bits): b'\x00\x00\x00\t\x08\x00\x00\x00\x01'
Sub-package length: 43
Sub-package type: 10, fuck
Sub-package Data (including 5 header bits): b'\x00\x00\x00+\n\xad\x88BW\x00\x01?\xc8 \xbaG\x12\xd3p?\xa3\\:\xdd\xce\x12\xcf?\xd4\x921\xa38\xd4\xeb?\xb9\x99\x99\x99\x99\x99\x9a'
Sub-package length: 26
Sub-package type: 11, TOOL_COMM_INFO
Sub-package Data (including 5 header bits): b'\x00\x00\x00\x1a\x0b\x00\x00\x01\xc2\x00\x00\x00\x00\x00\x00\x00\x00\x01?\xc0\x00\x00@`\x00\x00'
Sub-package length: 8
Sub-package type: 12, TOOL_MODE_INFO
Sub-package Data (including 5 header bits): b'\x00\x00\x00\x08\x0c\x00\x01\x01'
Sub-package length: 85
Sub-package type: 14, fuck
Sub-package Data (including 5 header bits): b'\x00\x00\x00U\x0e?\x94z\xe1G\xae\x14{\x00\x00\x00\x00\x00\x00\x00\x00\x00\x00\x00\x00\x00\x00\x00\x00\x00\x00\x00\x00\x00\x00\x00\x00>\xc0\xc6\xf7\xa0\xb5\xed\x8d>\xc0\xc6\xf7\xa0\xb5\xed\x8d>\xc0\xc6\xf7\xa0\xb5\xed\x8d\x00\x00\x00\x00\x00\x00\x00\x00\x00\x00\x00\x00\x00\x00\x00\x00\x00\x00\x00\x00\x00\x00\x00\x00'

DEBUG:Toggling the command b'get_actual_joint_positions()\n'
Logging new packet.
Message type: 16, ROBOT_STATE
Message length: 716
Full raw message data: b'\x00\x00\x02\xcc\x10\x00\x00\x00/\x00\x00\x00\x00\x01M\xe3\xc8\xc8\x01\x01\x01\x00\x00\x00\x00\x07\x00?\xf0\x00\x00\x00\x00\x00\x00\x00\x00\x00\x00\x00\x00\x00\x00?\xf0\x00\x00\x00\x00\x00\x00\x00\x00\x00\x00\xfb\x01\xc0\n\xfb}h\x88Z0\xc0\n\xfbp\xc3/qu\x00\x00\x00\x00\x00\x00\x00\x00\xbd\x9f$\xaeB=\xfe\xe8A\xf7\x00\x00\x00\x00\x00\x00\xfd\xbf\xe8\xa5\x1c\xa8\xa4\x8a\xa0\xbf\xe8\xa5BE\xfb\xdc\xa0\x00\x00\x00\x00\x00\x00\x00\x00\xbf\xa57\x04B>\x1cCB\x04\xc0\x00\x00\x00\x00\x00\xfd?\xf6%V\xd1\x10\xb4`?\xf6%K5\x87Z\x87\x80\x00\x00\x00\x00\x00\x00\x00\xbe\xf0u)B>V\xf8B\x06\x80\x00\x00\x00\x00\x00\xfd\xc0\x15I\xd2IX\xbel\xc0\x15I\xca\xc7\xff\xda>\x80\x00\x00\x00\x00\x00\x00\x00>\xb5\x8dqB>\x1cCB\x18\xc0\x00\x00\x00\x00\x00\xfd\xc0\x12\xe7|\xc4D-\x18\xc0\x12\xe7w-]\xe5\xd6\x00\x00\x00\x00\x00\x00\x00\x00\xbd\xa3c\xb2B=\xe1\x8eB%@\x00\x00\x00\x00\x00\xfd\xc07\xc4\xdb\xf4D-\x18\xc07\xc4\xda.d\x973\x00\x00\x00\x00\x00\x00\x00\x00<\x00\xe3 B>HKB)\x80\x00\x00\x00\x00\x00\xfd\x00\x00\x00e\x04?\xd2R\xc5\xf8l\x8b\x85?\xb1\x89\x10\xb3+E\x0f\xbf\x90\x98\xdc\xa0=\x85\x10\xc0\t\x10WL\xce\xf15?\xa0a\xa7}z4\x18?h\x84\xc1\x90\xcf\xef\x98\x00\x00\x00\x00\x00\x00\x00\x00\x00\x00\x00\x00\x00\x00\x00\x00?\xbf]x\x81\x1b\x1d\x92\x00\x00\x00\x00\x00\x00\x00\x00\x00\x00\x00\x00\x00\x00\x00\x00\x00\x00\x00\x00\x00\x00\x00\x00\x00\x00\x005\t?\xea\xcasS\x9bW\x99?\xf2\xe1\\\xa4\xbc\x11(\xbf\xe0\x10vw\x86>\n\xbf\xd9u(" \x040?\xd3<\xe7yl\xd0\x0b\xbf\x9d\xae\x9dI\xb3\x12\xc0\x00\x00\x00K\x03\x00\x00\x00\x00\x00\x00\x00\x00\x01\x01\x80\x00\x00\x00\x00\x00\x00\x00\x80\x00\x00\x00\x00\x00\x00\x00\x00\x00?pbM\xe0\x00\x00\x00?pbM\xe0\x00\x00\x00A\xff\x00\x00B>$a?b\x05\x1c\x00\x00\x00\x00\x01\x00\x00\xad\x88BW\x00\x01\x01\x00\x00\x00%\x02\x01\x01?\x9f\x93m\xa0\x00\x00\x00?\x91\x8a\xcb \x00\x00\x00\x00\x00\x00\x00\x00<\x8aB\x80B\x18\x00\x00\xfd\x00\x00\x00=\x07\x00\x00\x00\x00\x00\x00\x00\x00\x00\x00\x00\x00\x00\x00\x00\x00\x00\x00\x00\x00\x00\x00\x00\x00\x00\x00\x00\x00\x00\x00\x00\x00\x00\x00\x00\x00\x00\x00\x00\x00\x00\x00\x00\x00\x00\x00\x00\x00?\'\xba\xcf\x1f\x8e\x84`\x00\x00\x00\t\x08\x00\x00\x00\x01\x00\x00\x00+\n\xad\x88BW\x00\x01?\xc8 \xfe\xa0N\x1ez?\xa3\\BY\xa6B\xfb?\xd4\x92\x0bpO\x90a?\xb9\x99\x99\x99\x99\x99\x9a\x00\x00\x00\x1a\x0b\x00\x00\x01\xc2\x00\x00\x00\x00\x00\x00\x00\x00\x01?\xc0\x00\x00@`\x00\x00\x00\x00\x00\x08\x0c\x00\x01\x01'
Sub-package length: 47
Sub-package type: 0, ROBOT_MODE_DATA
Sub-package Data (including 5 header bits): b'\x00\x00\x00/\x00\x00\x00\x00\x01M\xe3\xc8\xc8\x01\x01\x01\x00\x00\x00\x00\x07\x00?\xf0\x00\x00\x00\x00\x00\x00\x00\x00\x00\x00\x00\x00\x00\x00?\xf0\x00\x00\x00\x00\x00\x00\x00'
	packageSize: 47
	packageType: 0
	timestamp: 5601741000
	isRealRobotConnected: True
	isRealRobotEnabled: True
	isRobotPowerOn: True
	isEmergencyStopped: False
	isProtectiveStopped: False
	isProgramRunning: False
	isProgramPaused: False
	robotMode: 7
	controlMode: 0
	targetSpeedFraction: 1.0
	speedScaling: 0.0
	targetSpeedFractionLimit: 1.0
	reserved: 0
Sub-package length: 251
Sub-package type: 1, JOINT_DATA
Sub-package Data (including 5 header bits): b'\x00\x00\x00\xfb\x01\xc0\n\xfb}h\x88Z0\xc0\n\xfbp\xc3/qu\x00\x00\x00\x00\x00\x00\x00\x00\xbd\x9f$\xaeB=\xfe\xe8A\xf7\x00\x00\x00\x00\x00\x00\xfd\xbf\xe8\xa5\x1c\xa8\xa4\x8a\xa0\xbf\xe8\xa5BE\xfb\xdc\xa0\x00\x00\x00\x00\x00\x00\x00\x00\xbf\xa57\x04B>\x1cCB\x04\xc0\x00\x00\x00\x00\x00\xfd?\xf6%V\xd1\x10\xb4`?\xf6%K5\x87Z\x87\x80\x00\x00\x00\x00\x00\x00\x00\xbe\xf0u)B>V\xf8B\x06\x80\x00\x00\x00\x00\x00\xfd\xc0\x15I\xd2IX\xbel\xc0\x15I\xca\xc7\xff\xda>\x80\x00\x00\x00\x00\x00\x00\x00>\xb5\x8dqB>\x1cCB\x18\xc0\x00\x00\x00\x00\x00\xfd\xc0\x12\xe7|\xc4D-\x18\xc0\x12\xe7w-]\xe5\xd6\x00\x00\x00\x00\x00\x00\x00\x00\xbd\xa3c\xb2B=\xe1\x8eB%@\x00\x00\x00\x00\x00\xfd\xc07\xc4\xdb\xf4D-\x18\xc07\xc4\xda.d\x973\x00\x00\x00\x00\x00\x00\x00\x00<\x00\xe3 B>HKB)\x80\x00\x00\x00\x00\x00\xfd'
	packageSize: 251
	packageType: 1
	joint 1 q_actual: -3.3727977911578577
	joint 1 q_target: -3.37277367104087
	joint 1 qd_actual: 0.0
	joint 1 i_actual: -0.07770667970180511
	joint 1 V_actual: 47.498931884765625
	joint 1 T_motor: 30.875
	joint 2 q_actual: 2.1033424833e-314
	joint 2 q_target: 1.2753267446644472e-170
	joint 2 qd_actual: 188839706624.0
	joint 2 i_actual: 0.0
	joint 2 V_actual: 1.759984768472494e-38
	joint 2 T_motor: 2.2833109632298316e-36
	joint 3 q_actual: 1.0143544522047488e+16
	joint 3 q_target: 6.664506961315948e-304
	joint 3 qd_actual: -2.071000320849978e-56
	joint 3 i_actual: 1.9069929672146944e+16
	joint 3 V_actual: 0.0
	joint 3 T_motor: 6.849546893619706e-41
	joint 4 q_actual: 2.370382422102406e+256
	joint 4 q_target: -3.20945e-319
	joint 4 qd_actual: 4.021363179413117e-206
	joint 4 i_actual: 4.075158985800132e-26
	joint 4 V_actual: nan
	joint 4 T_motor: 0.0
	joint 5 q_actual: 1.330686361525e-312
	joint 5 q_target: 1.6451072474762962e-09
	joint 5 qd_actual: 5.384570440593e-312
	joint 5 i_actual: -784.70458984375
	joint 5 V_actual: -2.295377492904663
	joint 5 T_motor: 1.2613429398178333e-11
	joint 6 q_actual: 0.0
	joint 6 q_target: -8.817295912543837e-12
	joint 6 qd_actual: 45634027520.0
	joint 6 i_actual: -3.1937665858775697e+37
	joint 6 V_actual: -1.375097087632343e+17
	joint 6 T_motor: 4.9687145644596336e-24
Sub-package length: 101
Sub-package type: 4, CARTESIAN_INFO
Sub-package Data (including 5 header bits): b'\x00\x00\x00e\x04?\xd2R\xc5\xf8l\x8b\x85?\xb1\x89\x10\xb3+E\x0f\xbf\x90\x98\xdc\xa0=\x85\x10\xc0\t\x10WL\xce\xf15?\xa0a\xa7}z4\x18?h\x84\xc1\x90\xcf\xef\x98\x00\x00\x00\x00\x00\x00\x00\x00\x00\x00\x00\x00\x00\x00\x00\x00?\xbf]x\x81\x1b\x1d\x92\x00\x00\x00\x00\x00\x00\x00\x00\x00\x00\x00\x00\x00\x00\x00\x00\x00\x00\x00\x00\x00\x00\x00\x00'
	packageSize: 101
	packageType: 4
	X: 0.2863020826354659
	Y: 0.06849769949191774
	Z: -0.01620812156705137
	Rx: -3.132979011597991
	Ry: 0.03199504286485694
	Rz: 0.0029929905490444046
	TCPOffsetX: 0.0
	TCPOffsetY: 0.0
	TCPOffsetZ: 0.12251999999999999
	TCPOffsetRx: 0.0
	TCPOffsetRy: 0.0
	TCPOffsetRz: 0.0
Sub-package length: 53
Sub-package type: 9, NEEDED_FOR_CALIB_DATA
Sub-package Data (including 5 header bits): b'\x00\x00\x005\t?\xea\xcasS\x9bW\x99?\xf2\xe1\\\xa4\xbc\x11(\xbf\xe0\x10vw\x86>\n\xbf\xd9u(" \x040?\xd3<\xe7yl\xd0\x0b\xbf\x9d\xae\x9dI\xb3\x12\xc0'
Sub-package length: 75
Sub-package type: 3, MASTERBOARD_DATA
Sub-package Data (including 5 header bits): b'\x00\x00\x00K\x03\x00\x00\x00\x00\x00\x00\x00\x00\x01\x01\x80\x00\x00\x00\x00\x00\x00\x00\x80\x00\x00\x00\x00\x00\x00\x00\x00\x00?pbM\xe0\x00\x00\x00?pbM\xe0\x00\x00\x00A\xff\x00\x00B>$a?b\x05\x1c\x00\x00\x00\x00\x01\x00\x00\xad\x88BW\x00\x01\x01'
Sub-package length: 37
Sub-package type: 2, TOOL_DATA
Sub-package Data (including 5 header bits): b'\x00\x00\x00%\x02\x01\x01?\x9f\x93m\xa0\x00\x00\x00?\x91\x8a\xcb \x00\x00\x00\x00\x00\x00\x00\x00<\x8aB\x80B\x18\x00\x00\xfd'
Sub-package length: 61
Sub-package type: 7, FORCE_MODE_DATA
Sub-package Data (including 5 header bits): b"\x00\x00\x00=\x07\x00\x00\x00\x00\x00\x00\x00\x00\x00\x00\x00\x00\x00\x00\x00\x00\x00\x00\x00\x00\x00\x00\x00\x00\x00\x00\x00\x00\x00\x00\x00\x00\x00\x00\x00\x00\x00\x00\x00\x00\x00\x00\x00\x00\x00\x00\x00\x00?'\xba\xcf\x1f\x8e\x84`"
Sub-package length: 9
Sub-package type: 8, ADDITIONAL_INFO
Sub-package Data (including 5 header bits): b'\x00\x00\x00\t\x08\x00\x00\x00\x01'
Sub-package length: 43
Sub-package type: 10, fuck
Sub-package Data (including 5 header bits): b'\x00\x00\x00+\n\xad\x88BW\x00\x01?\xc8 \xfe\xa0N\x1ez?\xa3\\BY\xa6B\xfb?\xd4\x92\x0bpO\x90a?\xb9\x99\x99\x99\x99\x99\x9a'
Sub-package length: 26
Sub-package type: 11, TOOL_COMM_INFO
Sub-package Data (including 5 header bits): b'\x00\x00\x00\x1a\x0b\x00\x00\x01\xc2\x00\x00\x00\x00\x00\x00\x00\x00\x01?\xc0\x00\x00@`\x00\x00'
Sub-package length: 8
Sub-package type: 12, TOOL_MODE_INFO
Sub-package Data (including 5 header bits): b'\x00\x00\x00\x08\x0c\x00\x01\x01'

DEBUG:Toggling the command b'get_actual_tcp_pose()\n'
Logging new packet.
Message type: 16, ROBOT_STATE
Message length: 716
Full raw message data: b"\x00\x00\x02\xcc\x10\x00\x00\x00/\x00\x00\x00\x00\x01M\xe5SP\x01\x01\x01\x00\x00\x00\x00\x07\x00?\xf0\x00\x00\x00\x00\x00\x00\x00\x00\x00\x00\x00\x00\x00\x00?\xf0\x00\x00\x00\x00\x00\x00\x00\x00\x00\x00\xfb\x01\xc0\n\xfbTh\x88Z0\xc0\n\xfbp\xc3/qu\x00\x00\x00\x00\x00\x00\x00\x00\xbdQ\x0b\xd3B=\xf0;A\xf7\x00\x00\x00\x00\x00\x00\xfd\xbf\xe8\xa5\x00\xe8\xa4\x8a\xa0\xbf\xe8\xa5BE\xfb\xdc\xa0\x00\x00\x00\x00\x00\x00\x00\x00\xbf\xa5\xf7~B>\x1cCB\x04\xc0\x00\x00\x00\x00\x00\xfd?\xf6%JQ\x10\xb4`?\xf6%K5\x87Z\x87\x80\x00\x00\x00\x00\x00\x00\x00\xbe\xf3\xe5QB>HKB\x06\x80\x00\x00\x00\x00\x00\xfd\xc0\x15I\xd1\xe9X\xbel\xc0\x15I\xca\xc7\xff\xda>\x80\x00\x00\x00\x00\x00\x00\x00>\xbc\x85\xb9B>\x1cCB\x18\xc0\x00\x00\x00\x00\x00\xfd\xc0\x12\xe7o\xf4D-\x18\xc0\x12\xe7w-]\xe5\xd6\x00\x00\x00\x00\x00\x00\x00\x00\xbd\x97cFB=\xf0;B%@\x00\x00\x00\x00\x00\xfd\xc07\xc4\xdc>D-\x18\xc07\xc4\xda.d\x973\x00\x00\x00\x00\x00\x00\x00\x00;{X\xc0B>V\xf8B)\x80\x00\x00\x00\x00\x00\xfd\x00\x00\x00e\x04?\xd2R\xab\xac\xd2GJ?\xb1\x89\xd7\x19R]\xa2\xbf\x90\x99|\xae\x02\x19p\xc0\t\x10p\xb9\xc3\xab\xe4?\xa0P\xbaC\xd8\x89\xe1?h\xb1D\xc2\xb9*s\x00\x00\x00\x00\x00\x00\x00\x00\x00\x00\x00\x00\x00\x00\x00\x00?\xbf]x\x81\x1b\x1d\x92\x00\x00\x00\x00\x00\x00\x00\x00\x00\x00\x00\x00\x00\x00\x00\x00\x00\x00\x00\x00\x00\x00\x00\x00\x00\x00\x005\t?\xe1\x98\x88\xf2{A\xd5?\xf3\xe7\xae\x92Q\xcb0\xbf\xdc\xb2\xfd\x83\xbb\xc5\x9c\xbf\xdc\xe2\x86\xb2\xf5\x04\xbe?\xd1\xce\x9e\x18\xeb\x91\xc8\xbf\x8c\xf1#\x9e\xd5J@\x00\x00\x00K\x03\x00\x00\x00\x00\x00\x00\x00\x00\x01\x01\x80\x00\x00\x00\x00\x00\x00\x00\x80\x00\x00\x00\x00\x00\x00\x00\x00\x00?pbM\xe0\x00\x00\x00?pbM\xe0\x00\x00\x00A\xff\x00\x00B>)\xe2?b\x05\x1c\x00\x00\x00\x00\x01\x00\x00\xad\x88BW\x00\x01\x01\x00\x00\x00%\x02\x01\x01?\x9c\x11E \x00\x00\x00?\x9c\x11E \x00\x00\x00\x00\x00\x00\x00\x00<\x89\x8d\xa0B\x18\x00\x00\xfd\x00\x00\x00=\x07\x00\x00\x00\x00\x00\x00\x00\x00\x00\x00\x00\x00\x00\x00\x00\x00\x00\x00\x00\x00\x00\x00\x00\x00\x00\x00\x00\x00\x00\x00\x00\x00\x00\x00\x00\x00\x00\x00\x00\x00\x00\x00\x00\x00\x00\x00\x00\x00?'\xba\xe2\xc4\xc7Bp\x00\x00\x00\t\x08\x00\x00\x00\x01\x00\x00\x00+\n\xad\x88BW\x00\x01?\xc8 \xc7\x04\xddn\xe8?\xa3]\xd2im\xcf\xdf?\xd4\x92\x1f1\xa8\x8b%?\xb9\x99\x99\x99\x99\x99\x9a\x00\x00\x00\x1a\x0b\x00\x00\x01\xc2\x00\x00\x00\x00\x00\x00\x00\x00\x01?\xc0\x00\x00@`\x00\x00\x00\x00\x00\x08\x0c\x00\x01\x01"
Sub-package length: 47
Sub-package type: 0, ROBOT_MODE_DATA
Sub-package Data (including 5 header bits): b'\x00\x00\x00/\x00\x00\x00\x00\x01M\xe5SP\x01\x01\x01\x00\x00\x00\x00\x07\x00?\xf0\x00\x00\x00\x00\x00\x00\x00\x00\x00\x00\x00\x00\x00\x00?\xf0\x00\x00\x00\x00\x00\x00\x00'
	packageSize: 47
	packageType: 0
	timestamp: 5601842000
	isRealRobotConnected: True
	isRealRobotEnabled: True
	isRobotPowerOn: True
	isEmergencyStopped: False
	isProtectiveStopped: False
	isProgramRunning: False
	isProgramPaused: False
	robotMode: 7
	controlMode: 0
	targetSpeedFraction: 1.0
	speedScaling: 0.0
	targetSpeedFractionLimit: 1.0
	reserved: 0
Sub-package length: 251
Sub-package type: 1, JOINT_DATA
Sub-package Data (including 5 header bits): b'\x00\x00\x00\xfb\x01\xc0\n\xfbTh\x88Z0\xc0\n\xfbp\xc3/qu\x00\x00\x00\x00\x00\x00\x00\x00\xbdQ\x0b\xd3B=\xf0;A\xf7\x00\x00\x00\x00\x00\x00\xfd\xbf\xe8\xa5\x00\xe8\xa4\x8a\xa0\xbf\xe8\xa5BE\xfb\xdc\xa0\x00\x00\x00\x00\x00\x00\x00\x00\xbf\xa5\xf7~B>\x1cCB\x04\xc0\x00\x00\x00\x00\x00\xfd?\xf6%JQ\x10\xb4`?\xf6%K5\x87Z\x87\x80\x00\x00\x00\x00\x00\x00\x00\xbe\xf3\xe5QB>HKB\x06\x80\x00\x00\x00\x00\x00\xfd\xc0\x15I\xd1\xe9X\xbel\xc0\x15I\xca\xc7\xff\xda>\x80\x00\x00\x00\x00\x00\x00\x00>\xbc\x85\xb9B>\x1cCB\x18\xc0\x00\x00\x00\x00\x00\xfd\xc0\x12\xe7o\xf4D-\x18\xc0\x12\xe7w-]\xe5\xd6\x00\x00\x00\x00\x00\x00\x00\x00\xbd\x97cFB=\xf0;B%@\x00\x00\x00\x00\x00\xfd\xc07\xc4\xdc>D-\x18\xc07\xc4\xda.d\x973\x00\x00\x00\x00\x00\x00\x00\x00;{X\xc0B>V\xf8B)\x80\x00\x00\x00\x00\x00\xfd'
	packageSize: 251
	packageType: 1
	joint 1 q_actual: -3.3727195898639124
	joint 1 q_target: -3.37277367104087
	joint 1 qd_actual: 0.0
	joint 1 i_actual: -0.051036667078733444
	joint 1 V_actual: 47.48460006713867
	joint 1 T_motor: 30.875
	joint 2 q_actual: 2.1033424833e-314
	joint 2 q_target: 2.8073941622202705e-304
	joint 2 qd_actual: 188839706624.0
	joint 2 i_actual: 0.0
	joint 2 V_actual: 1.760011673403009e-38
	joint 2 T_motor: 6.4548180373742935e+37
	joint 3 q_actual: 1.0143544522047488e+16
	joint 3 q_target: 6.664506960652824e-304
	joint 3 qd_actual: -2.071000320849978e-56
	joint 3 i_actual: 1.9069929672146944e+16
	joint 3 V_actual: 0.0
	joint 3 T_motor: 6.849967283159003e-41
	joint 4 q_actual: -1.118992268159521e+180
	joint 4 q_target: -3.20945e-319
	joint 4 qd_actual: 4.0211350484251614e-206
	joint 4 i_actual: 4.075158985800132e-26
	joint 4 V_actual: nan
	joint 4 T_motor: 0.0
	joint 5 q_actual: 1.33126409549e-312
	joint 5 q_target: 1.6451072474762962e-09
	joint 5 qd_actual: 5.38457044053e-312
	joint 5 i_actual: -6.217070276982977e+31
	joint 5 V_actual: -2.295377492904663
	joint 5 T_motor: 1.2613429398178333e-11
	joint 6 q_actual: 0.0
	joint 6 q_target: -5.3177679577770704e-12
	joint 6 qd_actual: 45634027520.0
	joint 6 i_actual: -3.1937665858775697e+37
	joint 6 V_actual: -2.142208225569669e+17
	joint 6 T_motor: 4.9687145644596336e-24
Sub-package length: 101
Sub-package type: 4, CARTESIAN_INFO
Sub-package Data (including 5 header bits): b'\x00\x00\x00e\x04?\xd2R\xab\xac\xd2GJ?\xb1\x89\xd7\x19R]\xa2\xbf\x90\x99|\xae\x02\x19p\xc0\t\x10p\xb9\xc3\xab\xe4?\xa0P\xbaC\xd8\x89\xe1?h\xb1D\xc2\xb9*s\x00\x00\x00\x00\x00\x00\x00\x00\x00\x00\x00\x00\x00\x00\x00\x00?\xbf]x\x81\x1b\x1d\x92\x00\x00\x00\x00\x00\x00\x00\x00\x00\x00\x00\x00\x00\x00\x00\x00\x00\x00\x00\x00\x00\x00\x00\x00'
	packageSize: 101
	packageType: 4
	X: 0.28629581334199783
	Y: 0.06850952499586652
	Z: -0.016210506554239
	Rx: -3.133027507099074
	Ry: 0.031865902692761024
	Rz: 0.003014215753670607
	TCPOffsetX: 0.0
	TCPOffsetY: 0.0
	TCPOffsetZ: 0.12251999999999999
	TCPOffsetRx: 0.0
	TCPOffsetRy: 0.0
	TCPOffsetRz: 0.0
Sub-package length: 53
Sub-package type: 9, NEEDED_FOR_CALIB_DATA
Sub-package Data (including 5 header bits): b'\x00\x00\x005\t?\xe1\x98\x88\xf2{A\xd5?\xf3\xe7\xae\x92Q\xcb0\xbf\xdc\xb2\xfd\x83\xbb\xc5\x9c\xbf\xdc\xe2\x86\xb2\xf5\x04\xbe?\xd1\xce\x9e\x18\xeb\x91\xc8\xbf\x8c\xf1#\x9e\xd5J@'
Sub-package length: 75
Sub-package type: 3, MASTERBOARD_DATA
Sub-package Data (including 5 header bits): b'\x00\x00\x00K\x03\x00\x00\x00\x00\x00\x00\x00\x00\x01\x01\x80\x00\x00\x00\x00\x00\x00\x00\x80\x00\x00\x00\x00\x00\x00\x00\x00\x00?pbM\xe0\x00\x00\x00?pbM\xe0\x00\x00\x00A\xff\x00\x00B>)\xe2?b\x05\x1c\x00\x00\x00\x00\x01\x00\x00\xad\x88BW\x00\x01\x01'
Sub-package length: 37
Sub-package type: 2, TOOL_DATA
Sub-package Data (including 5 header bits): b'\x00\x00\x00%\x02\x01\x01?\x9c\x11E \x00\x00\x00?\x9c\x11E \x00\x00\x00\x00\x00\x00\x00\x00<\x89\x8d\xa0B\x18\x00\x00\xfd'
Sub-package length: 61
Sub-package type: 7, FORCE_MODE_DATA
Sub-package Data (including 5 header bits): b"\x00\x00\x00=\x07\x00\x00\x00\x00\x00\x00\x00\x00\x00\x00\x00\x00\x00\x00\x00\x00\x00\x00\x00\x00\x00\x00\x00\x00\x00\x00\x00\x00\x00\x00\x00\x00\x00\x00\x00\x00\x00\x00\x00\x00\x00\x00\x00\x00\x00\x00\x00\x00?'\xba\xe2\xc4\xc7Bp"
Sub-package length: 9
Sub-package type: 8, ADDITIONAL_INFO
Sub-package Data (including 5 header bits): b'\x00\x00\x00\t\x08\x00\x00\x00\x01'
Sub-package length: 43
Sub-package type: 10, fuck
Sub-package Data (including 5 header bits): b'\x00\x00\x00+\n\xad\x88BW\x00\x01?\xc8 \xc7\x04\xddn\xe8?\xa3]\xd2im\xcf\xdf?\xd4\x92\x1f1\xa8\x8b%?\xb9\x99\x99\x99\x99\x99\x9a'
Sub-package length: 26
Sub-package type: 11, TOOL_COMM_INFO
Sub-package Data (including 5 header bits): b'\x00\x00\x00\x1a\x0b\x00\x00\x01\xc2\x00\x00\x00\x00\x00\x00\x00\x00\x01?\xc0\x00\x00@`\x00\x00'
Sub-package length: 8
Sub-package type: 12, TOOL_MODE_INFO
Sub-package Data (including 5 header bits): b'\x00\x00\x00\x08\x0c\x00\x01\x01'

DEBUG:Toggling the command b'get_controller_temp()\n'
Logging new packet.
Message type: 16, ROBOT_STATE
Message length: 716
Full raw message data: b'\x00\x00\x02\xcc\x10\x00\x00\x00/\x00\x00\x00\x00\x01M\xe6\xdd\xd8\x01\x01\x01\x00\x00\x00\x00\x07\x00?\xf0\x00\x00\x00\x00\x00\x00\x00\x00\x00\x00\x00\x00\x00\x00?\xf0\x00\x00\x00\x00\x00\x00\x00\x00\x00\x00\xfb\x01\xc0\n\xfbe\x88\x88Z0\xc0\n\xfbp\xc3/qu\x00\x00\x00\x00\x00\x00\x00\x00\xbd\xae\xfa\xbcB=\xd2\xe1A\xf7\x00\x00\x00\x00\x00\x00\xfd\xbf\xe8\xa5\x00\xe8\xa4\x8a\xa0\xbf\xe8\xa5BE\xfb\xdc\xa0\x00\x00\x00\x00\x00\x00\x00\x00\xbf\xa7foB>\x1cCB\x04\x80\x00\x00\x00\x00\x00\xfd?\xf6%7\xd1\x10\xb4`?\xf6%K5\x87Z\x87\x80\x00\x00\x00\x00\x00\x00\x00\xbe\xf4;\x9cB>\r\x96B\x06\x80\x00\x00\x00\x00\x00\xfd\xc0\x15I\xd8\xb9X\xbel\xc0\x15I\xca\xc7\xff\xda>\x80\x00\x00\x00\x00\x00\x00\x00>\xbc\xb4@B=\xfe\xe8B\x18\xc0\x00\x00\x00\x00\x00\xfd\xc0\x12\xe7vDD-\x18\xc0\x12\xe7w-]\xe5\xd6\x00\x00\x00\x00\x00\x00\x00\x00\xbd\x81C\xc2B=\xf0;B%@\x00\x00\x00\x00\x00\xfd\xc07\xc4\xda\xfcD-\x18\xc07\xc4\xda.d\x973\x00\x00\x00\x00\x00\x00\x00\x00<i\x0c\xf0B>*\xf0B)\x80\x00\x00\x00\x00\x00\xfd\x00\x00\x00e\x04?\xd2R\xe9\t\xe0o\xe0?\xb1\x89b\x90"\xff\xb4\xbf\x90\x99\xa8\x8fJ\x98\xa4\xc0\t\x10h\xf7\xdb\x89\xa6?\xa0[K"0\x9a\xea?h\x14\x17\x95b\x18#\x00\x00\x00\x00\x00\x00\x00\x00\x00\x00\x00\x00\x00\x00\x00\x00?\xbf]x\x81\x1b\x1d\x92\x00\x00\x00\x00\x00\x00\x00\x00\x00\x00\x00\x00\x00\x00\x00\x00\x00\x00\x00\x00\x00\x00\x00\x00\x00\x00\x005\t?\xedt\xed*X/k?\xf5\xd8\xe00C\xcbH\xbf\xdc`{x\x92g\xb8\xbf\xdc\xf9b\xe7^\xd1\xe4?\xceV\x1c1\xecm\xae\xbf\xaa\xd5\xcfH\x196\xd0\x00\x00\x00K\x03\x00\x00\x00\x00\x00\x00\x00\x00\x01\x01\x80\x00\x00\x00\x00\x00\x00\x00\x80\x00\x00\x00\x00\x00\x00\x00\x00\x00?pbM\xe0\x00\x00\x00?pbM\xe0\x00\x00\x00A\xff\x00\x00B>#w?h\xe4\xd5\x00\x00\x00\x00\x01\x00\x00\xad\x88BW\x00\x01\x01\x00\x00\x00%\x02\x01\x01?\x9c\x11E \x00\x00\x00?\x9c\x11E \x00\x00\x00\x00\x00\x00\x00\x00<\x84\xb1 B\x18\x80\x00\xfd\x00\x00\x00=\x07\x00\x00\x00\x00\x00\x00\x00\x00\x00\x00\x00\x00\x00\x00\x00\x00\x00\x00\x00\x00\x00\x00\x00\x00\x00\x00\x00\x00\x00\x00\x00\x00\x00\x00\x00\x00\x00\x00\x00\x00\x00\x00\x00\x00\x00\x00\x00\x00?\'\xba\xf0\xc0Ki\x80\x00\x00\x00\t\x08\x00\x00\x00\x01\x00\x00\x00+\n\xad\x88BW\x00\x01?\xc8 \xd1a\xdb\xc1s?\xa3]\x03\xd0\x99W\xc6?\xd4\x92\x1f1\xa8\x8b%?\xb9\x99\x99\x99\x99\x99\x9a\x00\x00\x00\x1a\x0b\x00\x00\x01\xc2\x00\x00\x00\x00\x00\x00\x00\x00\x01?\xc0\x00\x00@`\x00\x00\x00\x00\x00\x08\x0c\x00\x01\x01'
Sub-package length: 47
Sub-package type: 0, ROBOT_MODE_DATA
Sub-package Data (including 5 header bits): b'\x00\x00\x00/\x00\x00\x00\x00\x01M\xe6\xdd\xd8\x01\x01\x01\x00\x00\x00\x00\x07\x00?\xf0\x00\x00\x00\x00\x00\x00\x00\x00\x00\x00\x00\x00\x00\x00?\xf0\x00\x00\x00\x00\x00\x00\x00'
	packageSize: 47
	packageType: 0
	timestamp: 5601943000
	isRealRobotConnected: True
	isRealRobotEnabled: True
	isRobotPowerOn: True
	isEmergencyStopped: False
	isProtectiveStopped: False
	isProgramRunning: False
	isProgramPaused: False
	robotMode: 7
	controlMode: 0
	targetSpeedFraction: 1.0
	speedScaling: 0.0
	targetSpeedFractionLimit: 1.0
	reserved: 0
Sub-package length: 251
Sub-package type: 1, JOINT_DATA
Sub-package Data (including 5 header bits): b'\x00\x00\x00\xfb\x01\xc0\n\xfbe\x88\x88Z0\xc0\n\xfbp\xc3/qu\x00\x00\x00\x00\x00\x00\x00\x00\xbd\xae\xfa\xbcB=\xd2\xe1A\xf7\x00\x00\x00\x00\x00\x00\xfd\xbf\xe8\xa5\x00\xe8\xa4\x8a\xa0\xbf\xe8\xa5BE\xfb\xdc\xa0\x00\x00\x00\x00\x00\x00\x00\x00\xbf\xa7foB>\x1cCB\x04\x80\x00\x00\x00\x00\x00\xfd?\xf6%7\xd1\x10\xb4`?\xf6%K5\x87Z\x87\x80\x00\x00\x00\x00\x00\x00\x00\xbe\xf4;\x9cB>\r\x96B\x06\x80\x00\x00\x00\x00\x00\xfd\xc0\x15I\xd8\xb9X\xbel\xc0\x15I\xca\xc7\xff\xda>\x80\x00\x00\x00\x00\x00\x00\x00>\xbc\xb4@B=\xfe\xe8B\x18\xc0\x00\x00\x00\x00\x00\xfd\xc0\x12\xe7vDD-\x18\xc0\x12\xe7w-]\xe5\xd6\x00\x00\x00\x00\x00\x00\x00\x00\xbd\x81C\xc2B=\xf0;B%@\x00\x00\x00\x00\x00\xfd\xc07\xc4\xda\xfcD-\x18\xc07\xc4\xda.d\x973\x00\x00\x00\x00\x00\x00\x00\x00<i\x0c\xf0B>*\xf0B)\x80\x00\x00\x00\x00\x00\xfd'
	packageSize: 251
	packageType: 1
	joint 1 q_actual: -3.3727522532092493
	joint 1 q_target: -3.37277367104087
	joint 1 qd_actual: 0.0
	joint 1 i_actual: -0.08543917536735535
	joint 1 V_actual: 47.455936431884766
	joint 1 T_motor: 30.875
	joint 2 q_actual: 2.1033424833e-314
	joint 2 q_target: 2.8073941622202705e-304
	joint 2 qd_actual: 188839706624.0
	joint 2 i_actual: 0.0
	joint 2 V_actual: 1.7600631010566497e-38
	joint 2 T_motor: 6.011517753241857e+28
	joint 3 q_actual: 1.01429947662336e+16
	joint 3 q_target: 6.664506959671401e-304
	joint 3 qd_actual: -2.071000320849978e-56
	joint 3 i_actual: 1.9069929672146944e+16
	joint 3 V_actual: 0.0
	joint 3 T_motor: 6.850107413005436e-41
	joint 4 q_actual: 1.49600626387614e-21
	joint 4 q_target: -3.20945e-319
	joint 4 qd_actual: 4.025279428039685e-206
	joint 4 i_actual: 4.075158985800132e-26
	joint 4 V_actual: nan
	joint 4 T_motor: 0.0
	joint 5 q_actual: 1.331279160617e-312
	joint 5 q_target: 4.497598064378411e-10
	joint 5 qd_actual: 5.384570440564e-312
	joint 5 i_actual: 784.70458984375
	joint 5 V_actual: -2.295377492904663
	joint 5 T_motor: 1.2613429398178333e-11
	joint 6 q_actual: 0.0
	joint 6 q_target: -1.962767203554658e-12
	joint 6 qd_actual: 45634027520.0
	joint 6 i_actual: -3.1937665858775697e+37
	joint 6 V_actual: -3.55033270976512e+16
	joint 6 T_motor: 4.9687145644596336e-24
Sub-package length: 101
Sub-package type: 4, CARTESIAN_INFO
Sub-package Data (including 5 header bits): b'\x00\x00\x00e\x04?\xd2R\xe9\t\xe0o\xe0?\xb1\x89b\x90"\xff\xb4\xbf\x90\x99\xa8\x8fJ\x98\xa4\xc0\t\x10h\xf7\xdb\x89\xa6?\xa0[K"0\x9a\xea?h\x14\x17\x95b\x18#\x00\x00\x00\x00\x00\x00\x00\x00\x00\x00\x00\x00\x00\x00\x00\x00?\xbf]x\x81\x1b\x1d\x92\x00\x00\x00\x00\x00\x00\x00\x00\x00\x00\x00\x00\x00\x00\x00\x00\x00\x00\x00\x00\x00\x00\x00\x00'
	packageSize: 101
	packageType: 4
	X: 0.28631044353983093
	Y: 0.06850257891619443
	Z: -0.016211160417377926
	Rx: -3.1330127109406076
	Ry: 0.031946514056746825
	Rz: 0.0029392681709081866
	TCPOffsetX: 0.0
	TCPOffsetY: 0.0
	TCPOffsetZ: 0.12251999999999999
	TCPOffsetRx: 0.0
	TCPOffsetRy: 0.0
	TCPOffsetRz: 0.0
Sub-package length: 53
Sub-package type: 9, NEEDED_FOR_CALIB_DATA
Sub-package Data (including 5 header bits): b'\x00\x00\x005\t?\xedt\xed*X/k?\xf5\xd8\xe00C\xcbH\xbf\xdc`{x\x92g\xb8\xbf\xdc\xf9b\xe7^\xd1\xe4?\xceV\x1c1\xecm\xae\xbf\xaa\xd5\xcfH\x196\xd0'
Sub-package length: 75
Sub-package type: 3, MASTERBOARD_DATA
Sub-package Data (including 5 header bits): b'\x00\x00\x00K\x03\x00\x00\x00\x00\x00\x00\x00\x00\x01\x01\x80\x00\x00\x00\x00\x00\x00\x00\x80\x00\x00\x00\x00\x00\x00\x00\x00\x00?pbM\xe0\x00\x00\x00?pbM\xe0\x00\x00\x00A\xff\x00\x00B>#w?h\xe4\xd5\x00\x00\x00\x00\x01\x00\x00\xad\x88BW\x00\x01\x01'
Sub-package length: 37
Sub-package type: 2, TOOL_DATA
Sub-package Data (including 5 header bits): b'\x00\x00\x00%\x02\x01\x01?\x9c\x11E \x00\x00\x00?\x9c\x11E \x00\x00\x00\x00\x00\x00\x00\x00<\x84\xb1 B\x18\x80\x00\xfd'
Sub-package length: 61
Sub-package type: 7, FORCE_MODE_DATA
Sub-package Data (including 5 header bits): b"\x00\x00\x00=\x07\x00\x00\x00\x00\x00\x00\x00\x00\x00\x00\x00\x00\x00\x00\x00\x00\x00\x00\x00\x00\x00\x00\x00\x00\x00\x00\x00\x00\x00\x00\x00\x00\x00\x00\x00\x00\x00\x00\x00\x00\x00\x00\x00\x00\x00\x00\x00\x00?'\xba\xf0\xc0Ki\x80"
Sub-package length: 9
Sub-package type: 8, ADDITIONAL_INFO
Sub-package Data (including 5 header bits): b'\x00\x00\x00\t\x08\x00\x00\x00\x01'
Sub-package length: 43
Sub-package type: 10, fuck
Sub-package Data (including 5 header bits): b'\x00\x00\x00+\n\xad\x88BW\x00\x01?\xc8 \xd1a\xdb\xc1s?\xa3]\x03\xd0\x99W\xc6?\xd4\x92\x1f1\xa8\x8b%?\xb9\x99\x99\x99\x99\x99\x9a'
Sub-package length: 26
Sub-package type: 11, TOOL_COMM_INFO
Sub-package Data (including 5 header bits): b'\x00\x00\x00\x1a\x0b\x00\x00\x01\xc2\x00\x00\x00\x00\x00\x00\x00\x00\x01?\xc0\x00\x00@`\x00\x00'
Sub-package length: 8
Sub-package type: 12, TOOL_MODE_INFO
Sub-package Data (including 5 header bits): b'\x00\x00\x00\x08\x0c\x00\x01\x01'

DEBUG:Toggling the command b'get_tcp_force()\n'
Logging new packet.
Message type: 16, ROBOT_STATE
Message length: 716
Full raw message data: b"\x00\x00\x02\xcc\x10\x00\x00\x00/\x00\x00\x00\x00\x01M\xe8dx\x01\x01\x01\x00\x00\x00\x00\x07\x00?\xf0\x00\x00\x00\x00\x00\x00\x00\x00\x00\x00\x00\x00\x00\x00?\xf0\x00\x00\x00\x00\x00\x00\x00\x00\x00\x00\xfb\x01\xc0\n\xfba\x88\x88Z0\xc0\n\xfbp\xc3/qu\x00\x00\x00\x00\x00\x00\x00\x00\xbdC\xa0{B=\xf0;A\xf7\x00\x00\x00\x00\x00\x00\xfd\xbf\xe8\xa5Eh\xa4\x8a\xa0\xbf\xe8\xa5BE\xfb\xdc\xa0\x00\x00\x00\x00\x00\x00\x00\x00\xbf\xa7\xbb\xe4B>*\xf0B\x04\x80\x00\x00\x00\x00\x00\xfd?\xf6%yQ\x10\xb4`?\xf6%K5\x87Z\x87\x80\x00\x00\x00\x00\x00\x00\x00\xbe\xee\x992B>9\x9eB\x06\x80\x00\x00\x00\x00\x00\xfd\xc0\x15I\xd4\tX\xbel\xc0\x15I\xca\xc7\xff\xda>\x80\x00\x00\x00\x00\x00\x00\x00>\xbc\x02\x82B=\xfe\xe8B\x18\xc0\x00\x00\x00\x00\x00\xfd\xc0\x12\xe7l\xdcD-\x18\xc0\x12\xe7w-]\xe5\xd6\x00\x00\x00\x00\x00\x00\x00\x00\xbd\x9e\xbbbB>\r\x96B%@\x00\x00\x00\x00\x00\xfd\xc07\xc4\xdbvD-\x18\xc07\xc4\xda.d\x973\x00\x00\x00\x00\x00\x00\x00\x00<\xd48HB>e\xa5B)\x80\x00\x00\x00\x00\x00\xfd\x00\x00\x00e\x04?\xd2R\x90.\x0b\xb3\xc1?\xb1\x89S\x89\xc1\x03\xc6\xbf\x90\x98t\xb8\x01R\xb4\xc0\t\x10u\xf9\xc5\xbd\x92?\xa0XW\x8d\x83\xc7\xbc?h\xc6s \x16\xd43\x00\x00\x00\x00\x00\x00\x00\x00\x00\x00\x00\x00\x00\x00\x00\x00?\xbf]x\x81\x1b\x1d\x92\x00\x00\x00\x00\x00\x00\x00\x00\x00\x00\x00\x00\x00\x00\x00\x00\x00\x00\x00\x00\x00\x00\x00\x00\x00\x00\x005\t?\xe0w`\x08\xa7t\xd7?\xf6K\xebI\x96\xa80\xbf\xe0\xfc\x81o\x05\xdd$\xbf\xdc\xa1\xed\xc8\x90!p?\xd2\xaf\x0eY\x07\\\xde\xbf\xb8o\xc4z*\xe0\xd8\x00\x00\x00K\x03\x00\x00\x00\x00\x00\x00\x00\x00\x01\x01\x80\x00\x00\x00\x00\x00\x00\x00\x80\x00\x00\x00\x00\x00\x00\x00\x00\x00?pbM\xe0\x00\x00\x00?pbM\xe0\x00\x00\x00A\xff\x00\x00B>7\xa3?W\xb4\xd5\x00\x00\x00\x00\x01\x00\x00\xad\x88BW\x00\x01\x01\x00\x00\x00%\x02\x01\x01?\x9f\x93m\xa0\x00\x00\x00?\x95\x0c\xf3\xe0\x00\x00\x00\x00\x00\x00\x00\x00<\xb3D\xc0B\x18\x80\x00\xfd\x00\x00\x00=\x07\x00\x00\x00\x00\x00\x00\x00\x00\x00\x00\x00\x00\x00\x00\x00\x00\x00\x00\x00\x00\x00\x00\x00\x00\x00\x00\x00\x00\x00\x00\x00\x00\x00\x00\x00\x00\x00\x00\x00\x00\x00\x00\x00\x00\x00\x00\x00\x00?'\xba\xaa\xae\xd2\xcc\xf0\x00\x00\x00\t\x08\x00\x00\x00\x01\x00\x00\x00+\n\xad\x88BW\x00\x01?\xc8 \xa1\xbc'\xf4H?\xa3]^\xa69\x08\xc5?\xd4\x927$\xf4\xa44?\xb9\x99\x99\x99\x99\x99\x9a\x00\x00\x00\x1a\x0b\x00\x00\x01\xc2\x00\x00\x00\x00\x00\x00\x00\x00\x01?\xc0\x00\x00@`\x00\x00\x00\x00\x00\x08\x0c\x00\x01\x01"
Sub-package length: 47
Sub-package type: 0, ROBOT_MODE_DATA
Sub-package Data (including 5 header bits): b'\x00\x00\x00/\x00\x00\x00\x00\x01M\xe8dx\x01\x01\x01\x00\x00\x00\x00\x07\x00?\xf0\x00\x00\x00\x00\x00\x00\x00\x00\x00\x00\x00\x00\x00\x00?\xf0\x00\x00\x00\x00\x00\x00\x00'
	packageSize: 47
	packageType: 0
	timestamp: 5602043000
	isRealRobotConnected: True
	isRealRobotEnabled: True
	isRobotPowerOn: True
	isEmergencyStopped: False
	isProtectiveStopped: False
	isProgramRunning: False
	isProgramPaused: False
	robotMode: 7
	controlMode: 0
	targetSpeedFraction: 1.0
	speedScaling: 0.0
	targetSpeedFractionLimit: 1.0
	reserved: 0
Sub-package length: 251
Sub-package type: 1, JOINT_DATA
Sub-package Data (including 5 header bits): b'\x00\x00\x00\xfb\x01\xc0\n\xfba\x88\x88Z0\xc0\n\xfbp\xc3/qu\x00\x00\x00\x00\x00\x00\x00\x00\xbdC\xa0{B=\xf0;A\xf7\x00\x00\x00\x00\x00\x00\xfd\xbf\xe8\xa5Eh\xa4\x8a\xa0\xbf\xe8\xa5BE\xfb\xdc\xa0\x00\x00\x00\x00\x00\x00\x00\x00\xbf\xa7\xbb\xe4B>*\xf0B\x04\x80\x00\x00\x00\x00\x00\xfd?\xf6%yQ\x10\xb4`?\xf6%K5\x87Z\x87\x80\x00\x00\x00\x00\x00\x00\x00\xbe\xee\x992B>9\x9eB\x06\x80\x00\x00\x00\x00\x00\xfd\xc0\x15I\xd4\tX\xbel\xc0\x15I\xca\xc7\xff\xda>\x80\x00\x00\x00\x00\x00\x00\x00>\xbc\x02\x82B=\xfe\xe8B\x18\xc0\x00\x00\x00\x00\x00\xfd\xc0\x12\xe7l\xdcD-\x18\xc0\x12\xe7w-]\xe5\xd6\x00\x00\x00\x00\x00\x00\x00\x00\xbd\x9e\xbbbB>\r\x96B%@\x00\x00\x00\x00\x00\xfd\xc07\xc4\xdbvD-\x18\xc07\xc4\xda.d\x973\x00\x00\x00\x00\x00\x00\x00\x00<\xd48HB>e\xa5B)\x80\x00\x00\x00\x00\x00\xfd'
	packageSize: 251
	packageType: 1
	joint 1 q_actual: -3.372744623814718
	joint 1 q_target: -3.37277367104087
	joint 1 qd_actual: 0.0
	joint 1 i_actual: -0.04776046797633171
	joint 1 V_actual: 47.48460006713867
	joint 1 T_motor: 30.875
	joint 2 q_actual: 2.1033424833e-314
	joint 2 q_target: 2.3832996006285165e+26
	joint 2 qd_actual: 188839706624.0
	joint 2 i_actual: 0.0
	joint 2 V_actual: 1.7600750120935965e-38
	joint 2 T_motor: -1.4332590972316106e+22
	joint 3 q_actual: -5.594523203700797e+232
	joint 3 q_target: 6.664506963146169e-304
	joint 3 qd_actual: -2.071000320849978e-56
	joint 3 i_actual: 1.9069929672146944e+16
	joint 3 V_actual: 0.0
	joint 3 T_motor: 6.849266633926841e-41
	joint 4 q_actual: -2.6227327111924333e-187
	joint 4 q_target: -3.20945e-319
	joint 4 qd_actual: 4.022427790690242e-206
	joint 4 i_actual: 4.075158985800132e-26
	joint 4 V_actual: nan
	joint 4 T_motor: 0.0
	joint 5 q_actual: 1.33122160932e-312
	joint 5 q_target: 4.497598064378411e-10
	joint 5 qd_actual: 5.384570440514e-312
	joint 5 i_actual: -2.208747061510144e+17
	joint 5 V_actual: -2.295377492904663
	joint 5 T_motor: 1.2613429398178333e-11
	joint 6 q_actual: 0.0
	joint 6 q_target: -6.987640531334031e-12
	joint 6 qd_actual: 45634027520.0
	joint 6 i_actual: -3.1937665858775697e+37
	joint 6 V_actual: -6.931780433503846e+16
	joint 6 T_motor: 4.9687145644596336e-24
Sub-package length: 101
Sub-package type: 4, CARTESIAN_INFO
Sub-package Data (including 5 header bits): b'\x00\x00\x00e\x04?\xd2R\x90.\x0b\xb3\xc1?\xb1\x89S\x89\xc1\x03\xc6\xbf\x90\x98t\xb8\x01R\xb4\xc0\t\x10u\xf9\xc5\xbd\x92?\xa0XW\x8d\x83\xc7\xbc?h\xc6s \x16\xd43\x00\x00\x00\x00\x00\x00\x00\x00\x00\x00\x00\x00\x00\x00\x00\x00?\xbf]x\x81\x1b\x1d\x92\x00\x00\x00\x00\x00\x00\x00\x00\x00\x00\x00\x00\x00\x00\x00\x00\x00\x00\x00\x00\x00\x00\x00\x00'
	packageSize: 101
	packageType: 4
	X: 0.2862892579713013
	Y: 0.06850168336042292
	Z: -0.016206573229583923
	Rx: -3.133037520739614
	Ry: 0.03192399599528481
	Rz: 0.0030243156949958604
	TCPOffsetX: 0.0
	TCPOffsetY: 0.0
	TCPOffsetZ: 0.12251999999999999
	TCPOffsetRx: 0.0
	TCPOffsetRy: 0.0
	TCPOffsetRz: 0.0
Sub-package length: 53
Sub-package type: 9, NEEDED_FOR_CALIB_DATA
Sub-package Data (including 5 header bits): b'\x00\x00\x005\t?\xe0w`\x08\xa7t\xd7?\xf6K\xebI\x96\xa80\xbf\xe0\xfc\x81o\x05\xdd$\xbf\xdc\xa1\xed\xc8\x90!p?\xd2\xaf\x0eY\x07\\\xde\xbf\xb8o\xc4z*\xe0\xd8'
Sub-package length: 75
Sub-package type: 3, MASTERBOARD_DATA
Sub-package Data (including 5 header bits): b'\x00\x00\x00K\x03\x00\x00\x00\x00\x00\x00\x00\x00\x01\x01\x80\x00\x00\x00\x00\x00\x00\x00\x80\x00\x00\x00\x00\x00\x00\x00\x00\x00?pbM\xe0\x00\x00\x00?pbM\xe0\x00\x00\x00A\xff\x00\x00B>7\xa3?W\xb4\xd5\x00\x00\x00\x00\x01\x00\x00\xad\x88BW\x00\x01\x01'
Sub-package length: 37
Sub-package type: 2, TOOL_DATA
Sub-package Data (including 5 header bits): b'\x00\x00\x00%\x02\x01\x01?\x9f\x93m\xa0\x00\x00\x00?\x95\x0c\xf3\xe0\x00\x00\x00\x00\x00\x00\x00\x00<\xb3D\xc0B\x18\x80\x00\xfd'
Sub-package length: 61
Sub-package type: 7, FORCE_MODE_DATA
Sub-package Data (including 5 header bits): b"\x00\x00\x00=\x07\x00\x00\x00\x00\x00\x00\x00\x00\x00\x00\x00\x00\x00\x00\x00\x00\x00\x00\x00\x00\x00\x00\x00\x00\x00\x00\x00\x00\x00\x00\x00\x00\x00\x00\x00\x00\x00\x00\x00\x00\x00\x00\x00\x00\x00\x00\x00\x00?'\xba\xaa\xae\xd2\xcc\xf0"
Sub-package length: 9
Sub-package type: 8, ADDITIONAL_INFO
Sub-package Data (including 5 header bits): b'\x00\x00\x00\t\x08\x00\x00\x00\x01'
Sub-package length: 43
Sub-package type: 10, fuck
Sub-package Data (including 5 header bits): b"\x00\x00\x00+\n\xad\x88BW\x00\x01?\xc8 \xa1\xbc'\xf4H?\xa3]^\xa69\x08\xc5?\xd4\x927$\xf4\xa44?\xb9\x99\x99\x99\x99\x99\x9a"
Sub-package length: 26
Sub-package type: 11, TOOL_COMM_INFO
Sub-package Data (including 5 header bits): b'\x00\x00\x00\x1a\x0b\x00\x00\x01\xc2\x00\x00\x00\x00\x00\x00\x00\x00\x01?\xc0\x00\x00@`\x00\x00'
Sub-package length: 8
Sub-package type: 12, TOOL_MODE_INFO
Sub-package Data (including 5 header bits): b'\x00\x00\x00\x08\x0c\x00\x01\x01'

DEBUG:Toggling the command b'is_steady()\n'
Logging new packet.
Message type: 16, ROBOT_STATE
Message length: 716
Full raw message data: b"\x00\x00\x02\xcc\x10\x00\x00\x00/\x00\x00\x00\x00\x01M\xe9\xef\x00\x01\x01\x01\x00\x00\x00\x00\x07\x00?\xf0\x00\x00\x00\x00\x00\x00\x00\x00\x00\x00\x00\x00\x00\x00?\xf0\x00\x00\x00\x00\x00\x00\x00\x00\x00\x00\xfb\x01\xc0\n\xfb\x83\xc8\x88Z0\xc0\n\xfbp\xc3/qu\x00\x00\x00\x00\x00\x00\x00\x00\xbd\xbb\xfa\xe4B>\r\x96A\xf7\x00\x00\x00\x00\x00\x00\xfd\xbf\xe8\xa5;\xc8\xa4\x8a\xa0\xbf\xe8\xa5BE\xfb\xdc\xa0\x00\x00\x00\x00\x00\x00\x00\x00\xbf\xa5~\x1cB>\x1cCB\x04\x80\x00\x00\x00\x00\x00\xfd?\xf6%l\xd1\x10\xb4`?\xf6%K5\x87Z\x87\x80\x00\x00\x00\x00\x00\x00\x00\xbe\xf05\x9bB>HKB\x06\x80\x00\x00\x00\x00\x00\xfd\xc0\x15I\xc69X\xbel\xc0\x15I\xca\xc7\xff\xda>\x80\x00\x00\x00\x00\x00\x00\x00>\xbb\n{B>\r\x96B\x18\xc0\x00\x00\x00\x00\x00\xfd\xc0\x12\xe7l\xdcD-\x18\xc0\x12\xe7w-]\xe5\xd6\x00\x00\x00\x00\x00\x00\x00\x00\xbd\xa9\x12\xa2B=\xe1\x8eB%@\x00\x00\x00\x00\x00\xfd\xc07\xc4\xda\x1aD-\x18\xc07\xc4\xda.d\x973\x00\x00\x00\x00\x00\x00\x00\x00<\x18\x06\xa0B>e\xa5B)\x80\x00\x00\x00\x00\x00\xfd\x00\x00\x00e\x04?\xd2R\x82\x1c\x01#\x92?\xb1\x888\xa3\xb9\xa2\x1a\xbf\x90\x97N~NP\xc4\xc0\t\x10p\x0e\xc9i\xf9?\xa0j\x18\x16\x80HW?iWP\xf8zOR\x00\x00\x00\x00\x00\x00\x00\x00\x00\x00\x00\x00\x00\x00\x00\x00?\xbf]x\x81\x1b\x1d\x92\x00\x00\x00\x00\x00\x00\x00\x00\x00\x00\x00\x00\x00\x00\x00\x00\x00\x00\x00\x00\x00\x00\x00\x00\x00\x00\x005\t?\xef\xa53\xa1\xbd\xfa]?\xf3Ci\x85/k\xc8\xbf\xe01\xff\xfc)\xe1\xf2\xbf\xdc(n\x84q\xe7\xe4?\xd3\xeawL\xa1\xb7\xc4\xbf\xa1\x81b4\x13s\xe0\x00\x00\x00K\x03\x00\x00\x00\x00\x00\x00\x00\x00\x01\x01\x80\x00\x00\x00\x00\x00\x00\x00\x80\x00\x00\x00\x00\x00\x00\x00\x00\x00?pbM\xe0\x00\x00\x00?pbM\xe0\x00\x00\x00A\xff\x00\x00B>Dz?{\xcd\x1c\x00\x00\x00\x00\x01\x00\x00\xad\x88BW\x00\x01\x01\x00\x00\x00%\x02\x01\x01?\x9c\x11E \x00\x00\x00?\x95\x0c\xf3\xe0\x00\x00\x00\x00\x00\x00\x00\x00<\x84\xb1@B\x18\x80\x00\xfd\x00\x00\x00=\x07\x00\x00\x00\x00\x00\x00\x00\x00\x00\x00\x00\x00\x00\x00\x00\x00\x00\x00\x00\x00\x00\x00\x00\x00\x00\x00\x00\x00\x00\x00\x00\x00\x00\x00\x00\x00\x00\x00\x00\x00\x00\x00\x00\x00\x00\x00\x00\x00?'\xba\xb7\xac\xb9\xc6\xb0\x00\x00\x00\t\x08\x00\x00\x00\x01\x00\x00\x00+\n\xad\x88BW\x00\x01?\xc8 \xbc\xd0\x12\x02\xb0?\xa3[\xbbz\xb1\xb6\n?\xd4\x923\xc7s\xf5\x81?\xb9\x99\x99\x99\x99\x99\x9a\x00\x00\x00\x1a\x0b\x00\x00\x01\xc2\x00\x00\x00\x00\x00\x00\x00\x00\x01?\xc0\x00\x00@`\x00\x00\x00\x00\x00\x08\x0c\x00\x01\x01"
Sub-package length: 47
Sub-package type: 0, ROBOT_MODE_DATA
Sub-package Data (including 5 header bits): b'\x00\x00\x00/\x00\x00\x00\x00\x01M\xe9\xef\x00\x01\x01\x01\x00\x00\x00\x00\x07\x00?\xf0\x00\x00\x00\x00\x00\x00\x00\x00\x00\x00\x00\x00\x00\x00?\xf0\x00\x00\x00\x00\x00\x00\x00'
	packageSize: 47
	packageType: 0
	timestamp: 5602144000
	isRealRobotConnected: True
	isRealRobotEnabled: True
	isRobotPowerOn: True
	isEmergencyStopped: False
	isProtectiveStopped: False
	isProgramRunning: False
	isProgramPaused: False
	robotMode: 7
	controlMode: 0
	targetSpeedFraction: 1.0
	speedScaling: 0.0
	targetSpeedFractionLimit: 1.0
	reserved: 0
Sub-package length: 251
Sub-package type: 1, JOINT_DATA
Sub-package Data (including 5 header bits): b'\x00\x00\x00\xfb\x01\xc0\n\xfb\x83\xc8\x88Z0\xc0\n\xfbp\xc3/qu\x00\x00\x00\x00\x00\x00\x00\x00\xbd\xbb\xfa\xe4B>\r\x96A\xf7\x00\x00\x00\x00\x00\x00\xfd\xbf\xe8\xa5;\xc8\xa4\x8a\xa0\xbf\xe8\xa5BE\xfb\xdc\xa0\x00\x00\x00\x00\x00\x00\x00\x00\xbf\xa5~\x1cB>\x1cCB\x04\x80\x00\x00\x00\x00\x00\xfd?\xf6%l\xd1\x10\xb4`?\xf6%K5\x87Z\x87\x80\x00\x00\x00\x00\x00\x00\x00\xbe\xf05\x9bB>HKB\x06\x80\x00\x00\x00\x00\x00\xfd\xc0\x15I\xc69X\xbel\xc0\x15I\xca\xc7\xff\xda>\x80\x00\x00\x00\x00\x00\x00\x00>\xbb\n{B>\r\x96B\x18\xc0\x00\x00\x00\x00\x00\xfd\xc0\x12\xe7l\xdcD-\x18\xc0\x12\xe7w-]\xe5\xd6\x00\x00\x00\x00\x00\x00\x00\x00\xbd\xa9\x12\xa2B=\xe1\x8eB%@\x00\x00\x00\x00\x00\xfd\xc07\xc4\xda\x1aD-\x18\xc07\xc4\xda.d\x973\x00\x00\x00\x00\x00\x00\x00\x00<\x18\x06\xa0B>e\xa5B)\x80\x00\x00\x00\x00\x00\xfd'
	packageSize: 251
	packageType: 1
	joint 1 q_actual: -3.372809950505392
	joint 1 q_target: -3.37277367104087
	joint 1 qd_actual: 0.0
	joint 1 i_actual: -0.09178712964057922
	joint 1 V_actual: 47.513267517089844
	joint 1 T_motor: 30.875
	joint 2 q_actual: 2.1033424833e-314
	joint 2 q_target: 1.0436606469958406e-20
	joint 2 qd_actual: 188839706624.0
	joint 2 i_actual: 0.0
	joint 2 V_actual: 1.7599947176915907e-38
	joint 2 T_motor: 6.426949001983024e-22
	joint 3 q_actual: 1.01429947662336e+16
	joint 3 q_target: 6.6645069624830456e-304
	joint 3 qd_actual: -2.071000320849978e-56
	joint 3 i_actual: 1.9069929672146944e+16
	joint 3 V_actual: 0.0
	joint 3 T_motor: 6.849546893619706e-41
	joint 4 q_actual: 1.8214064849221536e-50
	joint 4 q_target: -3.20945e-319
	joint 4 qd_actual: 4.0140249659672175e-206
	joint 4 i_actual: 4.075158985800132e-26
	joint 4 V_actual: nan
	joint 4 T_motor: 0.0
	joint 5 q_actual: 1.331141300334e-312
	joint 5 q_target: 8.610934617257759e-10
	joint 5 qd_actual: 5.384570440514e-312
	joint 5 i_actual: -2.208747061510144e+17
	joint 5 V_actual: -2.295377492904663
	joint 5 T_motor: 1.2613429398178333e-11
	joint 6 q_actual: 0.0
	joint 6 q_target: -1.1401784091568739e-11
	joint 6 qd_actual: 45634027520.0
	joint 6 i_actual: -3.1937665858775697e+37
	joint 6 V_actual: -1.0855526619414528e+16
	joint 6 T_motor: 4.9687145644596336e-24
Sub-package length: 101
Sub-package type: 4, CARTESIAN_INFO
Sub-package Data (including 5 header bits): b'\x00\x00\x00e\x04?\xd2R\x82\x1c\x01#\x92?\xb1\x888\xa3\xb9\xa2\x1a\xbf\x90\x97N~NP\xc4\xc0\t\x10p\x0e\xc9i\xf9?\xa0j\x18\x16\x80HW?iWP\xf8zOR\x00\x00\x00\x00\x00\x00\x00\x00\x00\x00\x00\x00\x00\x00\x00\x00?\xbf]x\x81\x1b\x1d\x92\x00\x00\x00\x00\x00\x00\x00\x00\x00\x00\x00\x00\x00\x00\x00\x00\x00\x00\x00\x00\x00\x00\x00\x00'
	packageSize: 101
	packageType: 4
	X: 0.28628590330895876
	Y: 0.06848482129283476
	Z: -0.01620218892965465
	Rx: -3.133026233216921
	Ry: 0.03205943369552305
	Rz: 0.0030933934647893535
	TCPOffsetX: 0.0
	TCPOffsetY: 0.0
	TCPOffsetZ: 0.12251999999999999
	TCPOffsetRx: 0.0
	TCPOffsetRy: 0.0
	TCPOffsetRz: 0.0
Sub-package length: 53
Sub-package type: 9, NEEDED_FOR_CALIB_DATA
Sub-package Data (including 5 header bits): b'\x00\x00\x005\t?\xef\xa53\xa1\xbd\xfa]?\xf3Ci\x85/k\xc8\xbf\xe01\xff\xfc)\xe1\xf2\xbf\xdc(n\x84q\xe7\xe4?\xd3\xeawL\xa1\xb7\xc4\xbf\xa1\x81b4\x13s\xe0'
Sub-package length: 75
Sub-package type: 3, MASTERBOARD_DATA
Sub-package Data (including 5 header bits): b'\x00\x00\x00K\x03\x00\x00\x00\x00\x00\x00\x00\x00\x01\x01\x80\x00\x00\x00\x00\x00\x00\x00\x80\x00\x00\x00\x00\x00\x00\x00\x00\x00?pbM\xe0\x00\x00\x00?pbM\xe0\x00\x00\x00A\xff\x00\x00B>Dz?{\xcd\x1c\x00\x00\x00\x00\x01\x00\x00\xad\x88BW\x00\x01\x01'
Sub-package length: 37
Sub-package type: 2, TOOL_DATA
Sub-package Data (including 5 header bits): b'\x00\x00\x00%\x02\x01\x01?\x9c\x11E \x00\x00\x00?\x95\x0c\xf3\xe0\x00\x00\x00\x00\x00\x00\x00\x00<\x84\xb1@B\x18\x80\x00\xfd'
Sub-package length: 61
Sub-package type: 7, FORCE_MODE_DATA
Sub-package Data (including 5 header bits): b"\x00\x00\x00=\x07\x00\x00\x00\x00\x00\x00\x00\x00\x00\x00\x00\x00\x00\x00\x00\x00\x00\x00\x00\x00\x00\x00\x00\x00\x00\x00\x00\x00\x00\x00\x00\x00\x00\x00\x00\x00\x00\x00\x00\x00\x00\x00\x00\x00\x00\x00\x00\x00?'\xba\xb7\xac\xb9\xc6\xb0"
Sub-package length: 9
Sub-package type: 8, ADDITIONAL_INFO
Sub-package Data (including 5 header bits): b'\x00\x00\x00\t\x08\x00\x00\x00\x01'
Sub-package length: 43
Sub-package type: 10, fuck
Sub-package Data (including 5 header bits): b'\x00\x00\x00+\n\xad\x88BW\x00\x01?\xc8 \xbc\xd0\x12\x02\xb0?\xa3[\xbbz\xb1\xb6\n?\xd4\x923\xc7s\xf5\x81?\xb9\x99\x99\x99\x99\x99\x9a'
Sub-package length: 26
Sub-package type: 11, TOOL_COMM_INFO
Sub-package Data (including 5 header bits): b'\x00\x00\x00\x1a\x0b\x00\x00\x01\xc2\x00\x00\x00\x00\x00\x00\x00\x00\x01?\xc0\x00\x00@`\x00\x00'
Sub-package length: 8
Sub-package type: 12, TOOL_MODE_INFO
Sub-package Data (including 5 header bits): b'\x00\x00\x00\x08\x0c\x00\x01\x01'

DEBUG:Toggling the command b'wrench_trans(p[0,0,0,1,1,1], [0,0,0,1,1,2])\n'
Logging new packet.
Message type: 16, ROBOT_STATE
Message length: 716
Full raw message data: b"\x00\x00\x02\xcc\x10\x00\x00\x00/\x00\x00\x00\x00\x01M\xebu\xa0\x01\x01\x01\x00\x00\x00\x00\x07\x00?\xf0\x00\x00\x00\x00\x00\x00\x00\x00\x00\x00\x00\x00\x00\x00?\xf0\x00\x00\x00\x00\x00\x00\x00\x00\x00\x00\xfb\x01\xc0\n\xfb{(\x88Z0\xc0\n\xfbp\xc3/qu\x00\x00\x00\x00\x00\x00\x00\x00\xbd\xa6s\x86B=\xd2\xe1A\xf7\x00\x00\x00\x00\x00\x00\xfd\xbf\xe8\xa5\x81\xa8\xa4\x8a\xa0\xbf\xe8\xa5BE\xfb\xdc\xa0\x00\x00\x00\x00\x00\x00\x00\x00\xbf\xa9m\xbeB>\r\x96B\x04\xc0\x00\x00\x00\x00\x00\xfd?\xf6%<\xd1\x10\xb4`?\xf6%K5\x87Z\x87\x80\x00\x00\x00\x00\x00\x00\x00\xbe\xe7\xfb\xa0B>HKB\x06\x80\x00\x00\x00\x00\x00\xfd\xc0\x15I\xce\xc9X\xbel\xc0\x15I\xca\xc7\xff\xda>\x80\x00\x00\x00\x00\x00\x00\x00>\xbd\xe5\xbaB=\xfe\xe8B\x18\xc0\x00\x00\x00\x00\x00\xfd\xc0\x12\xe7wdD-\x18\xc0\x12\xe7w-]\xe5\xd6\x00\x00\x00\x00\x00\x00\x00\x00\xbd\xa5\\\xaeB>\r\x96B%@\x00\x00\x00\x00\x00\xfd\xc07\xc4\xda\xfcD-\x18\xc07\xc4\xda.d\x973\x00\x00\x00\x00\x00\x00\x00\x00:\x06T\x00B>HKB)\x80\x00\x00\x00\x00\x00\xfd\x00\x00\x00e\x04?\xd2R\xf8+\x1a\xa0\x1a?\xb1\x88\xa9\x02\x0c\x0c\t\xbf\x90\x94\xad\xb3ep\x8c\xc0\t\x10h\xa0\x98\\b?\xa0c\xcdi\x94\xe1D?g\xd4\x90\xd0\xba\xd5\xde\x00\x00\x00\x00\x00\x00\x00\x00\x00\x00\x00\x00\x00\x00\x00\x00?\xbf]x\x81\x1b\x1d\x92\x00\x00\x00\x00\x00\x00\x00\x00\x00\x00\x00\x00\x00\x00\x00\x00\x00\x00\x00\x00\x00\x00\x00\x00\x00\x00\x005\t?\xec\x05eX\xab&\xb1?\xf8\x98b\x92\x95\xda\xe8\xbf\xe4Fn\x7f~\xd3\x10\xbf\xdd\x8f\xb0\x8c4-\x06?\xd3y<CME\xac\xbf^\xefb\xfa\xfd\xf8\x00\x00\x00\x00K\x03\x00\x00\x00\x00\x00\x00\x00\x00\x01\x01\x80\x00\x00\x00\x00\x00\x00\x00\x80\x00\x00\x00\x00\x00\x00\x00\x00\x00?pbM\xe0\x00\x00\x00?pbM\xe0\x00\x00\x00A\xff\x00\x00B>\x19a?^\x02_\x00\x00\x00\x00\x01\x00\x00\xad\x88BW\x00\x01\x01\x00\x00\x00%\x02\x01\x01?\xa1\x8a\xcb \x00\x00\x00?\x9f\x93m\xa0\x00\x00\x00\x00\x00\x00\x00\x00<\x9ei@B\x18@\x00\xfd\x00\x00\x00=\x07\x00\x00\x00\x00\x00\x00\x00\x00\x00\x00\x00\x00\x00\x00\x00\x00\x00\x00\x00\x00\x00\x00\x00\x00\x00\x00\x00\x00\x00\x00\x00\x00\x00\x00\x00\x00\x00\x00\x00\x00\x00\x00\x00\x00\x00\x00\x00\x00?'\xba\xca\x88oxP\x00\x00\x00\t\x08\x00\x00\x00\x01\x00\x00\x00+\n\xad\x88BW\x00\x01?\xc8 \x89u\x9c^f?\xa3\\N\xf9B/\xaf?\xd4\x92L5\xa6\xc2g?\xb9\x99\x99\x99\x99\x99\x9a\x00\x00\x00\x1a\x0b\x00\x00\x01\xc2\x00\x00\x00\x00\x00\x00\x00\x00\x01?\xc0\x00\x00@`\x00\x00\x00\x00\x00\x08\x0c\x00\x01\x01"
Sub-package length: 47
Sub-package type: 0, ROBOT_MODE_DATA
Sub-package Data (including 5 header bits): b'\x00\x00\x00/\x00\x00\x00\x00\x01M\xebu\xa0\x01\x01\x01\x00\x00\x00\x00\x07\x00?\xf0\x00\x00\x00\x00\x00\x00\x00\x00\x00\x00\x00\x00\x00\x00?\xf0\x00\x00\x00\x00\x00\x00\x00'
	packageSize: 47
	packageType: 0
	timestamp: 5602244000
	isRealRobotConnected: True
	isRealRobotEnabled: True
	isRobotPowerOn: True
	isEmergencyStopped: False
	isProtectiveStopped: False
	isProgramRunning: False
	isProgramPaused: False
	robotMode: 7
	controlMode: 0
	targetSpeedFraction: 1.0
	speedScaling: 0.0
	targetSpeedFractionLimit: 1.0
	reserved: 0
Sub-package length: 251
Sub-package type: 1, JOINT_DATA
Sub-package Data (including 5 header bits): b'\x00\x00\x00\xfb\x01\xc0\n\xfb{(\x88Z0\xc0\n\xfbp\xc3/qu\x00\x00\x00\x00\x00\x00\x00\x00\xbd\xa6s\x86B=\xd2\xe1A\xf7\x00\x00\x00\x00\x00\x00\xfd\xbf\xe8\xa5\x81\xa8\xa4\x8a\xa0\xbf\xe8\xa5BE\xfb\xdc\xa0\x00\x00\x00\x00\x00\x00\x00\x00\xbf\xa9m\xbeB>\r\x96B\x04\xc0\x00\x00\x00\x00\x00\xfd?\xf6%<\xd1\x10\xb4`?\xf6%K5\x87Z\x87\x80\x00\x00\x00\x00\x00\x00\x00\xbe\xe7\xfb\xa0B>HKB\x06\x80\x00\x00\x00\x00\x00\xfd\xc0\x15I\xce\xc9X\xbel\xc0\x15I\xca\xc7\xff\xda>\x80\x00\x00\x00\x00\x00\x00\x00>\xbd\xe5\xbaB=\xfe\xe8B\x18\xc0\x00\x00\x00\x00\x00\xfd\xc0\x12\xe7wdD-\x18\xc0\x12\xe7w-]\xe5\xd6\x00\x00\x00\x00\x00\x00\x00\x00\xbd\xa5\\\xaeB>\r\x96B%@\x00\x00\x00\x00\x00\xfd\xc07\xc4\xda\xfcD-\x18\xc07\xc4\xda.d\x973\x00\x00\x00\x00\x00\x00\x00\x00:\x06T\x00B>HKB)\x80\x00\x00\x00\x00\x00\xfd'
	packageSize: 251
	packageType: 1
	joint 1 q_actual: -3.372793499623434
	joint 1 q_target: -3.37277367104087
	joint 1 qd_actual: 0.0
	joint 1 i_actual: -0.08127503097057343
	joint 1 V_actual: 47.455936431884766
	joint 1 T_motor: 30.875
	joint 2 q_actual: 2.1033424833e-314
	joint 2 q_target: -1.1499086488454228e-300
	joint 2 qd_actual: 188839706624.0
	joint 2 i_actual: 0.0
	joint 2 V_actual: 1.7601358284469482e-38
	joint 2 T_motor: -0.18968982994556427
	joint 3 q_actual: -1.8390471404270122e-201
	joint 3 q_target: 6.664506959936651e-304
	joint 3 qd_actual: -2.071000320849978e-56
	joint 3 i_actual: 1.9069929672146944e+16
	joint 3 V_actual: 0.0
	joint 3 T_motor: 6.848285725001814e-41
	joint 4 q_actual: -3.094663075173983e+287
	joint 4 q_target: -3.20945e-319
	joint 4 qd_actual: 4.019233956858866e-206
	joint 4 i_actual: 4.075158985800132e-26
	joint 4 V_actual: nan
	joint 4 T_motor: 0.0
	joint 5 q_actual: 1.331378071137e-312
	joint 5 q_target: 4.497598064378411e-10
	joint 5 qd_actual: 5.38457044057e-312
	joint 5 i_actual: 1.447524474231288e+22
	joint 5 V_actual: -2.295377492904663
	joint 5 T_motor: 1.2613429398178333e-11
	joint 6 q_actual: 0.0
	joint 6 q_target: -9.714328360883558e-12
	joint 6 qd_actual: 45634027520.0
	joint 6 i_actual: -3.1937665858775697e+37
	joint 6 V_actual: -3.55033270976512e+16
	joint 6 T_motor: 4.9687145644596336e-24
Sub-package length: 101
Sub-package type: 4, CARTESIAN_INFO
Sub-package Data (including 5 header bits): b'\x00\x00\x00e\x04?\xd2R\xf8+\x1a\xa0\x1a?\xb1\x88\xa9\x02\x0c\x0c\t\xbf\x90\x94\xad\xb3ep\x8c\xc0\t\x10h\xa0\x98\\b?\xa0c\xcdi\x94\xe1D?g\xd4\x90\xd0\xba\xd5\xde\x00\x00\x00\x00\x00\x00\x00\x00\x00\x00\x00\x00\x00\x00\x00\x00?\xbf]x\x81\x1b\x1d\x92\x00\x00\x00\x00\x00\x00\x00\x00\x00\x00\x00\x00\x00\x00\x00\x00\x00\x00\x00\x00\x00\x00\x00\x00'
	packageSize: 101
	packageType: 4
	X: 0.2863140507638505
	Y: 0.06849151897408502
	Z: -0.016192163538435042
	Rx: -3.133012060784993
	Ry: 0.03201143182599478
	Rz: 0.0029089764046499175
	TCPOffsetX: 0.0
	TCPOffsetY: 0.0
	TCPOffsetZ: 0.12251999999999999
	TCPOffsetRx: 0.0
	TCPOffsetRy: 0.0
	TCPOffsetRz: 0.0
Sub-package length: 53
Sub-package type: 9, NEEDED_FOR_CALIB_DATA
Sub-package Data (including 5 header bits): b'\x00\x00\x005\t?\xec\x05eX\xab&\xb1?\xf8\x98b\x92\x95\xda\xe8\xbf\xe4Fn\x7f~\xd3\x10\xbf\xdd\x8f\xb0\x8c4-\x06?\xd3y<CME\xac\xbf^\xefb\xfa\xfd\xf8\x00'
Sub-package length: 75
Sub-package type: 3, MASTERBOARD_DATA
Sub-package Data (including 5 header bits): b'\x00\x00\x00K\x03\x00\x00\x00\x00\x00\x00\x00\x00\x01\x01\x80\x00\x00\x00\x00\x00\x00\x00\x80\x00\x00\x00\x00\x00\x00\x00\x00\x00?pbM\xe0\x00\x00\x00?pbM\xe0\x00\x00\x00A\xff\x00\x00B>\x19a?^\x02_\x00\x00\x00\x00\x01\x00\x00\xad\x88BW\x00\x01\x01'
Sub-package length: 37
Sub-package type: 2, TOOL_DATA
Sub-package Data (including 5 header bits): b'\x00\x00\x00%\x02\x01\x01?\xa1\x8a\xcb \x00\x00\x00?\x9f\x93m\xa0\x00\x00\x00\x00\x00\x00\x00\x00<\x9ei@B\x18@\x00\xfd'
Sub-package length: 61
Sub-package type: 7, FORCE_MODE_DATA
Sub-package Data (including 5 header bits): b"\x00\x00\x00=\x07\x00\x00\x00\x00\x00\x00\x00\x00\x00\x00\x00\x00\x00\x00\x00\x00\x00\x00\x00\x00\x00\x00\x00\x00\x00\x00\x00\x00\x00\x00\x00\x00\x00\x00\x00\x00\x00\x00\x00\x00\x00\x00\x00\x00\x00\x00\x00\x00?'\xba\xca\x88oxP"
Sub-package length: 9
Sub-package type: 8, ADDITIONAL_INFO
Sub-package Data (including 5 header bits): b'\x00\x00\x00\t\x08\x00\x00\x00\x01'
Sub-package length: 43
Sub-package type: 10, fuck
Sub-package Data (including 5 header bits): b'\x00\x00\x00+\n\xad\x88BW\x00\x01?\xc8 \x89u\x9c^f?\xa3\\N\xf9B/\xaf?\xd4\x92L5\xa6\xc2g?\xb9\x99\x99\x99\x99\x99\x9a'
Sub-package length: 26
Sub-package type: 11, TOOL_COMM_INFO
Sub-package Data (including 5 header bits): b'\x00\x00\x00\x1a\x0b\x00\x00\x01\xc2\x00\x00\x00\x00\x00\x00\x00\x00\x01?\xc0\x00\x00@`\x00\x00'
Sub-package length: 8
Sub-package type: 12, TOOL_MODE_INFO
Sub-package Data (including 5 header bits): b'\x00\x00\x00\x08\x0c\x00\x01\x01'

DEBUG:Toggling the command b'wrench_trans(p[0,0,0,1,1,1], [0,0,0,1,2,1])\n'
Logging new packet.
Message type: 16, ROBOT_STATE
Message length: 716
Full raw message data: b"\x00\x00\x02\xcc\x10\x00\x00\x00/\x00\x00\x00\x00\x01M\xed\x00(\x01\x01\x01\x00\x00\x00\x00\x07\x00?\xf0\x00\x00\x00\x00\x00\x00\x00\x00\x00\x00\x00\x00\x00\x00?\xf0\x00\x00\x00\x00\x00\x00\x00\x00\x00\x00\xfb\x01\xc0\n\xfbk\xe8\x88Z0\xc0\n\xfbp\xc3/qu\x00\x00\x00\x00\x00\x00\x00\x00\xbd\x928\x8cB=\xf0;A\xf7\x00\x00\x00\x00\x00\x00\xfd\xbf\xe8\xa5,h\xa4\x8a\xa0\xbf\xe8\xa5BE\xfb\xdc\xa0\x00\x00\x00\x00\x00\x00\x00\x00\xbf\xa9\xc6\xcbB>\r\x96B\x04\xc0\x00\x00\x00\x00\x00\xfd?\xf6%E\xd1\x10\xb4`?\xf6%K5\x87Z\x87\x80\x00\x00\x00\x00\x00\x00\x00\xbe\xe6\x97\xacB>V\xf8B\x06\x80\x00\x00\x00\x00\x00\xfd\xc0\x15I\xcayX\xbel\xc0\x15I\xca\xc7\xff\xda>\x80\x00\x00\x00\x00\x00\x00\x00>\xbdweB>\r\x96B\x18\xc0\x00\x00\x00\x00\x00\xfd\xc0\x12\xe7g\x84D-\x18\xc0\x12\xe7w-]\xe5\xd6\x00\x00\x00\x00\x00\x00\x00\x00\xbd\x9f\xb1\xc6B=\xf0;B%@\x00\x00\x00\x00\x00\xfd\xc07\xc4\xda\x1aD-\x18\xc07\xc4\xda.d\x973\x00\x00\x00\x00\x00\x00\x00\x00<\xa6>\x84B>V\xf8B)\x80\x00\x00\x00\x00\x00\xfd\x00\x00\x00e\x04?\xd2R\xadX\xc56\x07?\xb1\x88\x93#+\xde|\xbf\x90\x97T\x9d\xfe\x01p\xc0\t\x10\x802\xd1U\xb4?\xa0`\xb2\xe9@\xc92?h\xd2\xb4\xfd\x98\xe1j\x00\x00\x00\x00\x00\x00\x00\x00\x00\x00\x00\x00\x00\x00\x00\x00?\xbf]x\x81\x1b\x1d\x92\x00\x00\x00\x00\x00\x00\x00\x00\x00\x00\x00\x00\x00\x00\x00\x00\x00\x00\x00\x00\x00\x00\x00\x00\x00\x00\x005\t?\xe8\x9d\x8b\xca\xae\x96L?\xf9\x10Gn\x1flp\xbf\xe4\xf3\x06\xd2(/\xcc\xbf\xddX\xb6\xd6\xa5\xba\x0c?\xd2\xcc?\xc1D\x12\x92\xbf\xb3$\x82\x0e%w\x8c\x00\x00\x00K\x03\x00\x00\x00\x00\x00\x00\x00\x00\x01\x01\x80\x00\x00\x00\x00\x00\x00\x00\x80\x00\x00\x00\x00\x00\x00\x00\x00\x00?pbM\xe0\x00\x00\x00?pbM\xe0\x00\x00\x00A\xff\x00\x00B>,\xa2?^\x02_\x00\x00\x00\x00\x01\x00\x00\xad\x88BW\x00\x01\x01\x00\x00\x00%\x02\x01\x01?\x9c\x11E \x00\x00\x00?\x98\x8f\x1c\x80\x00\x00\x00\x00\x00\x00\x00\x00<\x84\xb1@B\x18@\x00\xfd\x00\x00\x00=\x07\x00\x00\x00\x00\x00\x00\x00\x00\x00\x00\x00\x00\x00\x00\x00\x00\x00\x00\x00\x00\x00\x00\x00\x00\x00\x00\x00\x00\x00\x00\x00\x00\x00\x00\x00\x00\x00\x00\x00\x00\x00\x00\x00\x00\x00\x00\x00\x00?'\xba\xdcg\xbf\xed\xf0\x00\x00\x00\t\x08\x00\x00\x00\x01\x00\x00\x00+\n\xad\x88BW\x00\x01?\xc8 \xb8\x84\xf1\xfa0?\xa3\\\xd1\xf2gO\xf8?\xd4\x92.gGF\x0b?\xb9\x99\x99\x99\x99\x99\x9a\x00\x00\x00\x1a\x0b\x00\x00\x01\xc2\x00\x00\x00\x00\x00\x00\x00\x00\x01?\xc0\x00\x00@`\x00\x00\x00\x00\x00\x08\x0c\x00\x01\x01"
Sub-package length: 47
Sub-package type: 0, ROBOT_MODE_DATA
Sub-package Data (including 5 header bits): b'\x00\x00\x00/\x00\x00\x00\x00\x01M\xed\x00(\x01\x01\x01\x00\x00\x00\x00\x07\x00?\xf0\x00\x00\x00\x00\x00\x00\x00\x00\x00\x00\x00\x00\x00\x00?\xf0\x00\x00\x00\x00\x00\x00\x00'
	packageSize: 47
	packageType: 0
	timestamp: 5602345000
	isRealRobotConnected: True
	isRealRobotEnabled: True
	isRobotPowerOn: True
	isEmergencyStopped: False
	isProtectiveStopped: False
	isProgramRunning: False
	isProgramPaused: False
	robotMode: 7
	controlMode: 0
	targetSpeedFraction: 1.0
	speedScaling: 0.0
	targetSpeedFractionLimit: 1.0
	reserved: 0
Sub-package length: 251
Sub-package type: 1, JOINT_DATA
Sub-package Data (including 5 header bits): b'\x00\x00\x00\xfb\x01\xc0\n\xfbk\xe8\x88Z0\xc0\n\xfbp\xc3/qu\x00\x00\x00\x00\x00\x00\x00\x00\xbd\x928\x8cB=\xf0;A\xf7\x00\x00\x00\x00\x00\x00\xfd\xbf\xe8\xa5,h\xa4\x8a\xa0\xbf\xe8\xa5BE\xfb\xdc\xa0\x00\x00\x00\x00\x00\x00\x00\x00\xbf\xa9\xc6\xcbB>\r\x96B\x04\xc0\x00\x00\x00\x00\x00\xfd?\xf6%E\xd1\x10\xb4`?\xf6%K5\x87Z\x87\x80\x00\x00\x00\x00\x00\x00\x00\xbe\xe6\x97\xacB>V\xf8B\x06\x80\x00\x00\x00\x00\x00\xfd\xc0\x15I\xcayX\xbel\xc0\x15I\xca\xc7\xff\xda>\x80\x00\x00\x00\x00\x00\x00\x00>\xbdweB>\r\x96B\x18\xc0\x00\x00\x00\x00\x00\xfd\xc0\x12\xe7g\x84D-\x18\xc0\x12\xe7w-]\xe5\xd6\x00\x00\x00\x00\x00\x00\x00\x00\xbd\x9f\xb1\xc6B=\xf0;B%@\x00\x00\x00\x00\x00\xfd\xc07\xc4\xda\x1aD-\x18\xc07\xc4\xda.d\x973\x00\x00\x00\x00\x00\x00\x00\x00<\xa6>\x84B>V\xf8B)\x80\x00\x00\x00\x00\x00\xfd'
	packageSize: 251
	packageType: 1
	joint 1 q_actual: -3.3727644125567835
	joint 1 q_target: -3.37277367104087
	joint 1 qd_actual: 0.0
	joint 1 i_actual: -0.07139691710472107
	joint 1 V_actual: 47.48460006713867
	joint 1 T_motor: 30.875
	joint 2 q_actual: 2.1033424833e-314
	joint 2 q_target: 9.229546764057602e-95
	joint 2 qd_actual: 188839706624.0
	joint 2 i_actual: 0.0
	joint 2 V_actual: 1.7601483000032807e-38
	joint 2 T_motor: -12729869.0
	joint 3 q_actual: -1.8390471404270122e-201
	joint 3 q_target: 6.6645069604141e-304
	joint 3 qd_actual: -2.071000320849978e-56
	joint 3 i_actual: 1.9069929672146944e+16
	joint 3 V_actual: 0.0
	joint 3 T_motor: 6.848145595155381e-41
	joint 4 q_actual: -1.2097230963288174e-194
	joint 4 q_target: -3.20945e-319
	joint 4 qd_actual: 4.016610450497379e-206
	joint 4 i_actual: 4.075158985800132e-26
	joint 4 V_actual: nan
	joint 4 T_motor: 0.0
	joint 5 q_actual: 1.331342346633e-312
	joint 5 q_target: 8.610934617257759e-10
	joint 5 qd_actual: 5.38457044049e-312
	joint 5 i_actual: -2.3060395310641207e-36
	joint 5 V_actual: -2.295377492904663
	joint 5 T_motor: 1.2613429398178333e-11
	joint 6 q_actual: 0.0
	joint 6 q_target: -7.206479367269387e-12
	joint 6 qd_actual: 45634027520.0
	joint 6 i_actual: -3.1937665858775697e+37
	joint 6 V_actual: -1.0855526619414528e+16
	joint 6 T_motor: 4.9687145644596336e-24
Sub-package length: 101
Sub-package type: 4, CARTESIAN_INFO
Sub-package Data (including 5 header bits): b'\x00\x00\x00e\x04?\xd2R\xadX\xc56\x07?\xb1\x88\x93#+\xde|\xbf\x90\x97T\x9d\xfe\x01p\xc0\t\x10\x802\xd1U\xb4?\xa0`\xb2\xe9@\xc92?h\xd2\xb4\xfd\x98\xe1j\x00\x00\x00\x00\x00\x00\x00\x00\x00\x00\x00\x00\x00\x00\x00\x00?\xbf]x\x81\x1b\x1d\x92\x00\x00\x00\x00\x00\x00\x00\x00\x00\x00\x00\x00\x00\x00\x00\x00\x00\x00\x00\x00\x00\x00\x00\x00'
	packageSize: 101
	packageType: 4
	X: 0.28629621190052074
	Y: 0.0684902153842532
	Z: -0.016202280181006612
	Rx: -3.1330570192464737
	Ry: 0.03198775384261622
	Rz: 0.00303016042451192
	TCPOffsetX: 0.0
	TCPOffsetY: 0.0
	TCPOffsetZ: 0.12251999999999999
	TCPOffsetRx: 0.0
	TCPOffsetRy: 0.0
	TCPOffsetRz: 0.0
Sub-package length: 53
Sub-package type: 9, NEEDED_FOR_CALIB_DATA
Sub-package Data (including 5 header bits): b'\x00\x00\x005\t?\xe8\x9d\x8b\xca\xae\x96L?\xf9\x10Gn\x1flp\xbf\xe4\xf3\x06\xd2(/\xcc\xbf\xddX\xb6\xd6\xa5\xba\x0c?\xd2\xcc?\xc1D\x12\x92\xbf\xb3$\x82\x0e%w\x8c'
Sub-package length: 75
Sub-package type: 3, MASTERBOARD_DATA
Sub-package Data (including 5 header bits): b'\x00\x00\x00K\x03\x00\x00\x00\x00\x00\x00\x00\x00\x01\x01\x80\x00\x00\x00\x00\x00\x00\x00\x80\x00\x00\x00\x00\x00\x00\x00\x00\x00?pbM\xe0\x00\x00\x00?pbM\xe0\x00\x00\x00A\xff\x00\x00B>,\xa2?^\x02_\x00\x00\x00\x00\x01\x00\x00\xad\x88BW\x00\x01\x01'
Sub-package length: 37
Sub-package type: 2, TOOL_DATA
Sub-package Data (including 5 header bits): b'\x00\x00\x00%\x02\x01\x01?\x9c\x11E \x00\x00\x00?\x98\x8f\x1c\x80\x00\x00\x00\x00\x00\x00\x00\x00<\x84\xb1@B\x18@\x00\xfd'
Sub-package length: 61
Sub-package type: 7, FORCE_MODE_DATA
Sub-package Data (including 5 header bits): b"\x00\x00\x00=\x07\x00\x00\x00\x00\x00\x00\x00\x00\x00\x00\x00\x00\x00\x00\x00\x00\x00\x00\x00\x00\x00\x00\x00\x00\x00\x00\x00\x00\x00\x00\x00\x00\x00\x00\x00\x00\x00\x00\x00\x00\x00\x00\x00\x00\x00\x00\x00\x00?'\xba\xdcg\xbf\xed\xf0"
Sub-package length: 9
Sub-package type: 8, ADDITIONAL_INFO
Sub-package Data (including 5 header bits): b'\x00\x00\x00\t\x08\x00\x00\x00\x01'
Sub-package length: 43
Sub-package type: 10, fuck
Sub-package Data (including 5 header bits): b'\x00\x00\x00+\n\xad\x88BW\x00\x01?\xc8 \xb8\x84\xf1\xfa0?\xa3\\\xd1\xf2gO\xf8?\xd4\x92.gGF\x0b?\xb9\x99\x99\x99\x99\x99\x9a'
Sub-package length: 26
Sub-package type: 11, TOOL_COMM_INFO
Sub-package Data (including 5 header bits): b'\x00\x00\x00\x1a\x0b\x00\x00\x01\xc2\x00\x00\x00\x00\x00\x00\x00\x00\x01?\xc0\x00\x00@`\x00\x00'
Sub-package length: 8
Sub-package type: 12, TOOL_MODE_INFO
Sub-package Data (including 5 header bits): b'\x00\x00\x00\x08\x0c\x00\x01\x01'

