DEBUG:Debug log for the robot starting on 2022-04-27_23-01-03
DEBUG:----------------------------------------------
DEBUG:Position info about the robot:
DEBUG:Initial pos/angle: ([[ 0.459  0.070 -0.104]], [[ 1.281  2.869  0.000]])
DEBUG:Current pos/angle: ([[ 0.459  0.070 -0.104]], [[-1.280 -2.868  0.000]]
DEBUG:----------------------------------------------
DEBUG:----------------------------------------------
DEBUG:Position info about the robot:
DEBUG:Initial pos/angle: ([[ 0.459  0.070 -0.104]], [[ 1.281  2.869  0.000]])
DEBUG:Current pos/angle: ([[ 0.459  0.070 -0.104]], [[-1.280 -2.868  0.000]]
DEBUG:----------------------------------------------
DEBUG:----------------------------------------------
DEBUG:Position info about the robot:
DEBUG:Initial pos/angle: ([[ 0.459  0.070 -0.104]], [[ 1.281  2.869  0.000]])
DEBUG:Current pos/angle: ([[ 0.459  0.070 -0.104]], [[-1.280 -2.868  0.000]]
DEBUG:----------------------------------------------
DEBUG:----------------------------------------------
DEBUG:Position info about the robot:
DEBUG:Initial pos/angle: ([[ 0.459  0.070 -0.104]], [[ 1.281  2.869  0.000]])
DEBUG:Current pos/angle: ([[ 0.459  0.070 -0.104]], [[ 1.281  2.869  0.000]]
DEBUG:----------------------------------------------
DEBUG:----------------------------------------------
DEBUG:Position info about the robot:
DEBUG:Initial pos/angle: ([[ 0.459  0.070 -0.104]], [[ 1.281  2.869  0.000]])
DEBUG:Current pos/angle: ([[ 0.459  0.070 -0.104]], [[ 1.281  2.869  0.000]]
DEBUG:----------------------------------------------
DEBUG:----------------------------------------------
DEBUG:Position info about the robot:
DEBUG:Initial pos/angle: ([[ 0.459  0.070 -0.104]], [[ 1.281  2.869  0.000]])
DEBUG:Current pos/angle: ([[ 0.459  0.070 -0.104]], [[ 1.281  2.869  0.000]]
DEBUG:----------------------------------------------
DEBUG:----------------------------------------------
DEBUG:Position info about the robot:
DEBUG:Initial pos/angle: ([[ 0.459  0.070 -0.104]], [[ 1.281  2.869  0.000]])
DEBUG:Current pos/angle: ([[ 0.459  0.070 -0.104]], [[-1.280 -2.868  0.000]]
DEBUG:----------------------------------------------
DEBUG:----------------------------------------------
DEBUG:Position info about the robot:
DEBUG:Initial pos/angle: ([[ 0.459  0.070 -0.104]], [[ 1.281  2.869  0.000]])
DEBUG:Current pos/angle: ([[ 0.459  0.070 -0.104]], [[-1.280 -2.868  0.000]]
DEBUG:----------------------------------------------
DEBUG:----------------------------------------------
DEBUG:Position info about the robot:
DEBUG:Initial pos/angle: ([[ 0.459  0.070 -0.104]], [[ 1.281  2.869  0.000]])
DEBUG:Current pos/angle: ([[ 0.459  0.070 -0.104]], [[ 1.281  2.869  0.000]]
DEBUG:----------------------------------------------
DEBUG:----------------------------------------------
DEBUG:Position info about the robot:
DEBUG:Initial pos/angle: ([[ 0.459  0.070 -0.104]], [[ 1.281  2.869  0.000]])
DEBUG:Current pos/angle: ([[ 0.459  0.070 -0.104]], [[ 1.281  2.869  0.000]]
DEBUG:----------------------------------------------
DEBUG:----------------------------------------------
DEBUG:Position info about the robot:
DEBUG:Initial pos/angle: ([[ 0.459  0.070 -0.104]], [[ 1.281  2.869  0.000]])
DEBUG:Current pos/angle: ([[ 0.459  0.070 -0.104]], [[-1.280 -2.868  0.000]]
DEBUG:----------------------------------------------
DEBUG:----------------------------------------------
DEBUG:Position info about the robot:
DEBUG:Initial pos/angle: ([[ 0.459  0.070 -0.104]], [[ 1.281  2.869  0.000]])
DEBUG:Current pos/angle: ([[ 0.459  0.070 -0.104]], [[ 1.281  2.869  0.000]]
DEBUG:----------------------------------------------
DEBUG:----------------------------------------------
DEBUG:Position info about the robot:
DEBUG:Initial pos/angle: ([[ 0.459  0.070 -0.104]], [[ 1.281  2.869  0.000]])
DEBUG:Current pos/angle: ([[ 0.459  0.070 -0.104]], [[-1.280 -2.868  0.000]]
DEBUG:----------------------------------------------
DEBUG:----------------------------------------------
DEBUG:Position info about the robot:
DEBUG:Initial pos/angle: ([[ 0.459  0.070 -0.104]], [[ 1.281  2.869  0.000]])
DEBUG:Current pos/angle: ([[ 0.459  0.070 -0.104]], [[ 1.281  2.869  0.000]]
DEBUG:----------------------------------------------
DEBUG:----------------------------------------------
DEBUG:Position info about the robot:
DEBUG:Initial pos/angle: ([[ 0.459  0.070 -0.104]], [[ 1.281  2.869  0.000]])
DEBUG:Current pos/angle: ([[ 0.459  0.070 -0.104]], [[-1.280 -2.868  0.000]]
DEBUG:----------------------------------------------
DEBUG:----------------------------------------------
DEBUG:Position info about the robot:
DEBUG:Initial pos/angle: ([[ 0.459  0.070 -0.104]], [[ 1.281  2.869  0.000]])
DEBUG:Current pos/angle: ([[ 0.459  0.070 -0.104]], [[-1.280 -2.868  0.000]]
DEBUG:----------------------------------------------
DEBUG:----------------------------------------------
DEBUG:Position info about the robot:
DEBUG:Initial pos/angle: ([[ 0.459  0.070 -0.104]], [[ 1.281  2.869  0.000]])
DEBUG:Current pos/angle: ([[ 0.459  0.070 -0.104]], [[-1.280 -2.868  0.000]]
DEBUG:----------------------------------------------
DEBUG:----------------------------------------------
DEBUG:Position info about the robot:
DEBUG:Initial pos/angle: ([[ 0.459  0.070 -0.104]], [[ 1.281  2.869  0.000]])
DEBUG:Current pos/angle: ([[ 0.459  0.070 -0.104]], [[ 1.281  2.869  0.000]]
DEBUG:----------------------------------------------
DEBUG:----------------------------------------------
DEBUG:Position info about the robot:
DEBUG:Initial pos/angle: ([[ 0.459  0.070 -0.104]], [[ 1.281  2.869  0.000]])
DEBUG:Current pos/angle: ([[ 0.459  0.070 -0.104]], [[-1.280 -2.868  0.000]]
DEBUG:----------------------------------------------
DEBUG:----------------------------------------------
DEBUG:Position info about the robot:
DEBUG:Initial pos/angle: ([[ 0.459  0.070 -0.104]], [[ 1.281  2.869  0.000]])
DEBUG:Current pos/angle: ([[ 0.459  0.070 -0.104]], [[-1.280 -2.868  0.000]]
DEBUG:----------------------------------------------
DEBUG:----------------------------------------------
DEBUG:Position info about the robot:
DEBUG:Initial pos/angle: ([[ 0.459  0.070 -0.104]], [[ 1.281  2.869  0.000]])
DEBUG:Current pos/angle: ([[ 0.459  0.070 -0.104]], [[-1.280 -2.868  0.000]]
DEBUG:----------------------------------------------
DEBUG:----------------------------------------------
DEBUG:Position info about the robot:
DEBUG:Initial pos/angle: ([[ 0.459  0.070 -0.104]], [[ 1.281  2.869  0.000]])
DEBUG:Current pos/angle: ([[ 0.459  0.070 -0.104]], [[-1.280 -2.868  0.000]]
DEBUG:----------------------------------------------
DEBUG:----------------------------------------------
DEBUG:Position info about the robot:
DEBUG:Initial pos/angle: ([[ 0.459  0.070 -0.104]], [[ 1.281  2.869  0.000]])
DEBUG:Current pos/angle: ([[ 0.459  0.070 -0.104]], [[-1.280 -2.868  0.000]]
DEBUG:----------------------------------------------
DEBUG:----------------------------------------------
DEBUG:Position info about the robot:
DEBUG:Initial pos/angle: ([[ 0.459  0.070 -0.104]], [[ 1.281  2.869  0.000]])
DEBUG:Current pos/angle: ([[ 0.459  0.070 -0.104]], [[-1.280 -2.868  0.000]]
DEBUG:----------------------------------------------
DEBUG:----------------------------------------------
DEBUG:Position info about the robot:
DEBUG:Initial pos/angle: ([[ 0.459  0.070 -0.104]], [[ 1.281  2.869  0.000]])
DEBUG:Current pos/angle: ([[ 0.459  0.070 -0.104]], [[ 1.281  2.869  0.000]]
DEBUG:----------------------------------------------
DEBUG:----------------------------------------------
DEBUG:Position info about the robot:
DEBUG:Initial pos/angle: ([[ 0.459  0.070 -0.104]], [[ 1.281  2.869  0.000]])
DEBUG:Current pos/angle: ([[ 0.459  0.070 -0.104]], [[-1.280 -2.868  0.000]]
DEBUG:----------------------------------------------
DEBUG:----------------------------------------------
DEBUG:Position info about the robot:
DEBUG:Initial pos/angle: ([[ 0.459  0.070 -0.104]], [[ 1.281  2.869  0.000]])
DEBUG:Current pos/angle: ([[ 0.459  0.070 -0.104]], [[-1.280 -2.868  0.000]]
DEBUG:----------------------------------------------
DEBUG:----------------------------------------------
DEBUG:Position info about the robot:
DEBUG:Initial pos/angle: ([[ 0.459  0.070 -0.104]], [[ 1.281  2.869  0.000]])
DEBUG:Current pos/angle: ([[ 0.459  0.070 -0.104]], [[ 1.281  2.869  0.000]]
DEBUG:----------------------------------------------
DEBUG:----------------------------------------------
DEBUG:Position info about the robot:
DEBUG:Initial pos/angle: ([[ 0.459  0.070 -0.104]], [[ 1.281  2.869  0.000]])
DEBUG:Current pos/angle: ([[ 0.459  0.070 -0.104]], [[-1.280 -2.868  0.000]]
DEBUG:----------------------------------------------
DEBUG:----------------------------------------------
DEBUG:Position info about the robot:
DEBUG:Initial pos/angle: ([[ 0.459  0.070 -0.104]], [[ 1.281  2.869  0.000]])
DEBUG:Current pos/angle: ([[ 0.459  0.070 -0.104]], [[-1.280 -2.868  0.000]]
DEBUG:----------------------------------------------
DEBUG:----------------------------------------------
DEBUG:Position info about the robot:
DEBUG:Initial pos/angle: ([[ 0.459  0.070 -0.104]], [[ 1.281  2.869  0.000]])
DEBUG:Current pos/angle: ([[ 0.459  0.070 -0.104]], [[ 1.281  2.869  0.000]]
DEBUG:----------------------------------------------
DEBUG:----------------------------------------------
DEBUG:Position info about the robot:
DEBUG:Initial pos/angle: ([[ 0.459  0.070 -0.104]], [[ 1.281  2.869  0.000]])
DEBUG:Current pos/angle: ([[ 0.459  0.070 -0.104]], [[-1.280 -2.868  0.000]]
DEBUG:----------------------------------------------
DEBUG:----------------------------------------------
DEBUG:Position info about the robot:
DEBUG:Initial pos/angle: ([[ 0.459  0.070 -0.104]], [[ 1.281  2.869  0.000]])
DEBUG:Current pos/angle: ([[ 0.459  0.070 -0.104]], [[-1.280 -2.868  0.000]]
DEBUG:----------------------------------------------
DEBUG:----------------------------------------------
DEBUG:Position info about the robot:
DEBUG:Initial pos/angle: ([[ 0.459  0.070 -0.104]], [[ 1.281  2.869  0.000]])
DEBUG:Current pos/angle: ([[ 0.459  0.070 -0.104]], [[ 1.281  2.869  0.000]]
DEBUG:----------------------------------------------
DEBUG:----------------------------------------------
DEBUG:Position info about the robot:
DEBUG:Initial pos/angle: ([[ 0.459  0.070 -0.104]], [[ 1.281  2.869  0.000]])
DEBUG:Current pos/angle: ([[ 0.459  0.070 -0.104]], [[ 1.281  2.869  0.000]]
DEBUG:----------------------------------------------
DEBUG:----------------------------------------------
DEBUG:Position info about the robot:
DEBUG:Initial pos/angle: ([[ 0.459  0.070 -0.104]], [[ 1.281  2.869  0.000]])
DEBUG:Current pos/angle: ([[ 0.459  0.070 -0.104]], [[-1.280 -2.868  0.000]]
DEBUG:----------------------------------------------
DEBUG:----------------------------------------------
DEBUG:Position info about the robot:
DEBUG:Initial pos/angle: ([[ 0.459  0.070 -0.104]], [[ 1.281  2.869  0.000]])
DEBUG:Current pos/angle: ([[ 0.459  0.070 -0.104]], [[-1.280 -2.868  0.000]]
DEBUG:----------------------------------------------
DEBUG:----------------------------------------------
DEBUG:Position info about the robot:
DEBUG:Initial pos/angle: ([[ 0.459  0.070 -0.104]], [[ 1.281  2.869  0.000]])
DEBUG:Current pos/angle: ([[ 0.459  0.070 -0.104]], [[-1.280 -2.868  0.000]]
DEBUG:----------------------------------------------
DEBUG:----------------------------------------------
DEBUG:Position info about the robot:
DEBUG:Initial pos/angle: ([[ 0.459  0.070 -0.104]], [[ 1.281  2.869  0.000]])
DEBUG:Current pos/angle: ([[ 0.459  0.070 -0.104]], [[ 1.281  2.869  0.000]]
DEBUG:----------------------------------------------
DEBUG:----------------------------------------------
DEBUG:Position info about the robot:
DEBUG:Initial pos/angle: ([[ 0.459  0.070 -0.104]], [[ 1.281  2.869  0.000]])
DEBUG:Current pos/angle: ([[ 0.459  0.070 -0.104]], [[ 1.281  2.869  0.000]]
DEBUG:----------------------------------------------
DEBUG:----------------------------------------------
DEBUG:Position info about the robot:
DEBUG:Initial pos/angle: ([[ 0.459  0.070 -0.104]], [[ 1.281  2.869  0.000]])
DEBUG:Current pos/angle: ([[ 0.459  0.070 -0.104]], [[-1.280 -2.868  0.000]]
DEBUG:----------------------------------------------
DEBUG:----------------------------------------------
DEBUG:Position info about the robot:
DEBUG:Initial pos/angle: ([[ 0.459  0.070 -0.104]], [[ 1.281  2.869  0.000]])
DEBUG:Current pos/angle: ([[ 0.459  0.070 -0.104]], [[-1.280 -2.868  0.000]]
DEBUG:----------------------------------------------
DEBUG:----------------------------------------------
DEBUG:Position info about the robot:
DEBUG:Initial pos/angle: ([[ 0.459  0.070 -0.104]], [[ 1.281  2.869  0.000]])
DEBUG:Current pos/angle: ([[ 0.459  0.070 -0.104]], [[-1.280 -2.868  0.000]]
DEBUG:----------------------------------------------
DEBUG:----------------------------------------------
DEBUG:Position info about the robot:
DEBUG:Initial pos/angle: ([[ 0.459  0.070 -0.104]], [[ 1.281  2.869  0.000]])
DEBUG:Current pos/angle: ([[ 0.459  0.070 -0.104]], [[ 1.281  2.869  0.000]]
DEBUG:----------------------------------------------
DEBUG:----------------------------------------------
DEBUG:Position info about the robot:
DEBUG:Initial pos/angle: ([[ 0.459  0.070 -0.104]], [[ 1.281  2.869  0.000]])
DEBUG:Current pos/angle: ([[ 0.459  0.070 -0.104]], [[-1.280 -2.868  0.000]]
DEBUG:----------------------------------------------
DEBUG:----------------------------------------------
DEBUG:Position info about the robot:
DEBUG:Initial pos/angle: ([[ 0.459  0.070 -0.104]], [[ 1.281  2.869  0.000]])
DEBUG:Current pos/angle: ([[ 0.459  0.070 -0.104]], [[-1.280 -2.868  0.000]]
DEBUG:----------------------------------------------
DEBUG:----------------------------------------------
DEBUG:Position info about the robot:
DEBUG:Initial pos/angle: ([[ 0.459  0.070 -0.104]], [[ 1.281  2.869  0.000]])
DEBUG:Current pos/angle: ([[ 0.459  0.070 -0.104]], [[-1.280 -2.868  0.000]]
DEBUG:----------------------------------------------
DEBUG:----------------------------------------------
DEBUG:Position info about the robot:
DEBUG:Initial pos/angle: ([[ 0.459  0.070 -0.104]], [[ 1.281  2.869  0.000]])
DEBUG:Current pos/angle: ([[ 0.459  0.070 -0.104]], [[-1.280 -2.868  0.000]]
DEBUG:----------------------------------------------
DEBUG:----------------------------------------------
DEBUG:Position info about the robot:
DEBUG:Initial pos/angle: ([[ 0.459  0.070 -0.104]], [[ 1.281  2.869  0.000]])
DEBUG:Current pos/angle: ([[ 0.459  0.070 -0.104]], [[-1.280 -2.868  0.000]]
DEBUG:----------------------------------------------
DEBUG:----------------------------------------------
DEBUG:Position info about the robot:
DEBUG:Initial pos/angle: ([[ 0.459  0.070 -0.104]], [[ 1.281  2.869  0.000]])
DEBUG:Current pos/angle: ([[ 0.459  0.070 -0.104]], [[-1.280 -2.868  0.000]]
DEBUG:----------------------------------------------
DEBUG:----------------------------------------------
DEBUG:Position info about the robot:
DEBUG:Initial pos/angle: ([[ 0.459  0.070 -0.104]], [[ 1.281  2.869  0.000]])
DEBUG:Current pos/angle: ([[ 0.459  0.070 -0.104]], [[ 1.281  2.869  0.000]]
DEBUG:----------------------------------------------
DEBUG:----------------------------------------------
DEBUG:Position info about the robot:
DEBUG:Initial pos/angle: ([[ 0.459  0.070 -0.104]], [[ 1.281  2.869  0.000]])
DEBUG:Current pos/angle: ([[ 0.459  0.070 -0.104]], [[-1.280 -2.868  0.000]]
DEBUG:----------------------------------------------
DEBUG:----------------------------------------------
DEBUG:Position info about the robot:
DEBUG:Initial pos/angle: ([[ 0.459  0.070 -0.104]], [[ 1.281  2.869  0.000]])
DEBUG:Current pos/angle: ([[ 0.459  0.070 -0.104]], [[ 1.281  2.869  0.000]]
DEBUG:----------------------------------------------
DEBUG:----------------------------------------------
DEBUG:Position info about the robot:
DEBUG:Initial pos/angle: ([[ 0.459  0.070 -0.104]], [[ 1.281  2.869  0.000]])
DEBUG:Current pos/angle: ([[ 0.459  0.070 -0.104]], [[ 1.281  2.869  0.000]]
DEBUG:----------------------------------------------
DEBUG:----------------------------------------------
DEBUG:Position info about the robot:
DEBUG:Initial pos/angle: ([[ 0.459  0.070 -0.104]], [[ 1.281  2.869  0.000]])
DEBUG:Current pos/angle: ([[ 0.459  0.070 -0.104]], [[-1.280 -2.868  0.000]]
DEBUG:----------------------------------------------
DEBUG:----------------------------------------------
DEBUG:Position info about the robot:
DEBUG:Initial pos/angle: ([[ 0.459  0.070 -0.104]], [[ 1.281  2.869  0.000]])
DEBUG:Current pos/angle: ([[ 0.459  0.070 -0.104]], [[ 1.281  2.869  0.000]]
DEBUG:----------------------------------------------
DEBUG:----------------------------------------------
DEBUG:Position info about the robot:
DEBUG:Initial pos/angle: ([[ 0.459  0.070 -0.104]], [[ 1.281  2.869  0.000]])
DEBUG:Current pos/angle: ([[ 0.459  0.070 -0.104]], [[-1.280 -2.868  0.000]]
DEBUG:----------------------------------------------
DEBUG:----------------------------------------------
DEBUG:Position info about the robot:
DEBUG:Initial pos/angle: ([[ 0.459  0.070 -0.104]], [[ 1.281  2.869  0.000]])
DEBUG:Current pos/angle: ([[ 0.459  0.070 -0.104]], [[-1.280 -2.868  0.000]]
DEBUG:----------------------------------------------
DEBUG:----------------------------------------------
DEBUG:Position info about the robot:
DEBUG:Initial pos/angle: ([[ 0.459  0.070 -0.104]], [[ 1.281  2.869  0.000]])
DEBUG:Current pos/angle: ([[ 0.459  0.070 -0.104]], [[-1.280 -2.868  0.000]]
DEBUG:----------------------------------------------
DEBUG:----------------------------------------------
DEBUG:Position info about the robot:
DEBUG:Initial pos/angle: ([[ 0.459  0.070 -0.104]], [[ 1.281  2.869  0.000]])
DEBUG:Current pos/angle: ([[ 0.459  0.070 -0.104]], [[-1.280 -2.868  0.000]]
DEBUG:----------------------------------------------
DEBUG:----------------------------------------------
DEBUG:Position info about the robot:
DEBUG:Initial pos/angle: ([[ 0.459  0.070 -0.104]], [[ 1.281  2.869  0.000]])
DEBUG:Current pos/angle: ([[ 0.459  0.070 -0.104]], [[-1.280 -2.868  0.000]]
DEBUG:----------------------------------------------
DEBUG:----------------------------------------------
DEBUG:Position info about the robot:
DEBUG:Initial pos/angle: ([[ 0.459  0.070 -0.104]], [[ 1.281  2.869  0.000]])
DEBUG:Current pos/angle: ([[ 0.459  0.070 -0.104]], [[-1.280 -2.868  0.000]]
DEBUG:----------------------------------------------
DEBUG:----------------------------------------------
DEBUG:Position info about the robot:
DEBUG:Initial pos/angle: ([[ 0.459  0.070 -0.104]], [[ 1.281  2.869  0.000]])
DEBUG:Current pos/angle: ([[ 0.459  0.070 -0.104]], [[-1.280 -2.868  0.000]]
DEBUG:----------------------------------------------
DEBUG:----------------------------------------------
DEBUG:Position info about the robot:
DEBUG:Initial pos/angle: ([[ 0.459  0.070 -0.104]], [[ 1.281  2.869  0.000]])
DEBUG:Current pos/angle: ([[ 0.459  0.070 -0.104]], [[-1.280 -2.868  0.000]]
DEBUG:----------------------------------------------
DEBUG:----------------------------------------------
DEBUG:Position info about the robot:
DEBUG:Initial pos/angle: ([[ 0.459  0.070 -0.104]], [[ 1.281  2.869  0.000]])
DEBUG:Current pos/angle: ([[ 0.459  0.070 -0.104]], [[ 1.281  2.869  0.000]]
DEBUG:----------------------------------------------
DEBUG:----------------------------------------------
DEBUG:Position info about the robot:
DEBUG:Initial pos/angle: ([[ 0.459  0.070 -0.104]], [[ 1.281  2.869  0.000]])
DEBUG:Current pos/angle: ([[ 0.459  0.070 -0.104]], [[-1.280 -2.868  0.000]]
DEBUG:----------------------------------------------
DEBUG:----------------------------------------------
DEBUG:Position info about the robot:
DEBUG:Initial pos/angle: ([[ 0.459  0.070 -0.104]], [[ 1.281  2.869  0.000]])
DEBUG:Current pos/angle: ([[ 0.459  0.070 -0.104]], [[-1.280 -2.868  0.000]]
DEBUG:----------------------------------------------
DEBUG:----------------------------------------------
DEBUG:Position info about the robot:
DEBUG:Initial pos/angle: ([[ 0.459  0.070 -0.104]], [[ 1.281  2.869  0.000]])
DEBUG:Current pos/angle: ([[ 0.459  0.070 -0.104]], [[-1.280 -2.868  0.000]]
DEBUG:----------------------------------------------
DEBUG:----------------------------------------------
DEBUG:Position info about the robot:
DEBUG:Initial pos/angle: ([[ 0.459  0.070 -0.104]], [[ 1.281  2.869  0.000]])
DEBUG:Current pos/angle: ([[ 0.459  0.070 -0.104]], [[ 1.281  2.869  0.000]]
DEBUG:----------------------------------------------
DEBUG:----------------------------------------------
DEBUG:Position info about the robot:
DEBUG:Initial pos/angle: ([[ 0.459  0.070 -0.104]], [[ 1.281  2.869  0.000]])
DEBUG:Current pos/angle: ([[ 0.459  0.070 -0.104]], [[-1.280 -2.868  0.000]]
DEBUG:----------------------------------------------
DEBUG:----------------------------------------------
DEBUG:Position info about the robot:
DEBUG:Initial pos/angle: ([[ 0.459  0.070 -0.104]], [[ 1.281  2.869  0.000]])
DEBUG:Current pos/angle: ([[ 0.459  0.070 -0.104]], [[-1.280 -2.868  0.000]]
DEBUG:----------------------------------------------
DEBUG:----------------------------------------------
DEBUG:Position info about the robot:
DEBUG:Initial pos/angle: ([[ 0.459  0.070 -0.104]], [[ 1.281  2.869  0.000]])
DEBUG:Current pos/angle: ([[ 0.459  0.070 -0.104]], [[-1.280 -2.868  0.000]]
DEBUG:----------------------------------------------
DEBUG:----------------------------------------------
DEBUG:Position info about the robot:
DEBUG:Initial pos/angle: ([[ 0.459  0.070 -0.104]], [[ 1.281  2.869  0.000]])
DEBUG:Current pos/angle: ([[ 0.459  0.070 -0.104]], [[ 1.281  2.869  0.000]]
DEBUG:----------------------------------------------
DEBUG:----------------------------------------------
DEBUG:Position info about the robot:
DEBUG:Initial pos/angle: ([[ 0.459  0.070 -0.104]], [[ 1.281  2.869  0.000]])
DEBUG:Current pos/angle: ([[ 0.459  0.070 -0.104]], [[-1.280 -2.868  0.000]]
DEBUG:----------------------------------------------
DEBUG:----------------------------------------------
DEBUG:Position info about the robot:
DEBUG:Initial pos/angle: ([[ 0.459  0.070 -0.104]], [[ 1.281  2.869  0.000]])
DEBUG:Current pos/angle: ([[ 0.459  0.070 -0.104]], [[ 1.281  2.869  0.000]]
DEBUG:----------------------------------------------
DEBUG:----------------------------------------------
DEBUG:Position info about the robot:
DEBUG:Initial pos/angle: ([[ 0.459  0.070 -0.104]], [[ 1.281  2.869  0.000]])
DEBUG:Current pos/angle: ([[ 0.459  0.070 -0.104]], [[-1.280 -2.868  0.000]]
DEBUG:----------------------------------------------
DEBUG:----------------------------------------------
DEBUG:Position info about the robot:
DEBUG:Initial pos/angle: ([[ 0.459  0.070 -0.104]], [[ 1.281  2.869  0.000]])
DEBUG:Current pos/angle: ([[ 0.459  0.070 -0.104]], [[-1.280 -2.868  0.000]]
DEBUG:----------------------------------------------
DEBUG:----------------------------------------------
DEBUG:Position info about the robot:
DEBUG:Initial pos/angle: ([[ 0.459  0.070 -0.104]], [[ 1.281  2.869  0.000]])
DEBUG:Current pos/angle: ([[ 0.459  0.070 -0.104]], [[ 1.281  2.869  0.000]]
DEBUG:----------------------------------------------
DEBUG:----------------------------------------------
DEBUG:Position info about the robot:
DEBUG:Initial pos/angle: ([[ 0.459  0.070 -0.104]], [[ 1.281  2.869  0.000]])
DEBUG:Current pos/angle: ([[ 0.459  0.070 -0.104]], [[-1.280 -2.868  0.000]]
DEBUG:----------------------------------------------
DEBUG:----------------------------------------------
DEBUG:Position info about the robot:
DEBUG:Initial pos/angle: ([[ 0.459  0.070 -0.104]], [[ 1.281  2.869  0.000]])
DEBUG:Current pos/angle: ([[ 0.459  0.070 -0.104]], [[-1.280 -2.868  0.000]]
DEBUG:----------------------------------------------
DEBUG:----------------------------------------------
DEBUG:Position info about the robot:
DEBUG:Initial pos/angle: ([[ 0.459  0.070 -0.104]], [[ 1.281  2.869  0.000]])
DEBUG:Current pos/angle: ([[ 0.459  0.070 -0.104]], [[ 1.281  2.869  0.000]]
DEBUG:----------------------------------------------
DEBUG:----------------------------------------------
DEBUG:Position info about the robot:
DEBUG:Initial pos/angle: ([[ 0.459  0.070 -0.104]], [[ 1.281  2.869  0.000]])
DEBUG:Current pos/angle: ([[ 0.459  0.070 -0.104]], [[ 1.281  2.869  0.000]]
DEBUG:----------------------------------------------
DEBUG:----------------------------------------------
DEBUG:Position info about the robot:
DEBUG:Initial pos/angle: ([[ 0.459  0.070 -0.104]], [[ 1.281  2.869  0.000]])
DEBUG:Current pos/angle: ([[ 0.459  0.070 -0.104]], [[ 1.281  2.869  0.000]]
DEBUG:----------------------------------------------
DEBUG:----------------------------------------------
DEBUG:Position info about the robot:
DEBUG:Initial pos/angle: ([[ 0.459  0.070 -0.104]], [[ 1.281  2.869  0.000]])
DEBUG:Current pos/angle: ([[ 0.459  0.070 -0.104]], [[-1.280 -2.868  0.000]]
DEBUG:----------------------------------------------
DEBUG:----------------------------------------------
DEBUG:Position info about the robot:
DEBUG:Initial pos/angle: ([[ 0.459  0.070 -0.104]], [[ 1.281  2.869  0.000]])
DEBUG:Current pos/angle: ([[ 0.459  0.070 -0.104]], [[ 1.281  2.869  0.000]]
DEBUG:----------------------------------------------
DEBUG:----------------------------------------------
DEBUG:Position info about the robot:
DEBUG:Initial pos/angle: ([[ 0.459  0.070 -0.104]], [[ 1.281  2.869  0.000]])
DEBUG:Current pos/angle: ([[ 0.459  0.070 -0.104]], [[ 1.281  2.869  0.000]]
DEBUG:----------------------------------------------
DEBUG:----------------------------------------------
DEBUG:Position info about the robot:
DEBUG:Initial pos/angle: ([[ 0.459  0.070 -0.104]], [[ 1.281  2.869  0.000]])
DEBUG:Current pos/angle: ([[ 0.459  0.070 -0.104]], [[-1.280 -2.868  0.000]]
DEBUG:----------------------------------------------
DEBUG:----------------------------------------------
DEBUG:Position info about the robot:
DEBUG:Initial pos/angle: ([[ 0.459  0.070 -0.104]], [[ 1.281  2.869  0.000]])
DEBUG:Current pos/angle: ([[ 0.459  0.070 -0.104]], [[-1.280 -2.868  0.000]]
DEBUG:----------------------------------------------
DEBUG:----------------------------------------------
DEBUG:Position info about the robot:
DEBUG:Initial pos/angle: ([[ 0.459  0.070 -0.104]], [[ 1.281  2.869  0.000]])
DEBUG:Current pos/angle: ([[ 0.459  0.070 -0.104]], [[-1.280 -2.868  0.000]]
DEBUG:----------------------------------------------
DEBUG:----------------------------------------------
DEBUG:Position info about the robot:
DEBUG:Initial pos/angle: ([[ 0.459  0.070 -0.104]], [[ 1.281  2.869  0.000]])
DEBUG:Current pos/angle: ([[ 0.459  0.070 -0.104]], [[ 1.281  2.869  0.000]]
DEBUG:----------------------------------------------
DEBUG:----------------------------------------------
DEBUG:Position info about the robot:
DEBUG:Initial pos/angle: ([[ 0.459  0.070 -0.104]], [[ 1.281  2.869  0.000]])
DEBUG:Current pos/angle: ([[ 0.459  0.070 -0.104]], [[ 1.281  2.869  0.000]]
DEBUG:----------------------------------------------
DEBUG:----------------------------------------------
DEBUG:Position info about the robot:
DEBUG:Initial pos/angle: ([[ 0.459  0.070 -0.104]], [[ 1.281  2.869  0.000]])
DEBUG:Current pos/angle: ([[ 0.459  0.070 -0.104]], [[ 1.281  2.869  0.000]]
DEBUG:----------------------------------------------
DEBUG:----------------------------------------------
DEBUG:Position info about the robot:
DEBUG:Initial pos/angle: ([[ 0.459  0.070 -0.104]], [[ 1.281  2.869  0.000]])
DEBUG:Current pos/angle: ([[ 0.459  0.070 -0.104]], [[-1.280 -2.868  0.000]]
DEBUG:----------------------------------------------
DEBUG:----------------------------------------------
DEBUG:Position info about the robot:
DEBUG:Initial pos/angle: ([[ 0.459  0.070 -0.104]], [[ 1.281  2.869  0.000]])
DEBUG:Current pos/angle: ([[ 0.459  0.070 -0.104]], [[ 1.281  2.869  0.000]]
DEBUG:----------------------------------------------
DEBUG:----------------------------------------------
DEBUG:Position info about the robot:
DEBUG:Initial pos/angle: ([[ 0.459  0.070 -0.104]], [[ 1.281  2.869  0.000]])
DEBUG:Current pos/angle: ([[ 0.459  0.070 -0.104]], [[ 1.281  2.869  0.000]]
DEBUG:----------------------------------------------
DEBUG:----------------------------------------------
DEBUG:Position info about the robot:
DEBUG:Initial pos/angle: ([[ 0.459  0.070 -0.104]], [[ 1.281  2.869  0.000]])
DEBUG:Current pos/angle: ([[ 0.459  0.070 -0.104]], [[-1.280 -2.868  0.000]]
DEBUG:----------------------------------------------
DEBUG:----------------------------------------------
DEBUG:Position info about the robot:
DEBUG:Initial pos/angle: ([[ 0.459  0.070 -0.104]], [[ 1.281  2.869  0.000]])
DEBUG:Current pos/angle: ([[ 0.459  0.070 -0.104]], [[ 1.281  2.869  0.000]]
DEBUG:----------------------------------------------
DEBUG:----------------------------------------------
DEBUG:Position info about the robot:
DEBUG:Initial pos/angle: ([[ 0.459  0.070 -0.104]], [[ 1.281  2.869  0.000]])
DEBUG:Current pos/angle: ([[ 0.459  0.070 -0.104]], [[-1.280 -2.868  0.000]]
DEBUG:----------------------------------------------
DEBUG:----------------------------------------------
DEBUG:Position info about the robot:
DEBUG:Initial pos/angle: ([[ 0.459  0.070 -0.104]], [[ 1.281  2.869  0.000]])
DEBUG:Current pos/angle: ([[ 0.459  0.070 -0.104]], [[-1.280 -2.868  0.000]]
DEBUG:----------------------------------------------
DEBUG:----------------------------------------------
DEBUG:Position info about the robot:
DEBUG:Initial pos/angle: ([[ 0.459  0.070 -0.104]], [[ 1.281  2.869  0.000]])
DEBUG:Current pos/angle: ([[ 0.459  0.070 -0.104]], [[-1.280 -2.868  0.000]]
DEBUG:----------------------------------------------
DEBUG:----------------------------------------------
DEBUG:Position info about the robot:
DEBUG:Initial pos/angle: ([[ 0.459  0.070 -0.104]], [[ 1.281  2.869  0.000]])
DEBUG:Current pos/angle: ([[ 0.459  0.070 -0.104]], [[-1.280 -2.868  0.000]]
DEBUG:----------------------------------------------
DEBUG:----------------------------------------------
DEBUG:Position info about the robot:
DEBUG:Initial pos/angle: ([[ 0.459  0.070 -0.104]], [[ 1.281  2.869  0.000]])
DEBUG:Current pos/angle: ([[ 0.459  0.070 -0.104]], [[-1.280 -2.868  0.000]]
DEBUG:----------------------------------------------
DEBUG:----------------------------------------------
DEBUG:Position info about the robot:
DEBUG:Initial pos/angle: ([[ 0.459  0.070 -0.104]], [[ 1.281  2.869  0.000]])
DEBUG:Current pos/angle: ([[ 0.459  0.070 -0.104]], [[-1.280 -2.868  0.000]]
DEBUG:----------------------------------------------
DEBUG:----------------------------------------------
DEBUG:Position info about the robot:
DEBUG:Initial pos/angle: ([[ 0.459  0.070 -0.104]], [[ 1.281  2.869  0.000]])
DEBUG:Current pos/angle: ([[ 0.459  0.070 -0.104]], [[-1.280 -2.868  0.000]]
DEBUG:----------------------------------------------
DEBUG:----------------------------------------------
DEBUG:Position info about the robot:
DEBUG:Initial pos/angle: ([[ 0.459  0.070 -0.104]], [[ 1.281  2.869  0.000]])
DEBUG:Current pos/angle: ([[ 0.459  0.070 -0.104]], [[-1.280 -2.868  0.000]]
DEBUG:----------------------------------------------
DEBUG:----------------------------------------------
DEBUG:Position info about the robot:
DEBUG:Initial pos/angle: ([[ 0.459  0.070 -0.104]], [[ 1.281  2.869  0.000]])
DEBUG:Current pos/angle: ([[ 0.459  0.070 -0.104]], [[ 1.281  2.869  0.000]]
DEBUG:----------------------------------------------
DEBUG:----------------------------------------------
DEBUG:Position info about the robot:
DEBUG:Initial pos/angle: ([[ 0.459  0.070 -0.104]], [[ 1.281  2.869  0.000]])
DEBUG:Current pos/angle: ([[ 0.459  0.070 -0.104]], [[ 1.281  2.869  0.000]]
DEBUG:----------------------------------------------
DEBUG:----------------------------------------------
DEBUG:Position info about the robot:
DEBUG:Initial pos/angle: ([[ 0.459  0.070 -0.104]], [[ 1.281  2.869  0.000]])
DEBUG:Current pos/angle: ([[ 0.459  0.070 -0.104]], [[-1.280 -2.868  0.000]]
DEBUG:----------------------------------------------
DEBUG:----------------------------------------------
DEBUG:Position info about the robot:
DEBUG:Initial pos/angle: ([[ 0.459  0.070 -0.104]], [[ 1.281  2.869  0.000]])
DEBUG:Current pos/angle: ([[ 0.459  0.070 -0.104]], [[ 1.281  2.869  0.000]]
DEBUG:----------------------------------------------
DEBUG:----------------------------------------------
DEBUG:Position info about the robot:
DEBUG:Initial pos/angle: ([[ 0.459  0.070 -0.104]], [[ 1.281  2.869  0.000]])
DEBUG:Current pos/angle: ([[ 0.459  0.070 -0.104]], [[-1.280 -2.868  0.000]]
DEBUG:----------------------------------------------
DEBUG:----------------------------------------------
DEBUG:Position info about the robot:
DEBUG:Initial pos/angle: ([[ 0.459  0.070 -0.104]], [[ 1.281  2.869  0.000]])
DEBUG:Current pos/angle: ([[ 0.459  0.070 -0.104]], [[-1.280 -2.868  0.000]]
DEBUG:----------------------------------------------
DEBUG:----------------------------------------------
DEBUG:Position info about the robot:
DEBUG:Initial pos/angle: ([[ 0.459  0.070 -0.104]], [[ 1.281  2.869  0.000]])
DEBUG:Current pos/angle: ([[ 0.459  0.070 -0.104]], [[-1.280 -2.868  0.000]]
DEBUG:----------------------------------------------
DEBUG:----------------------------------------------
DEBUG:Position info about the robot:
DEBUG:Initial pos/angle: ([[ 0.459  0.070 -0.104]], [[ 1.281  2.869  0.000]])
DEBUG:Current pos/angle: ([[ 0.459  0.070 -0.104]], [[ 1.281  2.869  0.000]]
DEBUG:----------------------------------------------
DEBUG:----------------------------------------------
DEBUG:Position info about the robot:
DEBUG:Initial pos/angle: ([[ 0.459  0.070 -0.104]], [[ 1.281  2.869  0.000]])
DEBUG:Current pos/angle: ([[ 0.459  0.070 -0.104]], [[ 1.281  2.869  0.000]]
DEBUG:----------------------------------------------
DEBUG:----------------------------------------------
DEBUG:Position info about the robot:
DEBUG:Initial pos/angle: ([[ 0.459  0.070 -0.104]], [[ 1.281  2.869  0.000]])
DEBUG:Current pos/angle: ([[ 0.459  0.070 -0.104]], [[-1.280 -2.868  0.000]]
DEBUG:----------------------------------------------
DEBUG:----------------------------------------------
DEBUG:Position info about the robot:
DEBUG:Initial pos/angle: ([[ 0.459  0.070 -0.104]], [[ 1.281  2.869  0.000]])
DEBUG:Current pos/angle: ([[ 0.459  0.070 -0.104]], [[ 1.281  2.869  0.000]]
DEBUG:----------------------------------------------
DEBUG:----------------------------------------------
DEBUG:Position info about the robot:
DEBUG:Initial pos/angle: ([[ 0.459  0.070 -0.104]], [[ 1.281  2.869  0.000]])
DEBUG:Current pos/angle: ([[ 0.459  0.070 -0.104]], [[-1.280 -2.868  0.000]]
DEBUG:----------------------------------------------
DEBUG:----------------------------------------------
DEBUG:Position info about the robot:
DEBUG:Initial pos/angle: ([[ 0.459  0.070 -0.104]], [[ 1.281  2.869  0.000]])
DEBUG:Current pos/angle: ([[ 0.459  0.070 -0.104]], [[ 1.281  2.869  0.000]]
DEBUG:----------------------------------------------
DEBUG:----------------------------------------------
DEBUG:Position info about the robot:
DEBUG:Initial pos/angle: ([[ 0.459  0.070 -0.104]], [[ 1.281  2.869  0.000]])
DEBUG:Current pos/angle: ([[ 0.459  0.070 -0.104]], [[-1.280 -2.868  0.000]]
DEBUG:----------------------------------------------
DEBUG:----------------------------------------------
DEBUG:Position info about the robot:
DEBUG:Initial pos/angle: ([[ 0.459  0.070 -0.104]], [[ 1.281  2.869  0.000]])
DEBUG:Current pos/angle: ([[ 0.459  0.070 -0.104]], [[ 1.281  2.869  0.000]]
DEBUG:----------------------------------------------
DEBUG:----------------------------------------------
DEBUG:Position info about the robot:
DEBUG:Initial pos/angle: ([[ 0.459  0.070 -0.104]], [[ 1.281  2.869  0.000]])
DEBUG:Current pos/angle: ([[ 0.459  0.070 -0.104]], [[-1.280 -2.868  0.000]]
DEBUG:----------------------------------------------
DEBUG:----------------------------------------------
DEBUG:Position info about the robot:
DEBUG:Initial pos/angle: ([[ 0.459  0.070 -0.104]], [[ 1.281  2.869  0.000]])
DEBUG:Current pos/angle: ([[ 0.459  0.070 -0.104]], [[ 1.281  2.869  0.000]]
DEBUG:----------------------------------------------
DEBUG:----------------------------------------------
DEBUG:Position info about the robot:
DEBUG:Initial pos/angle: ([[ 0.459  0.070 -0.104]], [[ 1.281  2.869  0.000]])
DEBUG:Current pos/angle: ([[ 0.459  0.070 -0.104]], [[-1.280 -2.868  0.000]]
DEBUG:----------------------------------------------
DEBUG:----------------------------------------------
DEBUG:Position info about the robot:
DEBUG:Initial pos/angle: ([[ 0.459  0.070 -0.104]], [[ 1.281  2.869  0.000]])
DEBUG:Current pos/angle: ([[ 0.459  0.070 -0.104]], [[-1.280 -2.868  0.000]]
DEBUG:----------------------------------------------
DEBUG:----------------------------------------------
DEBUG:Position info about the robot:
DEBUG:Initial pos/angle: ([[ 0.459  0.070 -0.104]], [[ 1.281  2.869  0.000]])
DEBUG:Current pos/angle: ([[ 0.459  0.070 -0.104]], [[-1.280 -2.868  0.000]]
DEBUG:----------------------------------------------
DEBUG:----------------------------------------------
DEBUG:Position info about the robot:
DEBUG:Initial pos/angle: ([[ 0.459  0.070 -0.104]], [[ 1.281  2.869  0.000]])
DEBUG:Current pos/angle: ([[ 0.459  0.070 -0.104]], [[ 1.281  2.869  0.000]]
DEBUG:----------------------------------------------
DEBUG:----------------------------------------------
DEBUG:Position info about the robot:
DEBUG:Initial pos/angle: ([[ 0.459  0.070 -0.104]], [[ 1.281  2.869  0.000]])
DEBUG:Current pos/angle: ([[ 0.459  0.070 -0.104]], [[-1.280 -2.868  0.000]]
DEBUG:----------------------------------------------
DEBUG:----------------------------------------------
DEBUG:Position info about the robot:
DEBUG:Initial pos/angle: ([[ 0.459  0.070 -0.104]], [[ 1.281  2.869  0.000]])
DEBUG:Current pos/angle: ([[ 0.459  0.070 -0.104]], [[ 1.281  2.869  0.000]]
DEBUG:----------------------------------------------
DEBUG:----------------------------------------------
DEBUG:Position info about the robot:
DEBUG:Initial pos/angle: ([[ 0.459  0.070 -0.104]], [[ 1.281  2.869  0.000]])
DEBUG:Current pos/angle: ([[ 0.459  0.070 -0.104]], [[-1.280 -2.868  0.000]]
DEBUG:----------------------------------------------
DEBUG:----------------------------------------------
DEBUG:Position info about the robot:
DEBUG:Initial pos/angle: ([[ 0.459  0.070 -0.104]], [[ 1.281  2.869  0.000]])
DEBUG:Current pos/angle: ([[ 0.459  0.070 -0.104]], [[-1.280 -2.868  0.000]]
DEBUG:----------------------------------------------
DEBUG:----------------------------------------------
DEBUG:Position info about the robot:
DEBUG:Initial pos/angle: ([[ 0.459  0.070 -0.104]], [[ 1.281  2.869  0.000]])
DEBUG:Current pos/angle: ([[ 0.459  0.070 -0.104]], [[-1.280 -2.868  0.000]]
DEBUG:----------------------------------------------
DEBUG:----------------------------------------------
DEBUG:Position info about the robot:
DEBUG:Initial pos/angle: ([[ 0.459  0.070 -0.104]], [[ 1.281  2.869  0.000]])
DEBUG:Current pos/angle: ([[ 0.459  0.070 -0.104]], [[-1.280 -2.868  0.000]]
DEBUG:----------------------------------------------
DEBUG:----------------------------------------------
DEBUG:Position info about the robot:
DEBUG:Initial pos/angle: ([[ 0.459  0.070 -0.104]], [[ 1.281  2.869  0.000]])
DEBUG:Current pos/angle: ([[ 0.459  0.070 -0.104]], [[-1.280 -2.868  0.000]]
DEBUG:----------------------------------------------
DEBUG:----------------------------------------------
DEBUG:Position info about the robot:
DEBUG:Initial pos/angle: ([[ 0.459  0.070 -0.104]], [[ 1.281  2.869  0.000]])
DEBUG:Current pos/angle: ([[ 0.459  0.070 -0.104]], [[ 1.281  2.869  0.000]]
DEBUG:----------------------------------------------
DEBUG:----------------------------------------------
DEBUG:Position info about the robot:
DEBUG:Initial pos/angle: ([[ 0.459  0.070 -0.104]], [[ 1.281  2.869  0.000]])
DEBUG:Current pos/angle: ([[ 0.459  0.070 -0.104]], [[ 1.281  2.869  0.000]]
DEBUG:----------------------------------------------
DEBUG:----------------------------------------------
DEBUG:Position info about the robot:
DEBUG:Initial pos/angle: ([[ 0.459  0.070 -0.104]], [[ 1.281  2.869  0.000]])
DEBUG:Current pos/angle: ([[ 0.459  0.070 -0.104]], [[-1.280 -2.868  0.000]]
DEBUG:----------------------------------------------
DEBUG:----------------------------------------------
DEBUG:Position info about the robot:
DEBUG:Initial pos/angle: ([[ 0.459  0.070 -0.104]], [[ 1.281  2.869  0.000]])
DEBUG:Current pos/angle: ([[ 0.459  0.070 -0.104]], [[-1.280 -2.868  0.000]]
DEBUG:----------------------------------------------
DEBUG:----------------------------------------------
DEBUG:Position info about the robot:
DEBUG:Initial pos/angle: ([[ 0.459  0.070 -0.104]], [[ 1.281  2.869  0.000]])
DEBUG:Current pos/angle: ([[ 0.459  0.070 -0.104]], [[ 1.281  2.869  0.000]]
DEBUG:----------------------------------------------
DEBUG:----------------------------------------------
DEBUG:Position info about the robot:
DEBUG:Initial pos/angle: ([[ 0.459  0.070 -0.104]], [[ 1.281  2.869  0.000]])
DEBUG:Current pos/angle: ([[ 0.459  0.070 -0.104]], [[-1.280 -2.868  0.000]]
DEBUG:----------------------------------------------
DEBUG:----------------------------------------------
DEBUG:Position info about the robot:
DEBUG:Initial pos/angle: ([[ 0.459  0.070 -0.104]], [[ 1.281  2.869  0.000]])
DEBUG:Current pos/angle: ([[ 0.459  0.070 -0.104]], [[ 1.281  2.869  0.000]]
DEBUG:----------------------------------------------
DEBUG:----------------------------------------------
DEBUG:Position info about the robot:
DEBUG:Initial pos/angle: ([[ 0.459  0.070 -0.104]], [[ 1.281  2.869  0.000]])
DEBUG:Current pos/angle: ([[ 0.459  0.070 -0.104]], [[-1.280 -2.868  0.000]]
DEBUG:----------------------------------------------
DEBUG:----------------------------------------------
DEBUG:Position info about the robot:
DEBUG:Initial pos/angle: ([[ 0.459  0.070 -0.104]], [[ 1.281  2.869  0.000]])
DEBUG:Current pos/angle: ([[ 0.459  0.070 -0.104]], [[-1.280 -2.868  0.000]]
DEBUG:----------------------------------------------
DEBUG:----------------------------------------------
DEBUG:Position info about the robot:
DEBUG:Initial pos/angle: ([[ 0.459  0.070 -0.104]], [[ 1.281  2.869  0.000]])
DEBUG:Current pos/angle: ([[ 0.459  0.070 -0.104]], [[-1.280 -2.868  0.000]]
DEBUG:----------------------------------------------
DEBUG:----------------------------------------------
DEBUG:Position info about the robot:
DEBUG:Initial pos/angle: ([[ 0.459  0.070 -0.104]], [[ 1.281  2.869  0.000]])
DEBUG:Current pos/angle: ([[ 0.459  0.070 -0.104]], [[ 1.281  2.869  0.000]]
DEBUG:----------------------------------------------
DEBUG:----------------------------------------------
DEBUG:Position info about the robot:
DEBUG:Initial pos/angle: ([[ 0.459  0.070 -0.104]], [[ 1.281  2.869  0.000]])
DEBUG:Current pos/angle: ([[ 0.459  0.070 -0.104]], [[ 1.281  2.869  0.000]]
DEBUG:----------------------------------------------
DEBUG:----------------------------------------------
DEBUG:Position info about the robot:
DEBUG:Initial pos/angle: ([[ 0.459  0.070 -0.104]], [[ 1.281  2.869  0.000]])
DEBUG:Current pos/angle: ([[ 0.459  0.070 -0.104]], [[ 1.281  2.869  0.000]]
DEBUG:----------------------------------------------
DEBUG:----------------------------------------------
DEBUG:Position info about the robot:
DEBUG:Initial pos/angle: ([[ 0.459  0.070 -0.104]], [[ 1.281  2.869  0.000]])
DEBUG:Current pos/angle: ([[ 0.459  0.070 -0.104]], [[-1.280 -2.868  0.000]]
DEBUG:----------------------------------------------
DEBUG:----------------------------------------------
DEBUG:Position info about the robot:
DEBUG:Initial pos/angle: ([[ 0.459  0.070 -0.104]], [[ 1.281  2.869  0.000]])
DEBUG:Current pos/angle: ([[ 0.459  0.070 -0.104]], [[ 1.281  2.869  0.000]]
DEBUG:----------------------------------------------
DEBUG:----------------------------------------------
DEBUG:Position info about the robot:
DEBUG:Initial pos/angle: ([[ 0.459  0.070 -0.104]], [[ 1.281  2.869  0.000]])
DEBUG:Current pos/angle: ([[ 0.459  0.070 -0.104]], [[ 1.281  2.869  0.000]]
DEBUG:----------------------------------------------
DEBUG:----------------------------------------------
DEBUG:Position info about the robot:
DEBUG:Initial pos/angle: ([[ 0.459  0.070 -0.104]], [[ 1.281  2.869  0.000]])
DEBUG:Current pos/angle: ([[ 0.459  0.070 -0.104]], [[ 1.281  2.869  0.000]]
DEBUG:----------------------------------------------
DEBUG:----------------------------------------------
DEBUG:Position info about the robot:
DEBUG:Initial pos/angle: ([[ 0.459  0.070 -0.104]], [[ 1.281  2.869  0.000]])
DEBUG:Current pos/angle: ([[ 0.459  0.070 -0.104]], [[-1.280 -2.868  0.000]]
DEBUG:----------------------------------------------
DEBUG:----------------------------------------------
DEBUG:Position info about the robot:
DEBUG:Initial pos/angle: ([[ 0.459  0.070 -0.104]], [[ 1.281  2.869  0.000]])
DEBUG:Current pos/angle: ([[ 0.459  0.070 -0.104]], [[-1.280 -2.868  0.000]]
DEBUG:----------------------------------------------
DEBUG:----------------------------------------------
DEBUG:Position info about the robot:
DEBUG:Initial pos/angle: ([[ 0.459  0.070 -0.104]], [[ 1.281  2.869  0.000]])
DEBUG:Current pos/angle: ([[ 0.459  0.070 -0.104]], [[ 1.281  2.869  0.000]]
DEBUG:----------------------------------------------
DEBUG:----------------------------------------------
DEBUG:Position info about the robot:
DEBUG:Initial pos/angle: ([[ 0.459  0.070 -0.104]], [[ 1.281  2.869  0.000]])
DEBUG:Current pos/angle: ([[ 0.459  0.070 -0.104]], [[ 1.281  2.869  0.000]]
DEBUG:----------------------------------------------
DEBUG:----------------------------------------------
DEBUG:Position info about the robot:
DEBUG:Initial pos/angle: ([[ 0.459  0.070 -0.104]], [[ 1.281  2.869  0.000]])
DEBUG:Current pos/angle: ([[ 0.459  0.070 -0.104]], [[-1.280 -2.868  0.000]]
DEBUG:----------------------------------------------
DEBUG:----------------------------------------------
DEBUG:Position info about the robot:
DEBUG:Initial pos/angle: ([[ 0.459  0.070 -0.104]], [[ 1.281  2.869  0.000]])
DEBUG:Current pos/angle: ([[ 0.459  0.070 -0.104]], [[ 1.281  2.869  0.000]]
DEBUG:----------------------------------------------
DEBUG:----------------------------------------------
DEBUG:Position info about the robot:
DEBUG:Initial pos/angle: ([[ 0.459  0.070 -0.104]], [[ 1.281  2.869  0.000]])
DEBUG:Current pos/angle: ([[ 0.459  0.070 -0.104]], [[ 1.281  2.869  0.000]]
DEBUG:----------------------------------------------
DEBUG:----------------------------------------------
DEBUG:Position info about the robot:
DEBUG:Initial pos/angle: ([[ 0.459  0.070 -0.104]], [[ 1.281  2.869  0.000]])
DEBUG:Current pos/angle: ([[ 0.459  0.070 -0.104]], [[-1.280 -2.868  0.000]]
DEBUG:----------------------------------------------
DEBUG:----------------------------------------------
DEBUG:Position info about the robot:
DEBUG:Initial pos/angle: ([[ 0.459  0.070 -0.104]], [[ 1.281  2.869  0.000]])
DEBUG:Current pos/angle: ([[ 0.459  0.070 -0.104]], [[ 1.281  2.869  0.000]]
DEBUG:----------------------------------------------
DEBUG:----------------------------------------------
DEBUG:Position info about the robot:
DEBUG:Initial pos/angle: ([[ 0.459  0.070 -0.104]], [[ 1.281  2.869  0.000]])
DEBUG:Current pos/angle: ([[ 0.459  0.070 -0.104]], [[ 1.281  2.869  0.000]]
DEBUG:----------------------------------------------
DEBUG:----------------------------------------------
DEBUG:Position info about the robot:
DEBUG:Initial pos/angle: ([[ 0.459  0.070 -0.104]], [[ 1.281  2.869  0.000]])
DEBUG:Current pos/angle: ([[ 0.459  0.070 -0.104]], [[ 1.281  2.869  0.000]]
DEBUG:----------------------------------------------
DEBUG:----------------------------------------------
DEBUG:Position info about the robot:
DEBUG:Initial pos/angle: ([[ 0.459  0.070 -0.104]], [[ 1.281  2.869  0.000]])
DEBUG:Current pos/angle: ([[ 0.459  0.070 -0.104]], [[ 1.281  2.869  0.000]]
DEBUG:----------------------------------------------
DEBUG:----------------------------------------------
DEBUG:Position info about the robot:
DEBUG:Initial pos/angle: ([[ 0.459  0.070 -0.104]], [[ 1.281  2.869  0.000]])
DEBUG:Current pos/angle: ([[ 0.459  0.070 -0.104]], [[ 1.281  2.869  0.000]]
DEBUG:----------------------------------------------
DEBUG:----------------------------------------------
DEBUG:Position info about the robot:
DEBUG:Initial pos/angle: ([[ 0.459  0.070 -0.104]], [[ 1.281  2.869  0.000]])
DEBUG:Current pos/angle: ([[ 0.459  0.070 -0.104]], [[ 1.281  2.869  0.000]]
DEBUG:----------------------------------------------
DEBUG:----------------------------------------------
DEBUG:Position info about the robot:
DEBUG:Initial pos/angle: ([[ 0.459  0.070 -0.104]], [[ 1.281  2.869  0.000]])
DEBUG:Current pos/angle: ([[ 0.459  0.070 -0.104]], [[-1.280 -2.868  0.000]]
DEBUG:----------------------------------------------
DEBUG:----------------------------------------------
DEBUG:Position info about the robot:
DEBUG:Initial pos/angle: ([[ 0.459  0.070 -0.104]], [[ 1.281  2.869  0.000]])
DEBUG:Current pos/angle: ([[ 0.459  0.070 -0.104]], [[ 1.281  2.869  0.000]]
DEBUG:----------------------------------------------
DEBUG:----------------------------------------------
DEBUG:Position info about the robot:
DEBUG:Initial pos/angle: ([[ 0.459  0.070 -0.104]], [[ 1.281  2.869  0.000]])
DEBUG:Current pos/angle: ([[ 0.459  0.070 -0.104]], [[ 1.281  2.869  0.000]]
DEBUG:----------------------------------------------
DEBUG:----------------------------------------------
DEBUG:Position info about the robot:
DEBUG:Initial pos/angle: ([[ 0.459  0.070 -0.104]], [[ 1.281  2.869  0.000]])
DEBUG:Current pos/angle: ([[ 0.459  0.070 -0.104]], [[ 1.281  2.869  0.000]]
DEBUG:----------------------------------------------
DEBUG:----------------------------------------------
DEBUG:Position info about the robot:
DEBUG:Initial pos/angle: ([[ 0.459  0.070 -0.104]], [[ 1.281  2.869  0.000]])
DEBUG:Current pos/angle: ([[ 0.459  0.070 -0.104]], [[ 1.281  2.869  0.000]]
DEBUG:----------------------------------------------
DEBUG:----------------------------------------------
DEBUG:Position info about the robot:
DEBUG:Initial pos/angle: ([[ 0.459  0.070 -0.104]], [[ 1.281  2.869  0.000]])
DEBUG:Current pos/angle: ([[ 0.459  0.070 -0.104]], [[-1.280 -2.868  0.000]]
DEBUG:----------------------------------------------
DEBUG:----------------------------------------------
DEBUG:Position info about the robot:
DEBUG:Initial pos/angle: ([[ 0.459  0.070 -0.104]], [[ 1.281  2.869  0.000]])
DEBUG:Current pos/angle: ([[ 0.459  0.070 -0.104]], [[ 1.281  2.869  0.000]]
DEBUG:----------------------------------------------
DEBUG:----------------------------------------------
DEBUG:Position info about the robot:
DEBUG:Initial pos/angle: ([[ 0.459  0.070 -0.104]], [[ 1.281  2.869  0.000]])
DEBUG:Current pos/angle: ([[ 0.459  0.070 -0.104]], [[ 1.281  2.869  0.000]]
DEBUG:----------------------------------------------
DEBUG:----------------------------------------------
DEBUG:Position info about the robot:
DEBUG:Initial pos/angle: ([[ 0.459  0.070 -0.104]], [[-1.280 -2.868  0.000]])
DEBUG:Current pos/angle: ([[ 0.459  0.070 -0.104]], [[-1.280 -2.868  0.000]]
DEBUG:----------------------------------------------
DEBUG:----------------------------------------------
DEBUG:Position info about the robot:
DEBUG:Initial pos/angle: ([[ 0.459  0.070 -0.104]], [[-1.280 -2.868  0.000]])
DEBUG:Current pos/angle: ([[ 0.459  0.070 -0.104]], [[-1.280 -2.868  0.000]]
DEBUG:----------------------------------------------
DEBUG:----------------------------------------------
DEBUG:Position info about the robot:
DEBUG:Initial pos/angle: ([[ 0.459  0.070 -0.104]], [[-1.280 -2.868  0.000]])
DEBUG:Current pos/angle: ([[ 0.459  0.070 -0.104]], [[ 1.266  2.836  0.021]]
DEBUG:----------------------------------------------
DEBUG:----------------------------------------------
DEBUG:Position info about the robot:
DEBUG:Initial pos/angle: ([[ 0.459  0.070 -0.104]], [[-1.280 -2.868  0.000]])
DEBUG:Current pos/angle: ([[ 0.459  0.070 -0.104]], [[ 1.243  2.783  0.054]]
DEBUG:----------------------------------------------
DEBUG:----------------------------------------------
DEBUG:Position info about the robot:
DEBUG:Initial pos/angle: ([[ 0.459  0.070 -0.104]], [[-1.280 -2.868  0.000]])
DEBUG:Current pos/angle: ([[ 0.459  0.070 -0.104]], [[ 1.219  2.730  0.086]]
DEBUG:----------------------------------------------
DEBUG:----------------------------------------------
DEBUG:Position info about the robot:
DEBUG:Initial pos/angle: ([[ 0.459  0.070 -0.104]], [[-1.280 -2.868  0.000]])
DEBUG:Current pos/angle: ([[ 0.459  0.070 -0.104]], [[ 1.195  2.677  0.117]]
DEBUG:----------------------------------------------
DEBUG:----------------------------------------------
DEBUG:Position info about the robot:
DEBUG:Initial pos/angle: ([[ 0.459  0.070 -0.104]], [[-1.280 -2.868  0.000]])
DEBUG:Current pos/angle: ([[ 0.459  0.070 -0.104]], [[ 1.171  2.624  0.147]]
DEBUG:----------------------------------------------
DEBUG:----------------------------------------------
DEBUG:Position info about the robot:
DEBUG:Initial pos/angle: ([[ 0.459  0.070 -0.104]], [[-1.280 -2.868  0.000]])
DEBUG:Current pos/angle: ([[ 0.459  0.070 -0.104]], [[ 1.147  2.570  0.175]]
DEBUG:----------------------------------------------
DEBUG:----------------------------------------------
DEBUG:Position info about the robot:
DEBUG:Initial pos/angle: ([[ 0.459  0.070 -0.104]], [[-1.280 -2.868  0.000]])
DEBUG:Current pos/angle: ([[ 0.459  0.070 -0.104]], [[ 1.123  2.516  0.203]]
DEBUG:----------------------------------------------
DEBUG:----------------------------------------------
DEBUG:Position info about the robot:
DEBUG:Initial pos/angle: ([[ 0.459  0.070 -0.104]], [[-1.280 -2.868  0.000]])
DEBUG:Current pos/angle: ([[ 0.459  0.070 -0.104]], [[ 1.099  2.462  0.229]]
DEBUG:----------------------------------------------
DEBUG:----------------------------------------------
DEBUG:Position info about the robot:
DEBUG:Initial pos/angle: ([[ 0.459  0.070 -0.104]], [[-1.280 -2.868  0.000]])
DEBUG:Current pos/angle: ([[ 0.459  0.070 -0.104]], [[ 1.075  2.407  0.255]]
DEBUG:----------------------------------------------
DEBUG:----------------------------------------------
DEBUG:Position info about the robot:
DEBUG:Initial pos/angle: ([[ 0.459  0.070 -0.104]], [[-1.280 -2.868  0.000]])
DEBUG:Current pos/angle: ([[ 0.459  0.070 -0.104]], [[ 1.051  2.353  0.280]]
DEBUG:----------------------------------------------
DEBUG:----------------------------------------------
DEBUG:Position info about the robot:
DEBUG:Initial pos/angle: ([[ 0.459  0.070 -0.104]], [[-1.280 -2.868  0.000]])
DEBUG:Current pos/angle: ([[ 0.459  0.070 -0.104]], [[ 1.026  2.298  0.304]]
DEBUG:----------------------------------------------
DEBUG:----------------------------------------------
DEBUG:Position info about the robot:
DEBUG:Initial pos/angle: ([[ 0.459  0.070 -0.104]], [[-1.280 -2.868  0.000]])
DEBUG:Current pos/angle: ([[ 0.459  0.070 -0.104]], [[ 1.001  2.243  0.327]]
DEBUG:----------------------------------------------
DEBUG:----------------------------------------------
DEBUG:Position info about the robot:
DEBUG:Initial pos/angle: ([[ 0.459  0.070 -0.104]], [[-1.280 -2.868  0.000]])
DEBUG:Current pos/angle: ([[ 0.459  0.070 -0.104]], [[ 0.990  2.218  0.337]]
DEBUG:----------------------------------------------
DEBUG:----------------------------------------------
DEBUG:Position info about the robot:
DEBUG:Initial pos/angle: ([[ 0.459  0.070 -0.104]], [[-1.280 -2.868  0.000]])
DEBUG:Current pos/angle: ([[ 0.459  0.070 -0.104]], [[ 1.003  2.246  0.362]]
DEBUG:----------------------------------------------
DEBUG:----------------------------------------------
DEBUG:Position info about the robot:
DEBUG:Initial pos/angle: ([[ 0.459  0.070 -0.104]], [[-1.280 -2.868  0.000]])
DEBUG:Current pos/angle: ([[ 0.459  0.070 -0.104]], [[ 1.023  2.292  0.403]]
DEBUG:----------------------------------------------
DEBUG:----------------------------------------------
DEBUG:Position info about the robot:
DEBUG:Initial pos/angle: ([[ 0.459  0.070 -0.104]], [[-1.280 -2.868  0.000]])
DEBUG:Current pos/angle: ([[ 0.459  0.070 -0.104]], [[ 1.043  2.337  0.446]]
DEBUG:----------------------------------------------
DEBUG:----------------------------------------------
DEBUG:Position info about the robot:
DEBUG:Initial pos/angle: ([[ 0.459  0.070 -0.104]], [[-1.280 -2.868  0.000]])
DEBUG:Current pos/angle: ([[ 0.459  0.070 -0.104]], [[ 1.063  2.382  0.489]]
DEBUG:----------------------------------------------
DEBUG:----------------------------------------------
DEBUG:Position info about the robot:
DEBUG:Initial pos/angle: ([[ 0.459  0.070 -0.104]], [[-1.280 -2.868  0.000]])
DEBUG:Current pos/angle: ([[ 0.459  0.070 -0.104]], [[ 1.083  2.426  0.533]]
DEBUG:----------------------------------------------
DEBUG:----------------------------------------------
DEBUG:Position info about the robot:
DEBUG:Initial pos/angle: ([[ 0.459  0.070 -0.104]], [[-1.280 -2.868  0.000]])
DEBUG:Current pos/angle: ([[ 0.459  0.070 -0.104]], [[ 1.103  2.470  0.578]]
DEBUG:----------------------------------------------
DEBUG:----------------------------------------------
DEBUG:Position info about the robot:
DEBUG:Initial pos/angle: ([[ 0.459  0.070 -0.104]], [[-1.280 -2.868  0.000]])
DEBUG:Current pos/angle: ([[ 0.459  0.070 -0.104]], [[ 1.122  2.513  0.624]]
DEBUG:----------------------------------------------
DEBUG:----------------------------------------------
DEBUG:Position info about the robot:
DEBUG:Initial pos/angle: ([[ 0.459  0.070 -0.104]], [[-1.280 -2.868  0.000]])
DEBUG:Current pos/angle: ([[ 0.459  0.070 -0.104]], [[ 1.141  2.556  0.671]]
DEBUG:----------------------------------------------
DEBUG:----------------------------------------------
DEBUG:Position info about the robot:
DEBUG:Initial pos/angle: ([[ 0.459  0.070 -0.104]], [[-1.280 -2.868  0.000]])
DEBUG:Current pos/angle: ([[ 0.459  0.070 -0.104]], [[ 1.160  2.598  0.719]]
DEBUG:----------------------------------------------
DEBUG:----------------------------------------------
DEBUG:Position info about the robot:
DEBUG:Initial pos/angle: ([[ 0.459  0.070 -0.104]], [[-1.280 -2.868  0.000]])
DEBUG:Current pos/angle: ([[ 0.459  0.070 -0.104]], [[ 1.179  2.640  0.768]]
DEBUG:----------------------------------------------
DEBUG:----------------------------------------------
DEBUG:Position info about the robot:
DEBUG:Initial pos/angle: ([[ 0.459  0.070 -0.104]], [[-1.280 -2.868  0.000]])
DEBUG:Current pos/angle: ([[ 0.459  0.070 -0.104]], [[ 1.197  2.681  0.818]]
DEBUG:----------------------------------------------
DEBUG:----------------------------------------------
DEBUG:Position info about the robot:
DEBUG:Initial pos/angle: ([[ 0.459  0.070 -0.104]], [[-1.280 -2.868  0.000]])
DEBUG:Current pos/angle: ([[ 0.459  0.070 -0.104]], [[ 1.215  2.721  0.870]]
DEBUG:----------------------------------------------
DEBUG:----------------------------------------------
DEBUG:Position info about the robot:
DEBUG:Initial pos/angle: ([[ 0.459  0.070 -0.104]], [[-1.280 -2.868  0.000]])
DEBUG:Current pos/angle: ([[ 0.459  0.070 -0.104]], [[-1.217 -2.726 -0.910]]
DEBUG:----------------------------------------------
DEBUG:----------------------------------------------
DEBUG:Position info about the robot:
DEBUG:Initial pos/angle: ([[ 0.459  0.070 -0.104]], [[-1.280 -2.868  0.000]])
DEBUG:Current pos/angle: ([[ 0.459  0.070 -0.104]], [[-1.190 -2.667 -0.929]]
DEBUG:----------------------------------------------
DEBUG:----------------------------------------------
DEBUG:Position info about the robot:
DEBUG:Initial pos/angle: ([[ 0.459  0.070 -0.104]], [[-1.280 -2.868  0.000]])
DEBUG:Current pos/angle: ([[ 0.459  0.070 -0.104]], [[-1.164 -2.608 -0.946]]
DEBUG:----------------------------------------------
DEBUG:----------------------------------------------
DEBUG:Position info about the robot:
DEBUG:Initial pos/angle: ([[ 0.459  0.070 -0.104]], [[-1.280 -2.868  0.000]])
DEBUG:Current pos/angle: ([[ 0.459  0.070 -0.104]], [[-1.137 -2.548 -0.962]]
DEBUG:----------------------------------------------
DEBUG:----------------------------------------------
DEBUG:Position info about the robot:
DEBUG:Initial pos/angle: ([[ 0.459  0.070 -0.104]], [[-1.280 -2.868  0.000]])
DEBUG:Current pos/angle: ([[ 0.459  0.070 -0.104]], [[-1.111 -2.489 -0.977]]
DEBUG:----------------------------------------------
DEBUG:----------------------------------------------
DEBUG:Position info about the robot:
DEBUG:Initial pos/angle: ([[ 0.459  0.070 -0.104]], [[-1.280 -2.868  0.000]])
DEBUG:Current pos/angle: ([[ 0.459  0.070 -0.104]], [[-1.104 -2.473 -0.981]]
DEBUG:----------------------------------------------
DEBUG:----------------------------------------------
DEBUG:Position info about the robot:
DEBUG:Initial pos/angle: ([[ 0.459  0.070 -0.104]], [[-1.280 -2.868  0.000]])
DEBUG:Current pos/angle: ([[ 0.459  0.070 -0.104]], [[-1.116 -2.500 -0.936]]
DEBUG:----------------------------------------------
DEBUG:----------------------------------------------
DEBUG:Position info about the robot:
DEBUG:Initial pos/angle: ([[ 0.459  0.070 -0.104]], [[-1.280 -2.868  0.000]])
DEBUG:Current pos/angle: ([[ 0.459  0.070 -0.104]], [[-1.135 -2.542 -0.862]]
DEBUG:----------------------------------------------
DEBUG:----------------------------------------------
DEBUG:Position info about the robot:
DEBUG:Initial pos/angle: ([[ 0.459  0.070 -0.104]], [[-1.280 -2.868  0.000]])
DEBUG:Current pos/angle: ([[ 0.459  0.070 -0.104]], [[-1.152 -2.582 -0.787]]
DEBUG:----------------------------------------------
DEBUG:----------------------------------------------
DEBUG:Position info about the robot:
DEBUG:Initial pos/angle: ([[ 0.459  0.070 -0.104]], [[-1.280 -2.868  0.000]])
DEBUG:Current pos/angle: ([[ 0.459  0.070 -0.104]], [[-1.170 -2.621 -0.710]]
DEBUG:----------------------------------------------
DEBUG:----------------------------------------------
DEBUG:Position info about the robot:
DEBUG:Initial pos/angle: ([[ 0.459  0.070 -0.104]], [[-1.280 -2.868  0.000]])
DEBUG:Current pos/angle: ([[ 0.459  0.070 -0.104]], [[-1.186 -2.658 -0.631]]
DEBUG:----------------------------------------------
DEBUG:----------------------------------------------
DEBUG:Position info about the robot:
DEBUG:Initial pos/angle: ([[ 0.459  0.070 -0.104]], [[-1.280 -2.868  0.000]])
DEBUG:Current pos/angle: ([[ 0.459  0.070 -0.104]], [[-1.202 -2.693 -0.551]]
DEBUG:----------------------------------------------
DEBUG:----------------------------------------------
DEBUG:Position info about the robot:
DEBUG:Initial pos/angle: ([[ 0.459  0.070 -0.104]], [[-1.280 -2.868  0.000]])
DEBUG:Current pos/angle: ([[ 0.459  0.070 -0.104]], [[-1.216 -2.725 -0.469]]
DEBUG:----------------------------------------------
DEBUG:----------------------------------------------
DEBUG:Position info about the robot:
DEBUG:Initial pos/angle: ([[ 0.459  0.070 -0.104]], [[-1.280 -2.868  0.000]])
DEBUG:Current pos/angle: ([[ 0.459  0.070 -0.104]], [[-1.230 -2.756 -0.386]]
DEBUG:----------------------------------------------
DEBUG:----------------------------------------------
DEBUG:Position info about the robot:
DEBUG:Initial pos/angle: ([[ 0.459  0.070 -0.104]], [[-1.280 -2.868  0.000]])
DEBUG:Current pos/angle: ([[ 0.459  0.070 -0.104]], [[-1.243 -2.785 -0.301]]
DEBUG:----------------------------------------------
DEBUG:----------------------------------------------
DEBUG:Position info about the robot:
DEBUG:Initial pos/angle: ([[ 0.459  0.070 -0.104]], [[-1.280 -2.868  0.000]])
DEBUG:Current pos/angle: ([[ 0.459  0.070 -0.104]], [[-1.255 -2.812 -0.215]]
DEBUG:----------------------------------------------
DEBUG:----------------------------------------------
DEBUG:Position info about the robot:
DEBUG:Initial pos/angle: ([[ 0.459  0.070 -0.104]], [[-1.280 -2.868  0.000]])
DEBUG:Current pos/angle: ([[ 0.459  0.070 -0.104]], [[-1.266 -2.836 -0.127]]
DEBUG:----------------------------------------------
DEBUG:----------------------------------------------
DEBUG:Position info about the robot:
DEBUG:Initial pos/angle: ([[ 0.459  0.070 -0.104]], [[-1.280 -2.868  0.000]])
DEBUG:Current pos/angle: ([[ 0.459  0.070 -0.104]], [[-1.276 -2.859 -0.038]]
DEBUG:----------------------------------------------
DEBUG:----------------------------------------------
DEBUG:Position info about the robot:
DEBUG:Initial pos/angle: ([[ 0.459  0.070 -0.104]], [[-1.280 -2.868  0.000]])
DEBUG:Current pos/angle: ([[ 0.459  0.070 -0.104]], [[ 1.276  2.857 -0.050]]
DEBUG:----------------------------------------------
DEBUG:----------------------------------------------
DEBUG:Position info about the robot:
DEBUG:Initial pos/angle: ([[ 0.459  0.070 -0.104]], [[-1.280 -2.868  0.000]])
DEBUG:Current pos/angle: ([[ 0.459  0.070 -0.104]], [[ 1.266  2.835 -0.138]]
DEBUG:----------------------------------------------
DEBUG:----------------------------------------------
DEBUG:Position info about the robot:
DEBUG:Initial pos/angle: ([[ 0.459  0.070 -0.104]], [[-1.280 -2.868  0.000]])
DEBUG:Current pos/angle: ([[ 0.459  0.070 -0.104]], [[ 1.255  2.810 -0.225]]
DEBUG:----------------------------------------------
DEBUG:----------------------------------------------
DEBUG:Position info about the robot:
DEBUG:Initial pos/angle: ([[ 0.459  0.070 -0.104]], [[-1.280 -2.868  0.000]])
DEBUG:Current pos/angle: ([[ 0.459  0.070 -0.104]], [[ 1.243  2.783 -0.311]]
DEBUG:----------------------------------------------
DEBUG:----------------------------------------------
DEBUG:Position info about the robot:
DEBUG:Initial pos/angle: ([[ 0.459  0.070 -0.104]], [[-1.280 -2.868  0.000]])
DEBUG:Current pos/angle: ([[ 0.459  0.070 -0.104]], [[ 1.230  2.754 -0.396]]
DEBUG:----------------------------------------------
DEBUG:----------------------------------------------
DEBUG:Position info about the robot:
DEBUG:Initial pos/angle: ([[ 0.459  0.070 -0.104]], [[-1.280 -2.868  0.000]])
DEBUG:Current pos/angle: ([[ 0.459  0.070 -0.104]], [[ 1.216  2.723 -0.479]]
DEBUG:----------------------------------------------
DEBUG:----------------------------------------------
DEBUG:Position info about the robot:
DEBUG:Initial pos/angle: ([[ 0.459  0.070 -0.104]], [[-1.280 -2.868  0.000]])
DEBUG:Current pos/angle: ([[ 0.459  0.070 -0.104]], [[ 1.201  2.690 -0.560]]
DEBUG:----------------------------------------------
DEBUG:----------------------------------------------
DEBUG:Position info about the robot:
DEBUG:Initial pos/angle: ([[ 0.459  0.070 -0.104]], [[-1.280 -2.868  0.000]])
DEBUG:Current pos/angle: ([[ 0.459  0.070 -0.104]], [[ 1.185  2.655 -0.640]]
DEBUG:----------------------------------------------
DEBUG:----------------------------------------------
DEBUG:Position info about the robot:
DEBUG:Initial pos/angle: ([[ 0.459  0.070 -0.104]], [[-1.280 -2.868  0.000]])
DEBUG:Current pos/angle: ([[ 0.459  0.070 -0.104]], [[ 1.169  2.618 -0.719]]
DEBUG:----------------------------------------------
DEBUG:----------------------------------------------
DEBUG:Position info about the robot:
DEBUG:Initial pos/angle: ([[ 0.459  0.070 -0.104]], [[-1.280 -2.868  0.000]])
DEBUG:Current pos/angle: ([[ 0.459  0.070 -0.104]], [[ 1.152  2.579 -0.795]]
DEBUG:----------------------------------------------
DEBUG:----------------------------------------------
DEBUG:Position info about the robot:
DEBUG:Initial pos/angle: ([[ 0.459  0.070 -0.104]], [[-1.280 -2.868  0.000]])
DEBUG:Current pos/angle: ([[ 0.459  0.070 -0.104]], [[ 1.134  2.539 -0.870]]
DEBUG:----------------------------------------------
DEBUG:----------------------------------------------
DEBUG:Position info about the robot:
DEBUG:Initial pos/angle: ([[ 0.459  0.070 -0.104]], [[-1.280 -2.868  0.000]])
DEBUG:Current pos/angle: ([[ 0.459  0.070 -0.104]], [[ 1.115  2.497 -0.944]]
DEBUG:----------------------------------------------
DEBUG:----------------------------------------------
DEBUG:Position info about the robot:
DEBUG:Initial pos/angle: ([[ 0.459  0.070 -0.104]], [[-1.280 -2.868  0.000]])
DEBUG:Current pos/angle: ([[ 0.459  0.070 -0.104]], [[ 1.105  2.474 -0.981]]
DEBUG:----------------------------------------------
DEBUG:----------------------------------------------
DEBUG:Position info about the robot:
DEBUG:Initial pos/angle: ([[ 0.459  0.070 -0.104]], [[-1.280 -2.868  0.000]])
DEBUG:Current pos/angle: ([[ 0.459  0.070 -0.104]], [[ 1.121  2.512 -0.972]]
DEBUG:----------------------------------------------
DEBUG:----------------------------------------------
DEBUG:Position info about the robot:
DEBUG:Initial pos/angle: ([[ 0.459  0.070 -0.104]], [[-1.280 -2.868  0.000]])
DEBUG:Current pos/angle: ([[ 0.459  0.070 -0.104]], [[ 1.148  2.571 -0.956]]
DEBUG:----------------------------------------------
DEBUG:----------------------------------------------
DEBUG:Position info about the robot:
DEBUG:Initial pos/angle: ([[ 0.459  0.070 -0.104]], [[-1.280 -2.868  0.000]])
DEBUG:Current pos/angle: ([[ 0.459  0.070 -0.104]], [[ 1.175  2.631 -0.940]]
DEBUG:----------------------------------------------
DEBUG:----------------------------------------------
DEBUG:Position info about the robot:
DEBUG:Initial pos/angle: ([[ 0.459  0.070 -0.104]], [[-1.280 -2.868  0.000]])
DEBUG:Current pos/angle: ([[ 0.459  0.070 -0.104]], [[ 1.201  2.690 -0.922]]
DEBUG:----------------------------------------------
DEBUG:----------------------------------------------
DEBUG:Position info about the robot:
DEBUG:Initial pos/angle: ([[ 0.459  0.070 -0.104]], [[-1.280 -2.868  0.000]])
DEBUG:Current pos/angle: ([[ 0.459  0.070 -0.104]], [[-1.225 -2.745  0.902]]
DEBUG:----------------------------------------------
DEBUG:----------------------------------------------
DEBUG:Position info about the robot:
DEBUG:Initial pos/angle: ([[ 0.459  0.070 -0.104]], [[-1.280 -2.868  0.000]])
DEBUG:Current pos/angle: ([[ 0.459  0.070 -0.104]], [[-1.207 -2.705  0.850]]
DEBUG:----------------------------------------------
DEBUG:----------------------------------------------
DEBUG:Position info about the robot:
DEBUG:Initial pos/angle: ([[ 0.459  0.070 -0.104]], [[-1.280 -2.868  0.000]])
DEBUG:Current pos/angle: ([[ 0.459  0.070 -0.104]], [[-1.189 -2.665  0.800]]
DEBUG:----------------------------------------------
DEBUG:----------------------------------------------
DEBUG:Position info about the robot:
DEBUG:Initial pos/angle: ([[ 0.459  0.070 -0.104]], [[-1.280 -2.868  0.000]])
DEBUG:Current pos/angle: ([[ 0.459  0.070 -0.104]], [[-1.182 -2.650  0.781]]
DEBUG:----------------------------------------------
DEBUG:----------------------------------------------
DEBUG:Position info about the robot:
DEBUG:Initial pos/angle: ([[ 0.459  0.070 -0.104]], [[-1.280 -2.868  0.000]])
DEBUG:Current pos/angle: ([[ 0.459  0.070 -0.104]], [[-1.182 -2.650  0.781]]
DEBUG:----------------------------------------------
DEBUG:----------------------------------------------
DEBUG:Position info about the robot:
DEBUG:Initial pos/angle: ([[ 0.459  0.070 -0.104]], [[-1.280 -2.868  0.000]])
DEBUG:Current pos/angle: ([[ 0.459  0.070 -0.104]], [[-1.182 -2.650  0.781]]
DEBUG:----------------------------------------------
DEBUG:----------------------------------------------
DEBUG:Position info about the robot:
DEBUG:Initial pos/angle: ([[ 0.459  0.070 -0.104]], [[-1.280 -2.868  0.000]])
DEBUG:Current pos/angle: ([[ 0.459  0.070 -0.104]], [[-1.182 -2.650  0.781]]
DEBUG:----------------------------------------------
DEBUG:----------------------------------------------
DEBUG:Position info about the robot:
DEBUG:Initial pos/angle: ([[ 0.459  0.070 -0.104]], [[-1.280 -2.868  0.000]])
DEBUG:Current pos/angle: ([[ 0.459  0.070 -0.104]], [[-1.182 -2.650  0.781]]
DEBUG:----------------------------------------------
DEBUG:----------------------------------------------
DEBUG:Position info about the robot:
DEBUG:Initial pos/angle: ([[ 0.459  0.070 -0.104]], [[-1.280 -2.868  0.000]])
DEBUG:Current pos/angle: ([[ 0.459  0.070 -0.104]], [[-1.182 -2.650  0.781]]
DEBUG:----------------------------------------------
DEBUG:----------------------------------------------
DEBUG:Position info about the robot:
DEBUG:Initial pos/angle: ([[ 0.459  0.070 -0.104]], [[-1.280 -2.868  0.000]])
DEBUG:Current pos/angle: ([[ 0.459  0.070 -0.104]], [[-1.182 -2.650  0.781]]
DEBUG:----------------------------------------------
DEBUG:----------------------------------------------
DEBUG:Position info about the robot:
DEBUG:Initial pos/angle: ([[ 0.459  0.070 -0.104]], [[-1.280 -2.868  0.000]])
DEBUG:Current pos/angle: ([[ 0.459  0.070 -0.104]], [[-1.182 -2.650  0.781]]
DEBUG:----------------------------------------------
DEBUG:----------------------------------------------
DEBUG:Position info about the robot:
DEBUG:Initial pos/angle: ([[ 0.459  0.070 -0.104]], [[-1.280 -2.868  0.000]])
DEBUG:Current pos/angle: ([[ 0.459  0.070 -0.104]], [[-1.182 -2.650  0.781]]
DEBUG:----------------------------------------------
DEBUG:----------------------------------------------
DEBUG:Position info about the robot:
DEBUG:Initial pos/angle: ([[ 0.459  0.070 -0.104]], [[-1.280 -2.868  0.000]])
DEBUG:Current pos/angle: ([[ 0.459  0.070 -0.104]], [[-1.183 -2.650  0.781]]
DEBUG:----------------------------------------------
DEBUG:----------------------------------------------
DEBUG:Position info about the robot:
DEBUG:Initial pos/angle: ([[ 0.459  0.070 -0.104]], [[-1.280 -2.868  0.000]])
DEBUG:Current pos/angle: ([[ 0.459  0.070 -0.104]], [[-1.183 -2.650  0.781]]
DEBUG:----------------------------------------------
DEBUG:----------------------------------------------
DEBUG:Position info about the robot:
DEBUG:Initial pos/angle: ([[ 0.459  0.070 -0.104]], [[-1.280 -2.868  0.000]])
DEBUG:Current pos/angle: ([[ 0.459  0.070 -0.104]], [[-1.183 -2.650  0.781]]
DEBUG:----------------------------------------------
DEBUG:----------------------------------------------
DEBUG:Position info about the robot:
DEBUG:Initial pos/angle: ([[ 0.459  0.070 -0.104]], [[-1.280 -2.868  0.000]])
DEBUG:Current pos/angle: ([[ 0.459  0.070 -0.104]], [[-1.182 -2.650  0.781]]
DEBUG:----------------------------------------------
DEBUG:----------------------------------------------
DEBUG:Position info about the robot:
DEBUG:Initial pos/angle: ([[ 0.459  0.070 -0.104]], [[-1.280 -2.868  0.000]])
DEBUG:Current pos/angle: ([[ 0.459  0.070 -0.104]], [[-1.182 -2.650  0.781]]
DEBUG:----------------------------------------------
DEBUG:----------------------------------------------
DEBUG:Position info about the robot:
DEBUG:Initial pos/angle: ([[ 0.459  0.070 -0.104]], [[-1.280 -2.868  0.000]])
DEBUG:Current pos/angle: ([[ 0.459  0.070 -0.104]], [[-1.183 -2.650  0.781]]
DEBUG:----------------------------------------------
DEBUG:----------------------------------------------
DEBUG:Position info about the robot:
DEBUG:Initial pos/angle: ([[ 0.459  0.070 -0.104]], [[-1.280 -2.868  0.000]])
DEBUG:Current pos/angle: ([[ 0.459  0.070 -0.104]], [[-1.182 -2.650  0.781]]
DEBUG:----------------------------------------------
DEBUG:----------------------------------------------
DEBUG:Position info about the robot:
DEBUG:Initial pos/angle: ([[ 0.459  0.070 -0.104]], [[-1.280 -2.868  0.000]])
DEBUG:Current pos/angle: ([[ 0.459  0.070 -0.104]], [[-1.182 -2.650  0.781]]
DEBUG:----------------------------------------------
DEBUG:----------------------------------------------
DEBUG:Position info about the robot:
DEBUG:Initial pos/angle: ([[ 0.459  0.070 -0.104]], [[-1.280 -2.868  0.000]])
DEBUG:Current pos/angle: ([[ 0.459  0.070 -0.104]], [[-1.182 -2.650  0.781]]
DEBUG:----------------------------------------------
DEBUG:----------------------------------------------
DEBUG:Position info about the robot:
DEBUG:Initial pos/angle: ([[ 0.459  0.070 -0.104]], [[-1.280 -2.868  0.000]])
DEBUG:Current pos/angle: ([[ 0.459  0.070 -0.104]], [[-1.182 -2.650  0.781]]
DEBUG:----------------------------------------------
DEBUG:----------------------------------------------
DEBUG:Position info about the robot:
DEBUG:Initial pos/angle: ([[ 0.459  0.070 -0.104]], [[-1.280 -2.868  0.000]])
DEBUG:Current pos/angle: ([[ 0.459  0.070 -0.104]], [[-1.182 -2.650  0.781]]
DEBUG:----------------------------------------------
DEBUG:----------------------------------------------
DEBUG:Position info about the robot:
DEBUG:Initial pos/angle: ([[ 0.459  0.070 -0.104]], [[-1.280 -2.868  0.000]])
DEBUG:Current pos/angle: ([[ 0.459  0.070 -0.104]], [[-1.182 -2.650  0.781]]
DEBUG:----------------------------------------------
DEBUG:----------------------------------------------
DEBUG:Position info about the robot:
DEBUG:Initial pos/angle: ([[ 0.459  0.070 -0.104]], [[-1.280 -2.868  0.000]])
DEBUG:Current pos/angle: ([[ 0.459  0.070 -0.104]], [[-1.182 -2.650  0.781]]
DEBUG:----------------------------------------------
DEBUG:----------------------------------------------
DEBUG:Position info about the robot:
DEBUG:Initial pos/angle: ([[ 0.459  0.070 -0.104]], [[-1.280 -2.868  0.000]])
DEBUG:Current pos/angle: ([[ 0.459  0.070 -0.104]], [[-1.182 -2.650  0.781]]
DEBUG:----------------------------------------------
DEBUG:----------------------------------------------
DEBUG:Position info about the robot:
DEBUG:Initial pos/angle: ([[ 0.459  0.070 -0.104]], [[-1.280 -2.868  0.000]])
DEBUG:Current pos/angle: ([[ 0.459  0.070 -0.104]], [[-1.183 -2.650  0.781]]
DEBUG:----------------------------------------------
DEBUG:----------------------------------------------
DEBUG:Position info about the robot:
DEBUG:Initial pos/angle: ([[ 0.459  0.070 -0.104]], [[-1.280 -2.868  0.000]])
DEBUG:Current pos/angle: ([[ 0.459  0.070 -0.104]], [[-1.182 -2.650  0.781]]
DEBUG:----------------------------------------------
DEBUG:----------------------------------------------
DEBUG:Position info about the robot:
DEBUG:Initial pos/angle: ([[ 0.459  0.070 -0.104]], [[-1.280 -2.868  0.000]])
DEBUG:Current pos/angle: ([[ 0.459  0.070 -0.104]], [[-1.182 -2.650  0.781]]
DEBUG:----------------------------------------------
DEBUG:----------------------------------------------
DEBUG:Position info about the robot:
DEBUG:Initial pos/angle: ([[ 0.459  0.070 -0.104]], [[-1.280 -2.868  0.000]])
DEBUG:Current pos/angle: ([[ 0.459  0.070 -0.104]], [[-1.182 -2.650  0.781]]
DEBUG:----------------------------------------------
DEBUG:----------------------------------------------
DEBUG:Position info about the robot:
DEBUG:Initial pos/angle: ([[ 0.459  0.070 -0.104]], [[-1.280 -2.868  0.000]])
DEBUG:Current pos/angle: ([[ 0.459  0.070 -0.104]], [[-1.183 -2.650  0.781]]
DEBUG:----------------------------------------------
DEBUG:----------------------------------------------
DEBUG:Position info about the robot:
DEBUG:Initial pos/angle: ([[ 0.459  0.070 -0.104]], [[-1.280 -2.868  0.000]])
DEBUG:Current pos/angle: ([[ 0.459  0.070 -0.104]], [[-1.182 -2.650  0.782]]
DEBUG:----------------------------------------------
DEBUG:----------------------------------------------
DEBUG:Position info about the robot:
DEBUG:Initial pos/angle: ([[ 0.459  0.070 -0.104]], [[-1.280 -2.868  0.000]])
DEBUG:Current pos/angle: ([[ 0.446  0.074 -0.104]], [[-1.132 -2.611  0.808]]
DEBUG:----------------------------------------------
DEBUG:----------------------------------------------
DEBUG:Position info about the robot:
DEBUG:Initial pos/angle: ([[ 0.459  0.070 -0.104]], [[-1.280 -2.868  0.000]])
DEBUG:Current pos/angle: ([[ 0.448  0.086 -0.095]], [[-1.116 -2.639  0.793]]
DEBUG:----------------------------------------------
DEBUG:----------------------------------------------
DEBUG:Position info about the robot:
DEBUG:Initial pos/angle: ([[ 0.459  0.070 -0.104]], [[-1.280 -2.868  0.000]])
DEBUG:Current pos/angle: ([[ 0.470  0.102 -0.061]], [[-1.157 -2.755  0.737]]
DEBUG:----------------------------------------------
DEBUG:----------------------------------------------
DEBUG:Position info about the robot:
DEBUG:Initial pos/angle: ([[ 0.459  0.070 -0.104]], [[-1.280 -2.868  0.000]])
DEBUG:Current pos/angle: ([[ 0.413  0.105 -0.056]], [[-0.980 -2.555  0.864]]
DEBUG:----------------------------------------------
DEBUG:----------------------------------------------
DEBUG:Position info about the robot:
DEBUG:Initial pos/angle: ([[ 0.459  0.070 -0.104]], [[-1.280 -2.868  0.000]])
DEBUG:Current pos/angle: ([[ 0.391  0.091 -0.103]], [[-0.943 -2.446  0.901]]
DEBUG:----------------------------------------------
DEBUG:----------------------------------------------
DEBUG:Position info about the robot:
DEBUG:Initial pos/angle: ([[ 0.459  0.070 -0.104]], [[-1.280 -2.868  0.000]])
DEBUG:Current pos/angle: ([[ 0.391  0.091 -0.103]], [[-0.943 -2.446  0.901]]
DEBUG:----------------------------------------------
DEBUG:----------------------------------------------
DEBUG:Position info about the robot:
DEBUG:Initial pos/angle: ([[ 0.459  0.070 -0.104]], [[-1.280 -2.868  0.000]])
DEBUG:Current pos/angle: ([[ 0.411  0.093 -0.069]], [[-0.997 -2.517  0.867]]
DEBUG:----------------------------------------------
DEBUG:----------------------------------------------
DEBUG:Position info about the robot:
DEBUG:Initial pos/angle: ([[ 0.459  0.070 -0.104]], [[-1.280 -2.868  0.000]])
DEBUG:Current pos/angle: ([[ 0.411  0.093 -0.069]], [[-0.997 -2.517  0.867]]
DEBUG:----------------------------------------------
DEBUG:----------------------------------------------
DEBUG:Position info about the robot:
DEBUG:Initial pos/angle: ([[ 0.459  0.070 -0.104]], [[-1.280 -2.868  0.000]])
DEBUG:Current pos/angle: ([[ 0.411  0.093 -0.069]], [[-0.997 -2.517  0.867]]
DEBUG:----------------------------------------------
DEBUG:----------------------------------------------
DEBUG:Position info about the robot:
DEBUG:Initial pos/angle: ([[ 0.459  0.070 -0.104]], [[-1.280 -2.868  0.000]])
DEBUG:Current pos/angle: ([[ 0.411  0.093 -0.069]], [[-0.997 -2.517  0.867]]
DEBUG:----------------------------------------------
DEBUG:----------------------------------------------
DEBUG:Position info about the robot:
DEBUG:Initial pos/angle: ([[ 0.459  0.070 -0.104]], [[-1.280 -2.868  0.000]])
DEBUG:Current pos/angle: ([[ 0.411  0.093 -0.069]], [[-0.997 -2.517  0.867]]
DEBUG:----------------------------------------------
DEBUG:----------------------------------------------
DEBUG:Position info about the robot:
DEBUG:Initial pos/angle: ([[ 0.459  0.070 -0.104]], [[-1.280 -2.868  0.000]])
DEBUG:Current pos/angle: ([[ 0.411  0.093 -0.069]], [[-0.997 -2.517  0.867]]
DEBUG:----------------------------------------------
DEBUG:----------------------------------------------
DEBUG:Position info about the robot:
DEBUG:Initial pos/angle: ([[ 0.459  0.070 -0.104]], [[-1.280 -2.868  0.000]])
DEBUG:Current pos/angle: ([[ 0.411  0.093 -0.069]], [[-0.997 -2.517  0.867]]
DEBUG:----------------------------------------------
DEBUG:----------------------------------------------
DEBUG:Position info about the robot:
DEBUG:Initial pos/angle: ([[ 0.459  0.070 -0.104]], [[-1.280 -2.868  0.000]])
DEBUG:Current pos/angle: ([[ 0.411  0.093 -0.069]], [[-0.997 -2.517  0.867]]
DEBUG:----------------------------------------------
DEBUG:----------------------------------------------
DEBUG:Position info about the robot:
DEBUG:Initial pos/angle: ([[ 0.459  0.070 -0.104]], [[-1.280 -2.868  0.000]])
DEBUG:Current pos/angle: ([[ 0.411  0.093 -0.069]], [[-0.997 -2.517  0.867]]
DEBUG:----------------------------------------------
DEBUG:----------------------------------------------
DEBUG:Position info about the robot:
DEBUG:Initial pos/angle: ([[ 0.459  0.070 -0.104]], [[-1.280 -2.868  0.000]])
DEBUG:Current pos/angle: ([[ 0.411  0.093 -0.069]], [[-0.997 -2.517  0.867]]
DEBUG:----------------------------------------------
DEBUG:----------------------------------------------
DEBUG:Position info about the robot:
DEBUG:Initial pos/angle: ([[ 0.459  0.070 -0.104]], [[-1.280 -2.868  0.000]])
DEBUG:Current pos/angle: ([[ 0.411  0.093 -0.069]], [[-0.997 -2.517  0.867]]
DEBUG:----------------------------------------------
DEBUG:----------------------------------------------
DEBUG:Position info about the robot:
DEBUG:Initial pos/angle: ([[ 0.459  0.070 -0.104]], [[-1.280 -2.868  0.000]])
DEBUG:Current pos/angle: ([[ 0.411  0.093 -0.069]], [[-0.997 -2.517  0.867]]
DEBUG:----------------------------------------------
DEBUG:----------------------------------------------
DEBUG:Position info about the robot:
DEBUG:Initial pos/angle: ([[ 0.459  0.070 -0.104]], [[-1.280 -2.868  0.000]])
DEBUG:Current pos/angle: ([[ 0.411  0.093 -0.069]], [[-0.997 -2.517  0.867]]
DEBUG:----------------------------------------------
DEBUG:----------------------------------------------
DEBUG:Position info about the robot:
DEBUG:Initial pos/angle: ([[ 0.459  0.070 -0.104]], [[-1.280 -2.868  0.000]])
DEBUG:Current pos/angle: ([[ 0.411  0.093 -0.069]], [[-0.997 -2.517  0.867]]
DEBUG:----------------------------------------------
DEBUG:----------------------------------------------
DEBUG:Position info about the robot:
DEBUG:Initial pos/angle: ([[ 0.459  0.070 -0.104]], [[-1.280 -2.868  0.000]])
DEBUG:Current pos/angle: ([[ 0.411  0.093 -0.069]], [[-0.997 -2.517  0.867]]
DEBUG:----------------------------------------------
DEBUG:----------------------------------------------
DEBUG:Position info about the robot:
DEBUG:Initial pos/angle: ([[ 0.459  0.070 -0.104]], [[-1.280 -2.868  0.000]])
DEBUG:Current pos/angle: ([[ 0.411  0.093 -0.069]], [[-0.997 -2.517  0.867]]
DEBUG:----------------------------------------------
DEBUG:----------------------------------------------
DEBUG:Position info about the robot:
DEBUG:Initial pos/angle: ([[ 0.459  0.070 -0.104]], [[-1.280 -2.868  0.000]])
DEBUG:Current pos/angle: ([[ 0.411  0.093 -0.069]], [[-0.997 -2.517  0.867]]
DEBUG:----------------------------------------------
DEBUG:----------------------------------------------
DEBUG:Position info about the robot:
DEBUG:Initial pos/angle: ([[ 0.459  0.070 -0.104]], [[-1.280 -2.868  0.000]])
DEBUG:Current pos/angle: ([[ 0.411  0.093 -0.069]], [[-0.997 -2.517  0.867]]
DEBUG:----------------------------------------------
DEBUG:----------------------------------------------
DEBUG:Position info about the robot:
DEBUG:Initial pos/angle: ([[ 0.459  0.070 -0.104]], [[-1.280 -2.868  0.000]])
DEBUG:Current pos/angle: ([[ 0.411  0.093 -0.069]], [[-0.997 -2.517  0.867]]
DEBUG:----------------------------------------------
DEBUG:----------------------------------------------
DEBUG:Position info about the robot:
DEBUG:Initial pos/angle: ([[ 0.459  0.070 -0.104]], [[-1.280 -2.868  0.000]])
DEBUG:Current pos/angle: ([[ 0.411  0.093 -0.069]], [[-0.997 -2.517  0.867]]
DEBUG:----------------------------------------------
DEBUG:----------------------------------------------
DEBUG:Position info about the robot:
DEBUG:Initial pos/angle: ([[ 0.459  0.070 -0.104]], [[-1.280 -2.868  0.000]])
DEBUG:Current pos/angle: ([[ 0.411  0.093 -0.069]], [[-0.997 -2.517  0.867]]
DEBUG:----------------------------------------------
