DEBUG:Debug log for the robot starting on 2022-02-15_21-02-54
DEBUG:

-------------------------------------------------
DEBUG:Entering a new round of motion interpolation
DEBUG:-------------------------------------------------
DEBUG:1. Current change in position from the origin: 
DEBUG:
[[ 0.000]
 [ 0.000]
 [ 0.000]], [[ 0.000]
 [ 0.000]
 [ 0.000]]
DEBUG:2. Current target position relative to the origin: 
 (Should be the same shape)
DEBUG:
[[ 0.000]
 [ 0.000]
 [-10.000]], [[ 0.000]
 [ 0.000]
 [ 0.000]]
DEBUG:3. Change in position required to get from the current to the target position
DEBUG:[[ 0.000]
 [ 0.000]
 [-10.000]]
DEBUG:5. Change in angle required to get from the current to the target position
DEBUG:[[ 0.000]
 [ 0.000]
 [ 0.000]]
DEBUG:Transmitting to the robot the following motion vectors: 
DEBUG:Translate: [[ 0.000]
 [ 0.000]
 [-10.000]] 
Rotate: [[ 0.000]
 [ 0.000]
 [ 0.000]]
DEBUG:

-------------------------------------------------
DEBUG:Entering a new round of motion interpolation
DEBUG:-------------------------------------------------
DEBUG:1. Current change in position from the origin: 
DEBUG:
[[ 0.000]
 [ 0.000]
 [ 0.000]], [[ 0.000]
 [ 0.000]
 [ 0.000]]
DEBUG:2. Current target position relative to the origin: 
 (Should be the same shape)
DEBUG:
[[ 0.000]
 [ 0.000]
 [-10.000]], [[ 0.000]
 [ 0.000]
 [ 0.000]]
DEBUG:3. Change in position required to get from the current to the target position
DEBUG:[[ 0.000]
 [ 0.000]
 [-10.000]]
DEBUG:5. Change in angle required to get from the current to the target position
DEBUG:[[ 0.000]
 [ 0.000]
 [ 0.000]]
DEBUG:Transmitting to the robot the following motion vectors: 
DEBUG:Translate: [[ 0.000]
 [ 0.000]
 [-10.000]] 
Rotate: [[ 0.000]
 [ 0.000]
 [ 0.000]]
DEBUG:

-------------------------------------------------
DEBUG:Entering a new round of motion interpolation
DEBUG:-------------------------------------------------
DEBUG:1. Current change in position from the origin: 
DEBUG:
[[ 0.000]
 [ 0.000]
 [ 0.000]], [[ 0.000]
 [ 0.000]
 [ 0.000]]
DEBUG:2. Current target position relative to the origin: 
 (Should be the same shape)
DEBUG:
[[ 0.000]
 [ 0.000]
 [-10.000]], [[ 0.000]
 [ 0.000]
 [ 0.000]]
DEBUG:3. Change in position required to get from the current to the target position
DEBUG:[[ 0.000]
 [ 0.000]
 [-10.000]]
DEBUG:5. Change in angle required to get from the current to the target position
DEBUG:[[ 0.000]
 [ 0.000]
 [ 0.000]]
DEBUG:Transmitting to the robot the following motion vectors: 
DEBUG:Translate: [[ 0.000]
 [ 0.000]
 [-10.000]] 
Rotate: [[ 0.000]
 [ 0.000]
 [ 0.000]]
DEBUG:

-------------------------------------------------
DEBUG:Entering a new round of motion interpolation
DEBUG:-------------------------------------------------
DEBUG:1. Current change in position from the origin: 
DEBUG:
[[ 0.000]
 [ 0.000]
 [ 0.000]], [[ 0.000]
 [ 0.000]
 [ 0.000]]
DEBUG:2. Current target position relative to the origin: 
 (Should be the same shape)
DEBUG:
[[ 0.000]
 [ 0.000]
 [-10.000]], [[ 0.000]
 [ 0.000]
 [ 0.000]]
DEBUG:3. Change in position required to get from the current to the target position
DEBUG:[[ 0.000]
 [ 0.000]
 [-10.000]]
DEBUG:5. Change in angle required to get from the current to the target position
DEBUG:[[ 0.000]
 [ 0.000]
 [ 0.000]]
DEBUG:Transmitting to the robot the following motion vectors: 
DEBUG:Translate: [[ 0.000]
 [ 0.000]
 [-10.000]] 
Rotate: [[ 0.000]
 [ 0.000]
 [ 0.000]]
DEBUG:

-------------------------------------------------
DEBUG:Entering a new round of motion interpolation
DEBUG:-------------------------------------------------
DEBUG:1. Current change in position from the origin: 
DEBUG:
[[ 0.000]
 [ 0.000]
 [ 0.000]], [[ 0.000]
 [ 0.000]
 [ 0.000]]
DEBUG:2. Current target position relative to the origin: 
 (Should be the same shape)
DEBUG:
[[ 0.000]
 [ 0.000]
 [-10.000]], [[ 0.000]
 [ 0.000]
 [ 0.000]]
DEBUG:3. Change in position required to get from the current to the target position
DEBUG:[[ 0.000]
 [ 0.000]
 [-10.000]]
DEBUG:5. Change in angle required to get from the current to the target position
DEBUG:[[ 0.000]
 [ 0.000]
 [ 0.000]]
DEBUG:Transmitting to the robot the following motion vectors: 
DEBUG:Translate: [[ 0.000]
 [ 0.000]
 [-10.000]] 
Rotate: [[ 0.000]
 [ 0.000]
 [ 0.000]]
DEBUG:

-------------------------------------------------
DEBUG:Entering a new round of motion interpolation
DEBUG:-------------------------------------------------
DEBUG:1. Current change in position from the origin: 
DEBUG:
[[ 0.000]
 [ 0.000]
 [ 0.000]], [[ 0.000]
 [ 0.000]
 [ 0.000]]
DEBUG:2. Current target position relative to the origin: 
 (Should be the same shape)
DEBUG:
[[ 0.000]
 [ 0.000]
 [-10.000]], [[ 0.000]
 [ 0.000]
 [ 0.000]]
DEBUG:3. Change in position required to get from the current to the target position
DEBUG:[[ 0.000]
 [ 0.000]
 [-10.000]]
DEBUG:5. Change in angle required to get from the current to the target position
DEBUG:[[ 0.000]
 [ 0.000]
 [ 0.000]]
DEBUG:Transmitting to the robot the following motion vectors: 
DEBUG:Translate: [[ 0.000]
 [ 0.000]
 [-10.000]] 
Rotate: [[ 0.000]
 [ 0.000]
 [ 0.000]]
DEBUG:

-------------------------------------------------
DEBUG:Entering a new round of motion interpolation
DEBUG:-------------------------------------------------
DEBUG:1. Current change in position from the origin: 
DEBUG:
[[ 0.000]
 [ 0.000]
 [ 0.000]], [[ 0.000]
 [ 0.000]
 [ 0.000]]
DEBUG:2. Current target position relative to the origin: 
 (Should be the same shape)
DEBUG:
[[ 0.000]
 [ 0.000]
 [-10.000]], [[ 0.000]
 [ 0.000]
 [ 0.000]]
DEBUG:3. Change in position required to get from the current to the target position
DEBUG:[[ 0.000]
 [ 0.000]
 [-10.000]]
DEBUG:5. Change in angle required to get from the current to the target position
DEBUG:[[ 0.000]
 [ 0.000]
 [ 0.000]]
DEBUG:Transmitting to the robot the following motion vectors: 
DEBUG:Translate: [[ 0.000]
 [ 0.000]
 [-10.000]] 
Rotate: [[ 0.000]
 [ 0.000]
 [ 0.000]]
DEBUG:

-------------------------------------------------
DEBUG:Entering a new round of motion interpolation
DEBUG:-------------------------------------------------
DEBUG:1. Current change in position from the origin: 
DEBUG:
[[ 0.000]
 [ 0.000]
 [ 0.000]], [[ 0.000]
 [ 0.000]
 [ 0.000]]
DEBUG:2. Current target position relative to the origin: 
 (Should be the same shape)
DEBUG:
[[ 0.000]
 [ 0.000]
 [-10.000]], [[ 0.000]
 [ 0.000]
 [ 0.000]]
DEBUG:3. Change in position required to get from the current to the target position
DEBUG:[[ 0.000]
 [ 0.000]
 [-10.000]]
DEBUG:5. Change in angle required to get from the current to the target position
DEBUG:[[ 0.000]
 [ 0.000]
 [ 0.000]]
DEBUG:Transmitting to the robot the following motion vectors: 
DEBUG:Translate: [[ 0.000]
 [ 0.000]
 [-10.000]] 
Rotate: [[ 0.000]
 [ 0.000]
 [ 0.000]]
DEBUG:

-------------------------------------------------
DEBUG:Entering a new round of motion interpolation
DEBUG:-------------------------------------------------
DEBUG:1. Current change in position from the origin: 
DEBUG:
[[ 0.000]
 [ 0.000]
 [ 0.000]], [[ 0.000]
 [ 0.000]
 [ 0.000]]
DEBUG:2. Current target position relative to the origin: 
 (Should be the same shape)
DEBUG:
[[ 0.000]
 [ 0.000]
 [-10.000]], [[ 0.000]
 [ 0.000]
 [ 0.000]]
DEBUG:3. Change in position required to get from the current to the target position
DEBUG:[[ 0.000]
 [ 0.000]
 [-10.000]]
DEBUG:5. Change in angle required to get from the current to the target position
DEBUG:[[ 0.000]
 [ 0.000]
 [ 0.000]]
DEBUG:Transmitting to the robot the following motion vectors: 
DEBUG:Translate: [[ 0.000]
 [ 0.000]
 [-10.000]] 
Rotate: [[ 0.000]
 [ 0.000]
 [ 0.000]]
DEBUG:

-------------------------------------------------
DEBUG:Entering a new round of motion interpolation
DEBUG:-------------------------------------------------
DEBUG:1. Current change in position from the origin: 
DEBUG:
[[ 0.000]
 [ 0.000]
 [ 0.000]], [[ 0.000]
 [ 0.000]
 [ 0.000]]
DEBUG:2. Current target position relative to the origin: 
 (Should be the same shape)
DEBUG:
[[ 0.000]
 [ 0.000]
 [-10.000]], [[ 0.000]
 [ 0.000]
 [ 0.000]]
DEBUG:3. Change in position required to get from the current to the target position
DEBUG:[[ 0.000]
 [ 0.000]
 [-10.000]]
DEBUG:5. Change in angle required to get from the current to the target position
DEBUG:[[ 0.000]
 [ 0.000]
 [ 0.000]]
DEBUG:Transmitting to the robot the following motion vectors: 
DEBUG:Translate: [[ 0.000]
 [ 0.000]
 [-10.000]] 
Rotate: [[ 0.000]
 [ 0.000]
 [ 0.000]]
DEBUG:

-------------------------------------------------
DEBUG:Entering a new round of motion interpolation
DEBUG:-------------------------------------------------
DEBUG:1. Current change in position from the origin: 
DEBUG:
[[ 0.000]
 [ 0.000]
 [ 0.000]], [[ 0.000]
 [ 0.000]
 [ 0.000]]
DEBUG:2. Current target position relative to the origin: 
 (Should be the same shape)
DEBUG:
[[ 0.000]
 [ 0.000]
 [-10.000]], [[ 0.000]
 [ 0.000]
 [ 0.000]]
DEBUG:3. Change in position required to get from the current to the target position
DEBUG:[[ 0.000]
 [ 0.000]
 [-10.000]]
DEBUG:5. Change in angle required to get from the current to the target position
DEBUG:[[ 0.000]
 [ 0.000]
 [ 0.000]]
DEBUG:Transmitting to the robot the following motion vectors: 
DEBUG:Translate: [[ 0.000]
 [ 0.000]
 [-10.000]] 
Rotate: [[ 0.000]
 [ 0.000]
 [ 0.000]]
DEBUG:

-------------------------------------------------
DEBUG:Entering a new round of motion interpolation
DEBUG:-------------------------------------------------
DEBUG:1. Current change in position from the origin: 
DEBUG:
[[ 0.000]
 [ 0.000]
 [ 0.000]], [[ 0.000]
 [ 0.000]
 [ 0.000]]
DEBUG:2. Current target position relative to the origin: 
 (Should be the same shape)
DEBUG:
[[ 0.000]
 [ 0.000]
 [-10.000]], [[ 0.000]
 [ 0.000]
 [ 0.000]]
DEBUG:3. Change in position required to get from the current to the target position
DEBUG:[[ 0.000]
 [ 0.000]
 [-10.000]]
DEBUG:5. Change in angle required to get from the current to the target position
DEBUG:[[ 0.000]
 [ 0.000]
 [ 0.000]]
DEBUG:Transmitting to the robot the following motion vectors: 
DEBUG:Translate: [[ 0.000]
 [ 0.000]
 [-10.000]] 
Rotate: [[ 0.000]
 [ 0.000]
 [ 0.000]]
DEBUG:

-------------------------------------------------
DEBUG:Entering a new round of motion interpolation
DEBUG:-------------------------------------------------
DEBUG:1. Current change in position from the origin: 
DEBUG:
[[ 0.000]
 [ 0.000]
 [ 0.000]], [[ 0.000]
 [ 0.000]
 [ 0.000]]
DEBUG:2. Current target position relative to the origin: 
 (Should be the same shape)
DEBUG:
[[ 0.000]
 [ 0.000]
 [-10.000]], [[ 0.000]
 [ 0.000]
 [ 0.000]]
DEBUG:3. Change in position required to get from the current to the target position
DEBUG:[[ 0.000]
 [ 0.000]
 [-10.000]]
DEBUG:5. Change in angle required to get from the current to the target position
DEBUG:[[ 0.000]
 [ 0.000]
 [ 0.000]]
DEBUG:Transmitting to the robot the following motion vectors: 
DEBUG:Translate: [[ 0.000]
 [ 0.000]
 [-10.000]] 
Rotate: [[ 0.000]
 [ 0.000]
 [ 0.000]]
DEBUG:

-------------------------------------------------
DEBUG:Entering a new round of motion interpolation
DEBUG:-------------------------------------------------
DEBUG:1. Current change in position from the origin: 
DEBUG:
[[ 0.000]
 [ 0.000]
 [ 0.000]], [[ 0.000]
 [ 0.000]
 [ 0.000]]
DEBUG:2. Current target position relative to the origin: 
 (Should be the same shape)
DEBUG:
[[ 0.000]
 [ 0.000]
 [-10.000]], [[ 0.000]
 [ 0.000]
 [ 0.000]]
DEBUG:3. Change in position required to get from the current to the target position
DEBUG:[[ 0.000]
 [ 0.000]
 [-10.000]]
DEBUG:5. Change in angle required to get from the current to the target position
DEBUG:[[ 0.000]
 [ 0.000]
 [ 0.000]]
DEBUG:Transmitting to the robot the following motion vectors: 
DEBUG:Translate: [[ 0.000]
 [ 0.000]
 [-10.000]] 
Rotate: [[ 0.000]
 [ 0.000]
 [ 0.000]]
DEBUG:

-------------------------------------------------
DEBUG:Entering a new round of motion interpolation
DEBUG:-------------------------------------------------
DEBUG:1. Current change in position from the origin: 
DEBUG:
[[ 0.000]
 [ 0.000]
 [ 0.000]], [[ 0.000]
 [ 0.000]
 [ 0.000]]
DEBUG:2. Current target position relative to the origin: 
 (Should be the same shape)
DEBUG:
[[ 0.000]
 [ 0.000]
 [-10.000]], [[ 0.000]
 [ 0.000]
 [ 0.000]]
DEBUG:3. Change in position required to get from the current to the target position
DEBUG:[[ 0.000]
 [ 0.000]
 [-10.000]]
DEBUG:5. Change in angle required to get from the current to the target position
DEBUG:[[ 0.000]
 [ 0.000]
 [ 0.000]]
DEBUG:Transmitting to the robot the following motion vectors: 
DEBUG:Translate: [[ 0.000]
 [ 0.000]
 [-10.000]] 
Rotate: [[ 0.000]
 [ 0.000]
 [ 0.000]]
DEBUG:

-------------------------------------------------
DEBUG:Entering a new round of motion interpolation
DEBUG:-------------------------------------------------
DEBUG:1. Current change in position from the origin: 
DEBUG:
[[ 0.000]
 [ 0.000]
 [ 0.000]], [[ 0.000]
 [ 0.000]
 [ 0.000]]
DEBUG:2. Current target position relative to the origin: 
 (Should be the same shape)
DEBUG:
[[ 0.000]
 [ 0.000]
 [-10.000]], [[ 0.000]
 [ 0.000]
 [ 0.000]]
DEBUG:3. Change in position required to get from the current to the target position
DEBUG:[[ 0.000]
 [ 0.000]
 [-10.000]]
DEBUG:5. Change in angle required to get from the current to the target position
DEBUG:[[ 0.000]
 [ 0.000]
 [ 0.000]]
DEBUG:Transmitting to the robot the following motion vectors: 
DEBUG:Translate: [[ 0.000]
 [ 0.000]
 [-10.000]] 
Rotate: [[ 0.000]
 [ 0.000]
 [ 0.000]]
DEBUG:

-------------------------------------------------
DEBUG:Entering a new round of motion interpolation
DEBUG:-------------------------------------------------
DEBUG:1. Current change in position from the origin: 
DEBUG:
[[ 0.000]
 [ 0.000]
 [ 0.000]], [[ 0.000]
 [ 0.000]
 [ 0.000]]
DEBUG:2. Current target position relative to the origin: 
 (Should be the same shape)
DEBUG:
[[ 0.000]
 [ 0.000]
 [-10.000]], [[ 0.000]
 [ 0.000]
 [ 0.000]]
DEBUG:3. Change in position required to get from the current to the target position
DEBUG:[[ 0.000]
 [ 0.000]
 [-10.000]]
DEBUG:5. Change in angle required to get from the current to the target position
DEBUG:[[ 0.000]
 [ 0.000]
 [ 0.000]]
DEBUG:Transmitting to the robot the following motion vectors: 
DEBUG:Translate: [[ 0.000]
 [ 0.000]
 [-10.000]] 
Rotate: [[ 0.000]
 [ 0.000]
 [ 0.000]]
DEBUG:

-------------------------------------------------
DEBUG:Entering a new round of motion interpolation
DEBUG:-------------------------------------------------
DEBUG:1. Current change in position from the origin: 
DEBUG:
[[ 0.000]
 [ 0.000]
 [ 0.000]], [[ 0.000]
 [ 0.000]
 [ 0.000]]
DEBUG:2. Current target position relative to the origin: 
 (Should be the same shape)
DEBUG:
[[ 0.000]
 [ 0.000]
 [-10.000]], [[ 0.000]
 [ 0.000]
 [ 0.000]]
DEBUG:3. Change in position required to get from the current to the target position
DEBUG:[[ 0.000]
 [ 0.000]
 [-10.000]]
DEBUG:5. Change in angle required to get from the current to the target position
DEBUG:[[ 0.000]
 [ 0.000]
 [ 0.000]]
DEBUG:Transmitting to the robot the following motion vectors: 
DEBUG:Translate: [[ 0.000]
 [ 0.000]
 [-10.000]] 
Rotate: [[ 0.000]
 [ 0.000]
 [ 0.000]]
DEBUG:

-------------------------------------------------
DEBUG:Entering a new round of motion interpolation
DEBUG:-------------------------------------------------
DEBUG:1. Current change in position from the origin: 
DEBUG:
[[ 0.000]
 [ 0.000]
 [ 0.000]], [[ 0.000]
 [ 0.000]
 [ 0.000]]
DEBUG:2. Current target position relative to the origin: 
 (Should be the same shape)
DEBUG:
[[ 0.000]
 [ 0.000]
 [-10.000]], [[ 0.000]
 [ 0.000]
 [ 0.000]]
DEBUG:3. Change in position required to get from the current to the target position
DEBUG:[[ 0.000]
 [ 0.000]
 [-10.000]]
DEBUG:5. Change in angle required to get from the current to the target position
DEBUG:[[ 0.000]
 [ 0.000]
 [ 0.000]]
DEBUG:Transmitting to the robot the following motion vectors: 
DEBUG:Translate: [[ 0.000]
 [ 0.000]
 [-10.000]] 
Rotate: [[ 0.000]
 [ 0.000]
 [ 0.000]]
DEBUG:

-------------------------------------------------
DEBUG:Entering a new round of motion interpolation
DEBUG:-------------------------------------------------
DEBUG:1. Current change in position from the origin: 
DEBUG:
[[ 0.000]
 [ 0.000]
 [ 0.000]], [[ 0.000]
 [ 0.000]
 [ 0.000]]
DEBUG:2. Current target position relative to the origin: 
 (Should be the same shape)
DEBUG:
[[ 0.000]
 [ 0.000]
 [-10.000]], [[ 0.000]
 [ 0.000]
 [ 0.000]]
DEBUG:3. Change in position required to get from the current to the target position
DEBUG:[[ 0.000]
 [ 0.000]
 [-10.000]]
DEBUG:5. Change in angle required to get from the current to the target position
DEBUG:[[ 0.000]
 [ 0.000]
 [ 0.000]]
DEBUG:Transmitting to the robot the following motion vectors: 
DEBUG:Translate: [[ 0.000]
 [ 0.000]
 [-10.000]] 
Rotate: [[ 0.000]
 [ 0.000]
 [ 0.000]]
DEBUG:

-------------------------------------------------
DEBUG:Entering a new round of motion interpolation
DEBUG:-------------------------------------------------
DEBUG:1. Current change in position from the origin: 
DEBUG:
[[ 0.000]
 [ 0.000]
 [ 0.000]], [[ 0.000]
 [ 0.000]
 [ 0.000]]
DEBUG:2. Current target position relative to the origin: 
 (Should be the same shape)
DEBUG:
[[ 0.000]
 [ 0.000]
 [-10.000]], [[ 0.000]
 [ 0.000]
 [ 0.000]]
DEBUG:3. Change in position required to get from the current to the target position
DEBUG:[[ 0.000]
 [ 0.000]
 [-10.000]]
DEBUG:5. Change in angle required to get from the current to the target position
DEBUG:[[ 0.000]
 [ 0.000]
 [ 0.000]]
DEBUG:Transmitting to the robot the following motion vectors: 
DEBUG:Translate: [[ 0.000]
 [ 0.000]
 [-10.000]] 
Rotate: [[ 0.000]
 [ 0.000]
 [ 0.000]]
DEBUG:

-------------------------------------------------
DEBUG:Entering a new round of motion interpolation
DEBUG:-------------------------------------------------
DEBUG:1. Current change in position from the origin: 
DEBUG:
[[ 0.000]
 [ 0.000]
 [ 0.000]], [[ 0.000]
 [ 0.000]
 [ 0.000]]
DEBUG:2. Current target position relative to the origin: 
 (Should be the same shape)
DEBUG:
[[ 0.000]
 [ 0.000]
 [-10.000]], [[ 0.000]
 [ 0.000]
 [ 0.000]]
DEBUG:3. Change in position required to get from the current to the target position
DEBUG:[[ 0.000]
 [ 0.000]
 [-10.000]]
DEBUG:5. Change in angle required to get from the current to the target position
DEBUG:[[ 0.000]
 [ 0.000]
 [ 0.000]]
DEBUG:Transmitting to the robot the following motion vectors: 
DEBUG:Translate: [[ 0.000]
 [ 0.000]
 [-10.000]] 
Rotate: [[ 0.000]
 [ 0.000]
 [ 0.000]]
DEBUG:

-------------------------------------------------
DEBUG:Entering a new round of motion interpolation
DEBUG:-------------------------------------------------
DEBUG:1. Current change in position from the origin: 
DEBUG:
[[ 0.000]
 [ 0.000]
 [ 0.000]], [[ 0.000]
 [ 0.000]
 [ 0.000]]
DEBUG:2. Current target position relative to the origin: 
 (Should be the same shape)
DEBUG:
[[ 0.000]
 [ 0.000]
 [-10.000]], [[ 0.000]
 [ 0.000]
 [ 0.000]]
DEBUG:3. Change in position required to get from the current to the target position
DEBUG:[[ 0.000]
 [ 0.000]
 [-10.000]]
DEBUG:5. Change in angle required to get from the current to the target position
DEBUG:[[ 0.000]
 [ 0.000]
 [ 0.000]]
DEBUG:Transmitting to the robot the following motion vectors: 
DEBUG:Translate: [[ 0.000]
 [ 0.000]
 [-10.000]] 
Rotate: [[ 0.000]
 [ 0.000]
 [ 0.000]]
