DEBUG:Debug log for the robot starting on 2022-06-30_17-49-53
DEBUG:----------------------------------------------
DEBUG:Position info about the robot:
DEBUG:Initial pos/angle: ([[ 0.429  0.025 -0.222]], [[-0.134  3.139  0.000]])
DEBUG:Current pos/angle: ([[ 0.429  0.025 -0.222]], [[ 0.135 -3.138  0.000]]
DEBUG:----------------------------------------------
DEBUG:----------------------------------------------
DEBUG:Position info about the robot:
DEBUG:Initial pos/angle: ([[ 0.429  0.025 -0.222]], [[-0.134  3.139  0.000]])
DEBUG:Current pos/angle: ([[ 0.429  0.025 -0.222]], [[-0.134  3.139  0.000]]
DEBUG:----------------------------------------------
DEBUG:----------------------------------------------
DEBUG:Position info about the robot:
DEBUG:Initial pos/angle: ([[ 0.429  0.025 -0.222]], [[-0.134  3.139  0.000]])
DEBUG:Current pos/angle: ([[ 0.429  0.025 -0.222]], [[ 0.135 -3.138  0.000]]
DEBUG:----------------------------------------------
DEBUG:----------------------------------------------
DEBUG:Position info about the robot:
DEBUG:Initial pos/angle: ([[ 0.429  0.025 -0.222]], [[-0.134  3.139  0.000]])
DEBUG:Current pos/angle: ([[ 0.429  0.025 -0.222]], [[ 0.135 -3.138  0.000]]
DEBUG:----------------------------------------------
DEBUG:----------------------------------------------
DEBUG:Position info about the robot:
DEBUG:Initial pos/angle: ([[ 0.429  0.025 -0.222]], [[-0.134  3.139  0.000]])
DEBUG:Current pos/angle: ([[ 0.429  0.025 -0.222]], [[ 0.135 -3.138  0.000]]
DEBUG:----------------------------------------------
DEBUG:----------------------------------------------
DEBUG:Position info about the robot:
DEBUG:Initial pos/angle: ([[ 0.429  0.025 -0.222]], [[-0.134  3.139  0.000]])
DEBUG:Current pos/angle: ([[ 0.429  0.025 -0.222]], [[-0.134  3.139  0.000]]
DEBUG:----------------------------------------------
DEBUG:----------------------------------------------
DEBUG:Position info about the robot:
DEBUG:Initial pos/angle: ([[ 0.429  0.025 -0.222]], [[-0.134  3.139  0.000]])
DEBUG:Current pos/angle: ([[ 0.429  0.025 -0.222]], [[-0.134  3.139  0.000]]
DEBUG:----------------------------------------------
DEBUG:----------------------------------------------
DEBUG:Position info about the robot:
DEBUG:Initial pos/angle: ([[ 0.429  0.025 -0.222]], [[-0.134  3.139  0.000]])
DEBUG:Current pos/angle: ([[ 0.429  0.025 -0.222]], [[-0.134  3.139  0.000]]
DEBUG:----------------------------------------------
DEBUG:----------------------------------------------
DEBUG:Position info about the robot:
DEBUG:Initial pos/angle: ([[ 0.429  0.025 -0.222]], [[-0.134  3.139  0.000]])
DEBUG:Current pos/angle: ([[ 0.429  0.025 -0.222]], [[ 0.135 -3.138  0.000]]
DEBUG:----------------------------------------------
DEBUG:----------------------------------------------
DEBUG:Position info about the robot:
DEBUG:Initial pos/angle: ([[ 0.429  0.025 -0.222]], [[-0.134  3.139  0.000]])
DEBUG:Current pos/angle: ([[ 0.429  0.025 -0.222]], [[-0.134  3.139  0.000]]
DEBUG:----------------------------------------------
DEBUG:----------------------------------------------
DEBUG:Position info about the robot:
DEBUG:Initial pos/angle: ([[ 0.429  0.025 -0.222]], [[-0.134  3.139  0.000]])
DEBUG:Current pos/angle: ([[ 0.429  0.025 -0.222]], [[ 0.135 -3.138  0.000]]
DEBUG:----------------------------------------------
DEBUG:----------------------------------------------
DEBUG:Position info about the robot:
DEBUG:Initial pos/angle: ([[ 0.429  0.025 -0.222]], [[-0.134  3.139  0.000]])
DEBUG:Current pos/angle: ([[ 0.429  0.025 -0.222]], [[ 0.135 -3.138  0.000]]
DEBUG:----------------------------------------------
DEBUG:----------------------------------------------
DEBUG:Position info about the robot:
DEBUG:Initial pos/angle: ([[ 0.429  0.025 -0.222]], [[-0.134  3.139  0.000]])
DEBUG:Current pos/angle: ([[ 0.429  0.025 -0.222]], [[ 0.135 -3.138  0.000]]
DEBUG:----------------------------------------------
DEBUG:----------------------------------------------
DEBUG:Position info about the robot:
DEBUG:Initial pos/angle: ([[ 0.429  0.025 -0.222]], [[-0.134  3.139  0.000]])
DEBUG:Current pos/angle: ([[ 0.429  0.025 -0.222]], [[-0.134  3.139  0.000]]
DEBUG:----------------------------------------------
DEBUG:----------------------------------------------
DEBUG:Position info about the robot:
DEBUG:Initial pos/angle: ([[ 0.429  0.025 -0.222]], [[-0.134  3.139  0.000]])
DEBUG:Current pos/angle: ([[ 0.429  0.025 -0.222]], [[-0.134  3.139  0.000]]
DEBUG:----------------------------------------------
DEBUG:----------------------------------------------
DEBUG:Position info about the robot:
DEBUG:Initial pos/angle: ([[ 0.429  0.025 -0.222]], [[-0.134  3.139  0.000]])
DEBUG:Current pos/angle: ([[ 0.429  0.025 -0.222]], [[ 0.135 -3.138  0.000]]
DEBUG:----------------------------------------------
DEBUG:----------------------------------------------
DEBUG:Position info about the robot:
DEBUG:Initial pos/angle: ([[ 0.429  0.025 -0.222]], [[-0.134  3.139  0.000]])
DEBUG:Current pos/angle: ([[ 0.429  0.025 -0.222]], [[-0.134  3.139  0.000]]
DEBUG:----------------------------------------------
DEBUG:----------------------------------------------
DEBUG:Position info about the robot:
DEBUG:Initial pos/angle: ([[ 0.429  0.025 -0.222]], [[-0.134  3.139  0.000]])
DEBUG:Current pos/angle: ([[ 0.429  0.025 -0.222]], [[-0.134  3.139  0.000]]
DEBUG:----------------------------------------------
DEBUG:----------------------------------------------
DEBUG:Position info about the robot:
DEBUG:Initial pos/angle: ([[ 0.429  0.025 -0.222]], [[-0.134  3.139  0.000]])
DEBUG:Current pos/angle: ([[ 0.429  0.025 -0.222]], [[-0.134  3.139  0.000]]
DEBUG:----------------------------------------------
DEBUG:----------------------------------------------
DEBUG:Position info about the robot:
DEBUG:Initial pos/angle: ([[ 0.429  0.025 -0.222]], [[-0.134  3.139  0.000]])
DEBUG:Current pos/angle: ([[ 0.429  0.025 -0.222]], [[ 0.135 -3.138  0.000]]
DEBUG:----------------------------------------------
DEBUG:----------------------------------------------
DEBUG:Position info about the robot:
DEBUG:Initial pos/angle: ([[ 0.429  0.025 -0.222]], [[-0.134  3.139  0.000]])
DEBUG:Current pos/angle: ([[ 0.429  0.025 -0.222]], [[-0.134  3.139  0.000]]
DEBUG:----------------------------------------------
DEBUG:----------------------------------------------
DEBUG:Position info about the robot:
DEBUG:Initial pos/angle: ([[ 0.429  0.025 -0.222]], [[-0.134  3.139  0.000]])
DEBUG:Current pos/angle: ([[ 0.429  0.025 -0.222]], [[-0.134  3.139  0.000]]
DEBUG:----------------------------------------------
DEBUG:----------------------------------------------
DEBUG:Position info about the robot:
DEBUG:Initial pos/angle: ([[ 0.429  0.025 -0.222]], [[-0.134  3.139  0.000]])
DEBUG:Current pos/angle: ([[ 0.429  0.025 -0.222]], [[-0.134  3.139  0.000]]
DEBUG:----------------------------------------------
DEBUG:----------------------------------------------
DEBUG:Position info about the robot:
DEBUG:Initial pos/angle: ([[ 0.429  0.025 -0.222]], [[-0.134  3.139  0.000]])
DEBUG:Current pos/angle: ([[ 0.429  0.025 -0.222]], [[ 0.135 -3.138  0.000]]
DEBUG:----------------------------------------------
DEBUG:----------------------------------------------
DEBUG:Position info about the robot:
DEBUG:Initial pos/angle: ([[ 0.429  0.025 -0.222]], [[-0.134  3.139  0.000]])
DEBUG:Current pos/angle: ([[ 0.429  0.025 -0.222]], [[ 0.135 -3.138  0.000]]
DEBUG:----------------------------------------------
DEBUG:----------------------------------------------
DEBUG:Position info about the robot:
DEBUG:Initial pos/angle: ([[ 0.429  0.025 -0.222]], [[-0.134  3.139  0.000]])
DEBUG:Current pos/angle: ([[ 0.429  0.025 -0.222]], [[-0.134  3.139  0.000]]
DEBUG:----------------------------------------------
DEBUG:----------------------------------------------
DEBUG:Position info about the robot:
DEBUG:Initial pos/angle: ([[ 0.429  0.025 -0.222]], [[-0.134  3.139  0.000]])
DEBUG:Current pos/angle: ([[ 0.429  0.025 -0.222]], [[-0.134  3.139  0.000]]
DEBUG:----------------------------------------------
DEBUG:----------------------------------------------
DEBUG:Position info about the robot:
DEBUG:Initial pos/angle: ([[ 0.429  0.025 -0.222]], [[-0.134  3.139  0.000]])
DEBUG:Current pos/angle: ([[ 0.429  0.025 -0.222]], [[-0.134  3.139  0.000]]
DEBUG:----------------------------------------------
DEBUG:----------------------------------------------
DEBUG:Position info about the robot:
DEBUG:Initial pos/angle: ([[ 0.429  0.025 -0.222]], [[-0.134  3.139  0.000]])
DEBUG:Current pos/angle: ([[ 0.429  0.025 -0.222]], [[ 0.135 -3.138  0.000]]
DEBUG:----------------------------------------------
DEBUG:----------------------------------------------
DEBUG:Position info about the robot:
DEBUG:Initial pos/angle: ([[ 0.429  0.025 -0.222]], [[-0.134  3.139  0.000]])
DEBUG:Current pos/angle: ([[ 0.429  0.025 -0.222]], [[-0.134  3.139  0.000]]
DEBUG:----------------------------------------------
DEBUG:----------------------------------------------
DEBUG:Position info about the robot:
DEBUG:Initial pos/angle: ([[ 0.429  0.025 -0.222]], [[-0.134  3.139  0.000]])
DEBUG:Current pos/angle: ([[ 0.429  0.025 -0.222]], [[ 0.135 -3.138  0.000]]
DEBUG:----------------------------------------------
DEBUG:----------------------------------------------
DEBUG:Position info about the robot:
DEBUG:Initial pos/angle: ([[ 0.429  0.025 -0.222]], [[-0.134  3.139  0.000]])
DEBUG:Current pos/angle: ([[ 0.429  0.025 -0.222]], [[-0.134  3.139  0.000]]
DEBUG:----------------------------------------------
DEBUG:----------------------------------------------
DEBUG:Position info about the robot:
DEBUG:Initial pos/angle: ([[ 0.429  0.025 -0.222]], [[-0.134  3.139  0.000]])
DEBUG:Current pos/angle: ([[ 0.429  0.025 -0.222]], [[ 0.135 -3.138  0.000]]
DEBUG:----------------------------------------------
DEBUG:----------------------------------------------
DEBUG:Position info about the robot:
DEBUG:Initial pos/angle: ([[ 0.429  0.025 -0.222]], [[-0.134  3.139  0.000]])
DEBUG:Current pos/angle: ([[ 0.429  0.025 -0.222]], [[-0.134  3.139  0.000]]
DEBUG:----------------------------------------------
DEBUG:----------------------------------------------
DEBUG:Position info about the robot:
DEBUG:Initial pos/angle: ([[ 0.429  0.025 -0.222]], [[-0.134  3.139  0.000]])
DEBUG:Current pos/angle: ([[ 0.429  0.025 -0.222]], [[-0.134  3.139  0.000]]
DEBUG:----------------------------------------------
DEBUG:----------------------------------------------
DEBUG:Position info about the robot:
DEBUG:Initial pos/angle: ([[ 0.429  0.025 -0.222]], [[-0.134  3.139  0.000]])
DEBUG:Current pos/angle: ([[ 0.429  0.025 -0.222]], [[ 0.135 -3.138  0.000]]
DEBUG:----------------------------------------------
DEBUG:----------------------------------------------
DEBUG:Position info about the robot:
DEBUG:Initial pos/angle: ([[ 0.429  0.025 -0.222]], [[-0.134  3.139  0.000]])
DEBUG:Current pos/angle: ([[ 0.429  0.025 -0.222]], [[-0.134  3.139  0.000]]
DEBUG:----------------------------------------------
DEBUG:----------------------------------------------
DEBUG:Position info about the robot:
DEBUG:Initial pos/angle: ([[ 0.429  0.025 -0.222]], [[-0.134  3.139  0.000]])
DEBUG:Current pos/angle: ([[ 0.429  0.025 -0.222]], [[ 0.135 -3.138  0.000]]
DEBUG:----------------------------------------------
DEBUG:----------------------------------------------
DEBUG:Position info about the robot:
DEBUG:Initial pos/angle: ([[ 0.429  0.025 -0.222]], [[-0.134  3.139  0.000]])
DEBUG:Current pos/angle: ([[ 0.429  0.025 -0.222]], [[-0.134  3.139  0.000]]
DEBUG:----------------------------------------------
DEBUG:----------------------------------------------
DEBUG:Position info about the robot:
DEBUG:Initial pos/angle: ([[ 0.429  0.025 -0.222]], [[-0.134  3.139  0.000]])
DEBUG:Current pos/angle: ([[ 0.429  0.025 -0.222]], [[-0.134  3.139  0.000]]
DEBUG:----------------------------------------------
DEBUG:----------------------------------------------
DEBUG:Position info about the robot:
DEBUG:Initial pos/angle: ([[ 0.429  0.025 -0.222]], [[-0.134  3.139  0.000]])
DEBUG:Current pos/angle: ([[ 0.429  0.025 -0.222]], [[-0.134  3.139  0.000]]
DEBUG:----------------------------------------------
DEBUG:----------------------------------------------
DEBUG:Position info about the robot:
DEBUG:Initial pos/angle: ([[ 0.429  0.025 -0.222]], [[-0.134  3.139  0.000]])
DEBUG:Current pos/angle: ([[ 0.429  0.025 -0.222]], [[-0.134  3.139  0.000]]
DEBUG:----------------------------------------------
DEBUG:----------------------------------------------
DEBUG:Position info about the robot:
DEBUG:Initial pos/angle: ([[ 0.429  0.025 -0.222]], [[-0.134  3.139  0.000]])
DEBUG:Current pos/angle: ([[ 0.429  0.025 -0.222]], [[ 0.135 -3.138  0.000]]
DEBUG:----------------------------------------------
DEBUG:----------------------------------------------
DEBUG:Position info about the robot:
DEBUG:Initial pos/angle: ([[ 0.429  0.025 -0.222]], [[-0.134  3.139  0.000]])
DEBUG:Current pos/angle: ([[ 0.429  0.025 -0.222]], [[ 0.135 -3.138  0.000]]
DEBUG:----------------------------------------------
DEBUG:----------------------------------------------
DEBUG:Position info about the robot:
DEBUG:Initial pos/angle: ([[ 0.429  0.025 -0.222]], [[-0.134  3.139  0.000]])
DEBUG:Current pos/angle: ([[ 0.429  0.025 -0.222]], [[-0.134  3.139  0.000]]
DEBUG:----------------------------------------------
DEBUG:----------------------------------------------
DEBUG:Position info about the robot:
DEBUG:Initial pos/angle: ([[ 0.429  0.025 -0.222]], [[-0.134  3.139  0.000]])
DEBUG:Current pos/angle: ([[ 0.429  0.025 -0.222]], [[ 0.135 -3.138  0.000]]
DEBUG:----------------------------------------------
DEBUG:----------------------------------------------
DEBUG:Position info about the robot:
DEBUG:Initial pos/angle: ([[ 0.429  0.025 -0.222]], [[-0.134  3.139  0.000]])
DEBUG:Current pos/angle: ([[ 0.429  0.025 -0.222]], [[ 0.135 -3.138  0.000]]
DEBUG:----------------------------------------------
DEBUG:----------------------------------------------
DEBUG:Position info about the robot:
DEBUG:Initial pos/angle: ([[ 0.429  0.025 -0.222]], [[-0.134  3.139  0.000]])
DEBUG:Current pos/angle: ([[ 0.429  0.025 -0.222]], [[-0.134  3.139  0.000]]
DEBUG:----------------------------------------------
DEBUG:----------------------------------------------
DEBUG:Position info about the robot:
DEBUG:Initial pos/angle: ([[ 0.429  0.025 -0.222]], [[-0.134  3.139  0.000]])
DEBUG:Current pos/angle: ([[ 0.429  0.025 -0.222]], [[ 0.135 -3.138  0.000]]
DEBUG:----------------------------------------------
DEBUG:----------------------------------------------
DEBUG:Position info about the robot:
DEBUG:Initial pos/angle: ([[ 0.429  0.025 -0.222]], [[-0.134  3.139  0.000]])
DEBUG:Current pos/angle: ([[ 0.429  0.025 -0.222]], [[ 0.135 -3.138  0.000]]
DEBUG:----------------------------------------------
DEBUG:----------------------------------------------
DEBUG:Position info about the robot:
DEBUG:Initial pos/angle: ([[ 0.429  0.025 -0.222]], [[-0.134  3.139  0.000]])
DEBUG:Current pos/angle: ([[ 0.429  0.025 -0.222]], [[-0.134  3.139  0.000]]
DEBUG:----------------------------------------------
DEBUG:----------------------------------------------
DEBUG:Position info about the robot:
DEBUG:Initial pos/angle: ([[ 0.429  0.025 -0.222]], [[-0.134  3.139  0.000]])
DEBUG:Current pos/angle: ([[ 0.429  0.025 -0.222]], [[ 0.135 -3.138  0.000]]
DEBUG:----------------------------------------------
DEBUG:----------------------------------------------
DEBUG:Position info about the robot:
DEBUG:Initial pos/angle: ([[ 0.429  0.025 -0.222]], [[-0.134  3.139  0.000]])
DEBUG:Current pos/angle: ([[ 0.429  0.025 -0.222]], [[ 0.135 -3.138  0.000]]
DEBUG:----------------------------------------------
DEBUG:----------------------------------------------
DEBUG:Position info about the robot:
DEBUG:Initial pos/angle: ([[ 0.429  0.025 -0.222]], [[-0.134  3.139  0.000]])
DEBUG:Current pos/angle: ([[ 0.429  0.025 -0.222]], [[-0.134  3.139  0.000]]
DEBUG:----------------------------------------------
DEBUG:----------------------------------------------
DEBUG:Position info about the robot:
DEBUG:Initial pos/angle: ([[ 0.429  0.025 -0.222]], [[-0.134  3.139  0.000]])
DEBUG:Current pos/angle: ([[ 0.429  0.025 -0.222]], [[-0.134  3.139  0.000]]
DEBUG:----------------------------------------------
DEBUG:----------------------------------------------
DEBUG:Position info about the robot:
DEBUG:Initial pos/angle: ([[ 0.429  0.025 -0.222]], [[-0.134  3.139  0.000]])
DEBUG:Current pos/angle: ([[ 0.429  0.025 -0.223]], [[ 0.135 -3.138  0.000]]
DEBUG:----------------------------------------------
DEBUG:----------------------------------------------
DEBUG:Position info about the robot:
DEBUG:Initial pos/angle: ([[ 0.429  0.025 -0.222]], [[-0.134  3.139  0.000]])
DEBUG:Current pos/angle: ([[ 0.429  0.025 -0.222]], [[-0.134  3.139  0.000]]
DEBUG:----------------------------------------------
DEBUG:----------------------------------------------
DEBUG:Position info about the robot:
DEBUG:Initial pos/angle: ([[ 0.429  0.025 -0.222]], [[-0.134  3.139  0.000]])
DEBUG:Current pos/angle: ([[ 0.429  0.025 -0.222]], [[ 0.135 -3.138  0.000]]
DEBUG:----------------------------------------------
DEBUG:----------------------------------------------
DEBUG:Position info about the robot:
DEBUG:Initial pos/angle: ([[ 0.429  0.025 -0.222]], [[-0.134  3.139  0.000]])
DEBUG:Current pos/angle: ([[ 0.429  0.025 -0.222]], [[-0.134  3.139  0.000]]
DEBUG:----------------------------------------------
DEBUG:----------------------------------------------
DEBUG:Position info about the robot:
DEBUG:Initial pos/angle: ([[ 0.429  0.025 -0.222]], [[-0.134  3.139  0.000]])
DEBUG:Current pos/angle: ([[ 0.429  0.025 -0.222]], [[-0.134  3.139  0.000]]
DEBUG:----------------------------------------------
DEBUG:----------------------------------------------
DEBUG:Position info about the robot:
DEBUG:Initial pos/angle: ([[ 0.429  0.025 -0.222]], [[-0.134  3.139  0.000]])
DEBUG:Current pos/angle: ([[ 0.429  0.025 -0.222]], [[-0.134  3.139  0.000]]
DEBUG:----------------------------------------------
DEBUG:----------------------------------------------
DEBUG:Position info about the robot:
DEBUG:Initial pos/angle: ([[ 0.429  0.025 -0.222]], [[-0.134  3.139  0.000]])
DEBUG:Current pos/angle: ([[ 0.429  0.025 -0.222]], [[ 0.135 -3.138  0.000]]
DEBUG:----------------------------------------------
DEBUG:----------------------------------------------
DEBUG:Position info about the robot:
DEBUG:Initial pos/angle: ([[ 0.429  0.025 -0.222]], [[-0.134  3.139  0.000]])
DEBUG:Current pos/angle: ([[ 0.429  0.025 -0.222]], [[ 0.135 -3.138  0.000]]
DEBUG:----------------------------------------------
DEBUG:----------------------------------------------
DEBUG:Position info about the robot:
DEBUG:Initial pos/angle: ([[ 0.429  0.025 -0.222]], [[-0.134  3.139  0.000]])
DEBUG:Current pos/angle: ([[ 0.429  0.025 -0.222]], [[ 0.135 -3.138  0.000]]
DEBUG:----------------------------------------------
DEBUG:----------------------------------------------
DEBUG:Position info about the robot:
DEBUG:Initial pos/angle: ([[ 0.429  0.025 -0.222]], [[-0.134  3.139  0.000]])
DEBUG:Current pos/angle: ([[ 0.429  0.025 -0.222]], [[ 0.135 -3.138  0.000]]
DEBUG:----------------------------------------------
DEBUG:----------------------------------------------
DEBUG:Position info about the robot:
DEBUG:Initial pos/angle: ([[ 0.429  0.025 -0.222]], [[-0.134  3.139  0.000]])
DEBUG:Current pos/angle: ([[ 0.429  0.025 -0.222]], [[-0.134  3.139  0.000]]
DEBUG:----------------------------------------------
DEBUG:----------------------------------------------
DEBUG:Position info about the robot:
DEBUG:Initial pos/angle: ([[ 0.429  0.025 -0.222]], [[-0.134  3.139  0.000]])
DEBUG:Current pos/angle: ([[ 0.429  0.025 -0.222]], [[ 0.135 -3.138  0.000]]
DEBUG:----------------------------------------------
DEBUG:----------------------------------------------
DEBUG:Position info about the robot:
DEBUG:Initial pos/angle: ([[ 0.429  0.025 -0.222]], [[-0.134  3.139  0.000]])
DEBUG:Current pos/angle: ([[ 0.429  0.025 -0.222]], [[ 0.135 -3.138  0.000]]
DEBUG:----------------------------------------------
DEBUG:----------------------------------------------
DEBUG:Position info about the robot:
DEBUG:Initial pos/angle: ([[ 0.429  0.025 -0.222]], [[-0.134  3.139  0.000]])
DEBUG:Current pos/angle: ([[ 0.429  0.025 -0.222]], [[ 0.135 -3.138  0.000]]
DEBUG:----------------------------------------------
DEBUG:----------------------------------------------
DEBUG:Position info about the robot:
DEBUG:Initial pos/angle: ([[ 0.429  0.025 -0.222]], [[-0.134  3.139  0.000]])
DEBUG:Current pos/angle: ([[ 0.429  0.025 -0.222]], [[-0.134  3.139  0.000]]
DEBUG:----------------------------------------------
DEBUG:----------------------------------------------
DEBUG:Position info about the robot:
DEBUG:Initial pos/angle: ([[ 0.429  0.025 -0.222]], [[-0.134  3.139  0.000]])
DEBUG:Current pos/angle: ([[ 0.429  0.025 -0.222]], [[-0.134  3.139  0.000]]
DEBUG:----------------------------------------------
DEBUG:----------------------------------------------
DEBUG:Position info about the robot:
DEBUG:Initial pos/angle: ([[ 0.429  0.025 -0.222]], [[-0.134  3.139  0.000]])
DEBUG:Current pos/angle: ([[ 0.429  0.025 -0.222]], [[-0.134  3.139  0.000]]
DEBUG:----------------------------------------------
DEBUG:----------------------------------------------
DEBUG:Position info about the robot:
DEBUG:Initial pos/angle: ([[ 0.429  0.025 -0.222]], [[-0.134  3.139  0.000]])
DEBUG:Current pos/angle: ([[ 0.429  0.025 -0.222]], [[ 0.135 -3.138  0.000]]
DEBUG:----------------------------------------------
DEBUG:----------------------------------------------
DEBUG:Position info about the robot:
DEBUG:Initial pos/angle: ([[ 0.429  0.025 -0.222]], [[-0.134  3.139  0.000]])
DEBUG:Current pos/angle: ([[ 0.429  0.025 -0.222]], [[ 0.135 -3.138  0.000]]
DEBUG:----------------------------------------------
DEBUG:----------------------------------------------
DEBUG:Position info about the robot:
DEBUG:Initial pos/angle: ([[ 0.429  0.025 -0.222]], [[-0.134  3.139  0.000]])
DEBUG:Current pos/angle: ([[ 0.429  0.025 -0.222]], [[ 0.135 -3.138  0.000]]
DEBUG:----------------------------------------------
DEBUG:----------------------------------------------
DEBUG:Position info about the robot:
DEBUG:Initial pos/angle: ([[ 0.429  0.025 -0.222]], [[-0.134  3.139  0.000]])
DEBUG:Current pos/angle: ([[ 0.429  0.025 -0.222]], [[ 0.135 -3.138  0.000]]
DEBUG:----------------------------------------------
DEBUG:----------------------------------------------
DEBUG:Position info about the robot:
DEBUG:Initial pos/angle: ([[ 0.429  0.025 -0.222]], [[-0.134  3.139  0.000]])
DEBUG:Current pos/angle: ([[ 0.429  0.025 -0.222]], [[-0.134  3.139  0.000]]
DEBUG:----------------------------------------------
DEBUG:----------------------------------------------
DEBUG:Position info about the robot:
DEBUG:Initial pos/angle: ([[ 0.429  0.025 -0.222]], [[-0.134  3.139  0.000]])
DEBUG:Current pos/angle: ([[ 0.429  0.025 -0.222]], [[ 0.135 -3.138  0.000]]
DEBUG:----------------------------------------------
DEBUG:----------------------------------------------
DEBUG:Position info about the robot:
DEBUG:Initial pos/angle: ([[ 0.429  0.025 -0.222]], [[-0.134  3.139  0.000]])
DEBUG:Current pos/angle: ([[ 0.429  0.025 -0.222]], [[ 0.135 -3.138  0.000]]
DEBUG:----------------------------------------------
DEBUG:----------------------------------------------
DEBUG:Position info about the robot:
DEBUG:Initial pos/angle: ([[ 0.429  0.025 -0.222]], [[-0.134  3.139  0.000]])
DEBUG:Current pos/angle: ([[ 0.429  0.025 -0.222]], [[ 0.135 -3.138  0.000]]
DEBUG:----------------------------------------------
DEBUG:----------------------------------------------
DEBUG:Position info about the robot:
DEBUG:Initial pos/angle: ([[ 0.429  0.025 -0.222]], [[-0.134  3.139  0.000]])
DEBUG:Current pos/angle: ([[ 0.429  0.025 -0.222]], [[ 0.135 -3.138  0.000]]
DEBUG:----------------------------------------------
DEBUG:----------------------------------------------
DEBUG:Position info about the robot:
DEBUG:Initial pos/angle: ([[ 0.429  0.025 -0.222]], [[-0.134  3.139  0.000]])
DEBUG:Current pos/angle: ([[ 0.429  0.025 -0.222]], [[ 0.135 -3.138  0.000]]
DEBUG:----------------------------------------------
DEBUG:----------------------------------------------
DEBUG:Position info about the robot:
DEBUG:Initial pos/angle: ([[ 0.429  0.025 -0.222]], [[-0.134  3.139  0.000]])
DEBUG:Current pos/angle: ([[ 0.429  0.025 -0.222]], [[-0.134  3.139  0.000]]
DEBUG:----------------------------------------------
DEBUG:----------------------------------------------
DEBUG:Position info about the robot:
DEBUG:Initial pos/angle: ([[ 0.429  0.025 -0.222]], [[-0.134  3.139  0.000]])
DEBUG:Current pos/angle: ([[ 0.429  0.025 -0.222]], [[ 0.135 -3.138  0.000]]
DEBUG:----------------------------------------------
DEBUG:----------------------------------------------
DEBUG:Position info about the robot:
DEBUG:Initial pos/angle: ([[ 0.429  0.025 -0.222]], [[-0.134  3.139  0.000]])
DEBUG:Current pos/angle: ([[ 0.429  0.025 -0.222]], [[ 0.135 -3.138  0.000]]
DEBUG:----------------------------------------------
DEBUG:----------------------------------------------
DEBUG:Position info about the robot:
DEBUG:Initial pos/angle: ([[ 0.429  0.025 -0.222]], [[-0.134  3.139  0.000]])
DEBUG:Current pos/angle: ([[ 0.429  0.025 -0.222]], [[-0.134  3.139  0.000]]
DEBUG:----------------------------------------------
DEBUG:----------------------------------------------
DEBUG:Position info about the robot:
DEBUG:Initial pos/angle: ([[ 0.429  0.025 -0.222]], [[-0.134  3.139  0.000]])
DEBUG:Current pos/angle: ([[ 0.429  0.025 -0.222]], [[-0.134  3.139  0.000]]
DEBUG:----------------------------------------------
DEBUG:----------------------------------------------
DEBUG:Position info about the robot:
DEBUG:Initial pos/angle: ([[ 0.429  0.025 -0.222]], [[-0.134  3.139  0.000]])
DEBUG:Current pos/angle: ([[ 0.429  0.025 -0.222]], [[ 0.135 -3.138  0.000]]
DEBUG:----------------------------------------------
DEBUG:----------------------------------------------
DEBUG:Position info about the robot:
DEBUG:Initial pos/angle: ([[ 0.429  0.025 -0.222]], [[-0.134  3.139  0.000]])
DEBUG:Current pos/angle: ([[ 0.429  0.025 -0.222]], [[ 0.135 -3.138  0.000]]
DEBUG:----------------------------------------------
DEBUG:----------------------------------------------
DEBUG:Position info about the robot:
DEBUG:Initial pos/angle: ([[ 0.429  0.025 -0.222]], [[-0.134  3.139  0.000]])
DEBUG:Current pos/angle: ([[ 0.429  0.025 -0.222]], [[ 0.135 -3.138  0.000]]
DEBUG:----------------------------------------------
DEBUG:----------------------------------------------
DEBUG:Position info about the robot:
DEBUG:Initial pos/angle: ([[ 0.429  0.025 -0.222]], [[-0.134  3.139  0.000]])
DEBUG:Current pos/angle: ([[ 0.429  0.025 -0.222]], [[-0.134  3.139  0.000]]
DEBUG:----------------------------------------------
DEBUG:----------------------------------------------
DEBUG:Position info about the robot:
DEBUG:Initial pos/angle: ([[ 0.429  0.025 -0.222]], [[-0.134  3.139  0.000]])
DEBUG:Current pos/angle: ([[ 0.429  0.025 -0.222]], [[ 0.135 -3.138  0.000]]
DEBUG:----------------------------------------------
DEBUG:----------------------------------------------
DEBUG:Position info about the robot:
DEBUG:Initial pos/angle: ([[ 0.429  0.025 -0.222]], [[-0.134  3.139  0.000]])
DEBUG:Current pos/angle: ([[ 0.429  0.025 -0.222]], [[-0.134  3.139  0.000]]
DEBUG:----------------------------------------------
DEBUG:----------------------------------------------
DEBUG:Position info about the robot:
DEBUG:Initial pos/angle: ([[ 0.429  0.025 -0.222]], [[-0.134  3.139  0.000]])
DEBUG:Current pos/angle: ([[ 0.429  0.025 -0.222]], [[ 0.135 -3.138  0.000]]
DEBUG:----------------------------------------------
DEBUG:----------------------------------------------
DEBUG:Position info about the robot:
DEBUG:Initial pos/angle: ([[ 0.429  0.025 -0.222]], [[-0.134  3.139  0.000]])
DEBUG:Current pos/angle: ([[ 0.429  0.025 -0.222]], [[-0.134  3.139  0.000]]
DEBUG:----------------------------------------------
DEBUG:----------------------------------------------
DEBUG:Position info about the robot:
DEBUG:Initial pos/angle: ([[ 0.429  0.025 -0.222]], [[-0.134  3.139  0.000]])
DEBUG:Current pos/angle: ([[ 0.429  0.025 -0.222]], [[ 0.135 -3.138  0.000]]
DEBUG:----------------------------------------------
DEBUG:----------------------------------------------
DEBUG:Position info about the robot:
DEBUG:Initial pos/angle: ([[ 0.429  0.025 -0.222]], [[-0.134  3.139  0.000]])
DEBUG:Current pos/angle: ([[ 0.429  0.025 -0.222]], [[ 0.135 -3.138  0.000]]
DEBUG:----------------------------------------------
DEBUG:----------------------------------------------
DEBUG:Position info about the robot:
DEBUG:Initial pos/angle: ([[ 0.429  0.025 -0.222]], [[-0.134  3.139  0.000]])
DEBUG:Current pos/angle: ([[ 0.429  0.025 -0.222]], [[ 0.135 -3.138  0.000]]
DEBUG:----------------------------------------------
DEBUG:----------------------------------------------
DEBUG:Position info about the robot:
DEBUG:Initial pos/angle: ([[ 0.429  0.025 -0.222]], [[-0.134  3.139  0.000]])
DEBUG:Current pos/angle: ([[ 0.429  0.025 -0.222]], [[ 0.135 -3.138  0.000]]
DEBUG:----------------------------------------------
DEBUG:----------------------------------------------
DEBUG:Position info about the robot:
DEBUG:Initial pos/angle: ([[ 0.429  0.025 -0.222]], [[-0.134  3.139  0.000]])
DEBUG:Current pos/angle: ([[ 0.429  0.025 -0.222]], [[ 0.135 -3.138  0.000]]
DEBUG:----------------------------------------------
DEBUG:----------------------------------------------
DEBUG:Position info about the robot:
DEBUG:Initial pos/angle: ([[ 0.429  0.025 -0.222]], [[-0.134  3.139  0.000]])
DEBUG:Current pos/angle: ([[ 0.429  0.025 -0.222]], [[ 0.135 -3.138  0.000]]
DEBUG:----------------------------------------------
DEBUG:----------------------------------------------
DEBUG:Position info about the robot:
DEBUG:Initial pos/angle: ([[ 0.429  0.025 -0.222]], [[-0.134  3.139  0.000]])
DEBUG:Current pos/angle: ([[ 0.429  0.025 -0.222]], [[-0.134  3.139  0.000]]
DEBUG:----------------------------------------------
DEBUG:----------------------------------------------
DEBUG:Position info about the robot:
DEBUG:Initial pos/angle: ([[ 0.429  0.025 -0.222]], [[-0.134  3.139  0.000]])
DEBUG:Current pos/angle: ([[ 0.429  0.025 -0.222]], [[ 0.135 -3.138  0.000]]
DEBUG:----------------------------------------------
DEBUG:----------------------------------------------
DEBUG:Position info about the robot:
DEBUG:Initial pos/angle: ([[ 0.429  0.025 -0.222]], [[-0.134  3.139  0.000]])
DEBUG:Current pos/angle: ([[ 0.429  0.025 -0.222]], [[-0.134  3.139  0.000]]
DEBUG:----------------------------------------------
DEBUG:----------------------------------------------
DEBUG:Position info about the robot:
DEBUG:Initial pos/angle: ([[ 0.429  0.025 -0.222]], [[-0.134  3.139  0.000]])
DEBUG:Current pos/angle: ([[ 0.429  0.025 -0.222]], [[ 0.135 -3.138  0.000]]
DEBUG:----------------------------------------------
DEBUG:----------------------------------------------
DEBUG:Position info about the robot:
DEBUG:Initial pos/angle: ([[ 0.429  0.025 -0.222]], [[-0.134  3.139  0.000]])
DEBUG:Current pos/angle: ([[ 0.429  0.025 -0.222]], [[-0.134  3.139  0.000]]
DEBUG:----------------------------------------------
DEBUG:----------------------------------------------
DEBUG:Position info about the robot:
DEBUG:Initial pos/angle: ([[ 0.429  0.025 -0.222]], [[-0.134  3.139  0.000]])
DEBUG:Current pos/angle: ([[ 0.429  0.025 -0.222]], [[-0.134  3.139  0.000]]
DEBUG:----------------------------------------------
DEBUG:----------------------------------------------
DEBUG:Position info about the robot:
DEBUG:Initial pos/angle: ([[ 0.429  0.025 -0.222]], [[-0.134  3.139  0.000]])
DEBUG:Current pos/angle: ([[ 0.429  0.025 -0.222]], [[-0.134  3.139  0.000]]
DEBUG:----------------------------------------------
DEBUG:----------------------------------------------
DEBUG:Position info about the robot:
DEBUG:Initial pos/angle: ([[ 0.429  0.025 -0.222]], [[-0.134  3.139  0.000]])
DEBUG:Current pos/angle: ([[ 0.429  0.025 -0.222]], [[ 0.135 -3.138  0.000]]
DEBUG:----------------------------------------------
DEBUG:----------------------------------------------
DEBUG:Position info about the robot:
DEBUG:Initial pos/angle: ([[ 0.429  0.025 -0.222]], [[-0.134  3.139  0.000]])
DEBUG:Current pos/angle: ([[ 0.429  0.025 -0.222]], [[ 0.135 -3.138  0.000]]
DEBUG:----------------------------------------------
DEBUG:----------------------------------------------
DEBUG:Position info about the robot:
DEBUG:Initial pos/angle: ([[ 0.429  0.025 -0.222]], [[-0.134  3.139  0.000]])
DEBUG:Current pos/angle: ([[ 0.429  0.025 -0.222]], [[-0.134  3.139  0.000]]
DEBUG:----------------------------------------------
DEBUG:----------------------------------------------
DEBUG:Position info about the robot:
DEBUG:Initial pos/angle: ([[ 0.429  0.025 -0.222]], [[-0.134  3.139  0.000]])
DEBUG:Current pos/angle: ([[ 0.429  0.025 -0.222]], [[-0.134  3.139  0.000]]
DEBUG:----------------------------------------------
DEBUG:----------------------------------------------
DEBUG:Position info about the robot:
DEBUG:Initial pos/angle: ([[ 0.429  0.025 -0.222]], [[-0.134  3.139  0.000]])
DEBUG:Current pos/angle: ([[ 0.429  0.025 -0.222]], [[-0.134  3.139  0.000]]
DEBUG:----------------------------------------------
DEBUG:----------------------------------------------
DEBUG:Position info about the robot:
DEBUG:Initial pos/angle: ([[ 0.429  0.025 -0.222]], [[-0.134  3.139  0.000]])
DEBUG:Current pos/angle: ([[ 0.429  0.025 -0.222]], [[-0.134  3.139  0.000]]
DEBUG:----------------------------------------------
DEBUG:----------------------------------------------
DEBUG:Position info about the robot:
DEBUG:Initial pos/angle: ([[ 0.429  0.025 -0.222]], [[-0.134  3.139  0.000]])
DEBUG:Current pos/angle: ([[ 0.429  0.025 -0.222]], [[-0.134  3.139  0.000]]
DEBUG:----------------------------------------------
DEBUG:----------------------------------------------
DEBUG:Position info about the robot:
DEBUG:Initial pos/angle: ([[ 0.429  0.025 -0.222]], [[-0.134  3.139  0.000]])
DEBUG:Current pos/angle: ([[ 0.429  0.025 -0.222]], [[-0.134  3.139  0.000]]
DEBUG:----------------------------------------------
DEBUG:----------------------------------------------
DEBUG:Position info about the robot:
DEBUG:Initial pos/angle: ([[ 0.429  0.025 -0.222]], [[-0.134  3.139  0.000]])
DEBUG:Current pos/angle: ([[ 0.429  0.025 -0.222]], [[ 0.135 -3.138  0.000]]
DEBUG:----------------------------------------------
DEBUG:----------------------------------------------
DEBUG:Position info about the robot:
DEBUG:Initial pos/angle: ([[ 0.429  0.025 -0.222]], [[-0.134  3.139  0.000]])
DEBUG:Current pos/angle: ([[ 0.429  0.025 -0.222]], [[ 0.135 -3.138  0.000]]
DEBUG:----------------------------------------------
DEBUG:----------------------------------------------
DEBUG:Position info about the robot:
DEBUG:Initial pos/angle: ([[ 0.429  0.025 -0.222]], [[-0.134  3.139  0.000]])
DEBUG:Current pos/angle: ([[ 0.429  0.025 -0.222]], [[ 0.135 -3.138  0.000]]
DEBUG:----------------------------------------------
DEBUG:----------------------------------------------
DEBUG:Position info about the robot:
DEBUG:Initial pos/angle: ([[ 0.429  0.025 -0.222]], [[-0.134  3.139  0.000]])
DEBUG:Current pos/angle: ([[ 0.429  0.025 -0.222]], [[-0.134  3.139  0.000]]
DEBUG:----------------------------------------------
DEBUG:----------------------------------------------
DEBUG:Position info about the robot:
DEBUG:Initial pos/angle: ([[ 0.429  0.025 -0.222]], [[-0.134  3.139  0.000]])
DEBUG:Current pos/angle: ([[ 0.429  0.025 -0.222]], [[ 0.135 -3.138  0.000]]
DEBUG:----------------------------------------------
DEBUG:----------------------------------------------
DEBUG:Position info about the robot:
DEBUG:Initial pos/angle: ([[ 0.429  0.025 -0.222]], [[-0.134  3.139  0.000]])
DEBUG:Current pos/angle: ([[ 0.429  0.025 -0.222]], [[ 0.135 -3.138  0.000]]
DEBUG:----------------------------------------------
DEBUG:----------------------------------------------
DEBUG:Position info about the robot:
DEBUG:Initial pos/angle: ([[ 0.429  0.025 -0.222]], [[-0.134  3.139  0.000]])
DEBUG:Current pos/angle: ([[ 0.429  0.025 -0.222]], [[ 0.135 -3.138  0.000]]
DEBUG:----------------------------------------------
DEBUG:----------------------------------------------
DEBUG:Position info about the robot:
DEBUG:Initial pos/angle: ([[ 0.429  0.025 -0.222]], [[-0.134  3.139  0.000]])
DEBUG:Current pos/angle: ([[ 0.429  0.025 -0.222]], [[ 0.135 -3.138  0.000]]
DEBUG:----------------------------------------------
DEBUG:----------------------------------------------
DEBUG:Position info about the robot:
DEBUG:Initial pos/angle: ([[ 0.429  0.025 -0.222]], [[-0.134  3.139  0.000]])
DEBUG:Current pos/angle: ([[ 0.429  0.025 -0.222]], [[ 0.135 -3.138  0.000]]
DEBUG:----------------------------------------------
DEBUG:----------------------------------------------
DEBUG:Position info about the robot:
DEBUG:Initial pos/angle: ([[ 0.429  0.025 -0.222]], [[-0.134  3.139  0.000]])
DEBUG:Current pos/angle: ([[ 0.429  0.025 -0.222]], [[-0.134  3.139  0.000]]
DEBUG:----------------------------------------------
DEBUG:----------------------------------------------
DEBUG:Position info about the robot:
DEBUG:Initial pos/angle: ([[ 0.429  0.025 -0.222]], [[-0.134  3.139  0.000]])
DEBUG:Current pos/angle: ([[ 0.429  0.025 -0.222]], [[ 0.135 -3.138  0.000]]
DEBUG:----------------------------------------------
DEBUG:----------------------------------------------
DEBUG:Position info about the robot:
DEBUG:Initial pos/angle: ([[ 0.429  0.025 -0.222]], [[-0.134  3.139  0.000]])
DEBUG:Current pos/angle: ([[ 0.429  0.025 -0.222]], [[ 0.135 -3.138  0.000]]
DEBUG:----------------------------------------------
DEBUG:----------------------------------------------
DEBUG:Position info about the robot:
DEBUG:Initial pos/angle: ([[ 0.429  0.025 -0.222]], [[-0.134  3.139  0.000]])
DEBUG:Current pos/angle: ([[ 0.429  0.025 -0.222]], [[-0.134  3.139  0.000]]
DEBUG:----------------------------------------------
DEBUG:----------------------------------------------
DEBUG:Position info about the robot:
DEBUG:Initial pos/angle: ([[ 0.429  0.025 -0.222]], [[-0.134  3.139  0.000]])
DEBUG:Current pos/angle: ([[ 0.429  0.025 -0.222]], [[ 0.135 -3.138  0.000]]
DEBUG:----------------------------------------------
DEBUG:----------------------------------------------
DEBUG:Position info about the robot:
DEBUG:Initial pos/angle: ([[ 0.429  0.025 -0.222]], [[-0.134  3.139  0.000]])
DEBUG:Current pos/angle: ([[ 0.429  0.025 -0.222]], [[ 0.135 -3.138  0.000]]
DEBUG:----------------------------------------------
DEBUG:----------------------------------------------
DEBUG:Position info about the robot:
DEBUG:Initial pos/angle: ([[ 0.429  0.025 -0.222]], [[-0.134  3.139  0.000]])
DEBUG:Current pos/angle: ([[ 0.429  0.025 -0.222]], [[ 0.135 -3.138  0.000]]
DEBUG:----------------------------------------------
DEBUG:----------------------------------------------
DEBUG:Position info about the robot:
DEBUG:Initial pos/angle: ([[ 0.429  0.025 -0.222]], [[-0.134  3.139  0.000]])
DEBUG:Current pos/angle: ([[ 0.429  0.025 -0.222]], [[ 0.135 -3.138  0.000]]
DEBUG:----------------------------------------------
DEBUG:----------------------------------------------
DEBUG:Position info about the robot:
DEBUG:Initial pos/angle: ([[ 0.429  0.025 -0.222]], [[-0.134  3.139  0.000]])
DEBUG:Current pos/angle: ([[ 0.429  0.025 -0.223]], [[ 0.135 -3.138  0.000]]
DEBUG:----------------------------------------------
DEBUG:----------------------------------------------
DEBUG:Position info about the robot:
DEBUG:Initial pos/angle: ([[ 0.429  0.025 -0.222]], [[-0.134  3.139  0.000]])
DEBUG:Current pos/angle: ([[ 0.429  0.025 -0.222]], [[-0.134  3.139  0.000]]
DEBUG:----------------------------------------------
DEBUG:----------------------------------------------
DEBUG:Position info about the robot:
DEBUG:Initial pos/angle: ([[ 0.429  0.025 -0.222]], [[-0.134  3.139  0.000]])
DEBUG:Current pos/angle: ([[ 0.429  0.025 -0.222]], [[-0.134  3.139  0.000]]
DEBUG:----------------------------------------------
DEBUG:----------------------------------------------
DEBUG:Position info about the robot:
DEBUG:Initial pos/angle: ([[ 0.429  0.025 -0.222]], [[-0.134  3.139  0.000]])
DEBUG:Current pos/angle: ([[ 0.429  0.025 -0.222]], [[ 0.135 -3.138  0.000]]
DEBUG:----------------------------------------------
DEBUG:----------------------------------------------
DEBUG:Position info about the robot:
DEBUG:Initial pos/angle: ([[ 0.429  0.025 -0.222]], [[-0.134  3.139  0.000]])
DEBUG:Current pos/angle: ([[ 0.429  0.025 -0.222]], [[ 0.135 -3.138  0.000]]
DEBUG:----------------------------------------------
DEBUG:----------------------------------------------
DEBUG:Position info about the robot:
DEBUG:Initial pos/angle: ([[ 0.429  0.025 -0.222]], [[-0.134  3.139  0.000]])
DEBUG:Current pos/angle: ([[ 0.429  0.025 -0.222]], [[ 0.135 -3.138  0.000]]
DEBUG:----------------------------------------------
DEBUG:----------------------------------------------
DEBUG:Position info about the robot:
DEBUG:Initial pos/angle: ([[ 0.429  0.025 -0.222]], [[-0.134  3.139  0.000]])
DEBUG:Current pos/angle: ([[ 0.429  0.025 -0.222]], [[ 0.135 -3.138  0.000]]
DEBUG:----------------------------------------------
DEBUG:----------------------------------------------
DEBUG:Position info about the robot:
DEBUG:Initial pos/angle: ([[ 0.429  0.025 -0.222]], [[-0.134  3.139  0.000]])
DEBUG:Current pos/angle: ([[ 0.429  0.025 -0.222]], [[ 0.135 -3.138  0.000]]
DEBUG:----------------------------------------------
DEBUG:----------------------------------------------
DEBUG:Position info about the robot:
DEBUG:Initial pos/angle: ([[ 0.429  0.025 -0.222]], [[-0.134  3.139  0.000]])
DEBUG:Current pos/angle: ([[ 0.429  0.025 -0.222]], [[ 0.135 -3.138  0.000]]
DEBUG:----------------------------------------------
DEBUG:----------------------------------------------
DEBUG:Position info about the robot:
DEBUG:Initial pos/angle: ([[ 0.429  0.025 -0.222]], [[-0.134  3.139  0.000]])
DEBUG:Current pos/angle: ([[ 0.429  0.025 -0.222]], [[ 0.135 -3.138  0.000]]
DEBUG:----------------------------------------------
DEBUG:----------------------------------------------
DEBUG:Position info about the robot:
DEBUG:Initial pos/angle: ([[ 0.429  0.025 -0.222]], [[-0.134  3.139  0.000]])
DEBUG:Current pos/angle: ([[ 0.429  0.025 -0.222]], [[-0.134  3.139  0.000]]
DEBUG:----------------------------------------------
DEBUG:----------------------------------------------
DEBUG:Position info about the robot:
DEBUG:Initial pos/angle: ([[ 0.429  0.025 -0.222]], [[-0.134  3.139  0.000]])
DEBUG:Current pos/angle: ([[ 0.429  0.025 -0.222]], [[ 0.135 -3.138  0.000]]
DEBUG:----------------------------------------------
DEBUG:----------------------------------------------
DEBUG:Position info about the robot:
DEBUG:Initial pos/angle: ([[ 0.429  0.025 -0.222]], [[-0.134  3.139  0.000]])
DEBUG:Current pos/angle: ([[ 0.429  0.025 -0.222]], [[-0.134  3.139  0.000]]
DEBUG:----------------------------------------------
DEBUG:----------------------------------------------
DEBUG:Position info about the robot:
DEBUG:Initial pos/angle: ([[ 0.429  0.025 -0.222]], [[-0.134  3.139  0.000]])
DEBUG:Current pos/angle: ([[ 0.429  0.025 -0.222]], [[ 0.135 -3.138  0.000]]
DEBUG:----------------------------------------------
DEBUG:----------------------------------------------
DEBUG:Position info about the robot:
DEBUG:Initial pos/angle: ([[ 0.429  0.025 -0.222]], [[-0.134  3.139  0.000]])
DEBUG:Current pos/angle: ([[ 0.429  0.025 -0.222]], [[ 0.135 -3.138  0.000]]
DEBUG:----------------------------------------------
DEBUG:----------------------------------------------
DEBUG:Position info about the robot:
DEBUG:Initial pos/angle: ([[ 0.429  0.025 -0.222]], [[-0.134  3.139  0.000]])
DEBUG:Current pos/angle: ([[ 0.429  0.025 -0.222]], [[-0.134  3.139  0.000]]
DEBUG:----------------------------------------------
DEBUG:----------------------------------------------
DEBUG:Position info about the robot:
DEBUG:Initial pos/angle: ([[ 0.429  0.025 -0.222]], [[-0.134  3.139  0.000]])
DEBUG:Current pos/angle: ([[ 0.429  0.025 -0.222]], [[ 0.135 -3.138  0.000]]
DEBUG:----------------------------------------------
DEBUG:----------------------------------------------
DEBUG:Position info about the robot:
DEBUG:Initial pos/angle: ([[ 0.429  0.025 -0.222]], [[-0.134  3.139  0.000]])
DEBUG:Current pos/angle: ([[ 0.429  0.025 -0.222]], [[-0.134  3.139  0.000]]
DEBUG:----------------------------------------------
DEBUG:----------------------------------------------
DEBUG:Position info about the robot:
DEBUG:Initial pos/angle: ([[ 0.429  0.025 -0.222]], [[-0.134  3.139  0.000]])
DEBUG:Current pos/angle: ([[ 0.429  0.025 -0.222]], [[ 0.135 -3.138  0.000]]
DEBUG:----------------------------------------------
DEBUG:----------------------------------------------
DEBUG:Position info about the robot:
DEBUG:Initial pos/angle: ([[ 0.429  0.025 -0.222]], [[-0.134  3.139  0.000]])
DEBUG:Current pos/angle: ([[ 0.429  0.025 -0.222]], [[ 0.135 -3.138  0.000]]
DEBUG:----------------------------------------------
DEBUG:----------------------------------------------
DEBUG:Position info about the robot:
DEBUG:Initial pos/angle: ([[ 0.429  0.025 -0.222]], [[-0.134  3.139  0.000]])
DEBUG:Current pos/angle: ([[ 0.429  0.025 -0.222]], [[-0.134  3.139  0.000]]
DEBUG:----------------------------------------------
DEBUG:----------------------------------------------
DEBUG:Position info about the robot:
DEBUG:Initial pos/angle: ([[ 0.429  0.025 -0.222]], [[-0.134  3.139  0.000]])
DEBUG:Current pos/angle: ([[ 0.429  0.025 -0.222]], [[-0.134  3.139  0.000]]
DEBUG:----------------------------------------------
DEBUG:----------------------------------------------
DEBUG:Position info about the robot:
DEBUG:Initial pos/angle: ([[ 0.429  0.025 -0.222]], [[-0.134  3.139  0.000]])
DEBUG:Current pos/angle: ([[ 0.429  0.025 -0.222]], [[-0.134  3.139  0.000]]
DEBUG:----------------------------------------------
DEBUG:----------------------------------------------
DEBUG:Position info about the robot:
DEBUG:Initial pos/angle: ([[ 0.429  0.025 -0.222]], [[-0.134  3.139  0.000]])
DEBUG:Current pos/angle: ([[ 0.429  0.025 -0.222]], [[-0.134  3.139  0.000]]
DEBUG:----------------------------------------------
DEBUG:----------------------------------------------
DEBUG:Position info about the robot:
DEBUG:Initial pos/angle: ([[ 0.429  0.025 -0.222]], [[-0.134  3.139  0.000]])
DEBUG:Current pos/angle: ([[ 0.429  0.025 -0.222]], [[ 0.135 -3.138  0.000]]
DEBUG:----------------------------------------------
DEBUG:----------------------------------------------
DEBUG:Position info about the robot:
DEBUG:Initial pos/angle: ([[ 0.429  0.025 -0.222]], [[-0.134  3.139  0.000]])
DEBUG:Current pos/angle: ([[ 0.429  0.025 -0.222]], [[ 0.135 -3.138  0.000]]
DEBUG:----------------------------------------------
DEBUG:----------------------------------------------
DEBUG:Position info about the robot:
DEBUG:Initial pos/angle: ([[ 0.429  0.025 -0.222]], [[-0.134  3.139  0.000]])
DEBUG:Current pos/angle: ([[ 0.429  0.025 -0.222]], [[ 0.135 -3.138  0.000]]
DEBUG:----------------------------------------------
DEBUG:----------------------------------------------
DEBUG:Position info about the robot:
DEBUG:Initial pos/angle: ([[ 0.429  0.025 -0.222]], [[-0.134  3.139  0.000]])
DEBUG:Current pos/angle: ([[ 0.429  0.025 -0.222]], [[ 0.135 -3.138  0.000]]
DEBUG:----------------------------------------------
DEBUG:----------------------------------------------
DEBUG:Position info about the robot:
DEBUG:Initial pos/angle: ([[ 0.429  0.025 -0.222]], [[-0.134  3.139  0.000]])
DEBUG:Current pos/angle: ([[ 0.429  0.025 -0.222]], [[ 0.135 -3.138  0.000]]
DEBUG:----------------------------------------------
DEBUG:----------------------------------------------
DEBUG:Position info about the robot:
DEBUG:Initial pos/angle: ([[ 0.429  0.025 -0.222]], [[-0.134  3.139  0.000]])
DEBUG:Current pos/angle: ([[ 0.429  0.025 -0.222]], [[ 0.135 -3.138  0.000]]
DEBUG:----------------------------------------------
DEBUG:----------------------------------------------
DEBUG:Position info about the robot:
DEBUG:Initial pos/angle: ([[ 0.429  0.025 -0.222]], [[-0.134  3.139  0.000]])
DEBUG:Current pos/angle: ([[ 0.429  0.025 -0.222]], [[-0.134  3.139  0.000]]
DEBUG:----------------------------------------------
DEBUG:----------------------------------------------
DEBUG:Position info about the robot:
DEBUG:Initial pos/angle: ([[ 0.429  0.025 -0.222]], [[-0.134  3.139  0.000]])
DEBUG:Current pos/angle: ([[ 0.429  0.025 -0.222]], [[ 0.135 -3.138  0.000]]
DEBUG:----------------------------------------------
DEBUG:----------------------------------------------
DEBUG:Position info about the robot:
DEBUG:Initial pos/angle: ([[ 0.429  0.025 -0.222]], [[-0.134  3.139  0.000]])
DEBUG:Current pos/angle: ([[ 0.429  0.025 -0.222]], [[-0.134  3.139  0.000]]
DEBUG:----------------------------------------------
DEBUG:----------------------------------------------
DEBUG:Position info about the robot:
DEBUG:Initial pos/angle: ([[ 0.429  0.025 -0.222]], [[-0.134  3.139  0.000]])
DEBUG:Current pos/angle: ([[ 0.429  0.025 -0.222]], [[ 0.135 -3.138  0.000]]
DEBUG:----------------------------------------------
DEBUG:----------------------------------------------
DEBUG:Position info about the robot:
DEBUG:Initial pos/angle: ([[ 0.429  0.025 -0.222]], [[-0.134  3.139  0.000]])
DEBUG:Current pos/angle: ([[ 0.429  0.025 -0.222]], [[-0.134  3.139  0.000]]
DEBUG:----------------------------------------------
DEBUG:----------------------------------------------
DEBUG:Position info about the robot:
DEBUG:Initial pos/angle: ([[ 0.429  0.025 -0.222]], [[-0.134  3.139  0.000]])
DEBUG:Current pos/angle: ([[ 0.429  0.025 -0.222]], [[-0.134  3.139  0.000]]
DEBUG:----------------------------------------------
DEBUG:----------------------------------------------
DEBUG:Position info about the robot:
DEBUG:Initial pos/angle: ([[ 0.429  0.025 -0.222]], [[-0.134  3.139  0.000]])
DEBUG:Current pos/angle: ([[ 0.429  0.025 -0.222]], [[ 0.135 -3.138  0.000]]
DEBUG:----------------------------------------------
DEBUG:----------------------------------------------
DEBUG:Position info about the robot:
DEBUG:Initial pos/angle: ([[ 0.429  0.025 -0.222]], [[-0.134  3.139  0.000]])
DEBUG:Current pos/angle: ([[ 0.429  0.025 -0.222]], [[ 0.135 -3.138  0.000]]
DEBUG:----------------------------------------------
DEBUG:----------------------------------------------
DEBUG:Position info about the robot:
DEBUG:Initial pos/angle: ([[ 0.429  0.025 -0.222]], [[-0.134  3.139  0.000]])
DEBUG:Current pos/angle: ([[ 0.429  0.025 -0.222]], [[-0.134  3.139  0.000]]
DEBUG:----------------------------------------------
DEBUG:----------------------------------------------
DEBUG:Position info about the robot:
DEBUG:Initial pos/angle: ([[ 0.429  0.025 -0.222]], [[-0.134  3.139  0.000]])
DEBUG:Current pos/angle: ([[ 0.429  0.025 -0.222]], [[ 0.135 -3.138  0.000]]
DEBUG:----------------------------------------------
DEBUG:----------------------------------------------
DEBUG:Position info about the robot:
DEBUG:Initial pos/angle: ([[ 0.429  0.025 -0.222]], [[-0.134  3.139  0.000]])
DEBUG:Current pos/angle: ([[ 0.429  0.025 -0.222]], [[ 0.135 -3.138  0.000]]
DEBUG:----------------------------------------------
DEBUG:----------------------------------------------
DEBUG:Position info about the robot:
DEBUG:Initial pos/angle: ([[ 0.429  0.025 -0.222]], [[-0.134  3.139  0.000]])
DEBUG:Current pos/angle: ([[ 0.429  0.025 -0.222]], [[ 0.135 -3.138  0.000]]
DEBUG:----------------------------------------------
DEBUG:----------------------------------------------
DEBUG:Position info about the robot:
DEBUG:Initial pos/angle: ([[ 0.429  0.025 -0.222]], [[-0.134  3.139  0.000]])
DEBUG:Current pos/angle: ([[ 0.429  0.025 -0.222]], [[ 0.135 -3.138  0.000]]
DEBUG:----------------------------------------------
DEBUG:----------------------------------------------
DEBUG:Position info about the robot:
DEBUG:Initial pos/angle: ([[ 0.429  0.025 -0.222]], [[-0.134  3.139  0.000]])
DEBUG:Current pos/angle: ([[ 0.429  0.025 -0.222]], [[ 0.135 -3.138  0.000]]
DEBUG:----------------------------------------------
DEBUG:----------------------------------------------
DEBUG:Position info about the robot:
DEBUG:Initial pos/angle: ([[ 0.429  0.025 -0.222]], [[-0.134  3.139  0.000]])
DEBUG:Current pos/angle: ([[ 0.429  0.025 -0.222]], [[-0.134  3.139  0.000]]
DEBUG:----------------------------------------------
DEBUG:----------------------------------------------
DEBUG:Position info about the robot:
DEBUG:Initial pos/angle: ([[ 0.429  0.025 -0.222]], [[-0.134  3.139  0.000]])
DEBUG:Current pos/angle: ([[ 0.429  0.025 -0.222]], [[ 0.135 -3.138  0.000]]
DEBUG:----------------------------------------------
DEBUG:----------------------------------------------
DEBUG:Position info about the robot:
DEBUG:Initial pos/angle: ([[ 0.429  0.025 -0.222]], [[-0.134  3.139  0.000]])
DEBUG:Current pos/angle: ([[ 0.429  0.025 -0.222]], [[-0.134  3.139  0.000]]
DEBUG:----------------------------------------------
DEBUG:----------------------------------------------
DEBUG:Position info about the robot:
DEBUG:Initial pos/angle: ([[ 0.429  0.025 -0.222]], [[-0.134  3.139  0.000]])
DEBUG:Current pos/angle: ([[ 0.429  0.025 -0.222]], [[-0.134  3.139  0.000]]
DEBUG:----------------------------------------------
DEBUG:----------------------------------------------
DEBUG:Position info about the robot:
DEBUG:Initial pos/angle: ([[ 0.429  0.025 -0.222]], [[-0.134  3.139  0.000]])
DEBUG:Current pos/angle: ([[ 0.429  0.025 -0.222]], [[ 0.135 -3.138  0.000]]
DEBUG:----------------------------------------------
DEBUG:----------------------------------------------
DEBUG:Position info about the robot:
DEBUG:Initial pos/angle: ([[ 0.429  0.025 -0.222]], [[-0.134  3.139  0.000]])
DEBUG:Current pos/angle: ([[ 0.429  0.025 -0.222]], [[ 0.135 -3.138  0.000]]
DEBUG:----------------------------------------------
DEBUG:----------------------------------------------
DEBUG:Position info about the robot:
DEBUG:Initial pos/angle: ([[ 0.429  0.025 -0.222]], [[-0.134  3.139  0.000]])
DEBUG:Current pos/angle: ([[ 0.429  0.025 -0.222]], [[ 0.135 -3.138  0.000]]
DEBUG:----------------------------------------------
DEBUG:----------------------------------------------
DEBUG:Position info about the robot:
DEBUG:Initial pos/angle: ([[ 0.429  0.025 -0.222]], [[-0.134  3.139  0.000]])
DEBUG:Current pos/angle: ([[ 0.429  0.025 -0.222]], [[-0.134  3.139  0.000]]
DEBUG:----------------------------------------------
DEBUG:----------------------------------------------
DEBUG:Position info about the robot:
DEBUG:Initial pos/angle: ([[ 0.429  0.025 -0.222]], [[-0.134  3.139  0.000]])
DEBUG:Current pos/angle: ([[ 0.429  0.025 -0.222]], [[-0.134  3.139  0.000]]
DEBUG:----------------------------------------------
DEBUG:----------------------------------------------
DEBUG:Position info about the robot:
DEBUG:Initial pos/angle: ([[ 0.429  0.025 -0.222]], [[-0.134  3.139  0.000]])
DEBUG:Current pos/angle: ([[ 0.429  0.025 -0.222]], [[-0.134  3.139  0.000]]
DEBUG:----------------------------------------------
DEBUG:----------------------------------------------
DEBUG:Position info about the robot:
DEBUG:Initial pos/angle: ([[ 0.429  0.025 -0.222]], [[-0.134  3.139  0.000]])
DEBUG:Current pos/angle: ([[ 0.429  0.025 -0.222]], [[-0.134  3.139  0.000]]
DEBUG:----------------------------------------------
DEBUG:----------------------------------------------
DEBUG:Position info about the robot:
DEBUG:Initial pos/angle: ([[ 0.429  0.025 -0.222]], [[-0.134  3.139  0.000]])
DEBUG:Current pos/angle: ([[ 0.429  0.025 -0.222]], [[-0.134  3.139  0.000]]
DEBUG:----------------------------------------------
DEBUG:----------------------------------------------
DEBUG:Position info about the robot:
DEBUG:Initial pos/angle: ([[ 0.429  0.025 -0.222]], [[-0.134  3.139  0.000]])
DEBUG:Current pos/angle: ([[ 0.429  0.025 -0.222]], [[ 0.135 -3.138  0.000]]
DEBUG:----------------------------------------------
DEBUG:----------------------------------------------
DEBUG:Position info about the robot:
DEBUG:Initial pos/angle: ([[ 0.429  0.025 -0.222]], [[-0.134  3.139  0.000]])
DEBUG:Current pos/angle: ([[ 0.429  0.025 -0.222]], [[ 0.135 -3.138  0.000]]
DEBUG:----------------------------------------------
DEBUG:----------------------------------------------
DEBUG:Position info about the robot:
DEBUG:Initial pos/angle: ([[ 0.429  0.025 -0.222]], [[-0.134  3.139  0.000]])
DEBUG:Current pos/angle: ([[ 0.429  0.025 -0.222]], [[-0.134  3.139  0.000]]
DEBUG:----------------------------------------------
DEBUG:----------------------------------------------
DEBUG:Position info about the robot:
DEBUG:Initial pos/angle: ([[ 0.429  0.025 -0.222]], [[-0.134  3.139  0.000]])
DEBUG:Current pos/angle: ([[ 0.429  0.025 -0.222]], [[-0.134  3.139  0.000]]
DEBUG:----------------------------------------------
DEBUG:----------------------------------------------
DEBUG:Position info about the robot:
DEBUG:Initial pos/angle: ([[ 0.429  0.025 -0.222]], [[-0.134  3.139  0.000]])
DEBUG:Current pos/angle: ([[ 0.429  0.025 -0.222]], [[ 0.135 -3.138  0.000]]
DEBUG:----------------------------------------------
DEBUG:----------------------------------------------
DEBUG:Position info about the robot:
DEBUG:Initial pos/angle: ([[ 0.429  0.025 -0.222]], [[-0.134  3.139  0.000]])
DEBUG:Current pos/angle: ([[ 0.429  0.025 -0.222]], [[ 0.135 -3.138  0.000]]
DEBUG:----------------------------------------------
DEBUG:----------------------------------------------
DEBUG:Position info about the robot:
DEBUG:Initial pos/angle: ([[ 0.429  0.025 -0.222]], [[-0.134  3.139  0.000]])
DEBUG:Current pos/angle: ([[ 0.429  0.025 -0.222]], [[-0.134  3.139  0.000]]
DEBUG:----------------------------------------------
DEBUG:----------------------------------------------
DEBUG:Position info about the robot:
DEBUG:Initial pos/angle: ([[ 0.429  0.025 -0.222]], [[-0.134  3.139  0.000]])
DEBUG:Current pos/angle: ([[ 0.429  0.025 -0.222]], [[-0.134  3.139  0.000]]
DEBUG:----------------------------------------------
DEBUG:----------------------------------------------
DEBUG:Position info about the robot:
DEBUG:Initial pos/angle: ([[ 0.429  0.025 -0.222]], [[-0.134  3.139  0.000]])
DEBUG:Current pos/angle: ([[ 0.429  0.025 -0.222]], [[-0.134  3.139  0.000]]
DEBUG:----------------------------------------------
DEBUG:----------------------------------------------
DEBUG:Position info about the robot:
DEBUG:Initial pos/angle: ([[ 0.429  0.025 -0.222]], [[-0.134  3.139  0.000]])
DEBUG:Current pos/angle: ([[ 0.429  0.025 -0.222]], [[ 0.135 -3.138  0.000]]
DEBUG:----------------------------------------------
DEBUG:triggering movel to ((0.0, 0.0, -12.5), (-22.5, -20.0, 0.0))
DEBUG:----------------------------------------------
DEBUG:Position info about the robot:
DEBUG:Initial pos/angle: ([[ 0.429  0.025 -0.222]], [[-0.134  3.139  0.000]])
DEBUG:Current pos/angle: ([[ 0.429  0.025 -0.222]], [[ 0.135 -3.138  0.000]]
DEBUG:----------------------------------------------
DEBUG:triggering movel to ((0.0, 0.0, -12.5), (-22.5, -17.5, 0.0))
DEBUG:----------------------------------------------
DEBUG:Position info about the robot:
DEBUG:Initial pos/angle: ([[ 0.429  0.025 -0.222]], [[-0.134  3.139  0.000]])
DEBUG:Current pos/angle: ([[ 0.429  0.025 -0.222]], [[-0.134  3.139  0.000]]
DEBUG:----------------------------------------------
DEBUG:triggering movel to ((0.0, 0.0, -12.5), (-22.5, -15.0, 0.0))
DEBUG:----------------------------------------------
DEBUG:Position info about the robot:
DEBUG:Initial pos/angle: ([[ 0.429  0.025 -0.222]], [[-0.134  3.139  0.000]])
DEBUG:Current pos/angle: ([[ 0.429  0.025 -0.210]], [[-0.117  2.750  0.574]]
DEBUG:----------------------------------------------
DEBUG:triggering movel to ((0.0, 0.0, -12.5), (-22.5, -12.5, 0.0))
DEBUG:----------------------------------------------
DEBUG:Position info about the robot:
DEBUG:Initial pos/angle: ([[ 0.429  0.025 -0.222]], [[-0.134  3.139  0.000]])
DEBUG:Current pos/angle: ([[ 0.429  0.025 -0.210]], [[-0.119  2.794  0.579]]
DEBUG:----------------------------------------------
DEBUG:triggering movel to ((0.0, 0.0, -12.5), (-22.5, -10.0, 0.0))
DEBUG:----------------------------------------------
DEBUG:Position info about the robot:
DEBUG:Initial pos/angle: ([[ 0.429  0.025 -0.222]], [[-0.134  3.139  0.000]])
DEBUG:Current pos/angle: ([[ 0.429  0.025 -0.210]], [[-0.121  2.837  0.584]]
DEBUG:----------------------------------------------
DEBUG:triggering movel to ((0.0, 0.0, -12.5), (-22.5, -7.5, 0.0))
DEBUG:----------------------------------------------
DEBUG:Position info about the robot:
DEBUG:Initial pos/angle: ([[ 0.429  0.025 -0.222]], [[-0.134  3.139  0.000]])
DEBUG:Current pos/angle: ([[ 0.429  0.025 -0.210]], [[-0.123  2.880  0.589]]
DEBUG:----------------------------------------------
DEBUG:triggering movel to ((0.0, 0.0, -12.5), (-22.5, -5.0, 0.0))
DEBUG:----------------------------------------------
DEBUG:Position info about the robot:
DEBUG:Initial pos/angle: ([[ 0.429  0.025 -0.222]], [[-0.134  3.139  0.000]])
DEBUG:Current pos/angle: ([[ 0.429  0.025 -0.210]], [[-0.125  2.923  0.594]]
DEBUG:----------------------------------------------
DEBUG:triggering movel to ((0.0, 0.0, -12.5), (-22.5, -2.5, 0.0))
DEBUG:----------------------------------------------
DEBUG:Position info about the robot:
DEBUG:Initial pos/angle: ([[ 0.429  0.025 -0.222]], [[-0.134  3.139  0.000]])
DEBUG:Current pos/angle: ([[ 0.429  0.025 -0.210]], [[-0.127  2.966  0.599]]
DEBUG:----------------------------------------------
DEBUG:triggering movel to ((0.0, 0.0, -12.5), (-22.5, 0.0, 0.0))
DEBUG:----------------------------------------------
DEBUG:Position info about the robot:
DEBUG:Initial pos/angle: ([[ 0.429  0.025 -0.222]], [[-0.134  3.139  0.000]])
DEBUG:Current pos/angle: ([[ 0.429  0.025 -0.210]], [[-0.128  3.009  0.605]]
DEBUG:----------------------------------------------
DEBUG:triggering movel to ((0.0, 0.0, -12.5), (-22.5, 2.5, 0.0))
DEBUG:----------------------------------------------
DEBUG:Position info about the robot:
DEBUG:Initial pos/angle: ([[ 0.429  0.025 -0.222]], [[-0.134  3.139  0.000]])
DEBUG:Current pos/angle: ([[ 0.429  0.025 -0.210]], [[-0.130  3.052  0.610]]
DEBUG:----------------------------------------------
DEBUG:triggering movel to ((0.0, 0.0, -12.5), (-22.5, 5.0, 0.0))
DEBUG:----------------------------------------------
DEBUG:Position info about the robot:
DEBUG:Initial pos/angle: ([[ 0.429  0.025 -0.222]], [[-0.134  3.139  0.000]])
DEBUG:Current pos/angle: ([[ 0.429  0.025 -0.210]], [[ 0.132 -3.061 -0.608]]
DEBUG:----------------------------------------------
DEBUG:triggering movel to ((0.0, 0.0, -12.5), (-22.5, 7.5, 0.0))
DEBUG:----------------------------------------------
DEBUG:Position info about the robot:
DEBUG:Initial pos/angle: ([[ 0.429  0.025 -0.222]], [[-0.134  3.139  0.000]])
DEBUG:Current pos/angle: ([[ 0.429  0.025 -0.210]], [[ 0.130 -3.019 -0.597]]
DEBUG:----------------------------------------------
DEBUG:triggering movel to ((0.0, 0.0, -12.5), (-22.5, 10.0, 0.0))
DEBUG:----------------------------------------------
DEBUG:Position info about the robot:
DEBUG:Initial pos/angle: ([[ 0.429  0.025 -0.222]], [[-0.134  3.139  0.000]])
DEBUG:Current pos/angle: ([[ 0.429  0.025 -0.210]], [[ 0.128 -2.977 -0.586]]
DEBUG:----------------------------------------------
DEBUG:triggering movel to ((0.0, 0.0, -12.5), (-22.5, 12.5, 0.0))
DEBUG:----------------------------------------------
DEBUG:Position info about the robot:
DEBUG:Initial pos/angle: ([[ 0.429  0.025 -0.222]], [[-0.134  3.139  0.000]])
DEBUG:Current pos/angle: ([[ 0.429  0.025 -0.210]], [[ 0.126 -2.935 -0.575]]
DEBUG:----------------------------------------------
DEBUG:triggering movel to ((0.0, 0.0, -12.5), (-22.5, 15.0, 0.0))
DEBUG:----------------------------------------------
DEBUG:Position info about the robot:
DEBUG:Initial pos/angle: ([[ 0.429  0.025 -0.222]], [[-0.134  3.139  0.000]])
DEBUG:Current pos/angle: ([[ 0.429  0.025 -0.210]], [[ 0.124 -2.893 -0.565]]
DEBUG:----------------------------------------------
DEBUG:triggering movel to ((0.0, 0.0, -12.5), (-22.5, 17.5, 0.0))
DEBUG:----------------------------------------------
DEBUG:Position info about the robot:
DEBUG:Initial pos/angle: ([[ 0.429  0.025 -0.222]], [[-0.134  3.139  0.000]])
DEBUG:Current pos/angle: ([[ 0.429  0.025 -0.210]], [[ 0.122 -2.851 -0.555]]
DEBUG:----------------------------------------------
DEBUG:triggering movel to ((0.0, 0.0, -12.5), (-22.5, 20.0, 0.0))
DEBUG:----------------------------------------------
DEBUG:Position info about the robot:
DEBUG:Initial pos/angle: ([[ 0.429  0.025 -0.222]], [[-0.134  3.139  0.000]])
DEBUG:Current pos/angle: ([[ 0.429  0.025 -0.210]], [[ 0.121 -2.809 -0.545]]
DEBUG:----------------------------------------------
DEBUG:triggering movel to ((0.0, 0.0, -12.5), (-22.5, 22.5, 0.0))
DEBUG:----------------------------------------------
DEBUG:Position info about the robot:
DEBUG:Initial pos/angle: ([[ 0.429  0.025 -0.222]], [[-0.134  3.139  0.000]])
DEBUG:Current pos/angle: ([[ 0.429  0.025 -0.210]], [[ 0.119 -2.766 -0.535]]
DEBUG:----------------------------------------------
