DEBUG:Debug log for the robot starting on 2022-04-06_21-38-11
DEBUG:Toggling the command b'get_freedrive_status()\n'
Logging new packet.
Message type: 20, ROBOT_MESSAGE
Message length: 55
Full raw message data: b'\x00\x00\x007\x14\xff\xff\xff\xff\xff\xff\xff\xff\xfe\x03\tURControl\x05\x0b\x00\x00\x00\x00\x00\x00\x00\x0019-05-2021, 06:19:30'
Sub-package length: -1
Sub-package type: 255, fuck
Sub-package Data (including 5 header bits): b''
Sub-package length: 352321535
Sub-package type: 255, fuck
Sub-package Data (including 5 header bits): b'\x14\xff\xff\xff\xff\xff\xff\xff\xff\xfe\x03\tURControl\x05\x0b\x00\x00\x00\x00\x00\x00\x00\x0019-05-2021, 06:19:30'

DEBUG:Toggling the command b'get_freedrive_status()\n'
Logging new packet.
Message type: 20, ROBOT_MESSAGE
Message length: 24
Full raw message data: b'\x00\x00\x00\x18\x14\xff\xff\xff\xff\xff\xff\xff\xff\xfe\x0c\x00\x00\x00\x00\x00\x00\x00\x00\x01'
Sub-package length: -1
Sub-package type: 255, fuck
Sub-package Data (including 5 header bits): b''
Sub-package length: 352321535
Sub-package type: 255, fuck
Sub-package Data (including 5 header bits): b'\x14\xff\xff\xff\xff\xff\xff\xff\xff\xfe\x0c\x00\x00\x00\x00\x00\x00\x00\x00\x01'

DEBUG:Toggling the command b'force()\n'
Logging new packet.
Message type: 16, ROBOT_STATE
Message length: 1471
Full raw message data: b'\x00\x00\x05\xbf\x10\x00\x00\x00/\x00\x00\x00\x00\x01RE6\xb8\x01\x01\x01\x00\x00\x00\x00\x07\x00?\xf0\x00\x00\x00\x00\x00\x00\x00\x00\x00\x00\x00\x00\x00\x00?\xf0\x00\x00\x00\x00\x00\x00\x00\x00\x00\x00\xfb\x01\xc0\n\xfb}\xa8\x88Z0\xc0\n\xfbp\xc3/qu\x00\x00\x00\x00\x00\x00\x00\x00\xbc\xcdZnB=\xfe\xe8A\xf7\x80\x00\x00\x00\x00\x00\xfd\xbf\xe8\xa5\x03\xa8\xa4\x8a\xa0\xbf\xe8\xa5BE\xfb\xdc\xa0\x00\x00\x00\x00\x00\x00\x00\x00\xbf\xaa\x15\x08B>\x1cCB\x04\xc0\x00\x00\x00\x00\x00\xfd?\xf6%\x82\xd1\x10\xb4`?\xf6%K5\x87Z\x87\x80\x00\x00\x00\x00\x00\x00\x00\xbe\xf2\'\xd9B>HKB\x06\xc0\x00\x00\x00\x00\x00\xfd\xc0\x15I\xcd\xe9X\xbel\xc0\x15I\xca\xc7\xff\xda>\x80\x00\x00\x00\x00\x00\x00\x00>\xc5\xcb\xa1B>\x1cCB\x19\x00\x00\x00\x00\x00\x00\xfd\xc0\x12\xe7o\xfcD-\x18\xc0\x12\xe7w-]\xe5\xd6\x00\x00\x00\x00\x00\x00\x00\x00\xbd\xbc\xcc\xcaB>\r\x96B%\x80\x00\x00\x00\x00\x00\xfd\xc07\xc4\xdadD-\x18\xc07\xc4\xda.d\x973\x00\x00\x00\x00\x00\x00\x00\x00\xbb{\x84\xc0B>e\xa5B)\xc0\x00\x00\x00\x00\x00\xfd\x00\x00\x00e\x04?\xd2Rk\x85\xd4\x9a\\?\xb1\x88\xae\xfc9\x860\xbf\x90\x9aJ\xb8:U,\xc0\t\x10g\xec\x9b*\xf4?\xa0f\xc3&Nr\x1c?i\x89\xedP\xbb2\xb8\x00\x00\x00\x00\x00\x00\x00\x00\x00\x00\x00\x00\x00\x00\x00\x00?\xbf]x\x81\x1b\x1d\x92\x00\x00\x00\x00\x00\x00\x00\x00\x00\x00\x00\x00\x00\x00\x00\x00\x00\x00\x00\x00\x00\x00\x00\x00\x00\x00\x00\xe1\x05\xb1\x1fM\xc5\xb0\xfeQ\x84\xb0\xdd7{\xb2\xcc\xea\x84\xb2\xde\xbb\xb4\xb2\xd8\xb9O>m\x06\x1a\xcb\xd0\x00\x00?\xec^u\x9a\xd1\xf1\x83\xbf\xeb\x065:G,J\xbf\xa5\x84\xd0\xfa\x90~\\>\xbdX\xb7\x0c\xae\x80\x00>w\xe5\x99u0\x00\x00\xbf\x19\x97\xa5\x02\x10\x0c\xcb\xbf\xc3\xbd,Z\x92\xd8h\xbf\xcbIc\xfdm\x7f\xeb\xbe\xf2\xed\x0e\xd4\x9ec\x95\xbf\x1d]\xf5\x00\xfc\xa3\x8b\x00\x00\x00\x00\x00\x00\x00\x00?\xc3u\xa2\xf1N#\x10@P\xbeV,\xfe\xaf,\xc0P9\xc6\xa6Z\x8e\xf2\xbf\xff\x0b\x12\t\x85\xb4\x10?\xb5\xdf\x9eaC\x9c\xe3?\xb7\x9dh\x05\xb8\x97\xfe?\xf9 ZS[/\n?g\x1f\x92\xb9\xad\xd5\xf3?q\xba\xe7\x19\x89\x04\x18?\xf9%W\xfa\x0b\x19\xf9\xbf\xf9$]G\x94=\xa3\x00\x00\x00\x00\x00\x00\x00\x00\x00\x00\x00\x02\x00\x00\x005\t?\xd1H\xf5\x8d\x14\x05\n?\xf9z\x9d\xde\xdc\xad\xf8\xbf\xdel\x99\xc5\xf9\xe1l\xbf\xe0\xb8\xae\xf5\xb8h\x1a?\xd6E\x0c\x91\x89\x16i?\x8c\xf64\xa4i\xce@\x00\x00\x00K\x03\x00\x00\x00\x00\x00\x00\x00\x00\x01\x01\x80\x00\x00\x00\x00\x00\x00\x00\x80\x00\x00\x00\x00\x00\x00\x00\x00\x00?pbM\xe0\x00\x00\x00?pbM\xe0\x00\x00\x00A\xff\x00\x00B>\x1f\xcb?_\xbaN\x00\x00\x00\x00\x01\x00\x00\xad\x88BW\x00\x01\x01\x00\x00\x00%\x02\x01\x01?\x98\x8f\x1c\x80\x00\x00\x00?\x98\x8f\x1c\x80\x00\x00\x00\x00\x00\x00\x00\x00<\x9ei@B\x18@\x00\xfd\x00\x00\x01\xbd\x06\xc0\x19W\x99(,/c@\x19W\x99(,/c\xc0\x19W\x99(,/c@\x19W\x99(,/c\xc0\x19W\x99(,/c@\x19W\x99(,/c\xc0\x19W\x99(,/c@\x19W\x99(,/c\xc0\x19W\x99(,/c@\x19W\x99(,/c\xc0\x19W\x99(,/c@\x19W\x99(,/c@\n\xbb\x94\xed\xdd\xc6\xb1@D\x00\x00\x00\x00\x00\x00@\n\xbb\x94\xed\xdd\xc6\xb1@D\x00\x00\x00\x00\x00\x00@\n\xbb\x94\xed\xdd\xc6\xb1@D\x00\x00\x00\x00\x00\x00@\x19\xee\xcb\xfb\x15\xb5t@T\x00\x00\x00\x00\x00\x00@\x19\xee\xcb\xfb\x15\xb5t@T\x00\x00\x00\x00\x00\x00@\x19\xee\xcb\xfb\x15\xb5t@T\x00\x00\x00\x00\x00\x00?\xf0\xc1R8-se?\xf6W\x18J\xe7D\x87?\xd0\x00\x00\x00\x00\x00\x00?\xf3333333?\xd0\x00\x00\x00\x00\x00\x00\x00\x00\x00\x00\x00\x00\x00\x00\xbf\xcf,\xa5zxl"\xbf\xcbJ#9\xc0\xeb\xee\x00\x00\x00\x00\x00\x00\x00\x00\x00\x00\x00\x00\x00\x00\x00\x00\x00\x00\x00\x00\x00\x00\x00\x00?\xc3o\xd2\x1f\xf2\xe4\x8f\x00\x00\x00\x00\x00\x00\x00\x00\x00\x00\x00\x00\x00\x00\x00\x00?\xc0\xc6?\x14\x12\x05\xbc?\xb5\xd9\x7fb\xb6\xae}?\xb7\x93\xdd\x97\xf6+k?\xf9!\xfbTREP\x00\x00\x00\x00\x00\x00\x00\x00\x00\x00\x00\x00\x00\x00\x00\x00?\xf9!\xfbTREP\xbf\xf9!\xfbTREP\x00\x00\x00\x00\x00\x00\x00\x00\x00\x00\x00\x00\x00\x00\x00\x00\x00\x00\x00\x00\x00\x00\x00\x00\x00\x00\x00\x00\x00\x00\x00\x00\x00\x00\x00\x00\x00\x00\x00\x00\x00\x00\x00\x00\x00\x00\x00\x00\x00\x00\x00\x00\x00\x00\x00\x00\x00\x00\x00\x06\x00\x00\x00\x06\x00\x00\x00\x03\x00\x00\x00\x03\x00\x00\x00=\x07\x00\x00\x00\x00\x00\x00\x00\x00\x00\x00\x00\x00\x00\x00\x00\x00\x00\x00\x00\x00\x00\x00\x00\x00\x00\x00\x00\x00\x00\x00\x00\x00\x00\x00\x00\x00\x00\x00\x00\x00\x00\x00\x00\x00\x00\x00\x00\x00?\'\xba\xb3\xee\xb0}\xf0\x00\x00\x00\t\x08\x00\x00\x00\x01\x00\x00\x00+\n\xad\x88BW\x00\x01?\xc8 \xde)\xc1Fz?\xa3[\xe2z\x12\xaf5?\xd4\x92 \'\xcf E?\xb9\x99\x99\x99\x99\x99\x9a\x00\x00\x00\x1a\x0b\x00\x00\x01\xc2\x00\x00\x00\x00\x00\x00\x00\x00\x01?\xc0\x00\x00@`\x00\x00\x00\x00\x00\x08\x0c\x00\x01\x01\x00\x00\x00U\x0e?\x94z\xe1G\xae\x14{\x00\x00\x00\x00\x00\x00\x00\x00\x00\x00\x00\x00\x00\x00\x00\x00\x00\x00\x00\x00\x00\x00\x00\x00>\xc0\xc6\xf7\xa0\xb5\xed\x8d>\xc0\xc6\xf7\xa0\xb5\xed\x8d>\xc0\xc6\xf7\xa0\xb5\xed\x8d\x00\x00\x00\x00\x00\x00\x00\x00\x00\x00\x00\x00\x00\x00\x00\x00\x00\x00\x00\x00\x00\x00\x00\x00'
Sub-package length: 47
Sub-package type: 0, ROBOT_MODE_DATA
Sub-package Data (including 5 header bits): b'\x00\x00\x00/\x00\x00\x00\x00\x01RE6\xb8\x01\x01\x01\x00\x00\x00\x00\x07\x00?\xf0\x00\x00\x00\x00\x00\x00\x00\x00\x00\x00\x00\x00\x00\x00?\xf0\x00\x00\x00\x00\x00\x00\x00'
	packageSize: 47
	packageType: 0
	timestamp: 5675235000
	isRealRobotConnected: True
	isRealRobotEnabled: True
	isRobotPowerOn: True
	isEmergencyStopped: False
	isProtectiveStopped: False
	isProgramRunning: False
	isProgramPaused: False
	robotMode: 7
	controlMode: 0
	targetSpeedFraction: 1.0
	speedScaling: 0.0
	targetSpeedFractionLimit: 1.0
	reserved: 0
Sub-package length: 251
Sub-package type: 1, JOINT_DATA
Sub-package Data (including 5 header bits): b"\x00\x00\x00\xfb\x01\xc0\n\xfb}\xa8\x88Z0\xc0\n\xfbp\xc3/qu\x00\x00\x00\x00\x00\x00\x00\x00\xbc\xcdZnB=\xfe\xe8A\xf7\x80\x00\x00\x00\x00\x00\xfd\xbf\xe8\xa5\x03\xa8\xa4\x8a\xa0\xbf\xe8\xa5BE\xfb\xdc\xa0\x00\x00\x00\x00\x00\x00\x00\x00\xbf\xaa\x15\x08B>\x1cCB\x04\xc0\x00\x00\x00\x00\x00\xfd?\xf6%\x82\xd1\x10\xb4`?\xf6%K5\x87Z\x87\x80\x00\x00\x00\x00\x00\x00\x00\xbe\xf2'\xd9B>HKB\x06\xc0\x00\x00\x00\x00\x00\xfd\xc0\x15I\xcd\xe9X\xbel\xc0\x15I\xca\xc7\xff\xda>\x80\x00\x00\x00\x00\x00\x00\x00>\xc5\xcb\xa1B>\x1cCB\x19\x00\x00\x00\x00\x00\x00\xfd\xc0\x12\xe7o\xfcD-\x18\xc0\x12\xe7w-]\xe5\xd6\x00\x00\x00\x00\x00\x00\x00\x00\xbd\xbc\xcc\xcaB>\r\x96B%\x80\x00\x00\x00\x00\x00\xfd\xc07\xc4\xdadD-\x18\xc07\xc4\xda.d\x973\x00\x00\x00\x00\x00\x00\x00\x00\xbb{\x84\xc0B>e\xa5B)\xc0\x00\x00\x00\x00\x00\xfd"
	packageSize: 251
	packageType: 1
	joint 1 q_actual: -3.372798267995016
	joint 1 q_target: -3.37277367104087
	joint 1 qd_actual: 0.0
	joint 1 i_actual: -0.025067534297704697
	joint 1 V_actual: 47.498931884765625
	joint 1 T_motor: 30.9375
	joint 2 q_actual: 2.1033424833e-314
	joint 2 q_target: 4.938820040178639e-291
	joint 2 qd_actual: 188839706624.0
	joint 2 i_actual: 0.0
	joint 2 V_actual: 1.7601593702611488e-38
	joint 2 T_motor: 5.845276065868369e-34
	joint 3 q_actual: 1.0143544522047488e+16
	joint 3 q_target: 6.664506963650143e-304
	joint 3 qd_actual: -2.071000320849978e-56
	joint 3 i_actual: 1.9069929672146944e+16
	joint 3 V_actual: 0.0
	joint 3 T_motor: 6.849827153312571e-41
	joint 4 q_actual: 1.0016448594679193e-116
	joint 4 q_target: -2.000000000028848
	joint 4 qd_actual: 4.0187016512203036e-206
	joint 4 i_actual: 4.075158985800132e-26
	joint 4 V_actual: nan
	joint 4 T_motor: 0.0
	joint 5 q_actual: 1.33203274464e-312
	joint 5 q_target: 1.645107248343658e-09
	joint 5 qd_actual: 5.38457044053e-312
	joint 5 i_actual: -4.0744191767235635e+36
	joint 5 V_actual: -2.295377492904663
	joint 5 T_motor: 1.2613429398178333e-11
	joint 6 q_actual: 0.0
	joint 6 q_target: -2.619341214426189e-11
	joint 6 qd_actual: 46170898432.0
	joint 6 i_actual: -3.1937665858775697e+37
	joint 6 V_actual: -1.6062813688561664e+16
	joint 6 T_motor: 4.9687145644596336e-24
Sub-package length: 101
Sub-package type: 4, CARTESIAN_INFO
Sub-package Data (including 5 header bits): b'\x00\x00\x00e\x04?\xd2Rk\x85\xd4\x9a\\?\xb1\x88\xae\xfc9\x860\xbf\x90\x9aJ\xb8:U,\xc0\t\x10g\xec\x9b*\xf4?\xa0f\xc3&Nr\x1c?i\x89\xedP\xbb2\xb8\x00\x00\x00\x00\x00\x00\x00\x00\x00\x00\x00\x00\x00\x00\x00\x00?\xbf]x\x81\x1b\x1d\x92\x00\x00\x00\x00\x00\x00\x00\x00\x00\x00\x00\x00\x00\x00\x00\x00\x00\x00\x00\x00\x00\x00\x00\x00'
	packageSize: 101
	packageType: 4
	X: 0.2862805182398114
	Y: 0.06849187524633105
	Z: -0.016213576788307524
	Rx: -3.1330107197621775
	Ry: 0.03203401415450832
	Rz: 0.0031175265374712956
	TCPOffsetX: 0.0
	TCPOffsetY: 0.0
	TCPOffsetZ: 0.12251999999999999
	TCPOffsetRx: 0.0
	TCPOffsetRy: 0.0
	TCPOffsetRz: 0.0
Sub-package length: 225
Sub-package type: 5, KINEMATICS_INFO
Sub-package Data (including 5 header bits): b'\x00\x00\x00\xe1\x05\xb1\x1fM\xc5\xb0\xfeQ\x84\xb0\xdd7{\xb2\xcc\xea\x84\xb2\xde\xbb\xb4\xb2\xd8\xb9O>m\x06\x1a\xcb\xd0\x00\x00?\xec^u\x9a\xd1\xf1\x83\xbf\xeb\x065:G,J\xbf\xa5\x84\xd0\xfa\x90~\\>\xbdX\xb7\x0c\xae\x80\x00>w\xe5\x99u0\x00\x00\xbf\x19\x97\xa5\x02\x10\x0c\xcb\xbf\xc3\xbd,Z\x92\xd8h\xbf\xcbIc\xfdm\x7f\xeb\xbe\xf2\xed\x0e\xd4\x9ec\x95\xbf\x1d]\xf5\x00\xfc\xa3\x8b\x00\x00\x00\x00\x00\x00\x00\x00?\xc3u\xa2\xf1N#\x10@P\xbeV,\xfe\xaf,\xc0P9\xc6\xa6Z\x8e\xf2\xbf\xff\x0b\x12\t\x85\xb4\x10?\xb5\xdf\x9eaC\x9c\xe3?\xb7\x9dh\x05\xb8\x97\xfe?\xf9 ZS[/\n?g\x1f\x92\xb9\xad\xd5\xf3?q\xba\xe7\x19\x89\x04\x18?\xf9%W\xfa\x0b\x19\xf9\xbf\xf9$]G\x94=\xa3\x00\x00\x00\x00\x00\x00\x00\x00\x00\x00\x00\x02'
	packageSize: 225
	packageType: 5
	joint 1 checksum: 2971618757
	joint 2 checksum: 2969457028
	joint 3 checksum: 2967287675
	joint 4 checksum: 2999773828
	joint 5 checksum: 3000941492
	joint 6 checksum: 3000547663
	joint 1 DHtheta: 5.4061126665561066e-08
	joint 2 DHtheta: 0.8865306876974021
	joint 3 DHtheta: -0.8445078027956552
	joint 4 DHtheta: -0.042028933130720175
	joint 5 DHtheta: 1.7491902777125312e-06
	joint 6 DHtheta: 8.902278851585788e-08
	joint 1 DHa: -9.762711171394931e-05
	joint 2 DHa: -0.1542106096509912
	joint 3 DHa: -0.21317720293427497
	joint 4 DHa: -1.804924730883539e-05
	joint 5 DHa: -0.000112026289795465
	joint 6 DHa: 0.0
	joint 1 Dhd: 0.15202748091203278
	joint 2 Dhd: 66.97400975104819
	joint 3 Dhd: -64.9027496227607
	joint 4 Dhd: -1.940202748485948
	joint 5 Dhd: 0.08544340014087796
	joint 6 Dhd: 0.09224558009790937
	joint 1 Dhalpha: 1.5703986412144695
	joint 2 Dhalpha: 0.002822672436588952
	joint 3 Dhalpha: 0.004328634961496845
	joint 4 Dhalpha: 1.5716171042746494
	joint 5 Dhalpha: -1.571378020864224
	joint 6 Dhalpha: 0.0
	calibration status: 2
Sub-package length: 53
Sub-package type: 9, NEEDED_FOR_CALIB_DATA
Sub-package Data (including 5 header bits): b'\x00\x00\x005\t?\xd1H\xf5\x8d\x14\x05\n?\xf9z\x9d\xde\xdc\xad\xf8\xbf\xdel\x99\xc5\xf9\xe1l\xbf\xe0\xb8\xae\xf5\xb8h\x1a?\xd6E\x0c\x91\x89\x16i?\x8c\xf64\xa4i\xce@'
Sub-package length: 75
Sub-package type: 3, MASTERBOARD_DATA
Sub-package Data (including 5 header bits): b'\x00\x00\x00K\x03\x00\x00\x00\x00\x00\x00\x00\x00\x01\x01\x80\x00\x00\x00\x00\x00\x00\x00\x80\x00\x00\x00\x00\x00\x00\x00\x00\x00?pbM\xe0\x00\x00\x00?pbM\xe0\x00\x00\x00A\xff\x00\x00B>\x1f\xcb?_\xbaN\x00\x00\x00\x00\x01\x00\x00\xad\x88BW\x00\x01\x01'
Sub-package length: 37
Sub-package type: 2, TOOL_DATA
Sub-package Data (including 5 header bits): b'\x00\x00\x00%\x02\x01\x01?\x98\x8f\x1c\x80\x00\x00\x00?\x98\x8f\x1c\x80\x00\x00\x00\x00\x00\x00\x00\x00<\x9ei@B\x18@\x00\xfd'
Sub-package length: 445
Sub-package type: 6, CONFIGURATION_DATA
Sub-package Data (including 5 header bits): b'\x00\x00\x01\xbd\x06\xc0\x19W\x99(,/c@\x19W\x99(,/c\xc0\x19W\x99(,/c@\x19W\x99(,/c\xc0\x19W\x99(,/c@\x19W\x99(,/c\xc0\x19W\x99(,/c@\x19W\x99(,/c\xc0\x19W\x99(,/c@\x19W\x99(,/c\xc0\x19W\x99(,/c@\x19W\x99(,/c@\n\xbb\x94\xed\xdd\xc6\xb1@D\x00\x00\x00\x00\x00\x00@\n\xbb\x94\xed\xdd\xc6\xb1@D\x00\x00\x00\x00\x00\x00@\n\xbb\x94\xed\xdd\xc6\xb1@D\x00\x00\x00\x00\x00\x00@\x19\xee\xcb\xfb\x15\xb5t@T\x00\x00\x00\x00\x00\x00@\x19\xee\xcb\xfb\x15\xb5t@T\x00\x00\x00\x00\x00\x00@\x19\xee\xcb\xfb\x15\xb5t@T\x00\x00\x00\x00\x00\x00?\xf0\xc1R8-se?\xf6W\x18J\xe7D\x87?\xd0\x00\x00\x00\x00\x00\x00?\xf3333333?\xd0\x00\x00\x00\x00\x00\x00\x00\x00\x00\x00\x00\x00\x00\x00\xbf\xcf,\xa5zxl"\xbf\xcbJ#9\xc0\xeb\xee\x00\x00\x00\x00\x00\x00\x00\x00\x00\x00\x00\x00\x00\x00\x00\x00\x00\x00\x00\x00\x00\x00\x00\x00?\xc3o\xd2\x1f\xf2\xe4\x8f\x00\x00\x00\x00\x00\x00\x00\x00\x00\x00\x00\x00\x00\x00\x00\x00?\xc0\xc6?\x14\x12\x05\xbc?\xb5\xd9\x7fb\xb6\xae}?\xb7\x93\xdd\x97\xf6+k?\xf9!\xfbTREP\x00\x00\x00\x00\x00\x00\x00\x00\x00\x00\x00\x00\x00\x00\x00\x00?\xf9!\xfbTREP\xbf\xf9!\xfbTREP\x00\x00\x00\x00\x00\x00\x00\x00\x00\x00\x00\x00\x00\x00\x00\x00\x00\x00\x00\x00\x00\x00\x00\x00\x00\x00\x00\x00\x00\x00\x00\x00\x00\x00\x00\x00\x00\x00\x00\x00\x00\x00\x00\x00\x00\x00\x00\x00\x00\x00\x00\x00\x00\x00\x00\x00\x00\x00\x00\x06\x00\x00\x00\x06\x00\x00\x00\x03\x00\x00\x00\x03'
Sub-package length: 61
Sub-package type: 7, FORCE_MODE_DATA
Sub-package Data (including 5 header bits): b"\x00\x00\x00=\x07\x00\x00\x00\x00\x00\x00\x00\x00\x00\x00\x00\x00\x00\x00\x00\x00\x00\x00\x00\x00\x00\x00\x00\x00\x00\x00\x00\x00\x00\x00\x00\x00\x00\x00\x00\x00\x00\x00\x00\x00\x00\x00\x00\x00\x00\x00\x00\x00?'\xba\xb3\xee\xb0}\xf0"
Sub-package length: 9
Sub-package type: 8, ADDITIONAL_INFO
Sub-package Data (including 5 header bits): b'\x00\x00\x00\t\x08\x00\x00\x00\x01'
Sub-package length: 43
Sub-package type: 10, fuck
Sub-package Data (including 5 header bits): b"\x00\x00\x00+\n\xad\x88BW\x00\x01?\xc8 \xde)\xc1Fz?\xa3[\xe2z\x12\xaf5?\xd4\x92 '\xcf E?\xb9\x99\x99\x99\x99\x99\x9a"
Sub-package length: 26
Sub-package type: 11, TOOL_COMM_INFO
Sub-package Data (including 5 header bits): b'\x00\x00\x00\x1a\x0b\x00\x00\x01\xc2\x00\x00\x00\x00\x00\x00\x00\x00\x01?\xc0\x00\x00@`\x00\x00'
Sub-package length: 8
Sub-package type: 12, TOOL_MODE_INFO
Sub-package Data (including 5 header bits): b'\x00\x00\x00\x08\x0c\x00\x01\x01'
Sub-package length: 85
Sub-package type: 14, fuck
Sub-package Data (including 5 header bits): b'\x00\x00\x00U\x0e?\x94z\xe1G\xae\x14{\x00\x00\x00\x00\x00\x00\x00\x00\x00\x00\x00\x00\x00\x00\x00\x00\x00\x00\x00\x00\x00\x00\x00\x00>\xc0\xc6\xf7\xa0\xb5\xed\x8d>\xc0\xc6\xf7\xa0\xb5\xed\x8d>\xc0\xc6\xf7\xa0\xb5\xed\x8d\x00\x00\x00\x00\x00\x00\x00\x00\x00\x00\x00\x00\x00\x00\x00\x00\x00\x00\x00\x00\x00\x00\x00\x00'

DEBUG:Toggling the command b'get_actual_joint_positions()\n'
Logging new packet.
Message type: 16, ROBOT_STATE
Message length: 716
Full raw message data: b"\x00\x00\x02\xcc\x10\x00\x00\x00/\x00\x00\x00\x00\x01RF\xbdX\x01\x01\x01\x00\x00\x00\x00\x07\x00?\xf0\x00\x00\x00\x00\x00\x00\x00\x00\x00\x00\x00\x00\x00\x00?\xf0\x00\x00\x00\x00\x00\x00\x00\x00\x00\x00\xfb\x01\xc0\n\xfbj\x08\x88Z0\xc0\n\xfbp\xc3/qu\x00\x00\x00\x00\x00\x00\x00\x00\xbc\xde\x95\x9aB=\xfe\xe8A\xf7\x80\x00\x00\x00\x00\x00\xfd\xbf\xe8\xa5,\x88\xa4\x8a\xa0\xbf\xe8\xa5BE\xfb\xdc\xa0\x00\x00\x00\x00\x00\x00\x00\x00\xbf\xa8\x8cyB=\xfe\xe8B\x04\xc0\x00\x00\x00\x00\x00\xfd?\xf6%[\xd1\x10\xb4`?\xf6%K5\x87Z\x87\x80\x00\x00\x00\x00\x00\x00\x00\xbe\xf0-kB>HKB\x06\xc0\x00\x00\x00\x00\x00\xfd\xc0\x15I\xd3\tX\xbel\xc0\x15I\xca\xc7\xff\xda>\x80\x00\x00\x00\x00\x00\x00\x00>\xc1\x96\xe6B>\x1cCB\x19\x00\x00\x00\x00\x00\x00\xfd\xc0\x12\xe7t4D-\x18\xc0\x12\xe7w-]\xe5\xd6\x00\x00\x00\x00\x00\x00\x00\x00\xbd\x94\xa8\xa4B=\xe1\x8eB%\x80\x00\x00\x00\x00\x00\xfd\xc07\xc4\xd9\x98D-\x18\xc07\xc4\xda.d\x973\x00\x00\x00\x00\x00\x00\x00\x00\xbc%g\xb0B>e\xa5B)\xc0\x00\x00\x00\x00\x00\xfd\x00\x00\x00e\x04?\xd2R\xb5\xd8\x93\x1e\xde?\xb1\x89Nt\x18y\xf9\xbf\x90\x98\x87,#\\4\xc0\t\x10h\xb6w\xe9c?\xa0a{K\xf5\xbb\xb2?h\x8a\xce\x1b\xd0u'\x00\x00\x00\x00\x00\x00\x00\x00\x00\x00\x00\x00\x00\x00\x00\x00?\xbf]x\x81\x1b\x1d\x92\x00\x00\x00\x00\x00\x00\x00\x00\x00\x00\x00\x00\x00\x00\x00\x00\x00\x00\x00\x00\x00\x00\x00\x00\x00\x00\x005\t?\xd2\xbcA\xa5\x10,\x17?\xf7g\xa8\xbe\xec6\xa0\xbf\xe01(g<\xb3\x9e\xbf\xdf_\xd5\x00\xaf\xb7\xb0?\xd1{\\&\xfc\xe5\xa5?\xa3\x0b\xc5f\xcf\x87\x10\x00\x00\x00K\x03\x00\x00\x00\x00\x00\x00\x00\x00\x01\x01\x80\x00\x00\x00\x00\x00\x00\x00\x80\x00\x00\x00\x00\x00\x00\x00\x00\x00?pbM\xe0\x00\x00\x00?pbM\xe0\x00\x00\x00A\xff\x00\x00B>7\xa3?X\xda<\x00\x00\x00\x00\x01\x00\x00\xad\x88BW\x00\x01\x01\x00\x00\x00%\x02\x01\x01?\x9c\x11E \x00\x00\x00?\x98\x8f\x1c\x80\x00\x00\x00\x00\x00\x00\x00\x00<\x7f\xa9\x80B\x18\x80\x00\xfd\x00\x00\x00=\x07\x00\x00\x00\x00\x00\x00\x00\x00\x00\x00\x00\x00\x00\x00\x00\x00\x00\x00\x00\x00\x00\x00\x00\x00\x00\x00\x00\x00\x00\x00\x00\x00\x00\x00\x00\x00\x00\x00\x00\x00\x00\x00\x00\x00\x00\x00\x00\x00?'\xba\xc85$\xef\xd0\x00\x00\x00\t\x08\x00\x00\x00\x01\x00\x00\x00+\n\xad\x88BW\x00\x01?\xc8 \xfe\xc0\x18\x99\xd6?\xa3\\\\\x18\xb5\x96\xc1?\xd4\x92\n\xa6\xe8\xc5|?\xb9\x99\x99\x99\x99\x99\x9a\x00\x00\x00\x1a\x0b\x00\x00\x01\xc2\x00\x00\x00\x00\x00\x00\x00\x00\x01?\xc0\x00\x00@`\x00\x00\x00\x00\x00\x08\x0c\x00\x01\x01"
Sub-package length: 47
Sub-package type: 0, ROBOT_MODE_DATA
Sub-package Data (including 5 header bits): b'\x00\x00\x00/\x00\x00\x00\x00\x01RF\xbdX\x01\x01\x01\x00\x00\x00\x00\x07\x00?\xf0\x00\x00\x00\x00\x00\x00\x00\x00\x00\x00\x00\x00\x00\x00?\xf0\x00\x00\x00\x00\x00\x00\x00'
	packageSize: 47
	packageType: 0
	timestamp: 5675335000
	isRealRobotConnected: True
	isRealRobotEnabled: True
	isRobotPowerOn: True
	isEmergencyStopped: False
	isProtectiveStopped: False
	isProgramRunning: False
	isProgramPaused: False
	robotMode: 7
	controlMode: 0
	targetSpeedFraction: 1.0
	speedScaling: 0.0
	targetSpeedFractionLimit: 1.0
	reserved: 0
Sub-package length: 251
Sub-package type: 1, JOINT_DATA
Sub-package Data (including 5 header bits): b'\x00\x00\x00\xfb\x01\xc0\n\xfbj\x08\x88Z0\xc0\n\xfbp\xc3/qu\x00\x00\x00\x00\x00\x00\x00\x00\xbc\xde\x95\x9aB=\xfe\xe8A\xf7\x80\x00\x00\x00\x00\x00\xfd\xbf\xe8\xa5,\x88\xa4\x8a\xa0\xbf\xe8\xa5BE\xfb\xdc\xa0\x00\x00\x00\x00\x00\x00\x00\x00\xbf\xa8\x8cyB=\xfe\xe8B\x04\xc0\x00\x00\x00\x00\x00\xfd?\xf6%[\xd1\x10\xb4`?\xf6%K5\x87Z\x87\x80\x00\x00\x00\x00\x00\x00\x00\xbe\xf0-kB>HKB\x06\xc0\x00\x00\x00\x00\x00\xfd\xc0\x15I\xd3\tX\xbel\xc0\x15I\xca\xc7\xff\xda>\x80\x00\x00\x00\x00\x00\x00\x00>\xc1\x96\xe6B>\x1cCB\x19\x00\x00\x00\x00\x00\x00\xfd\xc0\x12\xe7t4D-\x18\xc0\x12\xe7w-]\xe5\xd6\x00\x00\x00\x00\x00\x00\x00\x00\xbd\x94\xa8\xa4B=\xe1\x8eB%\x80\x00\x00\x00\x00\x00\xfd\xc07\xc4\xd9\x98D-\x18\xc07\xc4\xda.d\x973\x00\x00\x00\x00\x00\x00\x00\x00\xbc%g\xb0B>e\xa5B)\xc0\x00\x00\x00\x00\x00\xfd'
	packageSize: 251
	packageType: 1
	joint 1 q_actual: -3.372760836278097
	joint 1 q_target: -3.37277367104087
	joint 1 qd_actual: 0.0
	joint 1 i_actual: -0.027170944958925247
	joint 1 V_actual: 47.498931884765625
	joint 1 T_motor: 30.9375
	joint 2 q_actual: 2.1033424833e-314
	joint 2 q_target: 3.691818705623041e-94
	joint 2 qd_actual: 188839706624.0
	joint 2 i_actual: 0.0
	joint 2 V_actual: 1.7601042992315009e-38
	joint 2 T_motor: 6.303518384342862e+34
	joint 3 q_actual: -1.644171715541936e+194
	joint 3 q_target: 6.664506961581197e-304
	joint 3 qd_actual: -2.071000320849978e-56
	joint 3 i_actual: 1.9069929672146944e+16
	joint 3 V_actual: 0.0
	joint 3 T_motor: 6.849546893619706e-41
	joint 4 q_actual: 6.690790729928349e-90
	joint 4 q_target: -2.000000000028848
	joint 4 qd_actual: 4.0218194413890277e-206
	joint 4 i_actual: 4.075158985800132e-26
	joint 4 V_actual: nan
	joint 4 T_motor: 0.0
	joint 5 q_actual: 1.331684109152e-312
	joint 5 q_target: 1.645107248343658e-09
	joint 5 qd_actual: 5.384570440554e-312
	joint 5 i_actual: 1.8270327473146608e-07
	joint 5 V_actual: -2.295377492904663
	joint 5 T_motor: 1.2613429398178333e-11
	joint 6 q_actual: 0.0
	joint 6 q_target: -4.697257370417132e-12
	joint 6 qd_actual: 46170898432.0
	joint 6 i_actual: -3.1937665858775697e+37
	joint 6 V_actual: -5357394565529600.0
	joint 6 T_motor: 4.9687145644596336e-24
Sub-package length: 101
Sub-package type: 4, CARTESIAN_INFO
Sub-package Data (including 5 header bits): b"\x00\x00\x00e\x04?\xd2R\xb5\xd8\x93\x1e\xde?\xb1\x89Nt\x18y\xf9\xbf\x90\x98\x87,#\\4\xc0\t\x10h\xb6w\xe9c?\xa0a{K\xf5\xbb\xb2?h\x8a\xce\x1b\xd0u'\x00\x00\x00\x00\x00\x00\x00\x00\x00\x00\x00\x00\x00\x00\x00\x00?\xbf]x\x81\x1b\x1d\x92\x00\x00\x00\x00\x00\x00\x00\x00\x00\x00\x00\x00\x00\x00\x00\x00\x00\x00\x00\x00\x00\x00\x00\x00"
	packageSize: 101
	packageType: 4
	X: 0.28629823827621503
	Y: 0.06850138029447085
	Z: -0.01620684821031322
	Rx: -3.13301222375337
	Ry: 0.03199372579808059
	Rz: 0.0029958749351083505
	TCPOffsetX: 0.0
	TCPOffsetY: 0.0
	TCPOffsetZ: 0.12251999999999999
	TCPOffsetRx: 0.0
	TCPOffsetRy: 0.0
	TCPOffsetRz: 0.0
Sub-package length: 53
Sub-package type: 9, NEEDED_FOR_CALIB_DATA
Sub-package Data (including 5 header bits): b'\x00\x00\x005\t?\xd2\xbcA\xa5\x10,\x17?\xf7g\xa8\xbe\xec6\xa0\xbf\xe01(g<\xb3\x9e\xbf\xdf_\xd5\x00\xaf\xb7\xb0?\xd1{\\&\xfc\xe5\xa5?\xa3\x0b\xc5f\xcf\x87\x10'
Sub-package length: 75
Sub-package type: 3, MASTERBOARD_DATA
Sub-package Data (including 5 header bits): b'\x00\x00\x00K\x03\x00\x00\x00\x00\x00\x00\x00\x00\x01\x01\x80\x00\x00\x00\x00\x00\x00\x00\x80\x00\x00\x00\x00\x00\x00\x00\x00\x00?pbM\xe0\x00\x00\x00?pbM\xe0\x00\x00\x00A\xff\x00\x00B>7\xa3?X\xda<\x00\x00\x00\x00\x01\x00\x00\xad\x88BW\x00\x01\x01'
Sub-package length: 37
Sub-package type: 2, TOOL_DATA
Sub-package Data (including 5 header bits): b'\x00\x00\x00%\x02\x01\x01?\x9c\x11E \x00\x00\x00?\x98\x8f\x1c\x80\x00\x00\x00\x00\x00\x00\x00\x00<\x7f\xa9\x80B\x18\x80\x00\xfd'
Sub-package length: 61
Sub-package type: 7, FORCE_MODE_DATA
Sub-package Data (including 5 header bits): b"\x00\x00\x00=\x07\x00\x00\x00\x00\x00\x00\x00\x00\x00\x00\x00\x00\x00\x00\x00\x00\x00\x00\x00\x00\x00\x00\x00\x00\x00\x00\x00\x00\x00\x00\x00\x00\x00\x00\x00\x00\x00\x00\x00\x00\x00\x00\x00\x00\x00\x00\x00\x00?'\xba\xc85$\xef\xd0"
Sub-package length: 9
Sub-package type: 8, ADDITIONAL_INFO
Sub-package Data (including 5 header bits): b'\x00\x00\x00\t\x08\x00\x00\x00\x01'
Sub-package length: 43
Sub-package type: 10, fuck
Sub-package Data (including 5 header bits): b'\x00\x00\x00+\n\xad\x88BW\x00\x01?\xc8 \xfe\xc0\x18\x99\xd6?\xa3\\\\\x18\xb5\x96\xc1?\xd4\x92\n\xa6\xe8\xc5|?\xb9\x99\x99\x99\x99\x99\x9a'
Sub-package length: 26
Sub-package type: 11, TOOL_COMM_INFO
Sub-package Data (including 5 header bits): b'\x00\x00\x00\x1a\x0b\x00\x00\x01\xc2\x00\x00\x00\x00\x00\x00\x00\x00\x01?\xc0\x00\x00@`\x00\x00'
Sub-package length: 8
Sub-package type: 12, TOOL_MODE_INFO
Sub-package Data (including 5 header bits): b'\x00\x00\x00\x08\x0c\x00\x01\x01'

DEBUG:Toggling the command b'get_actual_tcp_pose()\n'
Logging new packet.
Message type: 16, ROBOT_STATE
Message length: 716
Full raw message data: b'\x00\x00\x02\xcc\x10\x00\x00\x00/\x00\x00\x00\x00\x01RHG\xe0\x01\x01\x01\x00\x00\x00\x00\x07\x00?\xf0\x00\x00\x00\x00\x00\x00\x00\x00\x00\x00\x00\x00\x00\x00?\xf0\x00\x00\x00\x00\x00\x00\x00\x00\x00\x00\xfb\x01\xc0\n\xfbn\x08\x88Z0\xc0\n\xfbp\xc3/qu\x00\x00\x00\x00\x00\x00\x00\x00\xbd\x0b@NB=\xfe\xe8A\xf7\x80\x00\x00\x00\x00\x00\xfd\xbf\xe8\xa5\x1c\xa8\xa4\x8a\xa0\xbf\xe8\xa5BE\xfb\xdc\xa0\x00\x00\x00\x00\x00\x00\x00\x00\xbf\xa7\xfe\xccB>\x1cCB\x04\xc0\x00\x00\x00\x00\x00\xfd?\xf6%+Q\x10\xb4`?\xf6%K5\x87Z\x87\x80\x00\x00\x00\x00\x00\x00\x00\xbe\xee\xd1;B>HKB\x06\xc0\x00\x00\x00\x00\x00\xfd\xc0\x15I\xd4)X\xbel\xc0\x15I\xca\xc7\xff\xda>\x80\x00\x00\x00\x00\x00\x00\x00>\xbe\x96\x94B>\x1cCB\x19\x00\x00\x00\x00\x00\x00\xfd\xc0\x12\xe7xTD-\x18\xc0\x12\xe7w-]\xe5\xd6\x00\x00\x00\x00\x00\x00\x00\x00\xbd\x97\xdb\xa6B=\xe1\x8eB%\x80\x00\x00\x00\x00\x00\xfd\xc07\xc4\xdc\\D-\x18\xc07\xc4\xda.d\x973\x00\x00\x00\x00\x00\x00\x00\x00\xbb\xf0\xee B>HKB)\xc0\x00\x00\x00\x00\x00\xfd\x00\x00\x00e\x04?\xd2R\xf9\x97:\xf9\xba?\xb1\x89&\x9c\xe7\x98\x89\xbf\x90\x98\x13L\xfe5\xa4\xc0\t\x10e\xe2,X\xa5?\xa0ZQ\xf8\xaf`\x9f?g\xf50|$\xa2\xe7\x00\x00\x00\x00\x00\x00\x00\x00\x00\x00\x00\x00\x00\x00\x00\x00?\xbf]x\x81\x1b\x1d\x92\x00\x00\x00\x00\x00\x00\x00\x00\x00\x00\x00\x00\x00\x00\x00\x00\x00\x00\x00\x00\x00\x00\x00\x00\x00\x00\x005\t?\xd7q-\xf5\x91\xe5E?\xf6\xa7\xcf\x90\x85dx\xbf\xe0\xdf\x9b\x9a"\x10\xf2\xbf\xdd\xe6d\xf0&\xb7\xaa?\xd1\xdc\xf9\x03\x07\xa8\x88?\x9b\xbe\x15w\x8e\xaa`\x00\x00\x00K\x03\x00\x00\x00\x00\x00\x00\x00\x00\x01\x01\x80\x00\x00\x00\x00\x00\x00\x00\x80\x00\x00\x00\x00\x00\x00\x00\x00\x00?pbM\xe0\x00\x00\x00?pbM\xe0\x00\x00\x00A\xff\x00\x00B> \xb6?\\\xdc\xf8\x00\x00\x00\x00\x01\x00\x00\xad\x88BW\x00\x01\x01\x00\x00\x00%\x02\x01\x01?\x9c\x11E \x00\x00\x00?\x98\x8f\x1c\x80\x00\x00\x00\x00\x00\x00\x00\x00<\xb8\xd6 B\x18\x80\x00\xfd\x00\x00\x00=\x07\x00\x00\x00\x00\x00\x00\x00\x00\x00\x00\x00\x00\x00\x00\x00\x00\x00\x00\x00\x00\x00\x00\x00\x00\x00\x00\x00\x00\x00\x00\x00\x00\x00\x00\x00\x00\x00\x00\x00\x00\x00\x00\x00\x00\x00\x00\x00\x00?\'\xba\xf3Y\xf7\x17\xf0\x00\x00\x00\t\x08\x00\x00\x00\x01\x00\x00\x00+\n\xad\x88BW\x00\x01?\xc8 \xc443\xbe\xf8?\xa3\\\xae\x85,\xfa\xdd?\xd4\x92(\xe5\x87Js?\xb9\x99\x99\x99\x99\x99\x9a\x00\x00\x00\x1a\x0b\x00\x00\x01\xc2\x00\x00\x00\x00\x00\x00\x00\x00\x01?\xc0\x00\x00@`\x00\x00\x00\x00\x00\x08\x0c\x00\x01\x01'
Sub-package length: 47
Sub-package type: 0, ROBOT_MODE_DATA
Sub-package Data (including 5 header bits): b'\x00\x00\x00/\x00\x00\x00\x00\x01RHG\xe0\x01\x01\x01\x00\x00\x00\x00\x07\x00?\xf0\x00\x00\x00\x00\x00\x00\x00\x00\x00\x00\x00\x00\x00\x00?\xf0\x00\x00\x00\x00\x00\x00\x00'
	packageSize: 47
	packageType: 0
	timestamp: 5675436000
	isRealRobotConnected: True
	isRealRobotEnabled: True
	isRobotPowerOn: True
	isEmergencyStopped: False
	isProtectiveStopped: False
	isProgramRunning: False
	isProgramPaused: False
	robotMode: 7
	controlMode: 0
	targetSpeedFraction: 1.0
	speedScaling: 0.0
	targetSpeedFractionLimit: 1.0
	reserved: 0
Sub-package length: 251
Sub-package type: 1, JOINT_DATA
Sub-package Data (including 5 header bits): b'\x00\x00\x00\xfb\x01\xc0\n\xfbn\x08\x88Z0\xc0\n\xfbp\xc3/qu\x00\x00\x00\x00\x00\x00\x00\x00\xbd\x0b@NB=\xfe\xe8A\xf7\x80\x00\x00\x00\x00\x00\xfd\xbf\xe8\xa5\x1c\xa8\xa4\x8a\xa0\xbf\xe8\xa5BE\xfb\xdc\xa0\x00\x00\x00\x00\x00\x00\x00\x00\xbf\xa7\xfe\xccB>\x1cCB\x04\xc0\x00\x00\x00\x00\x00\xfd?\xf6%+Q\x10\xb4`?\xf6%K5\x87Z\x87\x80\x00\x00\x00\x00\x00\x00\x00\xbe\xee\xd1;B>HKB\x06\xc0\x00\x00\x00\x00\x00\xfd\xc0\x15I\xd4)X\xbel\xc0\x15I\xca\xc7\xff\xda>\x80\x00\x00\x00\x00\x00\x00\x00>\xbe\x96\x94B>\x1cCB\x19\x00\x00\x00\x00\x00\x00\xfd\xc0\x12\xe7xTD-\x18\xc0\x12\xe7w-]\xe5\xd6\x00\x00\x00\x00\x00\x00\x00\x00\xbd\x97\xdb\xa6B=\xe1\x8eB%\x80\x00\x00\x00\x00\x00\xfd\xc07\xc4\xdc\\D-\x18\xc07\xc4\xda.d\x973\x00\x00\x00\x00\x00\x00\x00\x00\xbb\xf0\xee B>HKB)\xc0\x00\x00\x00\x00\x00\xfd'
	packageSize: 251
	packageType: 1
	joint 1 q_actual: -3.3727684656726282
	joint 1 q_target: -3.37277367104087
	joint 1 qd_actual: 0.0
	joint 1 i_actual: -0.03399687260389328
	joint 1 V_actual: 47.498931884765625
	joint 1 T_motor: 30.9375
	joint 2 q_actual: 2.1033424833e-314
	joint 2 q_target: 1.2753267446644472e-170
	joint 2 qd_actual: 188839706624.0
	joint 2 i_actual: 0.0
	joint 2 V_actual: 1.7600844007933074e-38
	joint 2 T_motor: -50919536.0
	joint 3 q_actual: 1.0143544522047488e+16
	joint 3 q_target: 6.6645069590082775e-304
	joint 3 qd_actual: -2.071000320849978e-56
	joint 3 i_actual: 1.9069929672146944e+16
	joint 3 V_actual: 0.0
	joint 3 T_motor: 6.849266633926841e-41
	joint 4 q_actual: -2.0685449467571308e+83
	joint 4 q_target: -2.000000000028848
	joint 4 qd_actual: 4.022503834352894e-206
	joint 4 i_actual: 4.075158985800132e-26
	joint 4 V_actual: nan
	joint 4 T_motor: 0.0
	joint 5 q_actual: 1.331435334056e-312
	joint 5 q_target: 1.645107248343658e-09
	joint 5 qd_actual: 5.384570440573e-312
	joint 5 i_actual: 3370280550400.0
	joint 5 V_actual: -2.295377492904663
	joint 5 T_motor: 1.2613429398178333e-11
	joint 6 q_actual: 0.0
	joint 6 q_target: -5.424682435045438e-12
	joint 6 qd_actual: 46170898432.0
	joint 6 i_actual: -3.1937665858775697e+37
	joint 6 V_actual: -2.4799781976224563e+17
	joint 6 T_motor: 4.9687145644596336e-24
Sub-package length: 101
Sub-package type: 4, CARTESIAN_INFO
Sub-package Data (including 5 header bits): b'\x00\x00\x00e\x04?\xd2R\xf9\x97:\xf9\xba?\xb1\x89&\x9c\xe7\x98\x89\xbf\x90\x98\x13L\xfe5\xa4\xc0\t\x10e\xe2,X\xa5?\xa0ZQ\xf8\xaf`\x9f?g\xf50|$\xa2\xe7\x00\x00\x00\x00\x00\x00\x00\x00\x00\x00\x00\x00\x00\x00\x00\x00?\xbf]x\x81\x1b\x1d\x92\x00\x00\x00\x00\x00\x00\x00\x00\x00\x00\x00\x00\x00\x00\x00\x00\x00\x00\x00\x00\x00\x00\x00\x00'
	packageSize: 101
	packageType: 4
	X: 0.28631438988295665
	Y: 0.06849900561027956
	Z: -0.01620512158802047
	Rx: -3.1330068273337752
	Ry: 0.031939088446678136
	Rz: 0.00292453260148694
	TCPOffsetX: 0.0
	TCPOffsetY: 0.0
	TCPOffsetZ: 0.12251999999999999
	TCPOffsetRx: 0.0
	TCPOffsetRy: 0.0
	TCPOffsetRz: 0.0
Sub-package length: 53
Sub-package type: 9, NEEDED_FOR_CALIB_DATA
Sub-package Data (including 5 header bits): b'\x00\x00\x005\t?\xd7q-\xf5\x91\xe5E?\xf6\xa7\xcf\x90\x85dx\xbf\xe0\xdf\x9b\x9a"\x10\xf2\xbf\xdd\xe6d\xf0&\xb7\xaa?\xd1\xdc\xf9\x03\x07\xa8\x88?\x9b\xbe\x15w\x8e\xaa`'
Sub-package length: 75
Sub-package type: 3, MASTERBOARD_DATA
Sub-package Data (including 5 header bits): b'\x00\x00\x00K\x03\x00\x00\x00\x00\x00\x00\x00\x00\x01\x01\x80\x00\x00\x00\x00\x00\x00\x00\x80\x00\x00\x00\x00\x00\x00\x00\x00\x00?pbM\xe0\x00\x00\x00?pbM\xe0\x00\x00\x00A\xff\x00\x00B> \xb6?\\\xdc\xf8\x00\x00\x00\x00\x01\x00\x00\xad\x88BW\x00\x01\x01'
Sub-package length: 37
Sub-package type: 2, TOOL_DATA
Sub-package Data (including 5 header bits): b'\x00\x00\x00%\x02\x01\x01?\x9c\x11E \x00\x00\x00?\x98\x8f\x1c\x80\x00\x00\x00\x00\x00\x00\x00\x00<\xb8\xd6 B\x18\x80\x00\xfd'
Sub-package length: 61
Sub-package type: 7, FORCE_MODE_DATA
Sub-package Data (including 5 header bits): b"\x00\x00\x00=\x07\x00\x00\x00\x00\x00\x00\x00\x00\x00\x00\x00\x00\x00\x00\x00\x00\x00\x00\x00\x00\x00\x00\x00\x00\x00\x00\x00\x00\x00\x00\x00\x00\x00\x00\x00\x00\x00\x00\x00\x00\x00\x00\x00\x00\x00\x00\x00\x00?'\xba\xf3Y\xf7\x17\xf0"
Sub-package length: 9
Sub-package type: 8, ADDITIONAL_INFO
Sub-package Data (including 5 header bits): b'\x00\x00\x00\t\x08\x00\x00\x00\x01'
Sub-package length: 43
Sub-package type: 10, fuck
Sub-package Data (including 5 header bits): b'\x00\x00\x00+\n\xad\x88BW\x00\x01?\xc8 \xc443\xbe\xf8?\xa3\\\xae\x85,\xfa\xdd?\xd4\x92(\xe5\x87Js?\xb9\x99\x99\x99\x99\x99\x9a'
Sub-package length: 26
Sub-package type: 11, TOOL_COMM_INFO
Sub-package Data (including 5 header bits): b'\x00\x00\x00\x1a\x0b\x00\x00\x01\xc2\x00\x00\x00\x00\x00\x00\x00\x00\x01?\xc0\x00\x00@`\x00\x00'
Sub-package length: 8
Sub-package type: 12, TOOL_MODE_INFO
Sub-package Data (including 5 header bits): b'\x00\x00\x00\x08\x0c\x00\x01\x01'

DEBUG:Toggling the command b'get_controller_temp()\n'
Logging new packet.
Message type: 16, ROBOT_STATE
Message length: 716
Full raw message data: b"\x00\x00\x02\xcc\x10\x00\x00\x00/\x00\x00\x00\x00\x01RI\xce\x80\x01\x01\x01\x00\x00\x00\x00\x07\x00?\xf0\x00\x00\x00\x00\x00\x00\x00\x00\x00\x00\x00\x00\x00\x00?\xf0\x00\x00\x00\x00\x00\x00\x00\x00\x00\x00\xfb\x01\xc0\n\xfbu(\x88Z0\xc0\n\xfbp\xc3/qu\x00\x00\x00\x00\x00\x00\x00\x00\xbd7\x9e\xc5B=\xf0;A\xf7\x80\x00\x00\x00\x00\x00\xfd\xbf\xe8\xa5W\xa8\xa4\x8a\xa0\xbf\xe8\xa5BE\xfb\xdc\xa0\x00\x00\x00\x00\x00\x00\x00\x00\xbf\xadOtB>9\x9eB\x04\xc0\x00\x00\x00\x00\x00\xfd?\xf6%JQ\x10\xb4`?\xf6%K5\x87Z\x87\x80\x00\x00\x00\x00\x00\x00\x00\xbe\xf3\x94\xd9B>*\xf0B\x06\xc0\x00\x00\x00\x00\x00\xfd\xc0\x15I\xcb\xa9X\xbel\xc0\x15I\xca\xc7\xff\xda>\x80\x00\x00\x00\x00\x00\x00\x00>\xbf^{B>\x1cCB\x19\x00\x00\x00\x00\x00\x00\xfd\xc0\x12\xe7{\xccD-\x18\xc0\x12\xe7w-]\xe5\xd6\x00\x00\x00\x00\x00\x00\x00\x00\xbd\xa7w\xceB=\xfe\xe8B%\x80\x00\x00\x00\x00\x00\xfd\xc07\xc4\xda\xfcD-\x18\xc07\xc4\xda.d\x973\x00\x00\x00\x00\x00\x00\x00\x00\xba\xa1\xac\x00B>HKB)\xc0\x00\x00\x00\x00\x00\xfd\x00\x00\x00e\x04?\xd2R\xceW\xd3\xb3Q?\xb1\x89Bk\xe4\xaa\x91\xbf\x90\x96\x14+\xad\xef\xd8\xc0\t\x10Z\xf5\xcb&m?\xa0a{\x14\x8e\x94\xb3?hXy\x9c\x15\xe2\xcb\x00\x00\x00\x00\x00\x00\x00\x00\x00\x00\x00\x00\x00\x00\x00\x00?\xbf]x\x81\x1b\x1d\x92\x00\x00\x00\x00\x00\x00\x00\x00\x00\x00\x00\x00\x00\x00\x00\x00\x00\x00\x00\x00\x00\x00\x00\x00\x00\x00\x005\t?\xde\xe9O1\xf2a\xeb?\xfd\xdb\xd4{\xe6\x1e\x98\xbf\xdd\x04|C\x96Q<\xbf\xdeH\xcb\x08\xaafx?\xd3\xb9\xc0\xa6B\r\x1b?r\x9d\xb9\xdd\xf9\x04\x00\x00\x00\x00K\x03\x00\x00\x00\x00\x00\x00\x00\x00\x01\x01\x80\x00\x00\x00\x00\x00\x00\x00\x80\x00\x00\x00\x00\x00\x00\x00\x00\x00?pbM\xe0\x00\x00\x00?pbM\xe0\x00\x00\x00A\xff\x00\x00B>+\xb8?l\xe7\x91\x00\x00\x00\x00\x01\x00\x00\xad\x88BW\x00\x01\x01\x00\x00\x00%\x02\x01\x01?\xa1\x8a\xcb \x00\x00\x00?\x9c\x11E \x00\x00\x00\x00\x00\x00\x00\x00<\x8f\x1f\x00B\x18\x80\x00\xfd\x00\x00\x00=\x07\x00\x00\x00\x00\x00\x00\x00\x00\x00\x00\x00\x00\x00\x00\x00\x00\x00\x00\x00\x00\x00\x00\x00\x00\x00\x00\x00\x00\x00\x00\x00\x00\x00\x00\x00\x00\x00\x00\x00\x00\x00\x00\x00\x00\x00\x00\x00\x00?'\xba\xc9\xf8PG\xb0\x00\x00\x00\t\x08\x00\x00\x00\x01\x00\x00\x00+\n\xad\x88BW\x00\x01?\xc8 \xa1\x8fm\xdf\x0b?\xa3\\}>UfA?\xd4\x92=\x86q\x93\xc4?\xb9\x99\x99\x99\x99\x99\x9a\x00\x00\x00\x1a\x0b\x00\x00\x01\xc2\x00\x00\x00\x00\x00\x00\x00\x00\x01?\xc0\x00\x00@`\x00\x00\x00\x00\x00\x08\x0c\x00\x01\x01"
Sub-package length: 47
Sub-package type: 0, ROBOT_MODE_DATA
Sub-package Data (including 5 header bits): b'\x00\x00\x00/\x00\x00\x00\x00\x01RI\xce\x80\x01\x01\x01\x00\x00\x00\x00\x07\x00?\xf0\x00\x00\x00\x00\x00\x00\x00\x00\x00\x00\x00\x00\x00\x00?\xf0\x00\x00\x00\x00\x00\x00\x00'
	packageSize: 47
	packageType: 0
	timestamp: 5675536000
	isRealRobotConnected: True
	isRealRobotEnabled: True
	isRobotPowerOn: True
	isEmergencyStopped: False
	isProtectiveStopped: False
	isProgramRunning: False
	isProgramPaused: False
	robotMode: 7
	controlMode: 0
	targetSpeedFraction: 1.0
	speedScaling: 0.0
	targetSpeedFractionLimit: 1.0
	reserved: 0
Sub-package length: 251
Sub-package type: 1, JOINT_DATA
Sub-package Data (including 5 header bits): b'\x00\x00\x00\xfb\x01\xc0\n\xfbu(\x88Z0\xc0\n\xfbp\xc3/qu\x00\x00\x00\x00\x00\x00\x00\x00\xbd7\x9e\xc5B=\xf0;A\xf7\x80\x00\x00\x00\x00\x00\xfd\xbf\xe8\xa5W\xa8\xa4\x8a\xa0\xbf\xe8\xa5BE\xfb\xdc\xa0\x00\x00\x00\x00\x00\x00\x00\x00\xbf\xadOtB>9\x9eB\x04\xc0\x00\x00\x00\x00\x00\xfd?\xf6%JQ\x10\xb4`?\xf6%K5\x87Z\x87\x80\x00\x00\x00\x00\x00\x00\x00\xbe\xf3\x94\xd9B>*\xf0B\x06\xc0\x00\x00\x00\x00\x00\xfd\xc0\x15I\xcb\xa9X\xbel\xc0\x15I\xca\xc7\xff\xda>\x80\x00\x00\x00\x00\x00\x00\x00>\xbf^{B>\x1cCB\x19\x00\x00\x00\x00\x00\x00\xfd\xc0\x12\xe7{\xccD-\x18\xc0\x12\xe7w-]\xe5\xd6\x00\x00\x00\x00\x00\x00\x00\x00\xbd\xa7w\xceB=\xfe\xe8B%\x80\x00\x00\x00\x00\x00\xfd\xc07\xc4\xda\xfcD-\x18\xc07\xc4\xda.d\x973\x00\x00\x00\x00\x00\x00\x00\x00\xba\xa1\xac\x00B>HKB)\xc0\x00\x00\x00\x00\x00\xfd'
	packageSize: 251
	packageType: 1
	joint 1 q_actual: -3.372782055531637
	joint 1 q_target: -3.37277367104087
	joint 1 qd_actual: 0.0
	joint 1 i_actual: -0.044829148799180984
	joint 1 V_actual: 47.48460006713867
	joint 1 T_motor: 30.9375
	joint 2 q_actual: 2.1033424833e-314
	joint 2 q_target: 1.8964324331499613e+114
	joint 2 qd_actual: 188839706624.0
	joint 2 i_actual: 0.0
	joint 2 V_actual: 1.760275117514302e-38
	joint 2 T_motor: 6.155808202859169e+31
	joint 3 q_actual: -6.257953138236872e-163
	joint 3 q_target: 6.664506960652824e-304
	joint 3 qd_actual: -2.071000320849978e-56
	joint 3 i_actual: 1.9069929672146944e+16
	joint 3 V_actual: 0.0
	joint 3 T_motor: 6.849967283159003e-41
	joint 4 q_actual: -3.0732299334634227e-208
	joint 4 q_target: -2.000000000028848
	joint 4 qd_actual: 4.017332865292571e-206
	joint 4 i_actual: 4.075158985800132e-26
	joint 4 V_actual: nan
	joint 4 T_motor: 0.0
	joint 5 q_actual: 1.33150006061e-312
	joint 5 q_target: 1.645107248343658e-09
	joint 5 qd_actual: 5.38457044059e-312
	joint 5 i_actual: -51426400.0
	joint 5 V_actual: -2.295377492904663
	joint 5 T_motor: 1.2613429398178333e-11
	joint 6 q_actual: 0.0
	joint 6 q_target: -1.0672006741919147e-11
	joint 6 qd_actual: 46170898432.0
	joint 6 i_actual: -3.1937665858775697e+37
	joint 6 V_actual: -3.55033270976512e+16
	joint 6 T_motor: 4.9687145644596336e-24
Sub-package length: 101
Sub-package type: 4, CARTESIAN_INFO
Sub-package Data (including 5 header bits): b'\x00\x00\x00e\x04?\xd2R\xceW\xd3\xb3Q?\xb1\x89Bk\xe4\xaa\x91\xbf\x90\x96\x14+\xad\xef\xd8\xc0\t\x10Z\xf5\xcb&m?\xa0a{\x14\x8e\x94\xb3?hXy\x9c\x15\xe2\xcb\x00\x00\x00\x00\x00\x00\x00\x00\x00\x00\x00\x00\x00\x00\x00\x00?\xbf]x\x81\x1b\x1d\x92\x00\x00\x00\x00\x00\x00\x00\x00\x00\x00\x00\x00\x00\x00\x00\x00\x00\x00\x00\x00\x00\x00\x00\x00'
	packageSize: 101
	packageType: 4
	X: 0.2863040788350207
	Y: 0.06850066312896731
	Z: -0.016197505155545716
	Rx: -3.1329859926816455
	Ry: 0.03199371934832964
	Rz: 0.0029718756856563547
	TCPOffsetX: 0.0
	TCPOffsetY: 0.0
	TCPOffsetZ: 0.12251999999999999
	TCPOffsetRx: 0.0
	TCPOffsetRy: 0.0
	TCPOffsetRz: 0.0
Sub-package length: 53
Sub-package type: 9, NEEDED_FOR_CALIB_DATA
Sub-package Data (including 5 header bits): b'\x00\x00\x005\t?\xde\xe9O1\xf2a\xeb?\xfd\xdb\xd4{\xe6\x1e\x98\xbf\xdd\x04|C\x96Q<\xbf\xdeH\xcb\x08\xaafx?\xd3\xb9\xc0\xa6B\r\x1b?r\x9d\xb9\xdd\xf9\x04\x00'
Sub-package length: 75
Sub-package type: 3, MASTERBOARD_DATA
Sub-package Data (including 5 header bits): b'\x00\x00\x00K\x03\x00\x00\x00\x00\x00\x00\x00\x00\x01\x01\x80\x00\x00\x00\x00\x00\x00\x00\x80\x00\x00\x00\x00\x00\x00\x00\x00\x00?pbM\xe0\x00\x00\x00?pbM\xe0\x00\x00\x00A\xff\x00\x00B>+\xb8?l\xe7\x91\x00\x00\x00\x00\x01\x00\x00\xad\x88BW\x00\x01\x01'
Sub-package length: 37
Sub-package type: 2, TOOL_DATA
Sub-package Data (including 5 header bits): b'\x00\x00\x00%\x02\x01\x01?\xa1\x8a\xcb \x00\x00\x00?\x9c\x11E \x00\x00\x00\x00\x00\x00\x00\x00<\x8f\x1f\x00B\x18\x80\x00\xfd'
Sub-package length: 61
Sub-package type: 7, FORCE_MODE_DATA
Sub-package Data (including 5 header bits): b"\x00\x00\x00=\x07\x00\x00\x00\x00\x00\x00\x00\x00\x00\x00\x00\x00\x00\x00\x00\x00\x00\x00\x00\x00\x00\x00\x00\x00\x00\x00\x00\x00\x00\x00\x00\x00\x00\x00\x00\x00\x00\x00\x00\x00\x00\x00\x00\x00\x00\x00\x00\x00?'\xba\xc9\xf8PG\xb0"
Sub-package length: 9
Sub-package type: 8, ADDITIONAL_INFO
Sub-package Data (including 5 header bits): b'\x00\x00\x00\t\x08\x00\x00\x00\x01'
Sub-package length: 43
Sub-package type: 10, fuck
Sub-package Data (including 5 header bits): b'\x00\x00\x00+\n\xad\x88BW\x00\x01?\xc8 \xa1\x8fm\xdf\x0b?\xa3\\}>UfA?\xd4\x92=\x86q\x93\xc4?\xb9\x99\x99\x99\x99\x99\x9a'
Sub-package length: 26
Sub-package type: 11, TOOL_COMM_INFO
Sub-package Data (including 5 header bits): b'\x00\x00\x00\x1a\x0b\x00\x00\x01\xc2\x00\x00\x00\x00\x00\x00\x00\x00\x01?\xc0\x00\x00@`\x00\x00'
Sub-package length: 8
Sub-package type: 12, TOOL_MODE_INFO
Sub-package Data (including 5 header bits): b'\x00\x00\x00\x08\x0c\x00\x01\x01'

DEBUG:Toggling the command b'get_tcp_force()\n'
Logging new packet.
Message type: 16, ROBOT_STATE
Message length: 716
Full raw message data: b'\x00\x00\x02\xcc\x10\x00\x00\x00/\x00\x00\x00\x00\x01RKY\x08\x01\x01\x01\x00\x00\x00\x00\x07\x00?\xf0\x00\x00\x00\x00\x00\x00\x00\x00\x00\x00\x00\x00\x00\x00?\xf0\x00\x00\x00\x00\x00\x00\x00\x00\x00\x00\xfb\x01\xc0\n\xfbg\xa8\x88Z0\xc0\n\xfbp\xc3/qu\x00\x00\x00\x00\x00\x00\x00\x00\xbd[M\xb1B=\xf0;A\xf7\x80\x00\x00\x00\x00\x00\xfd\xbf\xe8\xa5p\xc8\xa4\x8a\xa0\xbf\xe8\xa5BE\xfb\xdc\xa0\x00\x00\x00\x00\x00\x00\x00\x00\xbf\xab)^B>\x1cCB\x04\xc0\x00\x00\x00\x00\x00\xfd?\xf6%JQ\x10\xb4`?\xf6%K5\x87Z\x87\x80\x00\x00\x00\x00\x00\x00\x00\xbe\xf2\xbc\x85B>9\x9eB\x06\xc0\x00\x00\x00\x00\x00\xfd\xc0\x15I\xc5)X\xbel\xc0\x15I\xca\xc7\xff\xda>\x80\x00\x00\x00\x00\x00\x00\x00>\xbe\xaa\xa4B=\xfe\xe8B\x19\x00\x00\x00\x00\x00\x00\xfd\xc0\x12\xe7|\xbcD-\x18\xc0\x12\xe7w-]\xe5\xd6\x00\x00\x00\x00\x00\x00\x00\x00\xbd\xa2\x85FB=\xf0;B%\x80\x00\x00\x00\x00\x00\xfd\xc07\xc4\xdadD-\x18\xc07\xc4\xda.d\x973\x00\x00\x00\x00\x00\x00\x00\x00\xbb\xf48\xc0B>HKB)\xc0\x00\x00\x00\x00\x00\xfd\x00\x00\x00e\x04?\xd2R\xba1c\x00K?\xb1\x89\xd7D\xe6!\xfd\xbf\x90\x94\xb0\xf0"\xf9X\xc0\t\x10W\xd74\xef;?\xa0^\x16\xab\xa4\x85\xb1?h\x7f\x8ag\xe4\x12\xfb\x00\x00\x00\x00\x00\x00\x00\x00\x00\x00\x00\x00\x00\x00\x00\x00?\xbf]x\x81\x1b\x1d\x92\x00\x00\x00\x00\x00\x00\x00\x00\x00\x00\x00\x00\x00\x00\x00\x00\x00\x00\x00\x00\x00\x00\x00\x00\x00\x00\x005\t?\xe2u\x8f:\xd8+1?\xfa\xf1\xd4\x82\xd5D8\xbf\xdd\xdf_\x9f>\x97L\xbf\xdd\xf0{\x9e\x0c\'\xec?\xd3"\xb6\xe1w\xea\x87?\x9c\x1f\x1c+\xdf\xea@\x00\x00\x00K\x03\x00\x00\x00\x00\x00\x00\x00\x00\x01\x01\x80\x00\x00\x00\x00\x00\x00\x00\x80\x00\x00\x00\x00\x00\x00\x00\x00\x00?pbM\xe0\x00\x00\x00?pbM\xe0\x00\x00\x00A\xff\x00\x00B>\x1d\x0c?\\Jq\x00\x00\x00\x00\x01\x00\x00\xad\x88BW\x00\x01\x01\x00\x00\x00%\x02\x01\x01?\x98\x8f\x1c\x80\x00\x00\x00?\x98\x8f\x1c\x80\x00\x00\x00\x00\x00\x00\x00\x00<\x8f\xd3\x80B\x18@\x00\xfd\x00\x00\x00=\x07\x00\x00\x00\x00\x00\x00\x00\x00\x00\x00\x00\x00\x00\x00\x00\x00\x00\x00\x00\x00\x00\x00\x00\x00\x00\x00\x00\x00\x00\x00\x00\x00\x00\x00\x00\x00\x00\x00\x00\x00\x00\x00\x00\x00\x00\x00\x00\x00?\'\xba\xc3D+\\\x10\x00\x00\x00\t\x08\x00\x00\x00\x01\x00\x00\x00+\n\xad\x88BW\x00\x01?\xc8 \x88\xcdt\x11\xf2?\xa3]/\xb8\xcd\xcbf?\xd4\x92FOC\xa3m?\xb9\x99\x99\x99\x99\x99\x9a\x00\x00\x00\x1a\x0b\x00\x00\x01\xc2\x00\x00\x00\x00\x00\x00\x00\x00\x01?\xc0\x00\x00@`\x00\x00\x00\x00\x00\x08\x0c\x00\x01\x01'
Sub-package length: 47
Sub-package type: 0, ROBOT_MODE_DATA
Sub-package Data (including 5 header bits): b'\x00\x00\x00/\x00\x00\x00\x00\x01RKY\x08\x01\x01\x01\x00\x00\x00\x00\x07\x00?\xf0\x00\x00\x00\x00\x00\x00\x00\x00\x00\x00\x00\x00\x00\x00?\xf0\x00\x00\x00\x00\x00\x00\x00'
	packageSize: 47
	packageType: 0
	timestamp: 5675637000
	isRealRobotConnected: True
	isRealRobotEnabled: True
	isRobotPowerOn: True
	isEmergencyStopped: False
	isProtectiveStopped: False
	isProgramRunning: False
	isProgramPaused: False
	robotMode: 7
	controlMode: 0
	targetSpeedFraction: 1.0
	speedScaling: 0.0
	targetSpeedFractionLimit: 1.0
	reserved: 0
Sub-package length: 251
Sub-package type: 1, JOINT_DATA
Sub-package Data (including 5 header bits): b'\x00\x00\x00\xfb\x01\xc0\n\xfbg\xa8\x88Z0\xc0\n\xfbp\xc3/qu\x00\x00\x00\x00\x00\x00\x00\x00\xbd[M\xb1B=\xf0;A\xf7\x80\x00\x00\x00\x00\x00\xfd\xbf\xe8\xa5p\xc8\xa4\x8a\xa0\xbf\xe8\xa5BE\xfb\xdc\xa0\x00\x00\x00\x00\x00\x00\x00\x00\xbf\xab)^B>\x1cCB\x04\xc0\x00\x00\x00\x00\x00\xfd?\xf6%JQ\x10\xb4`?\xf6%K5\x87Z\x87\x80\x00\x00\x00\x00\x00\x00\x00\xbe\xf2\xbc\x85B>9\x9eB\x06\xc0\x00\x00\x00\x00\x00\xfd\xc0\x15I\xc5)X\xbel\xc0\x15I\xca\xc7\xff\xda>\x80\x00\x00\x00\x00\x00\x00\x00>\xbe\xaa\xa4B=\xfe\xe8B\x19\x00\x00\x00\x00\x00\x00\xfd\xc0\x12\xe7|\xbcD-\x18\xc0\x12\xe7w-]\xe5\xd6\x00\x00\x00\x00\x00\x00\x00\x00\xbd\xa2\x85FB=\xf0;B%\x80\x00\x00\x00\x00\x00\xfd\xc07\xc4\xdadD-\x18\xc07\xc4\xda.d\x973\x00\x00\x00\x00\x00\x00\x00\x00\xbb\xf48\xc0B>HKB)\xc0\x00\x00\x00\x00\x00\xfd'
	packageSize: 251
	packageType: 1
	joint 1 q_actual: -3.372756306325094
	joint 1 q_target: -3.37277367104087
	joint 1 qd_actual: 0.0
	joint 1 i_actual: -0.05354088917374611
	joint 1 V_actual: 47.48460006713867
	joint 1 T_motor: 30.9375
	joint 2 q_actual: 2.1033424833e-314
	joint 2 q_target: 1.9588249677206188e+235
	joint 2 qd_actual: 188839706624.0
	joint 2 i_actual: 0.0
	joint 2 V_actual: 1.7601980460987642e-38
	joint 2 T_motor: 3.4991638695599145e+18
	joint 3 q_actual: 1.0143544522047488e+16
	joint 3 q_target: 6.664506960652824e-304
	joint 3 qd_actual: -2.071000320849978e-56
	joint 3 i_actual: 1.9069929672146944e+16
	joint 3 V_actual: 0.0
	joint 3 T_motor: 6.849827153312571e-41
	joint 4 q_actual: -3.687807347558025e-17
	joint 4 q_target: -2.000000000028848
	joint 4 qd_actual: 4.013378594834677e-206
	joint 4 i_actual: 4.075158985800132e-26
	joint 4 V_actual: nan
	joint 4 T_motor: 0.0
	joint 5 q_actual: 1.33144183011e-312
	joint 5 q_target: 4.497598066546815e-10
	joint 5 qd_actual: 5.384570440593e-312
	joint 5 i_actual: -0.011973641812801361
	joint 5 V_actual: -2.295377492904663
	joint 5 T_motor: 1.2613429398178333e-11
	joint 6 q_actual: 0.0
	joint 6 q_target: -8.422195293661429e-12
	joint 6 qd_actual: 46170898432.0
	joint 6 i_actual: -3.1937665858775697e+37
	joint 6 V_actual: -1.6062813688561664e+16
	joint 6 T_motor: 4.9687145644596336e-24
Sub-package length: 101
Sub-package type: 4, CARTESIAN_INFO
Sub-package Data (including 5 header bits): b'\x00\x00\x00e\x04?\xd2R\xba1c\x00K?\xb1\x89\xd7D\xe6!\xfd\xbf\x90\x94\xb0\xf0"\xf9X\xc0\t\x10W\xd74\xef;?\xa0^\x16\xab\xa4\x85\xb1?h\x7f\x8ag\xe4\x12\xfb\x00\x00\x00\x00\x00\x00\x00\x00\x00\x00\x00\x00\x00\x00\x00\x00?\xbf]x\x81\x1b\x1d\x92\x00\x00\x00\x00\x00\x00\x00\x00\x00\x00\x00\x00\x00\x00\x00\x00\x00\x00\x00\x00\x00\x00\x00\x00'
	packageSize: 101
	packageType: 4
	X: 0.2862992746631831
	Y: 0.06850953514197751
	Z: -0.016192211777473403
	Rx: -3.1329800427464796
	Ry: 0.03196783871886611
	Rz: 0.002990503620028282
	TCPOffsetX: 0.0
	TCPOffsetY: 0.0
	TCPOffsetZ: 0.12251999999999999
	TCPOffsetRx: 0.0
	TCPOffsetRy: 0.0
	TCPOffsetRz: 0.0
Sub-package length: 53
Sub-package type: 9, NEEDED_FOR_CALIB_DATA
Sub-package Data (including 5 header bits): b'\x00\x00\x005\t?\xe2u\x8f:\xd8+1?\xfa\xf1\xd4\x82\xd5D8\xbf\xdd\xdf_\x9f>\x97L\xbf\xdd\xf0{\x9e\x0c\'\xec?\xd3"\xb6\xe1w\xea\x87?\x9c\x1f\x1c+\xdf\xea@'
Sub-package length: 75
Sub-package type: 3, MASTERBOARD_DATA
Sub-package Data (including 5 header bits): b'\x00\x00\x00K\x03\x00\x00\x00\x00\x00\x00\x00\x00\x01\x01\x80\x00\x00\x00\x00\x00\x00\x00\x80\x00\x00\x00\x00\x00\x00\x00\x00\x00?pbM\xe0\x00\x00\x00?pbM\xe0\x00\x00\x00A\xff\x00\x00B>\x1d\x0c?\\Jq\x00\x00\x00\x00\x01\x00\x00\xad\x88BW\x00\x01\x01'
Sub-package length: 37
Sub-package type: 2, TOOL_DATA
Sub-package Data (including 5 header bits): b'\x00\x00\x00%\x02\x01\x01?\x98\x8f\x1c\x80\x00\x00\x00?\x98\x8f\x1c\x80\x00\x00\x00\x00\x00\x00\x00\x00<\x8f\xd3\x80B\x18@\x00\xfd'
Sub-package length: 61
Sub-package type: 7, FORCE_MODE_DATA
Sub-package Data (including 5 header bits): b"\x00\x00\x00=\x07\x00\x00\x00\x00\x00\x00\x00\x00\x00\x00\x00\x00\x00\x00\x00\x00\x00\x00\x00\x00\x00\x00\x00\x00\x00\x00\x00\x00\x00\x00\x00\x00\x00\x00\x00\x00\x00\x00\x00\x00\x00\x00\x00\x00\x00\x00\x00\x00?'\xba\xc3D+\\\x10"
Sub-package length: 9
Sub-package type: 8, ADDITIONAL_INFO
Sub-package Data (including 5 header bits): b'\x00\x00\x00\t\x08\x00\x00\x00\x01'
Sub-package length: 43
Sub-package type: 10, fuck
Sub-package Data (including 5 header bits): b'\x00\x00\x00+\n\xad\x88BW\x00\x01?\xc8 \x88\xcdt\x11\xf2?\xa3]/\xb8\xcd\xcbf?\xd4\x92FOC\xa3m?\xb9\x99\x99\x99\x99\x99\x9a'
Sub-package length: 26
Sub-package type: 11, TOOL_COMM_INFO
Sub-package Data (including 5 header bits): b'\x00\x00\x00\x1a\x0b\x00\x00\x01\xc2\x00\x00\x00\x00\x00\x00\x00\x00\x01?\xc0\x00\x00@`\x00\x00'
Sub-package length: 8
Sub-package type: 12, TOOL_MODE_INFO
Sub-package Data (including 5 header bits): b'\x00\x00\x00\x08\x0c\x00\x01\x01'

DEBUG:Toggling the command b'is_steady()\n'
Logging new packet.
Message type: 16, ROBOT_STATE
Message length: 716
Full raw message data: b'\x00\x00\x02\xcc\x10\x00\x00\x00/\x00\x00\x00\x00\x01RL\xdf\xa8\x01\x01\x01\x00\x00\x00\x00\x07\x00?\xf0\x00\x00\x00\x00\x00\x00\x00\x00\x00\x00\x00\x00\x00\x00?\xf0\x00\x00\x00\x00\x00\x00\x00\x00\x00\x00\xfb\x01\xc0\n\xfb_\x08\x88Z0\xc0\n\xfbp\xc3/qu\x00\x00\x00\x00\x00\x00\x00\x00\xbc\xb8t\x02B=\xf0;A\xf7\x80\x00\x00\x00\x00\x00\xfd\xbf\xe8\xa5>\xa8\xa4\x8a\xa0\xbf\xe8\xa5BE\xfb\xdc\xa0\x00\x00\x00\x00\x00\x00\x00\x00\xbf\xac5\x06B>V\xf8B\x04\xc0\x00\x00\x00\x00\x00\xfd?\xf6%\x15\xd1\x10\xb4`?\xf6%K5\x87Z\x87\x80\x00\x00\x00\x00\x00\x00\x00\xbe\xf1\n\xdcB>9\x9eB\x06\xc0\x00\x00\x00\x00\x00\xfd\xc0\x15I\xd5iX\xbel\xc0\x15I\xca\xc7\xff\xda>\x80\x00\x00\x00\x00\x00\x00\x00>\xbe[\xbcB>\x1cCB\x19\x00\x00\x00\x00\x00\x00\xfd\xc0\x12\xe7p\xe4D-\x18\xc0\x12\xe7w-]\xe5\xd6\x00\x00\x00\x00\x00\x00\x00\x00\xbd\xbb\xb2\xc4B>\r\x96B%\x80\x00\x00\x00\x00\x00\xfd\xc07\xc4\xdbxD-\x18\xc07\xc4\xda.d\x973\x00\x00\x00\x00\x00\x00\x00\x00\xbc<4\x80B>V\xf8B)\xc0\x00\x00\x00\x00\x00\xfd\x00\x00\x00e\x04?\xd2S\x173\xe1\xf3\x82?\xb1\x89#\x81EHQ\xbf\x90\x96\x9a\xf5\x8f\x90\xd4\xc0\t\x10yV\xc7\xfdA?\xa0W9E\xf5"\xa5?g\x84\xf0Lv\xa4P\x00\x00\x00\x00\x00\x00\x00\x00\x00\x00\x00\x00\x00\x00\x00\x00?\xbf]x\x81\x1b\x1d\x92\x00\x00\x00\x00\x00\x00\x00\x00\x00\x00\x00\x00\x00\x00\x00\x00\x00\x00\x00\x00\x00\x00\x00\x00\x00\x00\x005\t?\xcf\r4\xed\x80\xe8\x9a?\xfc\\\xf8O\xaf\xe38\xbf\xdf\x8a\xce\xc1\x80\xdf\xd8\xbf\xdd\xc9n>\x8dJ@?\xd6#Ss\xad\x82\x9d?\xa5\xab\xdd\x9bh\x1d\x80\x00\x00\x00K\x03\x00\x00\x00\x00\x00\x00\x00\x00\x01\x01\x80\x00\x00\x00\x00\x00\x00\x00\x80\x00\x00\x00\x00\x00\x00\x00\x00\x00?pbM\xe0\x00\x00\x00?pbM\xe0\x00\x00\x00A\xff\x00\x00B>5\xce?f\x9a_\x00\x00\x00\x00\x01\x00\x00\xad\x88BW\x00\x01\x01\x00\x00\x00%\x02\x01\x01?\x9f\x93m\xa0\x00\x00\x00?\x95\x0c\xf3\xe0\x00\x00\x00\x00\x00\x00\x00\x00<\x86\x1a\x80B\x18@\x00\xfd\x00\x00\x00=\x07\x00\x00\x00\x00\x00\x00\x00\x00\x00\x00\x00\x00\x00\x00\x00\x00\x00\x00\x00\x00\x00\x00\x00\x00\x00\x00\x00\x00\x00\x00\x00\x00\x00\x00\x00\x00\x00\x00\x00\x00\x00\x00\x00\x00\x00\x00\x00\x00?\'\xba\xfd\x16\xef\xa9P\x00\x00\x00\t\x08\x00\x00\x00\x01\x00\x00\x00+\n\xad\x88BW\x00\x01?\xc8 \xac\xb0\x96\x80\xf8?\xa3\\\xd7Vin,?\xd4\x924\xd3\xf9C\x98?\xb9\x99\x99\x99\x99\x99\x9a\x00\x00\x00\x1a\x0b\x00\x00\x01\xc2\x00\x00\x00\x00\x00\x00\x00\x00\x01?\xc0\x00\x00@`\x00\x00\x00\x00\x00\x08\x0c\x00\x01\x01'
Sub-package length: 47
Sub-package type: 0, ROBOT_MODE_DATA
Sub-package Data (including 5 header bits): b'\x00\x00\x00/\x00\x00\x00\x00\x01RL\xdf\xa8\x01\x01\x01\x00\x00\x00\x00\x07\x00?\xf0\x00\x00\x00\x00\x00\x00\x00\x00\x00\x00\x00\x00\x00\x00?\xf0\x00\x00\x00\x00\x00\x00\x00'
	packageSize: 47
	packageType: 0
	timestamp: 5675737000
	isRealRobotConnected: True
	isRealRobotEnabled: True
	isRobotPowerOn: True
	isEmergencyStopped: False
	isProtectiveStopped: False
	isProgramRunning: False
	isProgramPaused: False
	robotMode: 7
	controlMode: 0
	targetSpeedFraction: 1.0
	speedScaling: 0.0
	targetSpeedFractionLimit: 1.0
	reserved: 0
Sub-package length: 251
Sub-package type: 1, JOINT_DATA
Sub-package Data (including 5 header bits): b'\x00\x00\x00\xfb\x01\xc0\n\xfb_\x08\x88Z0\xc0\n\xfbp\xc3/qu\x00\x00\x00\x00\x00\x00\x00\x00\xbc\xb8t\x02B=\xf0;A\xf7\x80\x00\x00\x00\x00\x00\xfd\xbf\xe8\xa5>\xa8\xa4\x8a\xa0\xbf\xe8\xa5BE\xfb\xdc\xa0\x00\x00\x00\x00\x00\x00\x00\x00\xbf\xac5\x06B>V\xf8B\x04\xc0\x00\x00\x00\x00\x00\xfd?\xf6%\x15\xd1\x10\xb4`?\xf6%K5\x87Z\x87\x80\x00\x00\x00\x00\x00\x00\x00\xbe\xf1\n\xdcB>9\x9eB\x06\xc0\x00\x00\x00\x00\x00\xfd\xc0\x15I\xd5iX\xbel\xc0\x15I\xca\xc7\xff\xda>\x80\x00\x00\x00\x00\x00\x00\x00>\xbe[\xbcB>\x1cCB\x19\x00\x00\x00\x00\x00\x00\xfd\xc0\x12\xe7p\xe4D-\x18\xc0\x12\xe7w-]\xe5\xd6\x00\x00\x00\x00\x00\x00\x00\x00\xbd\xbb\xb2\xc4B>\r\x96B%\x80\x00\x00\x00\x00\x00\xfd\xc07\xc4\xdbxD-\x18\xc07\xc4\xda.d\x973\x00\x00\x00\x00\x00\x00\x00\x00\xbc<4\x80B>V\xf8B)\xc0\x00\x00\x00\x00\x00\xfd'
	packageSize: 251
	packageType: 1
	joint 1 q_actual: -3.372739855443136
	joint 1 q_target: -3.37277367104087
	joint 1 qd_actual: 0.0
	joint 1 i_actual: -0.02251625433564186
	joint 1 V_actual: 47.48460006713867
	joint 1 T_motor: 30.9375
	joint 2 q_actual: 2.1033424833e-314
	joint 2 q_target: 7.34410890767456e-07
	joint 2 qd_actual: 188839706624.0
	joint 2 i_actual: 0.0
	joint 2 V_actual: 1.760235600897608e-38
	joint 2 T_motor: 3.653314186351409e-35
	joint 3 q_actual: -1.903820780075031e+271
	joint 3 q_target: 6.664506957867705e-304
	joint 3 qd_actual: -2.071000320849978e-56
	joint 3 i_actual: 1.9069929672146944e+16
	joint 3 V_actual: 0.0
	joint 3 T_motor: 6.849687023466138e-41
	joint 4 q_actual: 2.352539013866345e-256
	joint 4 q_target: -2.000000000028848
	joint 4 qd_actual: 4.023264270979412e-206
	joint 4 i_actual: 4.075158985800132e-26
	joint 4 V_actual: nan
	joint 4 T_motor: 0.0
	joint 5 q_actual: 1.33141628099e-312
	joint 5 q_target: 1.645107248343658e-09
	joint 5 qd_actual: 5.384570440534e-312
	joint 5 i_actual: -1.447524474231288e+22
	joint 5 V_actual: -2.295377492904663
	joint 5 T_motor: 1.2613429398178333e-11
	joint 6 q_actual: 0.0
	joint 6 q_target: -2.51914636201133e-11
	joint 6 qd_actual: 46170898432.0
	joint 6 i_actual: -3.1937665858775697e+37
	joint 6 V_actual: -6.988075428845978e+16
	joint 6 T_motor: 4.9687145644596336e-24
Sub-package length: 101
Sub-package type: 4, CARTESIAN_INFO
Sub-package Data (including 5 header bits): b'\x00\x00\x00e\x04?\xd2S\x173\xe1\xf3\x82?\xb1\x89#\x81EHQ\xbf\x90\x96\x9a\xf5\x8f\x90\xd4\xc0\t\x10yV\xc7\xfdA?\xa0W9E\xf5"\xa5?g\x84\xf0Lv\xa4P\x00\x00\x00\x00\x00\x00\x00\x00\x00\x00\x00\x00\x00\x00\x00\x00?\xbf]x\x81\x1b\x1d\x92\x00\x00\x00\x00\x00\x00\x00\x00\x00\x00\x00\x00\x00\x00\x00\x00\x00\x00\x00\x00\x00\x00\x00\x00'
	packageSize: 101
	packageType: 4
	X: 0.2863214499155263
	Y: 0.06849882036229472
	Z: -0.016199513662187595
	Rx: -3.1330439357549555
	Ry: 0.0319154642007267
	Rz: 0.0028710072835634107
	TCPOffsetX: 0.0
	TCPOffsetY: 0.0
	TCPOffsetZ: 0.12251999999999999
	TCPOffsetRx: 0.0
	TCPOffsetRy: 0.0
	TCPOffsetRz: 0.0
Sub-package length: 53
Sub-package type: 9, NEEDED_FOR_CALIB_DATA
Sub-package Data (including 5 header bits): b'\x00\x00\x005\t?\xcf\r4\xed\x80\xe8\x9a?\xfc\\\xf8O\xaf\xe38\xbf\xdf\x8a\xce\xc1\x80\xdf\xd8\xbf\xdd\xc9n>\x8dJ@?\xd6#Ss\xad\x82\x9d?\xa5\xab\xdd\x9bh\x1d\x80'
Sub-package length: 75
Sub-package type: 3, MASTERBOARD_DATA
Sub-package Data (including 5 header bits): b'\x00\x00\x00K\x03\x00\x00\x00\x00\x00\x00\x00\x00\x01\x01\x80\x00\x00\x00\x00\x00\x00\x00\x80\x00\x00\x00\x00\x00\x00\x00\x00\x00?pbM\xe0\x00\x00\x00?pbM\xe0\x00\x00\x00A\xff\x00\x00B>5\xce?f\x9a_\x00\x00\x00\x00\x01\x00\x00\xad\x88BW\x00\x01\x01'
Sub-package length: 37
Sub-package type: 2, TOOL_DATA
Sub-package Data (including 5 header bits): b'\x00\x00\x00%\x02\x01\x01?\x9f\x93m\xa0\x00\x00\x00?\x95\x0c\xf3\xe0\x00\x00\x00\x00\x00\x00\x00\x00<\x86\x1a\x80B\x18@\x00\xfd'
Sub-package length: 61
Sub-package type: 7, FORCE_MODE_DATA
Sub-package Data (including 5 header bits): b"\x00\x00\x00=\x07\x00\x00\x00\x00\x00\x00\x00\x00\x00\x00\x00\x00\x00\x00\x00\x00\x00\x00\x00\x00\x00\x00\x00\x00\x00\x00\x00\x00\x00\x00\x00\x00\x00\x00\x00\x00\x00\x00\x00\x00\x00\x00\x00\x00\x00\x00\x00\x00?'\xba\xfd\x16\xef\xa9P"
Sub-package length: 9
Sub-package type: 8, ADDITIONAL_INFO
Sub-package Data (including 5 header bits): b'\x00\x00\x00\t\x08\x00\x00\x00\x01'
Sub-package length: 43
Sub-package type: 10, fuck
Sub-package Data (including 5 header bits): b'\x00\x00\x00+\n\xad\x88BW\x00\x01?\xc8 \xac\xb0\x96\x80\xf8?\xa3\\\xd7Vin,?\xd4\x924\xd3\xf9C\x98?\xb9\x99\x99\x99\x99\x99\x9a'
Sub-package length: 26
Sub-package type: 11, TOOL_COMM_INFO
Sub-package Data (including 5 header bits): b'\x00\x00\x00\x1a\x0b\x00\x00\x01\xc2\x00\x00\x00\x00\x00\x00\x00\x00\x01?\xc0\x00\x00@`\x00\x00'
Sub-package length: 8
Sub-package type: 12, TOOL_MODE_INFO
Sub-package Data (including 5 header bits): b'\x00\x00\x00\x08\x0c\x00\x01\x01'

DEBUG:Toggling the command b'wrench_trans(p[0,0,0,1,1,1], [0,0,0,1,1,2])\n'
Logging new packet.
Message type: 16, ROBOT_STATE
Message length: 716
Full raw message data: b'\x00\x00\x02\xcc\x10\x00\x00\x00/\x00\x00\x00\x00\x01RNj0\x01\x01\x01\x00\x00\x00\x00\x07\x00?\xf0\x00\x00\x00\x00\x00\x00\x00\x00\x00\x00\x00\x00\x00\x00?\xf0\x00\x00\x00\x00\x00\x00\x00\x00\x00\x00\xfb\x01\xc0\n\xfbn\x08\x88Z0\xc0\n\xfbp\xc3/qu\x00\x00\x00\x00\x00\x00\x00\x00\xbdo\xdd\x8dB=\xd2\xe1A\xf7\x80\x00\x00\x00\x00\x00\xfd\xbf\xe8\xa5p\xc8\xa4\x8a\xa0\xbf\xe8\xa5BE\xfb\xdc\xa0\x00\x00\x00\x00\x00\x00\x00\x00\xbf\xa9\x88*B>9\x9eB\x04\xc0\x00\x00\x00\x00\x00\xfd?\xf6%^\xd1\x10\xb4`?\xf6%K5\x87Z\x87\x80\x00\x00\x00\x00\x00\x00\x00\xbe\xe7\xab\x9bB>HKB\x06\xc0\x00\x00\x00\x00\x00\xfd\xc0\x15I\xd29X\xbel\xc0\x15I\xca\xc7\xff\xda>\x80\x00\x00\x00\x00\x00\x00\x00>\xbc\xb5\x1dB>\x1cCB\x19\x00\x00\x00\x00\x00\x00\xfd\xc0\x12\xe7k\xc4D-\x18\xc0\x12\xe7w-]\xe5\xd6\x00\x00\x00\x00\x00\x00\x00\x00\xbd\xafv\xaeB>\x1cCB%\x80\x00\x00\x00\x00\x00\xfd\xc07\xc4\xd9LD-\x18\xc07\xc4\xda.d\x973\x00\x00\x00\x00\x00\x00\x00\x00\xbbqF\x80B>e\xa5B)\xc0\x00\x00\x00\x00\x00\xfd\x00\x00\x00e\x04?\xd2R\xc12kb\xbb?\xb1\x88\xa9\xf6\x99H/\xbf\x90\x96KP3Il\xc0\t\x10|)\x97\x16\x9b?\xa0c\xff\xb0\xc2\xfa\xb3?hLj\xc4\xe1\xd2m\x00\x00\x00\x00\x00\x00\x00\x00\x00\x00\x00\x00\x00\x00\x00\x00?\xbf]x\x81\x1b\x1d\x92\x00\x00\x00\x00\x00\x00\x00\x00\x00\x00\x00\x00\x00\x00\x00\x00\x00\x00\x00\x00\x00\x00\x00\x00\x00\x00\x005\t?\xe40\xa1\x10\xad&N?\xf8\xbb\xd6\x86\xe3. \xbf\xe4ld\x11\x94\x95N\xbf\xdc\xf9\x8d\xad\x93\x98\xfa?\xd4\xad\xa4\xff\x80L\xcc?\x8b\xc8B\x90\x95S\x80\x00\x00\x00K\x03\x00\x00\x00\x00\x00\x00\x00\x00\x01\x01\x80\x00\x00\x00\x00\x00\x00\x00\x80\x00\x00\x00\x00\x00\x00\x00\x00\x00?pbM\xe0\x00\x00\x00?pbM\xe0\x00\x00\x00A\xfe\x80\x00B>%L?Y\xff\xa3\x00\x00\x00\x00\x01\x00\x00\xad\x88BW\x00\x01\x01\x00\x00\x00%\x02\x01\x01?\x9f\x93m\xa0\x00\x00\x00?\x98\x8f\x1c\x80\x00\x00\x00\x00\x00\x00\x00\x00<\xa8"@B\x18@\x00\xfd\x00\x00\x00=\x07\x00\x00\x00\x00\x00\x00\x00\x00\x00\x00\x00\x00\x00\x00\x00\x00\x00\x00\x00\x00\x00\x00\x00\x00\x00\x00\x00\x00\x00\x00\x00\x00\x00\x00\x00\x00\x00\x00\x00\x00\x00\x00\x00\x00\x00\x00\x00\x00?\'\xba\xb5\r(\xb3 \x00\x00\x00\t\x08\x00\x00\x00\x01\x00\x00\x00+\n\xad\x88BW\x00\x01?\xc8 \x8c\xa8\xfc\xea\xae?\xa3\\\xe2\xd1\x13\x96\x9e?\xd4\x92FOC\xa3m?\xb9\x99\x99\x99\x99\x99\x9a\x00\x00\x00\x1a\x0b\x00\x00\x01\xc2\x00\x00\x00\x00\x00\x00\x00\x00\x01?\xc0\x00\x00@`\x00\x00\x00\x00\x00\x08\x0c\x00\x01\x01'
Sub-package length: 47
Sub-package type: 0, ROBOT_MODE_DATA
Sub-package Data (including 5 header bits): b'\x00\x00\x00/\x00\x00\x00\x00\x01RNj0\x01\x01\x01\x00\x00\x00\x00\x07\x00?\xf0\x00\x00\x00\x00\x00\x00\x00\x00\x00\x00\x00\x00\x00\x00?\xf0\x00\x00\x00\x00\x00\x00\x00'
	packageSize: 47
	packageType: 0
	timestamp: 5675838000
	isRealRobotConnected: True
	isRealRobotEnabled: True
	isRobotPowerOn: True
	isEmergencyStopped: False
	isProtectiveStopped: False
	isProgramRunning: False
	isProgramPaused: False
	robotMode: 7
	controlMode: 0
	targetSpeedFraction: 1.0
	speedScaling: 0.0
	targetSpeedFractionLimit: 1.0
	reserved: 0
Sub-package length: 251
Sub-package type: 1, JOINT_DATA
Sub-package Data (including 5 header bits): b'\x00\x00\x00\xfb\x01\xc0\n\xfbn\x08\x88Z0\xc0\n\xfbp\xc3/qu\x00\x00\x00\x00\x00\x00\x00\x00\xbdo\xdd\x8dB=\xd2\xe1A\xf7\x80\x00\x00\x00\x00\x00\xfd\xbf\xe8\xa5p\xc8\xa4\x8a\xa0\xbf\xe8\xa5BE\xfb\xdc\xa0\x00\x00\x00\x00\x00\x00\x00\x00\xbf\xa9\x88*B>9\x9eB\x04\xc0\x00\x00\x00\x00\x00\xfd?\xf6%^\xd1\x10\xb4`?\xf6%K5\x87Z\x87\x80\x00\x00\x00\x00\x00\x00\x00\xbe\xe7\xab\x9bB>HKB\x06\xc0\x00\x00\x00\x00\x00\xfd\xc0\x15I\xd29X\xbel\xc0\x15I\xca\xc7\xff\xda>\x80\x00\x00\x00\x00\x00\x00\x00>\xbc\xb5\x1dB>\x1cCB\x19\x00\x00\x00\x00\x00\x00\xfd\xc0\x12\xe7k\xc4D-\x18\xc0\x12\xe7w-]\xe5\xd6\x00\x00\x00\x00\x00\x00\x00\x00\xbd\xafv\xaeB>\x1cCB%\x80\x00\x00\x00\x00\x00\xfd\xc07\xc4\xd9LD-\x18\xc07\xc4\xda.d\x973\x00\x00\x00\x00\x00\x00\x00\x00\xbbqF\x80B>e\xa5B)\xc0\x00\x00\x00\x00\x00\xfd'
	packageSize: 251
	packageType: 1
	joint 1 q_actual: -3.3727684656726282
	joint 1 q_target: -3.37277367104087
	joint 1 qd_actual: 0.0
	joint 1 i_actual: -0.058560896664857864
	joint 1 V_actual: 47.455936431884766
	joint 1 T_motor: 30.9375
	joint 2 q_actual: 2.1033424833e-314
	joint 2 q_target: 1.9588249677206188e+235
	joint 2 qd_actual: 188839706624.0
	joint 2 i_actual: 0.0
	joint 2 V_actual: 1.7601396119528018e-38
	joint 2 T_motor: 1.7252249162689332e-13
	joint 3 q_actual: -6.257953138236872e-163
	joint 3 q_target: 6.664506961740347e-304
	joint 3 qd_actual: -2.071000320849978e-56
	joint 3 i_actual: 1.9069929672146944e+16
	joint 3 V_actual: 0.0
	joint 3 T_motor: 6.848285725001814e-41
	joint 4 q_actual: -1.2462568897620493e-98
	joint 4 q_target: -2.000000000028848
	joint 4 qd_actual: 4.021325157581791e-206
	joint 4 i_actual: 4.075158985800132e-26
	joint 4 V_actual: nan
	joint 4 T_motor: 0.0
	joint 5 q_actual: 1.33127944014e-312
	joint 5 q_target: 1.645107248343658e-09
	joint 5 qd_actual: 5.38457044051e-312
	joint 5 i_actual: -784.70458984375
	joint 5 V_actual: -2.295377492904663
	joint 5 T_motor: 1.2613429398178333e-11
	joint 6 q_actual: 0.0
	joint 6 q_target: -1.4307987147578676e-11
	joint 6 qd_actual: 46170898432.0
	joint 6 i_actual: -3.1937665858775697e+37
	joint 6 V_actual: -3593490957074432.0
	joint 6 T_motor: 4.9687145644596336e-24
Sub-package length: 101
Sub-package type: 4, CARTESIAN_INFO
Sub-package Data (including 5 header bits): b'\x00\x00\x00e\x04?\xd2R\xc12kb\xbb?\xb1\x88\xa9\xf6\x99H/\xbf\x90\x96KP3Il\xc0\t\x10|)\x97\x16\x9b?\xa0c\xff\xb0\xc2\xfa\xb3?hLj\xc4\xe1\xd2m\x00\x00\x00\x00\x00\x00\x00\x00\x00\x00\x00\x00\x00\x00\x00\x00?\xbf]x\x81\x1b\x1d\x92\x00\x00\x00\x00\x00\x00\x00\x00\x00\x00\x00\x00\x00\x00\x00\x00\x00\x00\x00\x00\x00\x00\x00\x00'
	packageSize: 101
	packageType: 4
	X: 0.2863009445550621
	Y: 0.06849157591321452
	Z: -0.01619832684520743
	Rx: -3.1330493211015216
	Ry: 0.03201293022856557
	Rz: 0.002966125996915195
	TCPOffsetX: 0.0
	TCPOffsetY: 0.0
	TCPOffsetZ: 0.12251999999999999
	TCPOffsetRx: 0.0
	TCPOffsetRy: 0.0
	TCPOffsetRz: 0.0
Sub-package length: 53
Sub-package type: 9, NEEDED_FOR_CALIB_DATA
Sub-package Data (including 5 header bits): b'\x00\x00\x005\t?\xe40\xa1\x10\xad&N?\xf8\xbb\xd6\x86\xe3. \xbf\xe4ld\x11\x94\x95N\xbf\xdc\xf9\x8d\xad\x93\x98\xfa?\xd4\xad\xa4\xff\x80L\xcc?\x8b\xc8B\x90\x95S\x80'
Sub-package length: 75
Sub-package type: 3, MASTERBOARD_DATA
Sub-package Data (including 5 header bits): b'\x00\x00\x00K\x03\x00\x00\x00\x00\x00\x00\x00\x00\x01\x01\x80\x00\x00\x00\x00\x00\x00\x00\x80\x00\x00\x00\x00\x00\x00\x00\x00\x00?pbM\xe0\x00\x00\x00?pbM\xe0\x00\x00\x00A\xfe\x80\x00B>%L?Y\xff\xa3\x00\x00\x00\x00\x01\x00\x00\xad\x88BW\x00\x01\x01'
Sub-package length: 37
Sub-package type: 2, TOOL_DATA
Sub-package Data (including 5 header bits): b'\x00\x00\x00%\x02\x01\x01?\x9f\x93m\xa0\x00\x00\x00?\x98\x8f\x1c\x80\x00\x00\x00\x00\x00\x00\x00\x00<\xa8"@B\x18@\x00\xfd'
Sub-package length: 61
Sub-package type: 7, FORCE_MODE_DATA
Sub-package Data (including 5 header bits): b"\x00\x00\x00=\x07\x00\x00\x00\x00\x00\x00\x00\x00\x00\x00\x00\x00\x00\x00\x00\x00\x00\x00\x00\x00\x00\x00\x00\x00\x00\x00\x00\x00\x00\x00\x00\x00\x00\x00\x00\x00\x00\x00\x00\x00\x00\x00\x00\x00\x00\x00\x00\x00?'\xba\xb5\r(\xb3 "
Sub-package length: 9
Sub-package type: 8, ADDITIONAL_INFO
Sub-package Data (including 5 header bits): b'\x00\x00\x00\t\x08\x00\x00\x00\x01'
Sub-package length: 43
Sub-package type: 10, fuck
Sub-package Data (including 5 header bits): b'\x00\x00\x00+\n\xad\x88BW\x00\x01?\xc8 \x8c\xa8\xfc\xea\xae?\xa3\\\xe2\xd1\x13\x96\x9e?\xd4\x92FOC\xa3m?\xb9\x99\x99\x99\x99\x99\x9a'
Sub-package length: 26
Sub-package type: 11, TOOL_COMM_INFO
Sub-package Data (including 5 header bits): b'\x00\x00\x00\x1a\x0b\x00\x00\x01\xc2\x00\x00\x00\x00\x00\x00\x00\x00\x01?\xc0\x00\x00@`\x00\x00'
Sub-package length: 8
Sub-package type: 12, TOOL_MODE_INFO
Sub-package Data (including 5 header bits): b'\x00\x00\x00\x08\x0c\x00\x01\x01'

DEBUG:Toggling the command b'wrench_trans(p[0,0,0,1,1,1], [0,0,0,1,2,1])\n'
Logging new packet.
Message type: 16, ROBOT_STATE
Message length: 716
Full raw message data: b"\x00\x00\x02\xcc\x10\x00\x00\x00/\x00\x00\x00\x00\x01RO\xf0\xd0\x01\x01\x01\x00\x00\x00\x00\x07\x00?\xf0\x00\x00\x00\x00\x00\x00\x00\x00\x00\x00\x00\x00\x00\x00?\xf0\x00\x00\x00\x00\x00\x00\x00\x00\x00\x00\xfb\x01\xc0\n\xfb\x7fH\x88Z0\xc0\n\xfbp\xc3/qu\x00\x00\x00\x00\x00\x00\x00\x00\xbd2\x1dQB=\xd2\xe1A\xf7\x80\x00\x00\x00\x00\x00\xfd\xbf\xe8\xa5^(\xa4\x8a\xa0\xbf\xe8\xa5BE\xfb\xdc\xa0\x00\x00\x00\x00\x00\x00\x00\x00\xbf\xaa\x8c<B>\r\x96B\x04\xc0\x00\x00\x00\x00\x00\xfd?\xf6%E\xd1\x10\xb4`?\xf6%K5\x87Z\x87\x80\x00\x00\x00\x00\x00\x00\x00\xbe\xefe\xb9B>V\xf8B\x06\xc0\x00\x00\x00\x00\x00\xfd\xc0\x15I\xcd\xf9X\xbel\xc0\x15I\xca\xc7\xff\xda>\x80\x00\x00\x00\x00\x00\x00\x00>\xc5K\xfbB>\r\x96B\x19\x00\x00\x00\x00\x00\x00\xfd\xc0\x12\xe7wdD-\x18\xc0\x12\xe7w-]\xe5\xd6\x00\x00\x00\x00\x00\x00\x00\x00\xbd\xbb\x00&B>\x1cCB%\x80\x00\x00\x00\x00\x00\xfd\xc07\xc4\xd7\xe8D-\x18\xc07\xc4\xda.d\x973\x00\x00\x00\x00\x00\x00\x00\x00\xbchG\xf0B>V\xf8B)\xc0\x00\x00\x00\x00\x00\xfd\x00\x00\x00e\x04?\xd2R\xe0?\x93\x93+?\xb1\x88\x9b\xd7\xf0O/\xbf\x90\x95\xf9\x03\x17\x8c\xa0\xc0\t\x10d\xe1\xadE\xb2?\xa0o\x15.\x7f\xb5d?h0\xcf\xd4\xc3\x82+\x00\x00\x00\x00\x00\x00\x00\x00\x00\x00\x00\x00\x00\x00\x00\x00?\xbf]x\x81\x1b\x1d\x92\x00\x00\x00\x00\x00\x00\x00\x00\x00\x00\x00\x00\x00\x00\x00\x00\x00\x00\x00\x00\x00\x00\x00\x00\x00\x00\x005\t?\xdd\xfc\tL\xb4\x1c,?\xfa\x1c\xf1g\xaf\x8f\xe8\xbf\xe0\x98\x1b\x05\xeb(\x1e\xbf\xe0\x99\x82^&\xf1\x8a?\xd6\x0e\x01\x88\xff e?\xaa\xbf )K\xe7\xd0\x00\x00\x00K\x03\x00\x00\x00\x00\x00\x00\x00\x00\x01\x01\x80\x00\x00\x00\x00\x00\x00\x00\x80\x00\x00\x00\x00\x00\x00\x00\x00\x00?pbM\xe0\x00\x00\x00?pbM\xe0\x00\x00\x00A\xfe\x80\x00B>6\xb9?]o\x7f\x00\x00\x00\x00\x01\x00\x00\xad\x88BW\x00\x01\x01\x00\x00\x00%\x02\x01\x01?\x9f\x93m\xa0\x00\x00\x00?\x95\x0c\xf3\xe0\x00\x00\x00\x00\x00\x00\x00\x00<\x9ei@B\x18\xc0\x00\xfd\x00\x00\x00=\x07\x00\x00\x00\x00\x00\x00\x00\x00\x00\x00\x00\x00\x00\x00\x00\x00\x00\x00\x00\x00\x00\x00\x00\x00\x00\x00\x00\x00\x00\x00\x00\x00\x00\x00\x00\x00\x00\x00\x00\x00\x00\x00\x00\x00\x00\x00\x00\x00?'\xba\xcc\x99\xc3dP\x00\x00\x00\t\x08\x00\x00\x00\x01\x00\x00\x00+\n\xad\x88BW\x00\x01?\xc8 \xa3d\xf4=\n?\xa3\\\x07#\xa9\x82\x86?\xd4\x92?\xcc;\x07\xd5?\xb9\x99\x99\x99\x99\x99\x9a\x00\x00\x00\x1a\x0b\x00\x00\x01\xc2\x00\x00\x00\x00\x00\x00\x00\x00\x01?\xc0\x00\x00@`\x00\x00\x00\x00\x00\x08\x0c\x00\x01\x01"
Sub-package length: 47
Sub-package type: 0, ROBOT_MODE_DATA
Sub-package Data (including 5 header bits): b'\x00\x00\x00/\x00\x00\x00\x00\x01RO\xf0\xd0\x01\x01\x01\x00\x00\x00\x00\x07\x00?\xf0\x00\x00\x00\x00\x00\x00\x00\x00\x00\x00\x00\x00\x00\x00?\xf0\x00\x00\x00\x00\x00\x00\x00'
	packageSize: 47
	packageType: 0
	timestamp: 5675938000
	isRealRobotConnected: True
	isRealRobotEnabled: True
	isRobotPowerOn: True
	isEmergencyStopped: False
	isProtectiveStopped: False
	isProgramRunning: False
	isProgramPaused: False
	robotMode: 7
	controlMode: 0
	targetSpeedFraction: 1.0
	speedScaling: 0.0
	targetSpeedFractionLimit: 1.0
	reserved: 0
Sub-package length: 251
Sub-package type: 1, JOINT_DATA
Sub-package Data (including 5 header bits): b'\x00\x00\x00\xfb\x01\xc0\n\xfb\x7fH\x88Z0\xc0\n\xfbp\xc3/qu\x00\x00\x00\x00\x00\x00\x00\x00\xbd2\x1dQB=\xd2\xe1A\xf7\x80\x00\x00\x00\x00\x00\xfd\xbf\xe8\xa5^(\xa4\x8a\xa0\xbf\xe8\xa5BE\xfb\xdc\xa0\x00\x00\x00\x00\x00\x00\x00\x00\xbf\xaa\x8c<B>\r\x96B\x04\xc0\x00\x00\x00\x00\x00\xfd?\xf6%E\xd1\x10\xb4`?\xf6%K5\x87Z\x87\x80\x00\x00\x00\x00\x00\x00\x00\xbe\xefe\xb9B>V\xf8B\x06\xc0\x00\x00\x00\x00\x00\xfd\xc0\x15I\xcd\xf9X\xbel\xc0\x15I\xca\xc7\xff\xda>\x80\x00\x00\x00\x00\x00\x00\x00>\xc5K\xfbB>\r\x96B\x19\x00\x00\x00\x00\x00\x00\xfd\xc0\x12\xe7wdD-\x18\xc0\x12\xe7w-]\xe5\xd6\x00\x00\x00\x00\x00\x00\x00\x00\xbd\xbb\x00&B>\x1cCB%\x80\x00\x00\x00\x00\x00\xfd\xc07\xc4\xd7\xe8D-\x18\xc07\xc4\xda.d\x973\x00\x00\x00\x00\x00\x00\x00\x00\xbchG\xf0B>V\xf8B)\xc0\x00\x00\x00\x00\x00\xfd'
	packageSize: 251
	packageType: 1
	joint 1 q_actual: -3.3728013674365442
	joint 1 q_target: -3.37277367104087
	joint 1 qd_actual: 0.0
	joint 1 i_actual: -0.04348498955368996
	joint 1 V_actual: 47.455936431884766
	joint 1 T_motor: 30.9375
	joint 2 q_actual: 2.1033424833e-314
	joint 2 q_target: 3.846421939479728e+145
	joint 2 qd_actual: 188839706624.0
	joint 2 i_actual: 0.0
	joint 2 V_actual: 1.7601760457128743e-38
	joint 2 T_motor: 0.011855614371597767
	joint 3 q_actual: -1.8390471404270122e-201
	joint 3 q_target: 6.6645069604141e-304
	joint 3 qd_actual: -2.071000320849978e-56
	joint 3 i_actual: 1.9069929672146944e+16
	joint 3 V_actual: 0.0
	joint 3 T_motor: 6.849406763773273e-41
	joint 4 q_actual: 1.0481163334302416e+182
	joint 4 q_target: -2.000000000028848
	joint 4 qd_actual: 4.0187396730516295e-206
	joint 4 i_actual: 4.075158985800132e-26
	joint 4 V_actual: nan
	joint 4 T_motor: 0.0
	joint 5 q_actual: 1.33199141324e-312
	joint 5 q_target: 8.610934621594568e-10
	joint 5 qd_actual: 5.38457044057e-312
	joint 5 i_actual: 1.447524474231288e+22
	joint 5 V_actual: -2.295377492904663
	joint 5 T_motor: 1.2613429398178333e-11
	joint 6 q_actual: 0.0
	joint 6 q_target: -2.4556887894825317e-11
	joint 6 qd_actual: 46170898432.0
	joint 6 i_actual: -3.1937665858775697e+37
	joint 6 V_actual: -510759020789760.0
	joint 6 T_motor: 4.9687145644596336e-24
Sub-package length: 101
Sub-package type: 4, CARTESIAN_INFO
Sub-package Data (including 5 header bits): b'\x00\x00\x00e\x04?\xd2R\xe0?\x93\x93+?\xb1\x88\x9b\xd7\xf0O/\xbf\x90\x95\xf9\x03\x17\x8c\xa0\xc0\t\x10d\xe1\xadE\xb2?\xa0o\x15.\x7f\xb5d?h0\xcf\xd4\xc3\x82+\x00\x00\x00\x00\x00\x00\x00\x00\x00\x00\x00\x00\x00\x00\x00\x00?\xbf]x\x81\x1b\x1d\x92\x00\x00\x00\x00\x00\x00\x00\x00\x00\x00\x00\x00\x00\x00\x00\x00\x00\x00\x00\x00\x00\x00\x00\x00'
	packageSize: 101
	packageType: 4
	X: 0.2863083477844152
	Y: 0.06849073430958862
	Z: -0.01619710046169287
	Rx: -3.1330049162868017
	Ry: 0.032097494054918824
	Rz: 0.00295296279919934
	TCPOffsetX: 0.0
	TCPOffsetY: 0.0
	TCPOffsetZ: 0.12251999999999999
	TCPOffsetRx: 0.0
	TCPOffsetRy: 0.0
	TCPOffsetRz: 0.0
Sub-package length: 53
Sub-package type: 9, NEEDED_FOR_CALIB_DATA
Sub-package Data (including 5 header bits): b'\x00\x00\x005\t?\xdd\xfc\tL\xb4\x1c,?\xfa\x1c\xf1g\xaf\x8f\xe8\xbf\xe0\x98\x1b\x05\xeb(\x1e\xbf\xe0\x99\x82^&\xf1\x8a?\xd6\x0e\x01\x88\xff e?\xaa\xbf )K\xe7\xd0'
Sub-package length: 75
Sub-package type: 3, MASTERBOARD_DATA
Sub-package Data (including 5 header bits): b'\x00\x00\x00K\x03\x00\x00\x00\x00\x00\x00\x00\x00\x01\x01\x80\x00\x00\x00\x00\x00\x00\x00\x80\x00\x00\x00\x00\x00\x00\x00\x00\x00?pbM\xe0\x00\x00\x00?pbM\xe0\x00\x00\x00A\xfe\x80\x00B>6\xb9?]o\x7f\x00\x00\x00\x00\x01\x00\x00\xad\x88BW\x00\x01\x01'
Sub-package length: 37
Sub-package type: 2, TOOL_DATA
Sub-package Data (including 5 header bits): b'\x00\x00\x00%\x02\x01\x01?\x9f\x93m\xa0\x00\x00\x00?\x95\x0c\xf3\xe0\x00\x00\x00\x00\x00\x00\x00\x00<\x9ei@B\x18\xc0\x00\xfd'
Sub-package length: 61
Sub-package type: 7, FORCE_MODE_DATA
Sub-package Data (including 5 header bits): b"\x00\x00\x00=\x07\x00\x00\x00\x00\x00\x00\x00\x00\x00\x00\x00\x00\x00\x00\x00\x00\x00\x00\x00\x00\x00\x00\x00\x00\x00\x00\x00\x00\x00\x00\x00\x00\x00\x00\x00\x00\x00\x00\x00\x00\x00\x00\x00\x00\x00\x00\x00\x00?'\xba\xcc\x99\xc3dP"
Sub-package length: 9
Sub-package type: 8, ADDITIONAL_INFO
Sub-package Data (including 5 header bits): b'\x00\x00\x00\t\x08\x00\x00\x00\x01'
Sub-package length: 43
Sub-package type: 10, fuck
Sub-package Data (including 5 header bits): b'\x00\x00\x00+\n\xad\x88BW\x00\x01?\xc8 \xa3d\xf4=\n?\xa3\\\x07#\xa9\x82\x86?\xd4\x92?\xcc;\x07\xd5?\xb9\x99\x99\x99\x99\x99\x9a'
Sub-package length: 26
Sub-package type: 11, TOOL_COMM_INFO
Sub-package Data (including 5 header bits): b'\x00\x00\x00\x1a\x0b\x00\x00\x01\xc2\x00\x00\x00\x00\x00\x00\x00\x00\x01?\xc0\x00\x00@`\x00\x00'
Sub-package length: 8
Sub-package type: 12, TOOL_MODE_INFO
Sub-package Data (including 5 header bits): b'\x00\x00\x00\x08\x0c\x00\x01\x01'

