DEBUG:Debug log for the robot starting on 2022-06-29_16-43-52
DEBUG:----------------------------------------------
DEBUG:Position info about the robot:
DEBUG:Initial pos/angle: ([[ 0.428  0.024 -0.224]], [[ 0.023  3.141  0.000]])
DEBUG:Current pos/angle: ([[ 0.428  0.024 -0.224]], [[ 0.023  3.141  0.000]]
DEBUG:----------------------------------------------
DEBUG:----------------------------------------------
DEBUG:Position info about the robot:
DEBUG:Initial pos/angle: ([[ 0.428  0.024 -0.224]], [[ 0.023  3.141  0.000]])
DEBUG:Current pos/angle: ([[ 0.428  0.024 -0.224]], [[ 0.023  3.141  0.000]]
DEBUG:----------------------------------------------
DEBUG:----------------------------------------------
DEBUG:Position info about the robot:
DEBUG:Initial pos/angle: ([[ 0.428  0.024 -0.224]], [[ 0.023  3.141  0.000]])
DEBUG:Current pos/angle: ([[ 0.428  0.024 -0.224]], [[-0.022 -3.140  0.000]]
DEBUG:----------------------------------------------
DEBUG:----------------------------------------------
DEBUG:Position info about the robot:
DEBUG:Initial pos/angle: ([[ 0.428  0.024 -0.224]], [[ 0.023  3.141  0.000]])
DEBUG:Current pos/angle: ([[ 0.428  0.024 -0.224]], [[-0.022 -3.140  0.000]]
DEBUG:----------------------------------------------
DEBUG:----------------------------------------------
DEBUG:Position info about the robot:
DEBUG:Initial pos/angle: ([[ 0.428  0.024 -0.224]], [[ 0.023  3.141  0.000]])
DEBUG:Current pos/angle: ([[ 0.428  0.024 -0.224]], [[-0.022 -3.140  0.000]]
DEBUG:----------------------------------------------
DEBUG:----------------------------------------------
DEBUG:Position info about the robot:
DEBUG:Initial pos/angle: ([[ 0.428  0.024 -0.224]], [[ 0.023  3.141  0.000]])
DEBUG:Current pos/angle: ([[ 0.428  0.023 -0.224]], [[ 0.023  3.141  0.000]]
DEBUG:----------------------------------------------
DEBUG:----------------------------------------------
DEBUG:Position info about the robot:
DEBUG:Initial pos/angle: ([[ 0.428  0.024 -0.224]], [[ 0.023  3.141  0.000]])
DEBUG:Current pos/angle: ([[ 0.428  0.024 -0.224]], [[-0.022 -3.140  0.000]]
DEBUG:----------------------------------------------
DEBUG:----------------------------------------------
DEBUG:Position info about the robot:
DEBUG:Initial pos/angle: ([[ 0.428  0.024 -0.224]], [[ 0.023  3.141  0.000]])
DEBUG:Current pos/angle: ([[ 0.428  0.023 -0.224]], [[ 0.023  3.142  0.000]]
DEBUG:----------------------------------------------
DEBUG:----------------------------------------------
DEBUG:Position info about the robot:
DEBUG:Initial pos/angle: ([[ 0.428  0.024 -0.224]], [[ 0.023  3.141  0.000]])
DEBUG:Current pos/angle: ([[ 0.428  0.024 -0.224]], [[ 0.023  3.141  0.000]]
DEBUG:----------------------------------------------
DEBUG:----------------------------------------------
DEBUG:Position info about the robot:
DEBUG:Initial pos/angle: ([[ 0.428  0.024 -0.224]], [[ 0.023  3.141  0.000]])
DEBUG:Current pos/angle: ([[ 0.428  0.024 -0.224]], [[-0.022 -3.140  0.000]]
DEBUG:----------------------------------------------
DEBUG:----------------------------------------------
DEBUG:Position info about the robot:
DEBUG:Initial pos/angle: ([[ 0.428  0.024 -0.224]], [[ 0.023  3.141  0.000]])
DEBUG:Current pos/angle: ([[ 0.428  0.023 -0.224]], [[ 0.023  3.141  0.000]]
DEBUG:----------------------------------------------
DEBUG:----------------------------------------------
DEBUG:Position info about the robot:
DEBUG:Initial pos/angle: ([[ 0.428  0.024 -0.224]], [[ 0.023  3.141  0.000]])
DEBUG:Current pos/angle: ([[ 0.428  0.024 -0.224]], [[ 0.023  3.141  0.000]]
DEBUG:----------------------------------------------
DEBUG:----------------------------------------------
DEBUG:Position info about the robot:
DEBUG:Initial pos/angle: ([[ 0.428  0.024 -0.224]], [[ 0.023  3.141  0.000]])
DEBUG:Current pos/angle: ([[ 0.428  0.024 -0.224]], [[ 0.023  3.142  0.000]]
DEBUG:----------------------------------------------
DEBUG:----------------------------------------------
DEBUG:Position info about the robot:
DEBUG:Initial pos/angle: ([[ 0.428  0.024 -0.224]], [[ 0.023  3.141  0.000]])
DEBUG:Current pos/angle: ([[ 0.428  0.024 -0.224]], [[-0.022 -3.140  0.000]]
DEBUG:----------------------------------------------
DEBUG:----------------------------------------------
DEBUG:Position info about the robot:
DEBUG:Initial pos/angle: ([[ 0.428  0.024 -0.224]], [[ 0.023  3.141  0.000]])
DEBUG:Current pos/angle: ([[ 0.428  0.024 -0.224]], [[-0.022 -3.140  0.000]]
DEBUG:----------------------------------------------
DEBUG:----------------------------------------------
DEBUG:Position info about the robot:
DEBUG:Initial pos/angle: ([[ 0.428  0.024 -0.224]], [[ 0.023  3.141  0.000]])
DEBUG:Current pos/angle: ([[ 0.428  0.024 -0.224]], [[-0.022 -3.140  0.000]]
DEBUG:----------------------------------------------
DEBUG:----------------------------------------------
DEBUG:Position info about the robot:
DEBUG:Initial pos/angle: ([[ 0.428  0.024 -0.224]], [[ 0.023  3.141  0.000]])
DEBUG:Current pos/angle: ([[ 0.428  0.023 -0.224]], [[ 0.023  3.141  0.000]]
DEBUG:----------------------------------------------
DEBUG:----------------------------------------------
DEBUG:Position info about the robot:
DEBUG:Initial pos/angle: ([[ 0.428  0.024 -0.224]], [[ 0.023  3.141  0.000]])
DEBUG:Current pos/angle: ([[ 0.428  0.024 -0.224]], [[ 0.023  3.141  0.000]]
DEBUG:----------------------------------------------
DEBUG:----------------------------------------------
DEBUG:Position info about the robot:
DEBUG:Initial pos/angle: ([[ 0.428  0.024 -0.224]], [[ 0.023  3.141  0.000]])
DEBUG:Current pos/angle: ([[ 0.428  0.023 -0.224]], [[-0.022 -3.140  0.000]]
DEBUG:----------------------------------------------
DEBUG:----------------------------------------------
DEBUG:Position info about the robot:
DEBUG:Initial pos/angle: ([[ 0.428  0.024 -0.224]], [[ 0.023  3.141  0.000]])
DEBUG:Current pos/angle: ([[ 0.428  0.024 -0.224]], [[-0.022 -3.140  0.000]]
DEBUG:----------------------------------------------
DEBUG:----------------------------------------------
DEBUG:Position info about the robot:
DEBUG:Initial pos/angle: ([[ 0.428  0.024 -0.224]], [[ 0.023  3.141  0.000]])
DEBUG:Current pos/angle: ([[ 0.428  0.024 -0.224]], [[-0.022 -3.140  0.000]]
DEBUG:----------------------------------------------
DEBUG:----------------------------------------------
DEBUG:Position info about the robot:
DEBUG:Initial pos/angle: ([[ 0.428  0.024 -0.224]], [[ 0.023  3.141  0.000]])
DEBUG:Current pos/angle: ([[ 0.428  0.024 -0.224]], [[-0.022 -3.141  0.000]]
DEBUG:----------------------------------------------
DEBUG:----------------------------------------------
DEBUG:Position info about the robot:
DEBUG:Initial pos/angle: ([[ 0.428  0.024 -0.224]], [[ 0.023  3.141  0.000]])
DEBUG:Current pos/angle: ([[ 0.428  0.024 -0.224]], [[ 0.023  3.141  0.000]]
DEBUG:----------------------------------------------
DEBUG:----------------------------------------------
DEBUG:Position info about the robot:
DEBUG:Initial pos/angle: ([[ 0.428  0.024 -0.224]], [[ 0.023  3.141  0.000]])
DEBUG:Current pos/angle: ([[ 0.428  0.024 -0.224]], [[-0.022 -3.140  0.000]]
DEBUG:----------------------------------------------
DEBUG:----------------------------------------------
DEBUG:Position info about the robot:
DEBUG:Initial pos/angle: ([[ 0.428  0.024 -0.224]], [[ 0.023  3.141  0.000]])
DEBUG:Current pos/angle: ([[ 0.428  0.023 -0.224]], [[ 0.023  3.141  0.000]]
DEBUG:----------------------------------------------
DEBUG:----------------------------------------------
DEBUG:Position info about the robot:
DEBUG:Initial pos/angle: ([[ 0.428  0.024 -0.224]], [[ 0.023  3.141  0.000]])
DEBUG:Current pos/angle: ([[ 0.428  0.024 -0.224]], [[ 0.023  3.141  0.000]]
DEBUG:----------------------------------------------
DEBUG:----------------------------------------------
DEBUG:Position info about the robot:
DEBUG:Initial pos/angle: ([[ 0.428  0.024 -0.224]], [[ 0.023  3.141  0.000]])
DEBUG:Current pos/angle: ([[ 0.428  0.024 -0.224]], [[ 0.023  3.141  0.000]]
DEBUG:----------------------------------------------
DEBUG:----------------------------------------------
DEBUG:Position info about the robot:
DEBUG:Initial pos/angle: ([[ 0.428  0.024 -0.224]], [[ 0.023  3.141  0.000]])
DEBUG:Current pos/angle: ([[ 0.428  0.023 -0.224]], [[ 0.023  3.141  0.000]]
DEBUG:----------------------------------------------
DEBUG:----------------------------------------------
DEBUG:Position info about the robot:
DEBUG:Initial pos/angle: ([[ 0.428  0.024 -0.224]], [[ 0.023  3.141  0.000]])
DEBUG:Current pos/angle: ([[ 0.428  0.024 -0.224]], [[-0.022 -3.140  0.000]]
DEBUG:----------------------------------------------
DEBUG:----------------------------------------------
DEBUG:Position info about the robot:
DEBUG:Initial pos/angle: ([[ 0.428  0.024 -0.224]], [[ 0.023  3.141  0.000]])
DEBUG:Current pos/angle: ([[ 0.428  0.024 -0.224]], [[ 0.023  3.141  0.000]]
DEBUG:----------------------------------------------
DEBUG:----------------------------------------------
DEBUG:Position info about the robot:
DEBUG:Initial pos/angle: ([[ 0.428  0.024 -0.224]], [[ 0.023  3.141  0.000]])
DEBUG:Current pos/angle: ([[ 0.428  0.024 -0.224]], [[-0.022 -3.140  0.000]]
DEBUG:----------------------------------------------
DEBUG:----------------------------------------------
DEBUG:Position info about the robot:
DEBUG:Initial pos/angle: ([[ 0.428  0.024 -0.224]], [[ 0.023  3.141  0.000]])
DEBUG:Current pos/angle: ([[ 0.428  0.024 -0.224]], [[-0.022 -3.140  0.000]]
DEBUG:----------------------------------------------
DEBUG:----------------------------------------------
DEBUG:Position info about the robot:
DEBUG:Initial pos/angle: ([[ 0.428  0.024 -0.224]], [[ 0.023  3.141  0.000]])
DEBUG:Current pos/angle: ([[ 0.428  0.024 -0.224]], [[-0.022 -3.141  0.000]]
DEBUG:----------------------------------------------
DEBUG:----------------------------------------------
DEBUG:Position info about the robot:
DEBUG:Initial pos/angle: ([[ 0.428  0.024 -0.224]], [[ 0.023  3.141  0.000]])
DEBUG:Current pos/angle: ([[ 0.428  0.024 -0.224]], [[-0.022 -3.140  0.000]]
DEBUG:----------------------------------------------
DEBUG:----------------------------------------------
DEBUG:Position info about the robot:
DEBUG:Initial pos/angle: ([[ 0.428  0.024 -0.224]], [[ 0.023  3.141  0.000]])
DEBUG:Current pos/angle: ([[ 0.428  0.024 -0.224]], [[ 0.023  3.141  0.000]]
DEBUG:----------------------------------------------
DEBUG:----------------------------------------------
DEBUG:Position info about the robot:
DEBUG:Initial pos/angle: ([[ 0.428  0.024 -0.224]], [[ 0.023  3.141  0.000]])
DEBUG:Current pos/angle: ([[ 0.428  0.024 -0.224]], [[-0.022 -3.140  0.000]]
DEBUG:----------------------------------------------
DEBUG:----------------------------------------------
DEBUG:Position info about the robot:
DEBUG:Initial pos/angle: ([[ 0.428  0.024 -0.224]], [[ 0.023  3.141  0.000]])
DEBUG:Current pos/angle: ([[ 0.428  0.024 -0.224]], [[ 0.023  3.141  0.000]]
DEBUG:----------------------------------------------
DEBUG:----------------------------------------------
DEBUG:Position info about the robot:
DEBUG:Initial pos/angle: ([[ 0.428  0.024 -0.224]], [[ 0.023  3.141  0.000]])
DEBUG:Current pos/angle: ([[ 0.428  0.024 -0.224]], [[-0.022 -3.140  0.000]]
DEBUG:----------------------------------------------
DEBUG:----------------------------------------------
DEBUG:Position info about the robot:
DEBUG:Initial pos/angle: ([[ 0.428  0.024 -0.224]], [[ 0.023  3.141  0.000]])
DEBUG:Current pos/angle: ([[ 0.428  0.024 -0.224]], [[ 0.023  3.142  0.000]]
DEBUG:----------------------------------------------
DEBUG:----------------------------------------------
DEBUG:Position info about the robot:
DEBUG:Initial pos/angle: ([[ 0.428  0.024 -0.224]], [[ 0.023  3.141  0.000]])
DEBUG:Current pos/angle: ([[ 0.428  0.024 -0.224]], [[-0.022 -3.140  0.000]]
DEBUG:----------------------------------------------
DEBUG:----------------------------------------------
DEBUG:Position info about the robot:
DEBUG:Initial pos/angle: ([[ 0.428  0.024 -0.224]], [[ 0.023  3.141  0.000]])
DEBUG:Current pos/angle: ([[ 0.428  0.024 -0.224]], [[-0.022 -3.140  0.000]]
DEBUG:----------------------------------------------
DEBUG:----------------------------------------------
DEBUG:Position info about the robot:
DEBUG:Initial pos/angle: ([[ 0.428  0.024 -0.224]], [[ 0.023  3.141  0.000]])
DEBUG:Current pos/angle: ([[ 0.428  0.023 -0.224]], [[ 0.023  3.141  0.000]]
DEBUG:----------------------------------------------
DEBUG:----------------------------------------------
DEBUG:Position info about the robot:
DEBUG:Initial pos/angle: ([[ 0.428  0.024 -0.224]], [[ 0.023  3.141  0.000]])
DEBUG:Current pos/angle: ([[ 0.428  0.024 -0.224]], [[-0.022 -3.141  0.000]]
DEBUG:----------------------------------------------
DEBUG:----------------------------------------------
DEBUG:Position info about the robot:
DEBUG:Initial pos/angle: ([[ 0.428  0.024 -0.224]], [[ 0.023  3.141  0.000]])
DEBUG:Current pos/angle: ([[ 0.428  0.024 -0.224]], [[-0.022 -3.140  0.000]]
DEBUG:----------------------------------------------
DEBUG:----------------------------------------------
DEBUG:Position info about the robot:
DEBUG:Initial pos/angle: ([[ 0.428  0.024 -0.224]], [[ 0.023  3.141  0.000]])
DEBUG:Current pos/angle: ([[ 0.428  0.023 -0.224]], [[-0.022 -3.140  0.000]]
DEBUG:----------------------------------------------
DEBUG:----------------------------------------------
DEBUG:Position info about the robot:
DEBUG:Initial pos/angle: ([[ 0.428  0.024 -0.224]], [[ 0.023  3.141  0.000]])
DEBUG:Current pos/angle: ([[ 0.428  0.023 -0.224]], [[ 0.023  3.141  0.000]]
DEBUG:----------------------------------------------
DEBUG:----------------------------------------------
DEBUG:Position info about the robot:
DEBUG:Initial pos/angle: ([[ 0.428  0.024 -0.224]], [[ 0.023  3.141  0.000]])
DEBUG:Current pos/angle: ([[ 0.428  0.024 -0.224]], [[-0.022 -3.141  0.000]]
DEBUG:----------------------------------------------
DEBUG:----------------------------------------------
DEBUG:Position info about the robot:
DEBUG:Initial pos/angle: ([[ 0.428  0.024 -0.224]], [[ 0.023  3.141  0.000]])
DEBUG:Current pos/angle: ([[ 0.428  0.024 -0.224]], [[-0.022 -3.140  0.000]]
DEBUG:----------------------------------------------
DEBUG:----------------------------------------------
DEBUG:Position info about the robot:
DEBUG:Initial pos/angle: ([[ 0.428  0.024 -0.224]], [[ 0.023  3.141  0.000]])
DEBUG:Current pos/angle: ([[ 0.428  0.024 -0.224]], [[ 0.023  3.141  0.000]]
DEBUG:----------------------------------------------
DEBUG:----------------------------------------------
DEBUG:Position info about the robot:
DEBUG:Initial pos/angle: ([[ 0.428  0.024 -0.224]], [[ 0.023  3.141  0.000]])
DEBUG:Current pos/angle: ([[ 0.428  0.024 -0.224]], [[-0.022 -3.140  0.000]]
DEBUG:----------------------------------------------
DEBUG:----------------------------------------------
DEBUG:Position info about the robot:
DEBUG:Initial pos/angle: ([[ 0.428  0.024 -0.224]], [[ 0.023  3.141  0.000]])
DEBUG:Current pos/angle: ([[ 0.428  0.024 -0.224]], [[-0.022 -3.140  0.000]]
DEBUG:----------------------------------------------
DEBUG:----------------------------------------------
DEBUG:Position info about the robot:
DEBUG:Initial pos/angle: ([[ 0.428  0.024 -0.224]], [[ 0.023  3.141  0.000]])
DEBUG:Current pos/angle: ([[ 0.428  0.023 -0.224]], [[ 0.023  3.141  0.000]]
DEBUG:----------------------------------------------
DEBUG:----------------------------------------------
DEBUG:Position info about the robot:
DEBUG:Initial pos/angle: ([[ 0.428  0.024 -0.224]], [[ 0.023  3.141  0.000]])
DEBUG:Current pos/angle: ([[ 0.428  0.024 -0.224]], [[ 0.023  3.142  0.000]]
DEBUG:----------------------------------------------
DEBUG:----------------------------------------------
DEBUG:Position info about the robot:
DEBUG:Initial pos/angle: ([[ 0.428  0.024 -0.224]], [[ 0.023  3.141  0.000]])
DEBUG:Current pos/angle: ([[ 0.428  0.024 -0.224]], [[-0.022 -3.140  0.000]]
DEBUG:----------------------------------------------
DEBUG:----------------------------------------------
DEBUG:Position info about the robot:
DEBUG:Initial pos/angle: ([[ 0.428  0.024 -0.224]], [[ 0.023  3.141  0.000]])
DEBUG:Current pos/angle: ([[ 0.428  0.024 -0.224]], [[ 0.023  3.141  0.000]]
DEBUG:----------------------------------------------
DEBUG:----------------------------------------------
DEBUG:Position info about the robot:
DEBUG:Initial pos/angle: ([[ 0.428  0.024 -0.224]], [[ 0.023  3.141  0.000]])
DEBUG:Current pos/angle: ([[ 0.428  0.024 -0.224]], [[-0.022 -3.140  0.000]]
DEBUG:----------------------------------------------
DEBUG:----------------------------------------------
DEBUG:Position info about the robot:
DEBUG:Initial pos/angle: ([[ 0.428  0.024 -0.224]], [[ 0.023  3.141  0.000]])
DEBUG:Current pos/angle: ([[ 0.428  0.024 -0.224]], [[-0.022 -3.140  0.000]]
DEBUG:----------------------------------------------
DEBUG:----------------------------------------------
DEBUG:Position info about the robot:
DEBUG:Initial pos/angle: ([[ 0.428  0.024 -0.224]], [[ 0.023  3.141  0.000]])
DEBUG:Current pos/angle: ([[ 0.428  0.024 -0.224]], [[-0.022 -3.141  0.000]]
DEBUG:----------------------------------------------
DEBUG:----------------------------------------------
DEBUG:Position info about the robot:
DEBUG:Initial pos/angle: ([[ 0.428  0.024 -0.224]], [[ 0.023  3.141  0.000]])
DEBUG:Current pos/angle: ([[ 0.428  0.024 -0.224]], [[-0.022 -3.140  0.000]]
DEBUG:----------------------------------------------
DEBUG:----------------------------------------------
DEBUG:Position info about the robot:
DEBUG:Initial pos/angle: ([[ 0.428  0.024 -0.224]], [[ 0.023  3.141  0.000]])
DEBUG:Current pos/angle: ([[ 0.428  0.024 -0.224]], [[ 0.023  3.142  0.000]]
DEBUG:----------------------------------------------
DEBUG:----------------------------------------------
DEBUG:Position info about the robot:
DEBUG:Initial pos/angle: ([[ 0.428  0.024 -0.224]], [[ 0.023  3.141  0.000]])
DEBUG:Current pos/angle: ([[ 0.428  0.024 -0.224]], [[-0.022 -3.140  0.000]]
DEBUG:----------------------------------------------
DEBUG:----------------------------------------------
DEBUG:Position info about the robot:
DEBUG:Initial pos/angle: ([[ 0.428  0.024 -0.224]], [[ 0.023  3.141  0.000]])
DEBUG:Current pos/angle: ([[ 0.428  0.024 -0.224]], [[-0.022 -3.141  0.000]]
DEBUG:----------------------------------------------
DEBUG:----------------------------------------------
DEBUG:Position info about the robot:
DEBUG:Initial pos/angle: ([[ 0.428  0.024 -0.224]], [[ 0.023  3.141  0.000]])
DEBUG:Current pos/angle: ([[ 0.428  0.024 -0.224]], [[-0.022 -3.140  0.000]]
DEBUG:----------------------------------------------
DEBUG:----------------------------------------------
DEBUG:Position info about the robot:
DEBUG:Initial pos/angle: ([[ 0.428  0.024 -0.224]], [[ 0.023  3.141  0.000]])
DEBUG:Current pos/angle: ([[ 0.428  0.024 -0.224]], [[ 0.023  3.142  0.000]]
DEBUG:----------------------------------------------
DEBUG:----------------------------------------------
DEBUG:Position info about the robot:
DEBUG:Initial pos/angle: ([[ 0.428  0.024 -0.224]], [[ 0.023  3.141  0.000]])
DEBUG:Current pos/angle: ([[ 0.428  0.024 -0.224]], [[-0.022 -3.140  0.000]]
DEBUG:----------------------------------------------
DEBUG:----------------------------------------------
DEBUG:Position info about the robot:
DEBUG:Initial pos/angle: ([[ 0.428  0.024 -0.224]], [[ 0.023  3.141  0.000]])
DEBUG:Current pos/angle: ([[ 0.428  0.024 -0.224]], [[-0.022 -3.140  0.000]]
DEBUG:----------------------------------------------
DEBUG:----------------------------------------------
DEBUG:Position info about the robot:
DEBUG:Initial pos/angle: ([[ 0.428  0.024 -0.224]], [[ 0.023  3.141  0.000]])
DEBUG:Current pos/angle: ([[ 0.428  0.023 -0.224]], [[-0.022 -3.140  0.000]]
DEBUG:----------------------------------------------
DEBUG:----------------------------------------------
DEBUG:Position info about the robot:
DEBUG:Initial pos/angle: ([[ 0.428  0.024 -0.224]], [[ 0.023  3.141  0.000]])
DEBUG:Current pos/angle: ([[ 0.428  0.024 -0.224]], [[ 0.023  3.141  0.000]]
DEBUG:----------------------------------------------
DEBUG:----------------------------------------------
DEBUG:Position info about the robot:
DEBUG:Initial pos/angle: ([[ 0.428  0.024 -0.224]], [[ 0.023  3.141  0.000]])
DEBUG:Current pos/angle: ([[ 0.428  0.024 -0.224]], [[-0.022 -3.140  0.000]]
DEBUG:----------------------------------------------
DEBUG:----------------------------------------------
DEBUG:Position info about the robot:
DEBUG:Initial pos/angle: ([[ 0.428  0.024 -0.224]], [[ 0.023  3.141  0.000]])
DEBUG:Current pos/angle: ([[ 0.428  0.024 -0.224]], [[-0.022 -3.140  0.000]]
DEBUG:----------------------------------------------
DEBUG:----------------------------------------------
DEBUG:Position info about the robot:
DEBUG:Initial pos/angle: ([[ 0.428  0.024 -0.224]], [[ 0.023  3.141  0.000]])
DEBUG:Current pos/angle: ([[ 0.428  0.023 -0.224]], [[ 0.023  3.141  0.000]]
DEBUG:----------------------------------------------
DEBUG:----------------------------------------------
DEBUG:Position info about the robot:
DEBUG:Initial pos/angle: ([[ 0.428  0.024 -0.224]], [[ 0.023  3.141  0.000]])
DEBUG:Current pos/angle: ([[ 0.428  0.024 -0.224]], [[-0.022 -3.140  0.000]]
DEBUG:----------------------------------------------
DEBUG:----------------------------------------------
DEBUG:Position info about the robot:
DEBUG:Initial pos/angle: ([[ 0.428  0.024 -0.224]], [[ 0.023  3.141  0.000]])
DEBUG:Current pos/angle: ([[ 0.428  0.024 -0.224]], [[ 0.023  3.141  0.000]]
DEBUG:----------------------------------------------
DEBUG:----------------------------------------------
DEBUG:Position info about the robot:
DEBUG:Initial pos/angle: ([[ 0.428  0.024 -0.224]], [[ 0.023  3.141  0.000]])
DEBUG:Current pos/angle: ([[ 0.428  0.024 -0.224]], [[-0.022 -3.140  0.000]]
DEBUG:----------------------------------------------
DEBUG:----------------------------------------------
DEBUG:Position info about the robot:
DEBUG:Initial pos/angle: ([[ 0.428  0.024 -0.224]], [[ 0.023  3.141  0.000]])
DEBUG:Current pos/angle: ([[ 0.428  0.024 -0.224]], [[-0.022 -3.140  0.000]]
DEBUG:----------------------------------------------
DEBUG:----------------------------------------------
DEBUG:Position info about the robot:
DEBUG:Initial pos/angle: ([[ 0.428  0.024 -0.224]], [[ 0.023  3.141  0.000]])
DEBUG:Current pos/angle: ([[ 0.428  0.023 -0.224]], [[ 0.023  3.141  0.000]]
DEBUG:----------------------------------------------
DEBUG:----------------------------------------------
DEBUG:Position info about the robot:
DEBUG:Initial pos/angle: ([[ 0.428  0.024 -0.224]], [[ 0.023  3.141  0.000]])
DEBUG:Current pos/angle: ([[ 0.428  0.023 -0.224]], [[-0.022 -3.140  0.000]]
DEBUG:----------------------------------------------
DEBUG:----------------------------------------------
DEBUG:Position info about the robot:
DEBUG:Initial pos/angle: ([[ 0.428  0.024 -0.224]], [[ 0.023  3.141  0.000]])
DEBUG:Current pos/angle: ([[ 0.428  0.024 -0.224]], [[-0.022 -3.140  0.000]]
DEBUG:----------------------------------------------
DEBUG:----------------------------------------------
DEBUG:Position info about the robot:
DEBUG:Initial pos/angle: ([[ 0.428  0.024 -0.224]], [[ 0.023  3.141  0.000]])
DEBUG:Current pos/angle: ([[ 0.428  0.024 -0.224]], [[ 0.023  3.141  0.000]]
DEBUG:----------------------------------------------
DEBUG:----------------------------------------------
DEBUG:Position info about the robot:
DEBUG:Initial pos/angle: ([[ 0.428  0.024 -0.224]], [[ 0.023  3.141  0.000]])
DEBUG:Current pos/angle: ([[ 0.428  0.024 -0.224]], [[-0.022 -3.140  0.000]]
DEBUG:----------------------------------------------
DEBUG:----------------------------------------------
DEBUG:Position info about the robot:
DEBUG:Initial pos/angle: ([[ 0.428  0.024 -0.224]], [[ 0.023  3.141  0.000]])
DEBUG:Current pos/angle: ([[ 0.428  0.024 -0.224]], [[-0.022 -3.140  0.000]]
DEBUG:----------------------------------------------
DEBUG:----------------------------------------------
DEBUG:Position info about the robot:
DEBUG:Initial pos/angle: ([[ 0.428  0.024 -0.224]], [[ 0.023  3.141  0.000]])
DEBUG:Current pos/angle: ([[ 0.428  0.024 -0.224]], [[ 0.023  3.142  0.000]]
DEBUG:----------------------------------------------
DEBUG:----------------------------------------------
DEBUG:Position info about the robot:
DEBUG:Initial pos/angle: ([[ 0.428  0.024 -0.224]], [[ 0.023  3.141  0.000]])
DEBUG:Current pos/angle: ([[ 0.428  0.024 -0.224]], [[ 0.023  3.141  0.000]]
DEBUG:----------------------------------------------
DEBUG:----------------------------------------------
DEBUG:Position info about the robot:
DEBUG:Initial pos/angle: ([[ 0.428  0.024 -0.224]], [[ 0.023  3.141  0.000]])
DEBUG:Current pos/angle: ([[ 0.428  0.024 -0.224]], [[-0.022 -3.140  0.000]]
DEBUG:----------------------------------------------
DEBUG:----------------------------------------------
DEBUG:Position info about the robot:
DEBUG:Initial pos/angle: ([[ 0.428  0.024 -0.224]], [[ 0.023  3.141  0.000]])
DEBUG:Current pos/angle: ([[ 0.428  0.024 -0.224]], [[-0.022 -3.140  0.000]]
DEBUG:----------------------------------------------
DEBUG:----------------------------------------------
DEBUG:Position info about the robot:
DEBUG:Initial pos/angle: ([[ 0.428  0.024 -0.224]], [[ 0.023  3.141  0.000]])
DEBUG:Current pos/angle: ([[ 0.428  0.024 -0.224]], [[ 0.023  3.142  0.000]]
DEBUG:----------------------------------------------
DEBUG:----------------------------------------------
DEBUG:Position info about the robot:
DEBUG:Initial pos/angle: ([[ 0.428  0.024 -0.224]], [[ 0.023  3.141  0.000]])
DEBUG:Current pos/angle: ([[ 0.428  0.023 -0.224]], [[ 0.023  3.141  0.000]]
DEBUG:----------------------------------------------
DEBUG:----------------------------------------------
DEBUG:Position info about the robot:
DEBUG:Initial pos/angle: ([[ 0.428  0.024 -0.224]], [[ 0.023  3.141  0.000]])
DEBUG:Current pos/angle: ([[ 0.428  0.024 -0.224]], [[ 0.023  3.141  0.000]]
DEBUG:----------------------------------------------
DEBUG:----------------------------------------------
DEBUG:Position info about the robot:
DEBUG:Initial pos/angle: ([[ 0.428  0.024 -0.224]], [[ 0.023  3.141  0.000]])
DEBUG:Current pos/angle: ([[ 0.428  0.024 -0.224]], [[-0.022 -3.140  0.000]]
DEBUG:----------------------------------------------
DEBUG:----------------------------------------------
DEBUG:Position info about the robot:
DEBUG:Initial pos/angle: ([[ 0.428  0.024 -0.224]], [[ 0.023  3.141  0.000]])
DEBUG:Current pos/angle: ([[ 0.428  0.023 -0.224]], [[-0.022 -3.140  0.000]]
DEBUG:----------------------------------------------
DEBUG:----------------------------------------------
DEBUG:Position info about the robot:
DEBUG:Initial pos/angle: ([[ 0.428  0.024 -0.224]], [[ 0.023  3.141  0.000]])
DEBUG:Current pos/angle: ([[ 0.428  0.023 -0.224]], [[ 0.023  3.141  0.000]]
DEBUG:----------------------------------------------
DEBUG:----------------------------------------------
DEBUG:Position info about the robot:
DEBUG:Initial pos/angle: ([[ 0.428  0.024 -0.224]], [[ 0.023  3.141  0.000]])
DEBUG:Current pos/angle: ([[ 0.428  0.024 -0.224]], [[-0.022 -3.140  0.000]]
DEBUG:----------------------------------------------
DEBUG:----------------------------------------------
DEBUG:Position info about the robot:
DEBUG:Initial pos/angle: ([[ 0.428  0.024 -0.224]], [[ 0.023  3.141  0.000]])
DEBUG:Current pos/angle: ([[ 0.428  0.024 -0.224]], [[-0.022 -3.140  0.000]]
DEBUG:----------------------------------------------
DEBUG:----------------------------------------------
DEBUG:Position info about the robot:
DEBUG:Initial pos/angle: ([[ 0.428  0.024 -0.224]], [[ 0.023  3.141  0.000]])
DEBUG:Current pos/angle: ([[ 0.428  0.023 -0.224]], [[ 0.023  3.141  0.000]]
DEBUG:----------------------------------------------
DEBUG:----------------------------------------------
DEBUG:Position info about the robot:
DEBUG:Initial pos/angle: ([[ 0.428  0.024 -0.224]], [[ 0.023  3.141  0.000]])
DEBUG:Current pos/angle: ([[ 0.428  0.024 -0.224]], [[-0.022 -3.140  0.000]]
DEBUG:----------------------------------------------
DEBUG:----------------------------------------------
DEBUG:Position info about the robot:
DEBUG:Initial pos/angle: ([[ 0.428  0.024 -0.224]], [[ 0.023  3.141  0.000]])
DEBUG:Current pos/angle: ([[ 0.428  0.024 -0.224]], [[-0.022 -3.140  0.000]]
DEBUG:----------------------------------------------
DEBUG:----------------------------------------------
DEBUG:Position info about the robot:
DEBUG:Initial pos/angle: ([[ 0.428  0.024 -0.224]], [[ 0.023  3.141  0.000]])
DEBUG:Current pos/angle: ([[ 0.428  0.024 -0.224]], [[ 0.023  3.141  0.000]]
DEBUG:----------------------------------------------
DEBUG:----------------------------------------------
DEBUG:Position info about the robot:
DEBUG:Initial pos/angle: ([[ 0.428  0.024 -0.224]], [[ 0.023  3.141  0.000]])
DEBUG:Current pos/angle: ([[ 0.428  0.023 -0.224]], [[ 0.023  3.141  0.000]]
DEBUG:----------------------------------------------
DEBUG:----------------------------------------------
DEBUG:Position info about the robot:
DEBUG:Initial pos/angle: ([[ 0.428  0.024 -0.224]], [[ 0.023  3.141  0.000]])
DEBUG:Current pos/angle: ([[ 0.428  0.024 -0.224]], [[-0.022 -3.140  0.000]]
DEBUG:----------------------------------------------
DEBUG:----------------------------------------------
DEBUG:Position info about the robot:
DEBUG:Initial pos/angle: ([[ 0.428  0.024 -0.224]], [[ 0.023  3.141  0.000]])
DEBUG:Current pos/angle: ([[ 0.428  0.024 -0.224]], [[-0.022 -3.141  0.000]]
DEBUG:----------------------------------------------
DEBUG:----------------------------------------------
DEBUG:Position info about the robot:
DEBUG:Initial pos/angle: ([[ 0.428  0.024 -0.224]], [[ 0.023  3.141  0.000]])
DEBUG:Current pos/angle: ([[ 0.428  0.023 -0.224]], [[ 0.023  3.142  0.000]]
DEBUG:----------------------------------------------
DEBUG:----------------------------------------------
DEBUG:Position info about the robot:
DEBUG:Initial pos/angle: ([[ 0.428  0.024 -0.224]], [[ 0.023  3.141  0.000]])
DEBUG:Current pos/angle: ([[ 0.428  0.024 -0.224]], [[ 0.023  3.141  0.000]]
DEBUG:----------------------------------------------
DEBUG:----------------------------------------------
DEBUG:Position info about the robot:
DEBUG:Initial pos/angle: ([[ 0.428  0.024 -0.224]], [[ 0.023  3.141  0.000]])
DEBUG:Current pos/angle: ([[ 0.428  0.024 -0.224]], [[ 0.023  3.142  0.000]]
DEBUG:----------------------------------------------
DEBUG:----------------------------------------------
DEBUG:Position info about the robot:
DEBUG:Initial pos/angle: ([[ 0.428  0.024 -0.224]], [[ 0.023  3.141  0.000]])
DEBUG:Current pos/angle: ([[ 0.428  0.024 -0.224]], [[-0.022 -3.140  0.000]]
DEBUG:----------------------------------------------
DEBUG:----------------------------------------------
DEBUG:Position info about the robot:
DEBUG:Initial pos/angle: ([[ 0.428  0.024 -0.224]], [[ 0.023  3.141  0.000]])
DEBUG:Current pos/angle: ([[ 0.428  0.024 -0.224]], [[-0.022 -3.140  0.000]]
DEBUG:----------------------------------------------
DEBUG:----------------------------------------------
DEBUG:Position info about the robot:
DEBUG:Initial pos/angle: ([[ 0.428  0.024 -0.224]], [[ 0.023  3.141  0.000]])
DEBUG:Current pos/angle: ([[ 0.428  0.023 -0.224]], [[ 0.023  3.141  0.000]]
DEBUG:----------------------------------------------
DEBUG:----------------------------------------------
DEBUG:Position info about the robot:
DEBUG:Initial pos/angle: ([[ 0.428  0.024 -0.224]], [[ 0.023  3.141  0.000]])
DEBUG:Current pos/angle: ([[ 0.428  0.024 -0.224]], [[-0.022 -3.140  0.000]]
DEBUG:----------------------------------------------
DEBUG:----------------------------------------------
DEBUG:Position info about the robot:
DEBUG:Initial pos/angle: ([[ 0.428  0.024 -0.224]], [[ 0.023  3.141  0.000]])
DEBUG:Current pos/angle: ([[ 0.428  0.024 -0.224]], [[-0.022 -3.140  0.000]]
DEBUG:----------------------------------------------
DEBUG:----------------------------------------------
DEBUG:Position info about the robot:
DEBUG:Initial pos/angle: ([[ 0.428  0.024 -0.224]], [[ 0.023  3.141  0.000]])
DEBUG:Current pos/angle: ([[ 0.428  0.023 -0.224]], [[ 0.023  3.141  0.000]]
DEBUG:----------------------------------------------
DEBUG:----------------------------------------------
DEBUG:Position info about the robot:
DEBUG:Initial pos/angle: ([[ 0.428  0.024 -0.224]], [[ 0.023  3.141  0.000]])
DEBUG:Current pos/angle: ([[ 0.428  0.024 -0.224]], [[-0.022 -3.140  0.000]]
DEBUG:----------------------------------------------
DEBUG:----------------------------------------------
DEBUG:Position info about the robot:
DEBUG:Initial pos/angle: ([[ 0.428  0.024 -0.224]], [[ 0.023  3.141  0.000]])
DEBUG:Current pos/angle: ([[ 0.428  0.023 -0.224]], [[ 0.023  3.142  0.000]]
DEBUG:----------------------------------------------
DEBUG:----------------------------------------------
DEBUG:Position info about the robot:
DEBUG:Initial pos/angle: ([[ 0.428  0.024 -0.224]], [[ 0.023  3.141  0.000]])
DEBUG:Current pos/angle: ([[ 0.428  0.023 -0.224]], [[-0.022 -3.140  0.000]]
DEBUG:----------------------------------------------
DEBUG:----------------------------------------------
DEBUG:Position info about the robot:
DEBUG:Initial pos/angle: ([[ 0.428  0.024 -0.224]], [[ 0.023  3.141  0.000]])
DEBUG:Current pos/angle: ([[ 0.428  0.024 -0.224]], [[-0.022 -3.140  0.000]]
DEBUG:----------------------------------------------
DEBUG:----------------------------------------------
DEBUG:Position info about the robot:
DEBUG:Initial pos/angle: ([[ 0.428  0.024 -0.224]], [[ 0.023  3.141  0.000]])
DEBUG:Current pos/angle: ([[ 0.428  0.024 -0.224]], [[-0.022 -3.140  0.000]]
DEBUG:----------------------------------------------
DEBUG:----------------------------------------------
DEBUG:Position info about the robot:
DEBUG:Initial pos/angle: ([[ 0.428  0.024 -0.224]], [[ 0.023  3.141  0.000]])
DEBUG:Current pos/angle: ([[ 0.428  0.024 -0.224]], [[-0.022 -3.140  0.000]]
DEBUG:----------------------------------------------
DEBUG:triggering movel to ((0.0, 0.0, -12.5), (-10.0, -9.0, 0.0))
DEBUG:----------------------------------------------
DEBUG:Position info about the robot:
DEBUG:Initial pos/angle: ([[ 0.428  0.024 -0.224]], [[ 0.023  3.141  0.000]])
DEBUG:Current pos/angle: ([[ 0.428  0.024 -0.224]], [[ 0.023  3.141  0.000]]
DEBUG:----------------------------------------------
DEBUG:Still in transit to ((0.0, 0.0, -12.5), (-10.0, -9.0, 0.0))
DEBUG:----------------------------------------------
DEBUG:Position info about the robot:
DEBUG:Initial pos/angle: ([[ 0.428  0.024 -0.224]], [[ 0.023  3.141  0.000]])
DEBUG:Current pos/angle: ([[ 0.428  0.024 -0.224]], [[-0.022 -3.140  0.000]]
DEBUG:----------------------------------------------
DEBUG:Still in transit to ((0.0, 0.0, -12.5), (-10.0, -9.0, 0.0))
DEBUG:----------------------------------------------
DEBUG:Position info about the robot:
DEBUG:Initial pos/angle: ([[ 0.428  0.024 -0.224]], [[ 0.023  3.141  0.000]])
DEBUG:Current pos/angle: ([[ 0.428  0.024 -0.224]], [[ 0.023  3.141  0.000]]
DEBUG:----------------------------------------------
DEBUG:Still in transit to ((0.0, 0.0, -12.5), (-10.0, -9.0, 0.0))
DEBUG:----------------------------------------------
DEBUG:Position info about the robot:
DEBUG:Initial pos/angle: ([[ 0.428  0.024 -0.224]], [[ 0.023  3.141  0.000]])
DEBUG:Current pos/angle: ([[ 0.428  0.024 -0.224]], [[ 0.023  3.142  0.000]]
DEBUG:----------------------------------------------
DEBUG:Still in transit to ((0.0, 0.0, -12.5), (-10.0, -9.0, 0.0))
DEBUG:----------------------------------------------
DEBUG:Position info about the robot:
DEBUG:Initial pos/angle: ([[ 0.428  0.024 -0.224]], [[ 0.023  3.141  0.000]])
DEBUG:Current pos/angle: ([[ 0.428  0.024 -0.224]], [[-0.022 -3.140  0.000]]
DEBUG:----------------------------------------------
DEBUG:Still in transit to ((0.0, 0.0, -12.5), (-10.0, -9.0, 0.0))
DEBUG:----------------------------------------------
DEBUG:Position info about the robot:
DEBUG:Initial pos/angle: ([[ 0.428  0.024 -0.224]], [[ 0.023  3.141  0.000]])
DEBUG:Current pos/angle: ([[ 0.428  0.024 -0.224]], [[-0.022 -3.140  0.000]]
DEBUG:----------------------------------------------
DEBUG:Still in transit to ((0.0, 0.0, -12.5), (-10.0, -9.0, 0.0))
DEBUG:----------------------------------------------
DEBUG:Position info about the robot:
DEBUG:Initial pos/angle: ([[ 0.428  0.024 -0.224]], [[ 0.023  3.141  0.000]])
DEBUG:Current pos/angle: ([[ 0.428  0.024 -0.224]], [[ 0.023  3.141  0.000]]
DEBUG:----------------------------------------------
DEBUG:Still in transit to ((0.0, 0.0, -12.5), (-10.0, -9.0, 0.0))
DEBUG:----------------------------------------------
DEBUG:Position info about the robot:
DEBUG:Initial pos/angle: ([[ 0.428  0.024 -0.224]], [[ 0.023  3.141  0.000]])
DEBUG:Current pos/angle: ([[ 0.428  0.024 -0.224]], [[-0.022 -3.140  0.000]]
DEBUG:----------------------------------------------
DEBUG:Still in transit to ((0.0, 0.0, -12.5), (-10.0, -9.0, 0.0))
DEBUG:----------------------------------------------
DEBUG:Position info about the robot:
DEBUG:Initial pos/angle: ([[ 0.428  0.024 -0.224]], [[ 0.023  3.141  0.000]])
DEBUG:Current pos/angle: ([[ 0.428  0.024 -0.224]], [[ 0.023  3.141  0.000]]
DEBUG:----------------------------------------------
DEBUG:Still in transit to ((0.0, 0.0, -12.5), (-10.0, -9.0, 0.0))
DEBUG:----------------------------------------------
DEBUG:Position info about the robot:
DEBUG:Initial pos/angle: ([[ 0.428  0.024 -0.224]], [[ 0.023  3.141  0.000]])
DEBUG:Current pos/angle: ([[ 0.428  0.024 -0.224]], [[-0.022 -3.140  0.000]]
DEBUG:----------------------------------------------
DEBUG:Still in transit to ((0.0, 0.0, -12.5), (-10.0, -9.0, 0.0))
DEBUG:----------------------------------------------
DEBUG:Position info about the robot:
DEBUG:Initial pos/angle: ([[ 0.428  0.024 -0.224]], [[ 0.023  3.141  0.000]])
DEBUG:Current pos/angle: ([[ 0.428  0.023 -0.224]], [[-0.022 -3.141  0.000]]
DEBUG:----------------------------------------------
DEBUG:Still in transit to ((0.0, 0.0, -12.5), (-10.0, -9.0, 0.0))
DEBUG:----------------------------------------------
DEBUG:Position info about the robot:
DEBUG:Initial pos/angle: ([[ 0.428  0.024 -0.224]], [[ 0.023  3.141  0.000]])
DEBUG:Current pos/angle: ([[ 0.428  0.024 -0.224]], [[ 0.023  3.141  0.000]]
DEBUG:----------------------------------------------
DEBUG:Still in transit to ((0.0, 0.0, -12.5), (-10.0, -9.0, 0.0))
DEBUG:----------------------------------------------
DEBUG:Position info about the robot:
DEBUG:Initial pos/angle: ([[ 0.428  0.024 -0.224]], [[ 0.023  3.141  0.000]])
DEBUG:Current pos/angle: ([[ 0.428  0.024 -0.224]], [[ 0.023  3.141  0.000]]
DEBUG:----------------------------------------------
DEBUG:Still in transit to ((0.0, 0.0, -12.5), (-10.0, -9.0, 0.0))
DEBUG:----------------------------------------------
DEBUG:Position info about the robot:
DEBUG:Initial pos/angle: ([[ 0.428  0.024 -0.224]], [[ 0.023  3.141  0.000]])
DEBUG:Current pos/angle: ([[ 0.428  0.024 -0.224]], [[ 0.023  3.141  0.000]]
DEBUG:----------------------------------------------
DEBUG:Still in transit to ((0.0, 0.0, -12.5), (-10.0, -9.0, 0.0))
DEBUG:----------------------------------------------
DEBUG:Position info about the robot:
DEBUG:Initial pos/angle: ([[ 0.428  0.024 -0.224]], [[ 0.023  3.141  0.000]])
DEBUG:Current pos/angle: ([[ 0.428  0.024 -0.224]], [[-0.022 -3.140  0.000]]
DEBUG:----------------------------------------------
DEBUG:Still in transit to ((0.0, 0.0, -12.5), (-10.0, -9.0, 0.0))
DEBUG:----------------------------------------------
DEBUG:Position info about the robot:
DEBUG:Initial pos/angle: ([[ 0.428  0.024 -0.224]], [[ 0.023  3.141  0.000]])
DEBUG:Current pos/angle: ([[ 0.428  0.024 -0.224]], [[ 0.023  3.141  0.000]]
DEBUG:----------------------------------------------
DEBUG:Still in transit to ((0.0, 0.0, -12.5), (-10.0, -9.0, 0.0))
DEBUG:----------------------------------------------
DEBUG:Position info about the robot:
DEBUG:Initial pos/angle: ([[ 0.428  0.024 -0.224]], [[ 0.023  3.141  0.000]])
DEBUG:Current pos/angle: ([[ 0.428  0.024 -0.224]], [[ 0.023  3.141  0.000]]
DEBUG:----------------------------------------------
DEBUG:Still in transit to ((0.0, 0.0, -12.5), (-10.0, -9.0, 0.0))
DEBUG:----------------------------------------------
DEBUG:Position info about the robot:
DEBUG:Initial pos/angle: ([[ 0.428  0.024 -0.224]], [[ 0.023  3.141  0.000]])
DEBUG:Current pos/angle: ([[ 0.428  0.024 -0.224]], [[ 0.023  3.141  0.000]]
DEBUG:----------------------------------------------
DEBUG:Still in transit to ((0.0, 0.0, -12.5), (-10.0, -9.0, 0.0))
DEBUG:----------------------------------------------
DEBUG:Position info about the robot:
DEBUG:Initial pos/angle: ([[ 0.428  0.024 -0.224]], [[ 0.023  3.141  0.000]])
DEBUG:Current pos/angle: ([[ 0.428  0.023 -0.224]], [[ 0.023  3.141  0.000]]
DEBUG:----------------------------------------------
DEBUG:Still in transit to ((0.0, 0.0, -12.5), (-10.0, -9.0, 0.0))
DEBUG:----------------------------------------------
DEBUG:Position info about the robot:
DEBUG:Initial pos/angle: ([[ 0.428  0.024 -0.224]], [[ 0.023  3.141  0.000]])
DEBUG:Current pos/angle: ([[ 0.428  0.024 -0.224]], [[-0.022 -3.140  0.000]]
DEBUG:----------------------------------------------
DEBUG:Still in transit to ((0.0, 0.0, -12.5), (-10.0, -9.0, 0.0))
DEBUG:----------------------------------------------
DEBUG:Position info about the robot:
DEBUG:Initial pos/angle: ([[ 0.428  0.024 -0.224]], [[ 0.023  3.141  0.000]])
DEBUG:Current pos/angle: ([[ 0.428  0.024 -0.224]], [[-0.022 -3.140  0.000]]
DEBUG:----------------------------------------------
DEBUG:Still in transit to ((0.0, 0.0, -12.5), (-10.0, -9.0, 0.0))
DEBUG:----------------------------------------------
DEBUG:Position info about the robot:
DEBUG:Initial pos/angle: ([[ 0.428  0.024 -0.224]], [[ 0.023  3.141  0.000]])
DEBUG:Current pos/angle: ([[ 0.428  0.023 -0.224]], [[ 0.023  3.141  0.000]]
DEBUG:----------------------------------------------
DEBUG:Still in transit to ((0.0, 0.0, -12.5), (-10.0, -9.0, 0.0))
DEBUG:----------------------------------------------
DEBUG:Position info about the robot:
DEBUG:Initial pos/angle: ([[ 0.428  0.024 -0.224]], [[ 0.023  3.141  0.000]])
DEBUG:Current pos/angle: ([[ 0.428  0.023 -0.224]], [[ 0.023  3.141  0.000]]
DEBUG:----------------------------------------------
DEBUG:Still in transit to ((0.0, 0.0, -12.5), (-10.0, -9.0, 0.0))
DEBUG:----------------------------------------------
DEBUG:Position info about the robot:
DEBUG:Initial pos/angle: ([[ 0.428  0.024 -0.224]], [[ 0.023  3.141  0.000]])
DEBUG:Current pos/angle: ([[ 0.428  0.024 -0.224]], [[-0.022 -3.140  0.000]]
DEBUG:----------------------------------------------
DEBUG:Still in transit to ((0.0, 0.0, -12.5), (-10.0, -9.0, 0.0))
DEBUG:----------------------------------------------
DEBUG:Position info about the robot:
DEBUG:Initial pos/angle: ([[ 0.428  0.024 -0.224]], [[ 0.023  3.141  0.000]])
DEBUG:Current pos/angle: ([[ 0.428  0.024 -0.224]], [[-0.022 -3.140  0.000]]
DEBUG:----------------------------------------------
DEBUG:Still in transit to ((0.0, 0.0, -12.5), (-10.0, -9.0, 0.0))
DEBUG:----------------------------------------------
DEBUG:Position info about the robot:
DEBUG:Initial pos/angle: ([[ 0.428  0.024 -0.224]], [[ 0.023  3.141  0.000]])
DEBUG:Current pos/angle: ([[ 0.428  0.024 -0.224]], [[-0.022 -3.140  0.000]]
DEBUG:----------------------------------------------
DEBUG:Still in transit to ((0.0, 0.0, -12.5), (-10.0, -9.0, 0.0))
DEBUG:----------------------------------------------
DEBUG:Position info about the robot:
DEBUG:Initial pos/angle: ([[ 0.428  0.024 -0.224]], [[ 0.023  3.141  0.000]])
DEBUG:Current pos/angle: ([[ 0.428  0.023 -0.224]], [[ 0.023  3.142  0.000]]
DEBUG:----------------------------------------------
DEBUG:Still in transit to ((0.0, 0.0, -12.5), (-10.0, -9.0, 0.0))
DEBUG:----------------------------------------------
DEBUG:Position info about the robot:
DEBUG:Initial pos/angle: ([[ 0.428  0.024 -0.224]], [[ 0.023  3.141  0.000]])
DEBUG:Current pos/angle: ([[ 0.428  0.024 -0.224]], [[-0.022 -3.140  0.000]]
DEBUG:----------------------------------------------
DEBUG:Still in transit to ((0.0, 0.0, -12.5), (-10.0, -9.0, 0.0))
DEBUG:----------------------------------------------
DEBUG:Position info about the robot:
DEBUG:Initial pos/angle: ([[ 0.428  0.024 -0.224]], [[ 0.023  3.141  0.000]])
DEBUG:Current pos/angle: ([[ 0.428  0.024 -0.224]], [[-0.022 -3.140  0.000]]
DEBUG:----------------------------------------------
DEBUG:Still in transit to ((0.0, 0.0, -12.5), (-10.0, -9.0, 0.0))
DEBUG:----------------------------------------------
DEBUG:Position info about the robot:
DEBUG:Initial pos/angle: ([[ 0.428  0.024 -0.224]], [[ 0.023  3.141  0.000]])
DEBUG:Current pos/angle: ([[ 0.428  0.024 -0.224]], [[ 0.023  3.141  0.000]]
DEBUG:----------------------------------------------
DEBUG:Still in transit to ((0.0, 0.0, -12.5), (-10.0, -9.0, 0.0))
DEBUG:----------------------------------------------
DEBUG:Position info about the robot:
DEBUG:Initial pos/angle: ([[ 0.428  0.024 -0.224]], [[ 0.023  3.141  0.000]])
DEBUG:Current pos/angle: ([[ 0.428  0.024 -0.224]], [[-0.022 -3.140  0.000]]
DEBUG:----------------------------------------------
DEBUG:Still in transit to ((0.0, 0.0, -12.5), (-10.0, -9.0, 0.0))
DEBUG:----------------------------------------------
DEBUG:Position info about the robot:
DEBUG:Initial pos/angle: ([[ 0.428  0.024 -0.224]], [[ 0.023  3.141  0.000]])
DEBUG:Current pos/angle: ([[ 0.428  0.024 -0.224]], [[-0.022 -3.140  0.000]]
DEBUG:----------------------------------------------
DEBUG:Still in transit to ((0.0, 0.0, -12.5), (-10.0, -9.0, 0.0))
DEBUG:----------------------------------------------
DEBUG:Position info about the robot:
DEBUG:Initial pos/angle: ([[ 0.428  0.024 -0.224]], [[ 0.023  3.141  0.000]])
DEBUG:Current pos/angle: ([[ 0.428  0.024 -0.224]], [[ 0.023  3.131  0.000]]
DEBUG:----------------------------------------------
DEBUG:Still in transit to ((0.0, 0.0, -12.5), (-10.0, -9.0, 0.0))
DEBUG:----------------------------------------------
DEBUG:Position info about the robot:
DEBUG:Initial pos/angle: ([[ 0.428  0.024 -0.224]], [[ 0.023  3.141  0.000]])
DEBUG:Current pos/angle: ([[ 0.428  0.024 -0.224]], [[ 0.023  3.099  0.000]]
DEBUG:----------------------------------------------
DEBUG:Still in transit to ((0.0, 0.0, -12.5), (-10.0, -9.0, 0.0))
DEBUG:----------------------------------------------
DEBUG:Position info about the robot:
DEBUG:Initial pos/angle: ([[ 0.428  0.024 -0.224]], [[ 0.023  3.141  0.000]])
DEBUG:Current pos/angle: ([[ 0.428  0.024 -0.224]], [[ 0.022  3.048 -0.000]]
DEBUG:----------------------------------------------
DEBUG:Still in transit to ((0.0, 0.0, -12.5), (-10.0, -9.0, 0.0))
DEBUG:----------------------------------------------
DEBUG:Position info about the robot:
DEBUG:Initial pos/angle: ([[ 0.428  0.024 -0.224]], [[ 0.023  3.141  0.000]])
DEBUG:Current pos/angle: ([[ 0.428  0.024 -0.224]], [[ 0.022  3.006 -0.000]]
DEBUG:----------------------------------------------
DEBUG:Still in transit to ((0.0, 0.0, -12.5), (-10.0, -9.0, 0.0))
DEBUG:----------------------------------------------
DEBUG:Position info about the robot:
DEBUG:Initial pos/angle: ([[ 0.428  0.024 -0.224]], [[ 0.023  3.141  0.000]])
DEBUG:Current pos/angle: ([[ 0.428  0.023 -0.224]], [[ 0.022  2.986 -0.001]]
DEBUG:----------------------------------------------
DEBUG:triggering movel to ((0.0, 0.0, -12.5), (-10.0, -8.0, 0.0))
DEBUG:----------------------------------------------
DEBUG:Position info about the robot:
DEBUG:Initial pos/angle: ([[ 0.428  0.024 -0.224]], [[ 0.023  3.141  0.000]])
DEBUG:Current pos/angle: ([[ 0.428  0.024 -0.224]], [[ 0.022  2.984 -0.001]]
DEBUG:----------------------------------------------
DEBUG:Still in transit to ((0.0, 0.0, -12.5), (-10.0, -8.0, 0.0))
DEBUG:----------------------------------------------
DEBUG:Position info about the robot:
DEBUG:Initial pos/angle: ([[ 0.428  0.024 -0.224]], [[ 0.023  3.141  0.000]])
DEBUG:Current pos/angle: ([[ 0.428  0.024 -0.224]], [[ 0.022  2.985 -0.001]]
DEBUG:----------------------------------------------
DEBUG:Still in transit to ((0.0, 0.0, -12.5), (-10.0, -8.0, 0.0))
DEBUG:----------------------------------------------
DEBUG:Position info about the robot:
DEBUG:Initial pos/angle: ([[ 0.428  0.024 -0.224]], [[ 0.023  3.141  0.000]])
DEBUG:Current pos/angle: ([[ 0.428  0.024 -0.224]], [[ 0.022  2.984 -0.001]]
DEBUG:----------------------------------------------
DEBUG:Still in transit to ((0.0, 0.0, -12.5), (-10.0, -8.0, 0.0))
DEBUG:----------------------------------------------
DEBUG:Position info about the robot:
DEBUG:Initial pos/angle: ([[ 0.428  0.024 -0.224]], [[ 0.023  3.141  0.000]])
DEBUG:Current pos/angle: ([[ 0.428  0.024 -0.224]], [[ 0.022  2.984 -0.001]]
DEBUG:----------------------------------------------
DEBUG:Still in transit to ((0.0, 0.0, -12.5), (-10.0, -8.0, 0.0))
DEBUG:----------------------------------------------
DEBUG:Position info about the robot:
DEBUG:Initial pos/angle: ([[ 0.428  0.024 -0.224]], [[ 0.023  3.141  0.000]])
DEBUG:Current pos/angle: ([[ 0.428  0.023 -0.224]], [[ 0.022  2.984 -0.001]]
DEBUG:----------------------------------------------
DEBUG:Still in transit to ((0.0, 0.0, -12.5), (-10.0, -8.0, 0.0))
DEBUG:----------------------------------------------
DEBUG:Position info about the robot:
DEBUG:Initial pos/angle: ([[ 0.428  0.024 -0.224]], [[ 0.023  3.141  0.000]])
DEBUG:Current pos/angle: ([[ 0.428  0.023 -0.224]], [[ 0.022  2.984 -0.001]]
DEBUG:----------------------------------------------
DEBUG:Still in transit to ((0.0, 0.0, -12.5), (-10.0, -8.0, 0.0))
DEBUG:----------------------------------------------
DEBUG:Position info about the robot:
DEBUG:Initial pos/angle: ([[ 0.428  0.024 -0.224]], [[ 0.023  3.141  0.000]])
DEBUG:Current pos/angle: ([[ 0.428  0.024 -0.224]], [[ 0.022  2.985 -0.001]]
DEBUG:----------------------------------------------
DEBUG:Still in transit to ((0.0, 0.0, -12.5), (-10.0, -8.0, 0.0))
DEBUG:----------------------------------------------
DEBUG:Position info about the robot:
DEBUG:Initial pos/angle: ([[ 0.428  0.024 -0.224]], [[ 0.023  3.141  0.000]])
DEBUG:Current pos/angle: ([[ 0.428  0.024 -0.224]], [[ 0.022  2.985 -0.001]]
DEBUG:----------------------------------------------
DEBUG:Still in transit to ((0.0, 0.0, -12.5), (-10.0, -8.0, 0.0))
DEBUG:----------------------------------------------
DEBUG:Position info about the robot:
DEBUG:Initial pos/angle: ([[ 0.428  0.024 -0.224]], [[ 0.023  3.141  0.000]])
DEBUG:Current pos/angle: ([[ 0.428  0.023 -0.224]], [[ 0.022  2.984 -0.001]]
DEBUG:----------------------------------------------
DEBUG:Still in transit to ((0.0, 0.0, -12.5), (-10.0, -8.0, 0.0))
DEBUG:----------------------------------------------
DEBUG:Position info about the robot:
DEBUG:Initial pos/angle: ([[ 0.428  0.024 -0.224]], [[ 0.023  3.141  0.000]])
DEBUG:Current pos/angle: ([[ 0.428  0.024 -0.224]], [[ 0.022  2.985 -0.001]]
DEBUG:----------------------------------------------
DEBUG:Still in transit to ((0.0, 0.0, -12.5), (-10.0, -8.0, 0.0))
DEBUG:----------------------------------------------
DEBUG:Position info about the robot:
DEBUG:Initial pos/angle: ([[ 0.428  0.024 -0.224]], [[ 0.023  3.141  0.000]])
DEBUG:Current pos/angle: ([[ 0.428  0.024 -0.224]], [[ 0.022  2.985 -0.001]]
DEBUG:----------------------------------------------
