DEBUG:Debug log for the robot starting on 2022-06-29_18-44-10
DEBUG:----------------------------------------------
DEBUG:Position info about the robot:
DEBUG:Initial pos/angle: ([[ 0.428  0.023 -0.210]], [[ 0.150 -3.137  0.000]])
DEBUG:Current pos/angle: ([[ 0.428  0.023 -0.210]], [[ 0.150 -3.137  0.000]]
DEBUG:----------------------------------------------
DEBUG:----------------------------------------------
DEBUG:Position info about the robot:
DEBUG:Initial pos/angle: ([[ 0.428  0.023 -0.210]], [[ 0.150 -3.137  0.000]])
DEBUG:Current pos/angle: ([[ 0.428  0.023 -0.210]], [[ 0.150 -3.137  0.000]]
DEBUG:----------------------------------------------
DEBUG:----------------------------------------------
DEBUG:Position info about the robot:
DEBUG:Initial pos/angle: ([[ 0.428  0.023 -0.210]], [[ 0.150 -3.137  0.000]])
DEBUG:Current pos/angle: ([[ 0.428  0.023 -0.210]], [[-0.149  3.138  0.000]]
DEBUG:----------------------------------------------
DEBUG:----------------------------------------------
DEBUG:Position info about the robot:
DEBUG:Initial pos/angle: ([[ 0.428  0.023 -0.210]], [[ 0.150 -3.137  0.000]])
DEBUG:Current pos/angle: ([[ 0.428  0.023 -0.210]], [[ 0.150 -3.137  0.000]]
DEBUG:----------------------------------------------
DEBUG:----------------------------------------------
DEBUG:Position info about the robot:
DEBUG:Initial pos/angle: ([[ 0.428  0.023 -0.210]], [[ 0.150 -3.137  0.000]])
DEBUG:Current pos/angle: ([[ 0.428  0.023 -0.210]], [[ 0.150 -3.137  0.000]]
DEBUG:----------------------------------------------
DEBUG:----------------------------------------------
DEBUG:Position info about the robot:
DEBUG:Initial pos/angle: ([[ 0.428  0.023 -0.210]], [[ 0.150 -3.137  0.000]])
DEBUG:Current pos/angle: ([[ 0.428  0.023 -0.210]], [[ 0.150 -3.137  0.000]]
DEBUG:----------------------------------------------
DEBUG:----------------------------------------------
DEBUG:Position info about the robot:
DEBUG:Initial pos/angle: ([[ 0.428  0.023 -0.210]], [[ 0.150 -3.137  0.000]])
DEBUG:Current pos/angle: ([[ 0.428  0.023 -0.210]], [[ 0.150 -3.137  0.000]]
DEBUG:----------------------------------------------
DEBUG:----------------------------------------------
DEBUG:Position info about the robot:
DEBUG:Initial pos/angle: ([[ 0.428  0.023 -0.210]], [[ 0.150 -3.137  0.000]])
DEBUG:Current pos/angle: ([[ 0.428  0.023 -0.210]], [[ 0.150 -3.137  0.000]]
DEBUG:----------------------------------------------
DEBUG:----------------------------------------------
DEBUG:Position info about the robot:
DEBUG:Initial pos/angle: ([[ 0.428  0.023 -0.210]], [[ 0.150 -3.137  0.000]])
DEBUG:Current pos/angle: ([[ 0.428  0.023 -0.210]], [[ 0.150 -3.137  0.000]]
DEBUG:----------------------------------------------
DEBUG:----------------------------------------------
DEBUG:Position info about the robot:
DEBUG:Initial pos/angle: ([[ 0.428  0.023 -0.210]], [[ 0.150 -3.137  0.000]])
DEBUG:Current pos/angle: ([[ 0.428  0.023 -0.210]], [[-0.149  3.138  0.000]]
DEBUG:----------------------------------------------
DEBUG:----------------------------------------------
DEBUG:Position info about the robot:
DEBUG:Initial pos/angle: ([[ 0.428  0.023 -0.210]], [[ 0.150 -3.137  0.000]])
DEBUG:Current pos/angle: ([[ 0.428  0.023 -0.210]], [[ 0.150 -3.137  0.000]]
DEBUG:----------------------------------------------
DEBUG:----------------------------------------------
DEBUG:Position info about the robot:
DEBUG:Initial pos/angle: ([[ 0.428  0.023 -0.210]], [[ 0.150 -3.137  0.000]])
DEBUG:Current pos/angle: ([[ 0.428  0.023 -0.210]], [[-0.149  3.138  0.000]]
DEBUG:----------------------------------------------
DEBUG:----------------------------------------------
DEBUG:Position info about the robot:
DEBUG:Initial pos/angle: ([[ 0.428  0.023 -0.210]], [[ 0.150 -3.137  0.000]])
DEBUG:Current pos/angle: ([[ 0.428  0.023 -0.210]], [[ 0.150 -3.137  0.000]]
DEBUG:----------------------------------------------
DEBUG:----------------------------------------------
DEBUG:Position info about the robot:
DEBUG:Initial pos/angle: ([[ 0.428  0.023 -0.210]], [[ 0.150 -3.137  0.000]])
DEBUG:Current pos/angle: ([[ 0.428  0.023 -0.210]], [[ 0.150 -3.137  0.000]]
DEBUG:----------------------------------------------
DEBUG:----------------------------------------------
DEBUG:Position info about the robot:
DEBUG:Initial pos/angle: ([[ 0.428  0.023 -0.210]], [[ 0.150 -3.137  0.000]])
DEBUG:Current pos/angle: ([[ 0.428  0.023 -0.210]], [[-0.149  3.138  0.000]]
DEBUG:----------------------------------------------
DEBUG:----------------------------------------------
DEBUG:Position info about the robot:
DEBUG:Initial pos/angle: ([[ 0.428  0.023 -0.210]], [[ 0.150 -3.137  0.000]])
DEBUG:Current pos/angle: ([[ 0.428  0.023 -0.210]], [[ 0.150 -3.137  0.000]]
DEBUG:----------------------------------------------
DEBUG:----------------------------------------------
DEBUG:Position info about the robot:
DEBUG:Initial pos/angle: ([[ 0.428  0.023 -0.210]], [[ 0.150 -3.137  0.000]])
DEBUG:Current pos/angle: ([[ 0.428  0.023 -0.210]], [[ 0.150 -3.137  0.000]]
DEBUG:----------------------------------------------
DEBUG:----------------------------------------------
DEBUG:Position info about the robot:
DEBUG:Initial pos/angle: ([[ 0.428  0.023 -0.210]], [[ 0.150 -3.137  0.000]])
DEBUG:Current pos/angle: ([[ 0.428  0.023 -0.210]], [[-0.149  3.138  0.000]]
DEBUG:----------------------------------------------
DEBUG:----------------------------------------------
DEBUG:Position info about the robot:
DEBUG:Initial pos/angle: ([[ 0.428  0.023 -0.210]], [[ 0.150 -3.137  0.000]])
DEBUG:Current pos/angle: ([[ 0.428  0.023 -0.210]], [[ 0.150 -3.137  0.000]]
DEBUG:----------------------------------------------
DEBUG:----------------------------------------------
DEBUG:Position info about the robot:
DEBUG:Initial pos/angle: ([[ 0.428  0.023 -0.210]], [[ 0.150 -3.137  0.000]])
DEBUG:Current pos/angle: ([[ 0.428  0.023 -0.210]], [[-0.149  3.138  0.000]]
DEBUG:----------------------------------------------
DEBUG:----------------------------------------------
DEBUG:Position info about the robot:
DEBUG:Initial pos/angle: ([[ 0.428  0.023 -0.210]], [[ 0.150 -3.137  0.000]])
DEBUG:Current pos/angle: ([[ 0.428  0.023 -0.210]], [[-0.149  3.138  0.000]]
DEBUG:----------------------------------------------
DEBUG:----------------------------------------------
DEBUG:Position info about the robot:
DEBUG:Initial pos/angle: ([[ 0.428  0.023 -0.210]], [[ 0.150 -3.137  0.000]])
DEBUG:Current pos/angle: ([[ 0.428  0.023 -0.210]], [[-0.149  3.138  0.000]]
DEBUG:----------------------------------------------
DEBUG:----------------------------------------------
DEBUG:Position info about the robot:
DEBUG:Initial pos/angle: ([[ 0.428  0.023 -0.210]], [[ 0.150 -3.137  0.000]])
DEBUG:Current pos/angle: ([[ 0.428  0.023 -0.210]], [[ 0.150 -3.137  0.000]]
DEBUG:----------------------------------------------
DEBUG:----------------------------------------------
DEBUG:Position info about the robot:
DEBUG:Initial pos/angle: ([[ 0.428  0.023 -0.210]], [[ 0.150 -3.137  0.000]])
DEBUG:Current pos/angle: ([[ 0.428  0.023 -0.210]], [[ 0.150 -3.137  0.000]]
DEBUG:----------------------------------------------
DEBUG:----------------------------------------------
DEBUG:Position info about the robot:
DEBUG:Initial pos/angle: ([[ 0.428  0.023 -0.210]], [[ 0.150 -3.137  0.000]])
DEBUG:Current pos/angle: ([[ 0.428  0.023 -0.210]], [[ 0.150 -3.137  0.000]]
DEBUG:----------------------------------------------
DEBUG:----------------------------------------------
DEBUG:Position info about the robot:
DEBUG:Initial pos/angle: ([[ 0.428  0.023 -0.210]], [[ 0.150 -3.137  0.000]])
DEBUG:Current pos/angle: ([[ 0.428  0.023 -0.210]], [[-0.149  3.138  0.000]]
DEBUG:----------------------------------------------
DEBUG:----------------------------------------------
DEBUG:Position info about the robot:
DEBUG:Initial pos/angle: ([[ 0.428  0.023 -0.210]], [[ 0.150 -3.137  0.000]])
DEBUG:Current pos/angle: ([[ 0.428  0.023 -0.210]], [[-0.149  3.138  0.000]]
DEBUG:----------------------------------------------
DEBUG:----------------------------------------------
DEBUG:Position info about the robot:
DEBUG:Initial pos/angle: ([[ 0.428  0.023 -0.210]], [[ 0.150 -3.137  0.000]])
DEBUG:Current pos/angle: ([[ 0.428  0.023 -0.210]], [[-0.149  3.138  0.000]]
DEBUG:----------------------------------------------
DEBUG:----------------------------------------------
DEBUG:Position info about the robot:
DEBUG:Initial pos/angle: ([[ 0.428  0.023 -0.210]], [[ 0.150 -3.137  0.000]])
DEBUG:Current pos/angle: ([[ 0.428  0.023 -0.210]], [[-0.149  3.138  0.000]]
DEBUG:----------------------------------------------
DEBUG:----------------------------------------------
DEBUG:Position info about the robot:
DEBUG:Initial pos/angle: ([[ 0.428  0.023 -0.210]], [[ 0.150 -3.137  0.000]])
DEBUG:Current pos/angle: ([[ 0.428  0.023 -0.210]], [[-0.149  3.138  0.000]]
DEBUG:----------------------------------------------
DEBUG:----------------------------------------------
DEBUG:Position info about the robot:
DEBUG:Initial pos/angle: ([[ 0.428  0.023 -0.210]], [[ 0.150 -3.137  0.000]])
DEBUG:Current pos/angle: ([[ 0.428  0.023 -0.210]], [[-0.149  3.138  0.000]]
DEBUG:----------------------------------------------
DEBUG:----------------------------------------------
DEBUG:Position info about the robot:
DEBUG:Initial pos/angle: ([[ 0.428  0.023 -0.210]], [[ 0.150 -3.137  0.000]])
DEBUG:Current pos/angle: ([[ 0.428  0.023 -0.210]], [[ 0.150 -3.137  0.000]]
DEBUG:----------------------------------------------
DEBUG:----------------------------------------------
DEBUG:Position info about the robot:
DEBUG:Initial pos/angle: ([[ 0.428  0.023 -0.210]], [[ 0.150 -3.137  0.000]])
DEBUG:Current pos/angle: ([[ 0.428  0.023 -0.210]], [[ 0.150 -3.137  0.000]]
DEBUG:----------------------------------------------
DEBUG:----------------------------------------------
DEBUG:Position info about the robot:
DEBUG:Initial pos/angle: ([[ 0.428  0.023 -0.210]], [[ 0.150 -3.137  0.000]])
DEBUG:Current pos/angle: ([[ 0.428  0.023 -0.210]], [[-0.149  3.138  0.000]]
DEBUG:----------------------------------------------
DEBUG:----------------------------------------------
DEBUG:Position info about the robot:
DEBUG:Initial pos/angle: ([[ 0.428  0.023 -0.210]], [[ 0.150 -3.137  0.000]])
DEBUG:Current pos/angle: ([[ 0.428  0.023 -0.210]], [[-0.149  3.138  0.000]]
DEBUG:----------------------------------------------
DEBUG:----------------------------------------------
DEBUG:Position info about the robot:
DEBUG:Initial pos/angle: ([[ 0.428  0.023 -0.210]], [[ 0.150 -3.137  0.000]])
DEBUG:Current pos/angle: ([[ 0.428  0.023 -0.210]], [[ 0.150 -3.137  0.000]]
DEBUG:----------------------------------------------
DEBUG:----------------------------------------------
DEBUG:Position info about the robot:
DEBUG:Initial pos/angle: ([[ 0.428  0.023 -0.210]], [[ 0.150 -3.137  0.000]])
DEBUG:Current pos/angle: ([[ 0.428  0.023 -0.210]], [[ 0.150 -3.137  0.000]]
DEBUG:----------------------------------------------
DEBUG:----------------------------------------------
DEBUG:Position info about the robot:
DEBUG:Initial pos/angle: ([[ 0.428  0.023 -0.210]], [[ 0.150 -3.137  0.000]])
DEBUG:Current pos/angle: ([[ 0.428  0.023 -0.210]], [[-0.149  3.138  0.000]]
DEBUG:----------------------------------------------
DEBUG:----------------------------------------------
DEBUG:Position info about the robot:
DEBUG:Initial pos/angle: ([[ 0.428  0.023 -0.210]], [[ 0.150 -3.137  0.000]])
DEBUG:Current pos/angle: ([[ 0.428  0.023 -0.210]], [[ 0.150 -3.137  0.000]]
DEBUG:----------------------------------------------
DEBUG:----------------------------------------------
DEBUG:Position info about the robot:
DEBUG:Initial pos/angle: ([[ 0.428  0.023 -0.210]], [[ 0.150 -3.137  0.000]])
DEBUG:Current pos/angle: ([[ 0.428  0.023 -0.210]], [[-0.149  3.138  0.000]]
DEBUG:----------------------------------------------
DEBUG:----------------------------------------------
DEBUG:Position info about the robot:
DEBUG:Initial pos/angle: ([[ 0.428  0.023 -0.210]], [[ 0.150 -3.137  0.000]])
DEBUG:Current pos/angle: ([[ 0.428  0.023 -0.210]], [[ 0.150 -3.137  0.000]]
DEBUG:----------------------------------------------
DEBUG:----------------------------------------------
DEBUG:Position info about the robot:
DEBUG:Initial pos/angle: ([[ 0.428  0.023 -0.210]], [[ 0.150 -3.137  0.000]])
DEBUG:Current pos/angle: ([[ 0.428  0.023 -0.210]], [[ 0.150 -3.137  0.000]]
DEBUG:----------------------------------------------
DEBUG:----------------------------------------------
DEBUG:Position info about the robot:
DEBUG:Initial pos/angle: ([[ 0.428  0.023 -0.210]], [[ 0.150 -3.137  0.000]])
DEBUG:Current pos/angle: ([[ 0.428  0.023 -0.210]], [[ 0.150 -3.137  0.000]]
DEBUG:----------------------------------------------
DEBUG:----------------------------------------------
DEBUG:Position info about the robot:
DEBUG:Initial pos/angle: ([[ 0.428  0.023 -0.210]], [[ 0.150 -3.137  0.000]])
DEBUG:Current pos/angle: ([[ 0.428  0.023 -0.210]], [[-0.149  3.138  0.000]]
DEBUG:----------------------------------------------
DEBUG:----------------------------------------------
DEBUG:Position info about the robot:
DEBUG:Initial pos/angle: ([[ 0.428  0.023 -0.210]], [[ 0.150 -3.137  0.000]])
DEBUG:Current pos/angle: ([[ 0.428  0.023 -0.210]], [[-0.149  3.138  0.000]]
DEBUG:----------------------------------------------
DEBUG:----------------------------------------------
DEBUG:Position info about the robot:
DEBUG:Initial pos/angle: ([[ 0.428  0.023 -0.210]], [[ 0.150 -3.137  0.000]])
DEBUG:Current pos/angle: ([[ 0.428  0.023 -0.210]], [[-0.149  3.138  0.000]]
DEBUG:----------------------------------------------
DEBUG:----------------------------------------------
DEBUG:Position info about the robot:
DEBUG:Initial pos/angle: ([[ 0.428  0.023 -0.210]], [[ 0.150 -3.137  0.000]])
DEBUG:Current pos/angle: ([[ 0.428  0.023 -0.210]], [[-0.149  3.138  0.000]]
DEBUG:----------------------------------------------
DEBUG:----------------------------------------------
DEBUG:Position info about the robot:
DEBUG:Initial pos/angle: ([[ 0.428  0.023 -0.210]], [[ 0.150 -3.137  0.000]])
DEBUG:Current pos/angle: ([[ 0.428  0.023 -0.210]], [[-0.149  3.138  0.000]]
DEBUG:----------------------------------------------
DEBUG:----------------------------------------------
DEBUG:Position info about the robot:
DEBUG:Initial pos/angle: ([[ 0.428  0.023 -0.210]], [[ 0.150 -3.137  0.000]])
DEBUG:Current pos/angle: ([[ 0.428  0.023 -0.210]], [[ 0.150 -3.137  0.000]]
DEBUG:----------------------------------------------
DEBUG:----------------------------------------------
DEBUG:Position info about the robot:
DEBUG:Initial pos/angle: ([[ 0.428  0.023 -0.210]], [[ 0.150 -3.137  0.000]])
DEBUG:Current pos/angle: ([[ 0.428  0.023 -0.210]], [[ 0.150 -3.137  0.000]]
DEBUG:----------------------------------------------
DEBUG:----------------------------------------------
DEBUG:Position info about the robot:
DEBUG:Initial pos/angle: ([[ 0.428  0.023 -0.210]], [[ 0.150 -3.137  0.000]])
DEBUG:Current pos/angle: ([[ 0.428  0.023 -0.210]], [[ 0.150 -3.137  0.000]]
DEBUG:----------------------------------------------
DEBUG:----------------------------------------------
DEBUG:Position info about the robot:
DEBUG:Initial pos/angle: ([[ 0.428  0.023 -0.210]], [[ 0.150 -3.137  0.000]])
DEBUG:Current pos/angle: ([[ 0.428  0.023 -0.210]], [[ 0.150 -3.137  0.000]]
DEBUG:----------------------------------------------
DEBUG:----------------------------------------------
DEBUG:Position info about the robot:
DEBUG:Initial pos/angle: ([[ 0.428  0.023 -0.210]], [[ 0.150 -3.137  0.000]])
DEBUG:Current pos/angle: ([[ 0.428  0.023 -0.210]], [[ 0.150 -3.137  0.000]]
DEBUG:----------------------------------------------
DEBUG:----------------------------------------------
DEBUG:Position info about the robot:
DEBUG:Initial pos/angle: ([[ 0.428  0.023 -0.210]], [[ 0.150 -3.137  0.000]])
DEBUG:Current pos/angle: ([[ 0.428  0.023 -0.210]], [[ 0.150 -3.137  0.000]]
DEBUG:----------------------------------------------
DEBUG:----------------------------------------------
DEBUG:Position info about the robot:
DEBUG:Initial pos/angle: ([[ 0.428  0.023 -0.210]], [[ 0.150 -3.137  0.000]])
DEBUG:Current pos/angle: ([[ 0.428  0.023 -0.210]], [[ 0.150 -3.137  0.000]]
DEBUG:----------------------------------------------
DEBUG:----------------------------------------------
DEBUG:Position info about the robot:
DEBUG:Initial pos/angle: ([[ 0.428  0.023 -0.210]], [[ 0.150 -3.137  0.000]])
DEBUG:Current pos/angle: ([[ 0.428  0.023 -0.210]], [[ 0.150 -3.137  0.000]]
DEBUG:----------------------------------------------
DEBUG:----------------------------------------------
DEBUG:Position info about the robot:
DEBUG:Initial pos/angle: ([[ 0.428  0.023 -0.210]], [[ 0.150 -3.137  0.000]])
DEBUG:Current pos/angle: ([[ 0.428  0.023 -0.210]], [[-0.149  3.138  0.000]]
DEBUG:----------------------------------------------
DEBUG:----------------------------------------------
DEBUG:Position info about the robot:
DEBUG:Initial pos/angle: ([[ 0.428  0.023 -0.210]], [[ 0.150 -3.137  0.000]])
DEBUG:Current pos/angle: ([[ 0.428  0.023 -0.210]], [[-0.149  3.138  0.000]]
DEBUG:----------------------------------------------
DEBUG:----------------------------------------------
DEBUG:Position info about the robot:
DEBUG:Initial pos/angle: ([[ 0.428  0.023 -0.210]], [[ 0.150 -3.137  0.000]])
DEBUG:Current pos/angle: ([[ 0.428  0.023 -0.210]], [[ 0.150 -3.137  0.000]]
DEBUG:----------------------------------------------
DEBUG:----------------------------------------------
DEBUG:Position info about the robot:
DEBUG:Initial pos/angle: ([[ 0.428  0.023 -0.210]], [[ 0.150 -3.137  0.000]])
DEBUG:Current pos/angle: ([[ 0.428  0.023 -0.210]], [[-0.149  3.138  0.000]]
DEBUG:----------------------------------------------
DEBUG:----------------------------------------------
DEBUG:Position info about the robot:
DEBUG:Initial pos/angle: ([[ 0.428  0.023 -0.210]], [[ 0.150 -3.137  0.000]])
DEBUG:Current pos/angle: ([[ 0.428  0.023 -0.210]], [[-0.149  3.138  0.000]]
DEBUG:----------------------------------------------
DEBUG:----------------------------------------------
DEBUG:Position info about the robot:
DEBUG:Initial pos/angle: ([[ 0.428  0.023 -0.210]], [[ 0.150 -3.137  0.000]])
DEBUG:Current pos/angle: ([[ 0.428  0.023 -0.210]], [[-0.149  3.138  0.000]]
DEBUG:----------------------------------------------
DEBUG:----------------------------------------------
DEBUG:Position info about the robot:
DEBUG:Initial pos/angle: ([[ 0.428  0.023 -0.210]], [[ 0.150 -3.137  0.000]])
DEBUG:Current pos/angle: ([[ 0.428  0.023 -0.210]], [[-0.149  3.138  0.000]]
DEBUG:----------------------------------------------
DEBUG:----------------------------------------------
DEBUG:Position info about the robot:
DEBUG:Initial pos/angle: ([[ 0.428  0.023 -0.210]], [[ 0.150 -3.137  0.000]])
DEBUG:Current pos/angle: ([[ 0.428  0.023 -0.210]], [[-0.149  3.138  0.000]]
DEBUG:----------------------------------------------
DEBUG:----------------------------------------------
DEBUG:Position info about the robot:
DEBUG:Initial pos/angle: ([[ 0.428  0.023 -0.210]], [[ 0.150 -3.137  0.000]])
DEBUG:Current pos/angle: ([[ 0.428  0.023 -0.210]], [[ 0.150 -3.137  0.000]]
DEBUG:----------------------------------------------
DEBUG:----------------------------------------------
DEBUG:Position info about the robot:
DEBUG:Initial pos/angle: ([[ 0.428  0.023 -0.210]], [[ 0.150 -3.137  0.000]])
DEBUG:Current pos/angle: ([[ 0.428  0.023 -0.210]], [[-0.149  3.138  0.000]]
DEBUG:----------------------------------------------
DEBUG:----------------------------------------------
DEBUG:Position info about the robot:
DEBUG:Initial pos/angle: ([[ 0.428  0.023 -0.210]], [[ 0.150 -3.137  0.000]])
DEBUG:Current pos/angle: ([[ 0.428  0.023 -0.210]], [[ 0.150 -3.137  0.000]]
DEBUG:----------------------------------------------
DEBUG:----------------------------------------------
DEBUG:Position info about the robot:
DEBUG:Initial pos/angle: ([[ 0.428  0.023 -0.210]], [[ 0.150 -3.137  0.000]])
DEBUG:Current pos/angle: ([[ 0.428  0.023 -0.210]], [[ 0.150 -3.137  0.000]]
DEBUG:----------------------------------------------
DEBUG:----------------------------------------------
DEBUG:Position info about the robot:
DEBUG:Initial pos/angle: ([[ 0.428  0.023 -0.210]], [[ 0.150 -3.137  0.000]])
DEBUG:Current pos/angle: ([[ 0.428  0.023 -0.210]], [[ 0.150 -3.137  0.000]]
DEBUG:----------------------------------------------
DEBUG:----------------------------------------------
DEBUG:Position info about the robot:
DEBUG:Initial pos/angle: ([[ 0.428  0.023 -0.210]], [[ 0.150 -3.137  0.000]])
DEBUG:Current pos/angle: ([[ 0.428  0.023 -0.210]], [[-0.149  3.138  0.000]]
DEBUG:----------------------------------------------
DEBUG:----------------------------------------------
DEBUG:Position info about the robot:
DEBUG:Initial pos/angle: ([[ 0.428  0.023 -0.210]], [[ 0.150 -3.137  0.000]])
DEBUG:Current pos/angle: ([[ 0.428  0.023 -0.210]], [[-0.149  3.138  0.000]]
DEBUG:----------------------------------------------
DEBUG:----------------------------------------------
DEBUG:Position info about the robot:
DEBUG:Initial pos/angle: ([[ 0.428  0.023 -0.210]], [[ 0.150 -3.137  0.000]])
DEBUG:Current pos/angle: ([[ 0.428  0.023 -0.210]], [[-0.149  3.138  0.000]]
DEBUG:----------------------------------------------
DEBUG:----------------------------------------------
DEBUG:Position info about the robot:
DEBUG:Initial pos/angle: ([[ 0.428  0.023 -0.210]], [[ 0.150 -3.137  0.000]])
DEBUG:Current pos/angle: ([[ 0.428  0.023 -0.210]], [[ 0.150 -3.137  0.000]]
DEBUG:----------------------------------------------
DEBUG:----------------------------------------------
DEBUG:Position info about the robot:
DEBUG:Initial pos/angle: ([[ 0.428  0.023 -0.210]], [[ 0.150 -3.137  0.000]])
DEBUG:Current pos/angle: ([[ 0.428  0.023 -0.210]], [[ 0.150 -3.137  0.000]]
DEBUG:----------------------------------------------
DEBUG:----------------------------------------------
DEBUG:Position info about the robot:
DEBUG:Initial pos/angle: ([[ 0.428  0.023 -0.210]], [[ 0.150 -3.137  0.000]])
DEBUG:Current pos/angle: ([[ 0.428  0.023 -0.210]], [[-0.149  3.138  0.000]]
DEBUG:----------------------------------------------
DEBUG:----------------------------------------------
DEBUG:Position info about the robot:
DEBUG:Initial pos/angle: ([[ 0.428  0.023 -0.210]], [[ 0.150 -3.137  0.000]])
DEBUG:Current pos/angle: ([[ 0.428  0.023 -0.210]], [[-0.149  3.138  0.000]]
DEBUG:----------------------------------------------
DEBUG:----------------------------------------------
DEBUG:Position info about the robot:
DEBUG:Initial pos/angle: ([[ 0.428  0.023 -0.210]], [[ 0.150 -3.137  0.000]])
DEBUG:Current pos/angle: ([[ 0.428  0.023 -0.210]], [[-0.149  3.138  0.000]]
DEBUG:----------------------------------------------
DEBUG:----------------------------------------------
DEBUG:Position info about the robot:
DEBUG:Initial pos/angle: ([[ 0.428  0.023 -0.210]], [[ 0.150 -3.137  0.000]])
DEBUG:Current pos/angle: ([[ 0.428  0.023 -0.210]], [[ 0.150 -3.137  0.000]]
DEBUG:----------------------------------------------
DEBUG:----------------------------------------------
DEBUG:Position info about the robot:
DEBUG:Initial pos/angle: ([[ 0.428  0.023 -0.210]], [[ 0.150 -3.137  0.000]])
DEBUG:Current pos/angle: ([[ 0.428  0.023 -0.210]], [[ 0.150 -3.137  0.000]]
DEBUG:----------------------------------------------
DEBUG:----------------------------------------------
DEBUG:Position info about the robot:
DEBUG:Initial pos/angle: ([[ 0.428  0.023 -0.210]], [[ 0.150 -3.137  0.000]])
DEBUG:Current pos/angle: ([[ 0.428  0.023 -0.210]], [[ 0.150 -3.137  0.000]]
DEBUG:----------------------------------------------
DEBUG:----------------------------------------------
DEBUG:Position info about the robot:
DEBUG:Initial pos/angle: ([[ 0.428  0.023 -0.210]], [[ 0.150 -3.137  0.000]])
DEBUG:Current pos/angle: ([[ 0.428  0.023 -0.210]], [[ 0.150 -3.137  0.000]]
DEBUG:----------------------------------------------
DEBUG:----------------------------------------------
DEBUG:Position info about the robot:
DEBUG:Initial pos/angle: ([[ 0.428  0.023 -0.210]], [[ 0.150 -3.137  0.000]])
DEBUG:Current pos/angle: ([[ 0.428  0.023 -0.210]], [[ 0.150 -3.137  0.000]]
DEBUG:----------------------------------------------
DEBUG:----------------------------------------------
DEBUG:Position info about the robot:
DEBUG:Initial pos/angle: ([[ 0.428  0.023 -0.210]], [[ 0.150 -3.137  0.000]])
DEBUG:Current pos/angle: ([[ 0.428  0.023 -0.210]], [[-0.149  3.138  0.000]]
DEBUG:----------------------------------------------
DEBUG:----------------------------------------------
DEBUG:Position info about the robot:
DEBUG:Initial pos/angle: ([[ 0.428  0.023 -0.210]], [[ 0.150 -3.137  0.000]])
DEBUG:Current pos/angle: ([[ 0.428  0.023 -0.210]], [[-0.149  3.138  0.000]]
DEBUG:----------------------------------------------
DEBUG:----------------------------------------------
DEBUG:Position info about the robot:
DEBUG:Initial pos/angle: ([[ 0.428  0.023 -0.210]], [[ 0.150 -3.137  0.000]])
DEBUG:Current pos/angle: ([[ 0.428  0.023 -0.210]], [[-0.149  3.138  0.000]]
DEBUG:----------------------------------------------
DEBUG:----------------------------------------------
DEBUG:Position info about the robot:
DEBUG:Initial pos/angle: ([[ 0.428  0.023 -0.210]], [[ 0.150 -3.137  0.000]])
DEBUG:Current pos/angle: ([[ 0.428  0.023 -0.210]], [[-0.149  3.138  0.000]]
DEBUG:----------------------------------------------
DEBUG:----------------------------------------------
DEBUG:Position info about the robot:
DEBUG:Initial pos/angle: ([[ 0.428  0.023 -0.210]], [[ 0.150 -3.137  0.000]])
DEBUG:Current pos/angle: ([[ 0.428  0.023 -0.210]], [[-0.149  3.138  0.000]]
DEBUG:----------------------------------------------
DEBUG:----------------------------------------------
DEBUG:Position info about the robot:
DEBUG:Initial pos/angle: ([[ 0.428  0.023 -0.210]], [[ 0.150 -3.137  0.000]])
DEBUG:Current pos/angle: ([[ 0.428  0.023 -0.210]], [[ 0.150 -3.137  0.000]]
DEBUG:----------------------------------------------
DEBUG:----------------------------------------------
DEBUG:Position info about the robot:
DEBUG:Initial pos/angle: ([[ 0.428  0.023 -0.210]], [[ 0.150 -3.137  0.000]])
DEBUG:Current pos/angle: ([[ 0.428  0.023 -0.210]], [[-0.149  3.138  0.000]]
DEBUG:----------------------------------------------
DEBUG:----------------------------------------------
DEBUG:Position info about the robot:
DEBUG:Initial pos/angle: ([[ 0.428  0.023 -0.210]], [[ 0.150 -3.137  0.000]])
DEBUG:Current pos/angle: ([[ 0.428  0.023 -0.210]], [[ 0.150 -3.137  0.000]]
DEBUG:----------------------------------------------
DEBUG:----------------------------------------------
DEBUG:Position info about the robot:
DEBUG:Initial pos/angle: ([[ 0.428  0.023 -0.210]], [[ 0.150 -3.137  0.000]])
DEBUG:Current pos/angle: ([[ 0.428  0.023 -0.210]], [[-0.149  3.138  0.000]]
DEBUG:----------------------------------------------
DEBUG:----------------------------------------------
DEBUG:Position info about the robot:
DEBUG:Initial pos/angle: ([[ 0.428  0.023 -0.210]], [[ 0.150 -3.137  0.000]])
DEBUG:Current pos/angle: ([[ 0.428  0.023 -0.210]], [[-0.149  3.138  0.000]]
DEBUG:----------------------------------------------
DEBUG:----------------------------------------------
DEBUG:Position info about the robot:
DEBUG:Initial pos/angle: ([[ 0.428  0.023 -0.210]], [[ 0.150 -3.137  0.000]])
DEBUG:Current pos/angle: ([[ 0.428  0.023 -0.210]], [[ 0.150 -3.137  0.000]]
DEBUG:----------------------------------------------
DEBUG:----------------------------------------------
DEBUG:Position info about the robot:
DEBUG:Initial pos/angle: ([[ 0.428  0.023 -0.210]], [[ 0.150 -3.137  0.000]])
DEBUG:Current pos/angle: ([[ 0.428  0.023 -0.210]], [[-0.149  3.138  0.000]]
DEBUG:----------------------------------------------
DEBUG:----------------------------------------------
DEBUG:Position info about the robot:
DEBUG:Initial pos/angle: ([[ 0.428  0.023 -0.210]], [[ 0.150 -3.137  0.000]])
DEBUG:Current pos/angle: ([[ 0.428  0.023 -0.210]], [[ 0.150 -3.137  0.000]]
DEBUG:----------------------------------------------
DEBUG:----------------------------------------------
DEBUG:Position info about the robot:
DEBUG:Initial pos/angle: ([[ 0.428  0.023 -0.210]], [[ 0.150 -3.137  0.000]])
DEBUG:Current pos/angle: ([[ 0.428  0.023 -0.210]], [[ 0.150 -3.137  0.000]]
DEBUG:----------------------------------------------
DEBUG:----------------------------------------------
DEBUG:Position info about the robot:
DEBUG:Initial pos/angle: ([[ 0.428  0.023 -0.210]], [[ 0.150 -3.137  0.000]])
DEBUG:Current pos/angle: ([[ 0.428  0.023 -0.210]], [[-0.149  3.138  0.000]]
DEBUG:----------------------------------------------
DEBUG:----------------------------------------------
DEBUG:Position info about the robot:
DEBUG:Initial pos/angle: ([[ 0.428  0.023 -0.210]], [[ 0.150 -3.137  0.000]])
DEBUG:Current pos/angle: ([[ 0.428  0.023 -0.210]], [[-0.149  3.138  0.000]]
DEBUG:----------------------------------------------
DEBUG:----------------------------------------------
DEBUG:Position info about the robot:
DEBUG:Initial pos/angle: ([[ 0.428  0.023 -0.210]], [[ 0.150 -3.137  0.000]])
DEBUG:Current pos/angle: ([[ 0.428  0.023 -0.210]], [[ 0.150 -3.137  0.000]]
DEBUG:----------------------------------------------
DEBUG:----------------------------------------------
DEBUG:Position info about the robot:
DEBUG:Initial pos/angle: ([[ 0.428  0.023 -0.210]], [[ 0.150 -3.137  0.000]])
DEBUG:Current pos/angle: ([[ 0.428  0.023 -0.210]], [[ 0.150 -3.137  0.000]]
DEBUG:----------------------------------------------
DEBUG:----------------------------------------------
DEBUG:Position info about the robot:
DEBUG:Initial pos/angle: ([[ 0.428  0.023 -0.210]], [[ 0.150 -3.137  0.000]])
DEBUG:Current pos/angle: ([[ 0.428  0.023 -0.210]], [[ 0.150 -3.137  0.000]]
DEBUG:----------------------------------------------
DEBUG:----------------------------------------------
DEBUG:Position info about the robot:
DEBUG:Initial pos/angle: ([[ 0.428  0.023 -0.210]], [[ 0.150 -3.137  0.000]])
DEBUG:Current pos/angle: ([[ 0.428  0.023 -0.210]], [[ 0.150 -3.137  0.000]]
DEBUG:----------------------------------------------
DEBUG:----------------------------------------------
DEBUG:Position info about the robot:
DEBUG:Initial pos/angle: ([[ 0.428  0.023 -0.210]], [[ 0.150 -3.137  0.000]])
DEBUG:Current pos/angle: ([[ 0.428  0.023 -0.210]], [[-0.149  3.138  0.000]]
DEBUG:----------------------------------------------
DEBUG:----------------------------------------------
DEBUG:Position info about the robot:
DEBUG:Initial pos/angle: ([[ 0.428  0.023 -0.210]], [[ 0.150 -3.137  0.000]])
DEBUG:Current pos/angle: ([[ 0.428  0.023 -0.210]], [[-0.149  3.138  0.000]]
DEBUG:----------------------------------------------
DEBUG:----------------------------------------------
DEBUG:Position info about the robot:
DEBUG:Initial pos/angle: ([[ 0.428  0.023 -0.210]], [[ 0.150 -3.137  0.000]])
DEBUG:Current pos/angle: ([[ 0.428  0.023 -0.210]], [[-0.149  3.138  0.000]]
DEBUG:----------------------------------------------
DEBUG:----------------------------------------------
DEBUG:Position info about the robot:
DEBUG:Initial pos/angle: ([[ 0.428  0.023 -0.210]], [[ 0.150 -3.137  0.000]])
DEBUG:Current pos/angle: ([[ 0.428  0.023 -0.210]], [[-0.149  3.138  0.000]]
DEBUG:----------------------------------------------
DEBUG:----------------------------------------------
DEBUG:Position info about the robot:
DEBUG:Initial pos/angle: ([[ 0.428  0.023 -0.210]], [[ 0.150 -3.137  0.000]])
DEBUG:Current pos/angle: ([[ 0.428  0.023 -0.210]], [[-0.149  3.138  0.000]]
DEBUG:----------------------------------------------
DEBUG:----------------------------------------------
DEBUG:Position info about the robot:
DEBUG:Initial pos/angle: ([[ 0.428  0.023 -0.210]], [[ 0.150 -3.137  0.000]])
DEBUG:Current pos/angle: ([[ 0.428  0.023 -0.210]], [[ 0.150 -3.137  0.000]]
DEBUG:----------------------------------------------
DEBUG:----------------------------------------------
DEBUG:Position info about the robot:
DEBUG:Initial pos/angle: ([[ 0.428  0.023 -0.210]], [[ 0.150 -3.137  0.000]])
DEBUG:Current pos/angle: ([[ 0.428  0.023 -0.210]], [[ 0.150 -3.137  0.000]]
DEBUG:----------------------------------------------
DEBUG:----------------------------------------------
DEBUG:Position info about the robot:
DEBUG:Initial pos/angle: ([[ 0.428  0.023 -0.210]], [[ 0.150 -3.137  0.000]])
DEBUG:Current pos/angle: ([[ 0.428  0.023 -0.210]], [[ 0.150 -3.137  0.000]]
DEBUG:----------------------------------------------
DEBUG:----------------------------------------------
DEBUG:Position info about the robot:
DEBUG:Initial pos/angle: ([[ 0.428  0.023 -0.210]], [[ 0.150 -3.137  0.000]])
DEBUG:Current pos/angle: ([[ 0.428  0.023 -0.210]], [[-0.149  3.138  0.000]]
DEBUG:----------------------------------------------
DEBUG:----------------------------------------------
DEBUG:Position info about the robot:
DEBUG:Initial pos/angle: ([[ 0.428  0.023 -0.210]], [[ 0.150 -3.137  0.000]])
DEBUG:Current pos/angle: ([[ 0.428  0.023 -0.210]], [[-0.149  3.138  0.000]]
DEBUG:----------------------------------------------
DEBUG:----------------------------------------------
DEBUG:Position info about the robot:
DEBUG:Initial pos/angle: ([[ 0.428  0.023 -0.210]], [[ 0.150 -3.137  0.000]])
DEBUG:Current pos/angle: ([[ 0.428  0.023 -0.210]], [[ 0.150 -3.137  0.000]]
DEBUG:----------------------------------------------
DEBUG:----------------------------------------------
DEBUG:Position info about the robot:
DEBUG:Initial pos/angle: ([[ 0.428  0.023 -0.210]], [[ 0.150 -3.137  0.000]])
DEBUG:Current pos/angle: ([[ 0.428  0.023 -0.210]], [[ 0.150 -3.137  0.000]]
DEBUG:----------------------------------------------
DEBUG:----------------------------------------------
DEBUG:Position info about the robot:
DEBUG:Initial pos/angle: ([[ 0.428  0.023 -0.210]], [[ 0.150 -3.137  0.000]])
DEBUG:Current pos/angle: ([[ 0.428  0.023 -0.210]], [[ 0.150 -3.137  0.000]]
DEBUG:----------------------------------------------
DEBUG:----------------------------------------------
DEBUG:Position info about the robot:
DEBUG:Initial pos/angle: ([[ 0.428  0.023 -0.210]], [[ 0.150 -3.137  0.000]])
DEBUG:Current pos/angle: ([[ 0.428  0.023 -0.210]], [[-0.149  3.138  0.000]]
DEBUG:----------------------------------------------
DEBUG:----------------------------------------------
DEBUG:Position info about the robot:
DEBUG:Initial pos/angle: ([[ 0.428  0.023 -0.210]], [[ 0.150 -3.137  0.000]])
DEBUG:Current pos/angle: ([[ 0.428  0.023 -0.210]], [[ 0.150 -3.137  0.000]]
DEBUG:----------------------------------------------
DEBUG:----------------------------------------------
DEBUG:Position info about the robot:
DEBUG:Initial pos/angle: ([[ 0.428  0.023 -0.210]], [[ 0.150 -3.137  0.000]])
DEBUG:Current pos/angle: ([[ 0.428  0.023 -0.210]], [[ 0.150 -3.137  0.000]]
DEBUG:----------------------------------------------
DEBUG:----------------------------------------------
DEBUG:Position info about the robot:
DEBUG:Initial pos/angle: ([[ 0.428  0.023 -0.210]], [[ 0.150 -3.137  0.000]])
DEBUG:Current pos/angle: ([[ 0.428  0.023 -0.210]], [[ 0.150 -3.137  0.000]]
DEBUG:----------------------------------------------
DEBUG:----------------------------------------------
DEBUG:Position info about the robot:
DEBUG:Initial pos/angle: ([[ 0.428  0.023 -0.210]], [[ 0.150 -3.137  0.000]])
DEBUG:Current pos/angle: ([[ 0.428  0.023 -0.210]], [[ 0.150 -3.137  0.000]]
DEBUG:----------------------------------------------
DEBUG:----------------------------------------------
DEBUG:Position info about the robot:
DEBUG:Initial pos/angle: ([[ 0.428  0.023 -0.210]], [[ 0.150 -3.137  0.000]])
DEBUG:Current pos/angle: ([[ 0.428  0.023 -0.210]], [[ 0.150 -3.137  0.000]]
DEBUG:----------------------------------------------
DEBUG:----------------------------------------------
DEBUG:Position info about the robot:
DEBUG:Initial pos/angle: ([[ 0.428  0.023 -0.210]], [[ 0.150 -3.137  0.000]])
DEBUG:Current pos/angle: ([[ 0.428  0.023 -0.210]], [[ 0.150 -3.137  0.000]]
DEBUG:----------------------------------------------
DEBUG:----------------------------------------------
DEBUG:Position info about the robot:
DEBUG:Initial pos/angle: ([[ 0.428  0.023 -0.210]], [[ 0.150 -3.137  0.000]])
DEBUG:Current pos/angle: ([[ 0.428  0.023 -0.210]], [[ 0.150 -3.137  0.000]]
DEBUG:----------------------------------------------
DEBUG:----------------------------------------------
DEBUG:Position info about the robot:
DEBUG:Initial pos/angle: ([[ 0.428  0.023 -0.210]], [[ 0.150 -3.137  0.000]])
DEBUG:Current pos/angle: ([[ 0.428  0.023 -0.210]], [[ 0.150 -3.137  0.000]]
DEBUG:----------------------------------------------
DEBUG:triggering movel to ((0.0, 0.0, -12.5), (-20.0, -20.0, 0.0))
DEBUG:----------------------------------------------
DEBUG:Position info about the robot:
DEBUG:Initial pos/angle: ([[ 0.428  0.023 -0.210]], [[ 0.150 -3.137  0.000]])
DEBUG:Current pos/angle: ([[ 0.428  0.023 -0.210]], [[-0.149  3.138  0.000]]
DEBUG:----------------------------------------------
DEBUG:triggering movel to ((0.0, 0.0, -12.5), (-20.0, -17.5, 0.0))
DEBUG:----------------------------------------------
DEBUG:Position info about the robot:
DEBUG:Initial pos/angle: ([[ 0.428  0.023 -0.210]], [[ 0.150 -3.137  0.000]])
DEBUG:Current pos/angle: ([[ 0.428  0.023 -0.197]], [[-0.131  2.761  0.515]]
DEBUG:----------------------------------------------
DEBUG:triggering movel to ((0.0, 0.0, -12.5), (-20.0, -15.0, 0.0))
DEBUG:----------------------------------------------
DEBUG:Position info about the robot:
DEBUG:Initial pos/angle: ([[ 0.428  0.023 -0.210]], [[ 0.150 -3.137  0.000]])
DEBUG:Current pos/angle: ([[ 0.428  0.023 -0.197]], [[-0.133  2.804  0.519]]
DEBUG:----------------------------------------------
DEBUG:triggering movel to ((0.0, 0.0, -12.5), (-20.0, -12.5, 0.0))
DEBUG:----------------------------------------------
DEBUG:Position info about the robot:
DEBUG:Initial pos/angle: ([[ 0.428  0.023 -0.210]], [[ 0.150 -3.137  0.000]])
DEBUG:Current pos/angle: ([[ 0.428  0.023 -0.197]], [[-0.135  2.847  0.523]]
DEBUG:----------------------------------------------
DEBUG:triggering movel to ((0.0, 0.0, -12.5), (-20.0, -10.0, 0.0))
DEBUG:----------------------------------------------
DEBUG:Position info about the robot:
DEBUG:Initial pos/angle: ([[ 0.428  0.023 -0.210]], [[ 0.150 -3.137  0.000]])
DEBUG:Current pos/angle: ([[ 0.428  0.023 -0.197]], [[-0.137  2.891  0.527]]
DEBUG:----------------------------------------------
DEBUG:triggering movel to ((0.0, 0.0, -12.5), (-20.0, -7.5, 0.0))
DEBUG:----------------------------------------------
DEBUG:Position info about the robot:
DEBUG:Initial pos/angle: ([[ 0.428  0.023 -0.210]], [[ 0.150 -3.137  0.000]])
DEBUG:Current pos/angle: ([[ 0.428  0.023 -0.197]], [[-0.139  2.934  0.531]]
DEBUG:----------------------------------------------
DEBUG:triggering movel to ((0.0, 0.0, -12.5), (-20.0, -5.0, 0.0))
DEBUG:----------------------------------------------
DEBUG:Position info about the robot:
DEBUG:Initial pos/angle: ([[ 0.428  0.023 -0.210]], [[ 0.150 -3.137  0.000]])
DEBUG:Current pos/angle: ([[ 0.428  0.023 -0.197]], [[-0.141  2.977  0.535]]
DEBUG:----------------------------------------------
DEBUG:triggering movel to ((0.0, 0.0, -12.5), (-20.0, -2.5, 0.0))
DEBUG:----------------------------------------------
DEBUG:Position info about the robot:
DEBUG:Initial pos/angle: ([[ 0.428  0.023 -0.210]], [[ 0.150 -3.137  0.000]])
DEBUG:Current pos/angle: ([[ 0.428  0.023 -0.197]], [[-0.143  3.020  0.539]]
DEBUG:----------------------------------------------
DEBUG:triggering movel to ((0.0, 0.0, -12.5), (-20.0, 0.0, 0.0))
DEBUG:----------------------------------------------
DEBUG:Position info about the robot:
DEBUG:Initial pos/angle: ([[ 0.428  0.023 -0.210]], [[ 0.150 -3.137  0.000]])
DEBUG:Current pos/angle: ([[ 0.428  0.023 -0.197]], [[-0.146  3.064  0.543]]
DEBUG:----------------------------------------------
DEBUG:triggering movel to ((0.0, 0.0, -12.5), (-20.0, 2.5, 0.0))
DEBUG:----------------------------------------------
DEBUG:Position info about the robot:
DEBUG:Initial pos/angle: ([[ 0.428  0.023 -0.210]], [[ 0.150 -3.137  0.000]])
DEBUG:Current pos/angle: ([[ 0.428  0.023 -0.197]], [[ 0.147 -3.073 -0.541]]
DEBUG:----------------------------------------------
DEBUG:triggering movel to ((0.0, 0.0, -12.5), (-20.0, 5.0, 0.0))
DEBUG:----------------------------------------------
DEBUG:Position info about the robot:
DEBUG:Initial pos/angle: ([[ 0.428  0.023 -0.210]], [[ 0.150 -3.137  0.000]])
DEBUG:Current pos/angle: ([[ 0.428  0.023 -0.197]], [[ 0.145 -3.031 -0.530]]
DEBUG:----------------------------------------------
DEBUG:triggering movel to ((0.0, 0.0, -12.5), (-20.0, 7.5, 0.0))
DEBUG:----------------------------------------------
DEBUG:Position info about the robot:
DEBUG:Initial pos/angle: ([[ 0.428  0.023 -0.210]], [[ 0.150 -3.137  0.000]])
DEBUG:Current pos/angle: ([[ 0.428  0.023 -0.197]], [[ 0.143 -2.989 -0.520]]
DEBUG:----------------------------------------------
DEBUG:triggering movel to ((0.0, 0.0, -12.5), (-20.0, 10.0, 0.0))
DEBUG:----------------------------------------------
DEBUG:Position info about the robot:
DEBUG:Initial pos/angle: ([[ 0.428  0.023 -0.210]], [[ 0.150 -3.137  0.000]])
DEBUG:Current pos/angle: ([[ 0.428  0.023 -0.197]], [[ 0.141 -2.947 -0.510]]
DEBUG:----------------------------------------------
DEBUG:triggering movel to ((0.0, 0.0, -12.5), (-20.0, 12.5, 0.0))
DEBUG:----------------------------------------------
DEBUG:Position info about the robot:
DEBUG:Initial pos/angle: ([[ 0.428  0.023 -0.210]], [[ 0.150 -3.137  0.000]])
DEBUG:Current pos/angle: ([[ 0.428  0.023 -0.197]], [[ 0.139 -2.904 -0.500]]
DEBUG:----------------------------------------------
DEBUG:triggering movel to ((0.0, 0.0, -12.5), (-20.0, 15.0, 0.0))
DEBUG:----------------------------------------------
DEBUG:Position info about the robot:
DEBUG:Initial pos/angle: ([[ 0.428  0.023 -0.210]], [[ 0.150 -3.137  0.000]])
DEBUG:Current pos/angle: ([[ 0.428  0.023 -0.197]], [[ 0.137 -2.862 -0.491]]
DEBUG:----------------------------------------------
DEBUG:triggering movel to ((0.0, 0.0, -12.5), (-20.0, 17.5, 0.0))
DEBUG:----------------------------------------------
DEBUG:Position info about the robot:
DEBUG:Initial pos/angle: ([[ 0.428  0.023 -0.210]], [[ 0.150 -3.137  0.000]])
DEBUG:Current pos/angle: ([[ 0.428  0.023 -0.197]], [[ 0.135 -2.820 -0.481]]
DEBUG:----------------------------------------------
DEBUG:triggering movel to ((0.0, 0.0, -12.5), (-20.0, 20.0, 0.0))
DEBUG:----------------------------------------------
DEBUG:Position info about the robot:
DEBUG:Initial pos/angle: ([[ 0.428  0.023 -0.210]], [[ 0.150 -3.137  0.000]])
DEBUG:Current pos/angle: ([[ 0.428  0.023 -0.197]], [[ 0.133 -2.777 -0.472]]
DEBUG:----------------------------------------------
DEBUG:triggering movel to ((0.0, 0.0, -12.5), (-17.5, 20.0, 0.0))
DEBUG:----------------------------------------------
DEBUG:Position info about the robot:
DEBUG:Initial pos/angle: ([[ 0.428  0.023 -0.210]], [[ 0.150 -3.137  0.000]])
DEBUG:Current pos/angle: ([[ 0.428  0.023 -0.197]], [[ 0.131 -2.735 -0.463]]
DEBUG:----------------------------------------------
DEBUG:triggering movel to ((0.0, 0.0, -12.5), (-17.5, 17.5, 0.0))
DEBUG:----------------------------------------------
DEBUG:Position info about the robot:
DEBUG:Initial pos/angle: ([[ 0.428  0.023 -0.210]], [[ 0.150 -3.137  0.000]])
DEBUG:Current pos/angle: ([[ 0.428  0.023 -0.197]], [[ 0.131 -2.746 -0.403]]
DEBUG:----------------------------------------------
DEBUG:triggering movel to ((0.0, 0.0, -12.5), (-17.5, 15.0, 0.0))
DEBUG:----------------------------------------------
DEBUG:Position info about the robot:
DEBUG:Initial pos/angle: ([[ 0.428  0.023 -0.210]], [[ 0.150 -3.137  0.000]])
DEBUG:Current pos/angle: ([[ 0.428  0.023 -0.197]], [[ 0.133 -2.789 -0.411]]
DEBUG:----------------------------------------------
DEBUG:triggering movel to ((0.0, 0.0, -12.5), (-17.5, 12.5, 0.0))
DEBUG:----------------------------------------------
DEBUG:Position info about the robot:
DEBUG:Initial pos/angle: ([[ 0.428  0.023 -0.210]], [[ 0.150 -3.137  0.000]])
DEBUG:Current pos/angle: ([[ 0.428  0.023 -0.197]], [[ 0.136 -2.831 -0.419]]
DEBUG:----------------------------------------------
DEBUG:triggering movel to ((0.0, 0.0, -12.5), (-17.5, 10.0, 0.0))
DEBUG:----------------------------------------------
DEBUG:Position info about the robot:
DEBUG:Initial pos/angle: ([[ 0.428  0.023 -0.210]], [[ 0.150 -3.137  0.000]])
DEBUG:Current pos/angle: ([[ 0.428  0.023 -0.197]], [[ 0.138 -2.874 -0.428]]
DEBUG:----------------------------------------------
DEBUG:triggering movel to ((0.0, 0.0, -12.5), (-17.5, 7.5, 0.0))
DEBUG:----------------------------------------------
DEBUG:Position info about the robot:
DEBUG:Initial pos/angle: ([[ 0.428  0.023 -0.210]], [[ 0.150 -3.137  0.000]])
DEBUG:Current pos/angle: ([[ 0.428  0.023 -0.197]], [[ 0.140 -2.916 -0.437]]
DEBUG:----------------------------------------------
DEBUG:triggering movel to ((0.0, 0.0, -12.5), (-17.5, 5.0, 0.0))
DEBUG:----------------------------------------------
DEBUG:Position info about the robot:
DEBUG:Initial pos/angle: ([[ 0.428  0.023 -0.210]], [[ 0.150 -3.137  0.000]])
DEBUG:Current pos/angle: ([[ 0.428  0.023 -0.197]], [[ 0.142 -2.959 -0.446]]
DEBUG:----------------------------------------------
DEBUG:triggering movel to ((0.0, 0.0, -12.5), (-17.5, 2.5, 0.0))
DEBUG:----------------------------------------------
DEBUG:Position info about the robot:
DEBUG:Initial pos/angle: ([[ 0.428  0.023 -0.210]], [[ 0.150 -3.137  0.000]])
DEBUG:Current pos/angle: ([[ 0.428  0.023 -0.197]], [[ 0.144 -3.001 -0.455]]
DEBUG:----------------------------------------------
DEBUG:triggering movel to ((0.0, 0.0, -12.5), (-17.5, 0.0, 0.0))
DEBUG:----------------------------------------------
DEBUG:Position info about the robot:
DEBUG:Initial pos/angle: ([[ 0.428  0.023 -0.210]], [[ 0.150 -3.137  0.000]])
DEBUG:Current pos/angle: ([[ 0.428  0.023 -0.197]], [[ 0.146 -3.044 -0.464]]
DEBUG:----------------------------------------------
DEBUG:triggering movel to ((0.0, 0.0, -12.5), (-17.5, -2.5, 0.0))
DEBUG:----------------------------------------------
DEBUG:Position info about the robot:
DEBUG:Initial pos/angle: ([[ 0.428  0.023 -0.210]], [[ 0.150 -3.137  0.000]])
DEBUG:Current pos/angle: ([[ 0.428  0.023 -0.197]], [[ 0.148 -3.086 -0.474]]
DEBUG:----------------------------------------------
DEBUG:triggering movel to ((0.0, 0.0, -12.5), (-17.5, -5.0, 0.0))
DEBUG:----------------------------------------------
DEBUG:Position info about the robot:
DEBUG:Initial pos/angle: ([[ 0.428  0.023 -0.210]], [[ 0.150 -3.137  0.000]])
DEBUG:Current pos/angle: ([[ 0.428  0.023 -0.197]], [[-0.146  3.073  0.476]]
DEBUG:----------------------------------------------
DEBUG:triggering movel to ((0.0, 0.0, -12.5), (-17.5, -7.5, 0.0))
DEBUG:----------------------------------------------
DEBUG:Position info about the robot:
DEBUG:Initial pos/angle: ([[ 0.428  0.023 -0.210]], [[ 0.150 -3.137  0.000]])
DEBUG:Current pos/angle: ([[ 0.428  0.023 -0.197]], [[-0.144  3.029  0.473]]
DEBUG:----------------------------------------------
DEBUG:triggering movel to ((0.0, 0.0, -12.5), (-17.5, -10.0, 0.0))
DEBUG:----------------------------------------------
DEBUG:Position info about the robot:
DEBUG:Initial pos/angle: ([[ 0.428  0.023 -0.210]], [[ 0.150 -3.137  0.000]])
DEBUG:Current pos/angle: ([[ 0.428  0.023 -0.197]], [[-0.142  2.986  0.470]]
DEBUG:----------------------------------------------
DEBUG:triggering movel to ((0.0, 0.0, -12.5), (-17.5, -12.5, 0.0))
DEBUG:----------------------------------------------
DEBUG:Position info about the robot:
DEBUG:Initial pos/angle: ([[ 0.428  0.023 -0.210]], [[ 0.150 -3.137  0.000]])
DEBUG:Current pos/angle: ([[ 0.428  0.023 -0.197]], [[-0.140  2.942  0.466]]
DEBUG:----------------------------------------------
DEBUG:triggering movel to ((0.0, 0.0, -12.5), (-17.5, -15.0, 0.0))
DEBUG:----------------------------------------------
DEBUG:Position info about the robot:
DEBUG:Initial pos/angle: ([[ 0.428  0.023 -0.210]], [[ 0.150 -3.137  0.000]])
DEBUG:Current pos/angle: ([[ 0.428  0.023 -0.197]], [[-0.138  2.899  0.463]]
DEBUG:----------------------------------------------
DEBUG:triggering movel to ((0.0, 0.0, -12.5), (-17.5, -17.5, 0.0))
DEBUG:----------------------------------------------
DEBUG:Position info about the robot:
DEBUG:Initial pos/angle: ([[ 0.428  0.023 -0.210]], [[ 0.150 -3.137  0.000]])
DEBUG:Current pos/angle: ([[ 0.428  0.023 -0.197]], [[-0.136  2.856  0.460]]
DEBUG:----------------------------------------------
DEBUG:triggering movel to ((0.0, 0.0, -12.5), (-17.5, -20.0, 0.0))
DEBUG:----------------------------------------------
DEBUG:Position info about the robot:
DEBUG:Initial pos/angle: ([[ 0.428  0.023 -0.210]], [[ 0.150 -3.137  0.000]])
DEBUG:Current pos/angle: ([[ 0.428  0.023 -0.197]], [[-0.134  2.812  0.457]]
DEBUG:----------------------------------------------
DEBUG:triggering movel to ((0.0, 0.0, -12.5), (-15.0, -20.0, 0.0))
DEBUG:----------------------------------------------
DEBUG:Position info about the robot:
DEBUG:Initial pos/angle: ([[ 0.428  0.023 -0.210]], [[ 0.150 -3.137  0.000]])
DEBUG:Current pos/angle: ([[ 0.428  0.023 -0.197]], [[-0.131  2.769  0.454]]
DEBUG:----------------------------------------------
DEBUG:triggering movel to ((0.0, 0.0, -12.5), (-15.0, -17.5, 0.0))
DEBUG:----------------------------------------------
DEBUG:Position info about the robot:
DEBUG:Initial pos/angle: ([[ 0.428  0.023 -0.210]], [[ 0.150 -3.137  0.000]])
DEBUG:Current pos/angle: ([[ 0.428  0.023 -0.197]], [[-0.132  2.776  0.393]]
DEBUG:----------------------------------------------
DEBUG:triggering movel to ((0.0, 0.0, -12.5), (-15.0, -15.0, 0.0))
DEBUG:----------------------------------------------
DEBUG:Position info about the robot:
DEBUG:Initial pos/angle: ([[ 0.428  0.023 -0.210]], [[ 0.150 -3.137  0.000]])
DEBUG:Current pos/angle: ([[ 0.428  0.023 -0.197]], [[-0.134  2.819  0.395]]
DEBUG:----------------------------------------------
DEBUG:triggering movel to ((0.0, 0.0, -12.5), (-15.0, -12.5, 0.0))
DEBUG:----------------------------------------------
DEBUG:Position info about the robot:
DEBUG:Initial pos/angle: ([[ 0.428  0.023 -0.210]], [[ 0.150 -3.137  0.000]])
DEBUG:Current pos/angle: ([[ 0.428  0.023 -0.197]], [[-0.136  2.863  0.397]]
DEBUG:----------------------------------------------
DEBUG:triggering movel to ((0.0, 0.0, -12.5), (-15.0, -10.0, 0.0))
DEBUG:----------------------------------------------
DEBUG:Position info about the robot:
DEBUG:Initial pos/angle: ([[ 0.428  0.023 -0.210]], [[ 0.150 -3.137  0.000]])
DEBUG:Current pos/angle: ([[ 0.428  0.023 -0.197]], [[-0.138  2.906  0.400]]
DEBUG:----------------------------------------------
DEBUG:triggering movel to ((0.0, 0.0, -12.5), (-15.0, -7.5, 0.0))
DEBUG:----------------------------------------------
DEBUG:Position info about the robot:
DEBUG:Initial pos/angle: ([[ 0.428  0.023 -0.210]], [[ 0.150 -3.137  0.000]])
DEBUG:Current pos/angle: ([[ 0.428  0.023 -0.197]], [[-0.140  2.950  0.402]]
DEBUG:----------------------------------------------
DEBUG:triggering movel to ((0.0, 0.0, -12.5), (-15.0, -5.0, 0.0))
DEBUG:----------------------------------------------
DEBUG:Position info about the robot:
DEBUG:Initial pos/angle: ([[ 0.428  0.023 -0.210]], [[ 0.150 -3.137  0.000]])
DEBUG:Current pos/angle: ([[ 0.428  0.023 -0.197]], [[-0.142  2.993  0.404]]
DEBUG:----------------------------------------------
DEBUG:triggering movel to ((0.0, 0.0, -12.5), (-15.0, -2.5, 0.0))
DEBUG:----------------------------------------------
DEBUG:Position info about the robot:
DEBUG:Initial pos/angle: ([[ 0.428  0.023 -0.210]], [[ 0.150 -3.137  0.000]])
DEBUG:Current pos/angle: ([[ 0.428  0.023 -0.197]], [[-0.144  3.037  0.406]]
DEBUG:----------------------------------------------
DEBUG:triggering movel to ((0.0, 0.0, -12.5), (-15.0, 0.0, 0.0))
DEBUG:----------------------------------------------
DEBUG:Position info about the robot:
DEBUG:Initial pos/angle: ([[ 0.428  0.023 -0.210]], [[ 0.150 -3.137  0.000]])
DEBUG:Current pos/angle: ([[ 0.428  0.023 -0.197]], [[-0.146  3.080  0.409]]
DEBUG:----------------------------------------------
DEBUG:triggering movel to ((0.0, 0.0, -12.5), (-15.0, 2.5, 0.0))
DEBUG:----------------------------------------------
DEBUG:Position info about the robot:
DEBUG:Initial pos/angle: ([[ 0.428  0.023 -0.210]], [[ 0.150 -3.137  0.000]])
DEBUG:Current pos/angle: ([[ 0.428  0.023 -0.197]], [[ 0.148 -3.098 -0.407]]
DEBUG:----------------------------------------------
DEBUG:triggering movel to ((0.0, 0.0, -12.5), (-15.0, 5.0, 0.0))
DEBUG:----------------------------------------------
DEBUG:Position info about the robot:
DEBUG:Initial pos/angle: ([[ 0.428  0.023 -0.210]], [[ 0.150 -3.137  0.000]])
DEBUG:Current pos/angle: ([[ 0.428  0.023 -0.197]], [[ 0.146 -3.055 -0.398]]
DEBUG:----------------------------------------------
DEBUG:triggering movel to ((0.0, 0.0, -12.5), (-15.0, 7.5, 0.0))
DEBUG:----------------------------------------------
DEBUG:Position info about the robot:
DEBUG:Initial pos/angle: ([[ 0.428  0.023 -0.210]], [[ 0.150 -3.137  0.000]])
DEBUG:Current pos/angle: ([[ 0.428  0.023 -0.197]], [[ 0.144 -3.013 -0.390]]
DEBUG:----------------------------------------------
DEBUG:triggering movel to ((0.0, 0.0, -12.5), (-15.0, 10.0, 0.0))
DEBUG:----------------------------------------------
DEBUG:Position info about the robot:
DEBUG:Initial pos/angle: ([[ 0.428  0.023 -0.210]], [[ 0.150 -3.137  0.000]])
DEBUG:Current pos/angle: ([[ 0.428  0.023 -0.197]], [[ 0.142 -2.970 -0.381]]
DEBUG:----------------------------------------------
DEBUG:triggering movel to ((0.0, 0.0, -12.5), (-15.0, 12.5, 0.0))
DEBUG:----------------------------------------------
DEBUG:Position info about the robot:
DEBUG:Initial pos/angle: ([[ 0.428  0.023 -0.210]], [[ 0.150 -3.137  0.000]])
DEBUG:Current pos/angle: ([[ 0.428  0.023 -0.197]], [[ 0.140 -2.927 -0.373]]
DEBUG:----------------------------------------------
DEBUG:triggering movel to ((0.0, 0.0, -12.5), (-15.0, 15.0, 0.0))
DEBUG:----------------------------------------------
DEBUG:Position info about the robot:
DEBUG:Initial pos/angle: ([[ 0.428  0.023 -0.210]], [[ 0.150 -3.137  0.000]])
DEBUG:Current pos/angle: ([[ 0.428  0.023 -0.197]], [[ 0.138 -2.884 -0.365]]
DEBUG:----------------------------------------------
DEBUG:triggering movel to ((0.0, 0.0, -12.5), (-15.0, 17.5, 0.0))
DEBUG:----------------------------------------------
DEBUG:Position info about the robot:
DEBUG:Initial pos/angle: ([[ 0.428  0.023 -0.210]], [[ 0.150 -3.137  0.000]])
DEBUG:Current pos/angle: ([[ 0.428  0.023 -0.197]], [[ 0.136 -2.842 -0.357]]
DEBUG:----------------------------------------------
DEBUG:triggering movel to ((0.0, 0.0, -12.5), (-15.0, 20.0, 0.0))
DEBUG:----------------------------------------------
DEBUG:Position info about the robot:
DEBUG:Initial pos/angle: ([[ 0.428  0.023 -0.210]], [[ 0.150 -3.137  0.000]])
DEBUG:Current pos/angle: ([[ 0.428  0.023 -0.197]], [[ 0.134 -2.799 -0.350]]
DEBUG:----------------------------------------------
DEBUG:triggering movel to ((0.0, 0.0, -12.5), (-12.5, 20.0, 0.0))
DEBUG:----------------------------------------------
DEBUG:Position info about the robot:
DEBUG:Initial pos/angle: ([[ 0.428  0.023 -0.210]], [[ 0.150 -3.137  0.000]])
DEBUG:Current pos/angle: ([[ 0.428  0.023 -0.197]], [[ 0.132 -2.756 -0.342]]
DEBUG:----------------------------------------------
DEBUG:triggering movel to ((0.0, 0.0, -12.5), (-12.5, 17.5, 0.0))
DEBUG:----------------------------------------------
DEBUG:Position info about the robot:
DEBUG:Initial pos/angle: ([[ 0.428  0.023 -0.210]], [[ 0.150 -3.137  0.000]])
DEBUG:Current pos/angle: ([[ 0.428  0.023 -0.197]], [[ 0.132 -2.765 -0.282]]
DEBUG:----------------------------------------------
DEBUG:triggering movel to ((0.0, 0.0, -12.5), (-12.5, 15.0, 0.0))
DEBUG:----------------------------------------------
DEBUG:Position info about the robot:
DEBUG:Initial pos/angle: ([[ 0.428  0.023 -0.210]], [[ 0.150 -3.137  0.000]])
DEBUG:Current pos/angle: ([[ 0.428  0.023 -0.197]], [[ 0.134 -2.808 -0.288]]
DEBUG:----------------------------------------------
DEBUG:triggering movel to ((0.0, 0.0, -12.5), (-12.5, 12.5, 0.0))
DEBUG:----------------------------------------------
DEBUG:Position info about the robot:
DEBUG:Initial pos/angle: ([[ 0.428  0.023 -0.210]], [[ 0.150 -3.137  0.000]])
DEBUG:Current pos/angle: ([[ 0.428  0.023 -0.197]], [[ 0.136 -2.851 -0.295]]
DEBUG:----------------------------------------------
DEBUG:triggering movel to ((0.0, 0.0, -12.5), (-12.5, 10.0, 0.0))
DEBUG:----------------------------------------------
DEBUG:Position info about the robot:
DEBUG:Initial pos/angle: ([[ 0.428  0.023 -0.210]], [[ 0.150 -3.137  0.000]])
DEBUG:Current pos/angle: ([[ 0.428  0.023 -0.197]], [[ 0.139 -2.894 -0.302]]
DEBUG:----------------------------------------------
DEBUG:triggering movel to ((0.0, 0.0, -12.5), (-12.5, 7.5, 0.0))
DEBUG:----------------------------------------------
DEBUG:Position info about the robot:
DEBUG:Initial pos/angle: ([[ 0.428  0.023 -0.210]], [[ 0.150 -3.137  0.000]])
DEBUG:Current pos/angle: ([[ 0.428  0.023 -0.197]], [[ 0.141 -2.936 -0.309]]
DEBUG:----------------------------------------------
DEBUG:triggering movel to ((0.0, 0.0, -12.5), (-12.5, 5.0, 0.0))
DEBUG:----------------------------------------------
DEBUG:Position info about the robot:
DEBUG:Initial pos/angle: ([[ 0.428  0.023 -0.210]], [[ 0.150 -3.137  0.000]])
DEBUG:Current pos/angle: ([[ 0.428  0.023 -0.197]], [[ 0.143 -2.979 -0.316]]
DEBUG:----------------------------------------------
DEBUG:triggering movel to ((0.0, 0.0, -12.5), (-12.5, 2.5, 0.0))
DEBUG:----------------------------------------------
DEBUG:Position info about the robot:
DEBUG:Initial pos/angle: ([[ 0.428  0.023 -0.210]], [[ 0.150 -3.137  0.000]])
DEBUG:Current pos/angle: ([[ 0.428  0.023 -0.197]], [[ 0.145 -3.022 -0.324]]
DEBUG:----------------------------------------------
DEBUG:triggering movel to ((0.0, 0.0, -12.5), (-12.5, 0.0, 0.0))
DEBUG:----------------------------------------------
DEBUG:Position info about the robot:
DEBUG:Initial pos/angle: ([[ 0.428  0.023 -0.210]], [[ 0.150 -3.137  0.000]])
DEBUG:Current pos/angle: ([[ 0.428  0.023 -0.197]], [[ 0.147 -3.065 -0.331]]
DEBUG:----------------------------------------------
DEBUG:triggering movel to ((0.0, 0.0, -12.5), (-12.5, -2.5, 0.0))
DEBUG:----------------------------------------------
DEBUG:Position info about the robot:
DEBUG:Initial pos/angle: ([[ 0.428  0.023 -0.210]], [[ 0.150 -3.137  0.000]])
DEBUG:Current pos/angle: ([[ 0.428  0.023 -0.197]], [[ 0.149 -3.108 -0.339]]
DEBUG:----------------------------------------------
DEBUG:triggering movel to ((0.0, 0.0, -12.5), (-12.5, -5.0, 0.0))
DEBUG:----------------------------------------------
DEBUG:Position info about the robot:
DEBUG:Initial pos/angle: ([[ 0.428  0.023 -0.210]], [[ 0.150 -3.137  0.000]])
DEBUG:Current pos/angle: ([[ 0.428  0.023 -0.197]], [[-0.147  3.086  0.341]]
DEBUG:----------------------------------------------
DEBUG:triggering movel to ((0.0, 0.0, -12.5), (-12.5, -7.5, 0.0))
DEBUG:----------------------------------------------
DEBUG:Position info about the robot:
DEBUG:Initial pos/angle: ([[ 0.428  0.023 -0.210]], [[ 0.150 -3.137  0.000]])
DEBUG:Current pos/angle: ([[ 0.428  0.023 -0.197]], [[-0.145  3.043  0.340]]
DEBUG:----------------------------------------------
DEBUG:triggering movel to ((0.0, 0.0, -12.5), (-12.5, -10.0, 0.0))
DEBUG:----------------------------------------------
DEBUG:Position info about the robot:
DEBUG:Initial pos/angle: ([[ 0.428  0.023 -0.210]], [[ 0.150 -3.137  0.000]])
DEBUG:Current pos/angle: ([[ 0.428  0.023 -0.197]], [[-0.142  2.999  0.338]]
DEBUG:----------------------------------------------
DEBUG:triggering movel to ((0.0, 0.0, -12.5), (-12.5, -12.5, 0.0))
DEBUG:----------------------------------------------
DEBUG:Position info about the robot:
DEBUG:Initial pos/angle: ([[ 0.428  0.023 -0.210]], [[ 0.150 -3.137  0.000]])
DEBUG:Current pos/angle: ([[ 0.428  0.023 -0.197]], [[-0.140  2.955  0.337]]
DEBUG:----------------------------------------------
DEBUG:triggering movel to ((0.0, 0.0, -12.5), (-12.5, -15.0, 0.0))
DEBUG:----------------------------------------------
DEBUG:Position info about the robot:
DEBUG:Initial pos/angle: ([[ 0.428  0.023 -0.210]], [[ 0.150 -3.137  0.000]])
DEBUG:Current pos/angle: ([[ 0.428  0.023 -0.197]], [[-0.138  2.912  0.335]]
DEBUG:----------------------------------------------
DEBUG:triggering movel to ((0.0, 0.0, -12.5), (-12.5, -17.5, 0.0))
DEBUG:----------------------------------------------
DEBUG:Position info about the robot:
DEBUG:Initial pos/angle: ([[ 0.428  0.023 -0.210]], [[ 0.150 -3.137  0.000]])
DEBUG:Current pos/angle: ([[ 0.428  0.023 -0.197]], [[-0.136  2.868  0.334]]
DEBUG:----------------------------------------------
DEBUG:triggering movel to ((0.0, 0.0, -12.5), (-12.5, -20.0, 0.0))
DEBUG:----------------------------------------------
DEBUG:Position info about the robot:
DEBUG:Initial pos/angle: ([[ 0.428  0.023 -0.210]], [[ 0.150 -3.137  0.000]])
DEBUG:Current pos/angle: ([[ 0.428  0.023 -0.197]], [[-0.134  2.825  0.333]]
DEBUG:----------------------------------------------
DEBUG:triggering movel to ((0.0, 0.0, -12.5), (-10.0, -20.0, 0.0))
DEBUG:----------------------------------------------
DEBUG:Position info about the robot:
DEBUG:Initial pos/angle: ([[ 0.428  0.023 -0.210]], [[ 0.150 -3.137  0.000]])
DEBUG:Current pos/angle: ([[ 0.428  0.023 -0.197]], [[-0.132  2.781  0.331]]
DEBUG:----------------------------------------------
DEBUG:triggering movel to ((0.0, 0.0, -12.5), (-10.0, -17.5, 0.0))
DEBUG:----------------------------------------------
DEBUG:Position info about the robot:
DEBUG:Initial pos/angle: ([[ 0.428  0.023 -0.210]], [[ 0.150 -3.137  0.000]])
DEBUG:Current pos/angle: ([[ 0.428  0.023 -0.197]], [[-0.132  2.786  0.270]]
DEBUG:----------------------------------------------
DEBUG:triggering movel to ((0.0, 0.0, -12.5), (-10.0, -15.0, 0.0))
DEBUG:----------------------------------------------
DEBUG:Position info about the robot:
DEBUG:Initial pos/angle: ([[ 0.428  0.023 -0.210]], [[ 0.150 -3.137  0.000]])
DEBUG:Current pos/angle: ([[ 0.428  0.023 -0.197]], [[-0.134  2.829  0.270]]
DEBUG:----------------------------------------------
DEBUG:triggering movel to ((0.0, 0.0, -12.5), (-10.0, -12.5, 0.0))
DEBUG:----------------------------------------------
DEBUG:Position info about the robot:
DEBUG:Initial pos/angle: ([[ 0.428  0.023 -0.210]], [[ 0.150 -3.137  0.000]])
DEBUG:Current pos/angle: ([[ 0.428  0.023 -0.197]], [[-0.136  2.873  0.271]]
DEBUG:----------------------------------------------
DEBUG:triggering movel to ((0.0, 0.0, -12.5), (-10.0, -10.0, 0.0))
DEBUG:----------------------------------------------
DEBUG:Position info about the robot:
DEBUG:Initial pos/angle: ([[ 0.428  0.023 -0.210]], [[ 0.150 -3.137  0.000]])
DEBUG:Current pos/angle: ([[ 0.428  0.023 -0.197]], [[-0.138  2.917  0.272]]
DEBUG:----------------------------------------------
DEBUG:triggering movel to ((0.0, 0.0, -12.5), (-10.0, -7.5, 0.0))
DEBUG:----------------------------------------------
DEBUG:Position info about the robot:
DEBUG:Initial pos/angle: ([[ 0.428  0.023 -0.210]], [[ 0.150 -3.137  0.000]])
DEBUG:Current pos/angle: ([[ 0.428  0.023 -0.197]], [[-0.141  2.960  0.272]]
DEBUG:----------------------------------------------
DEBUG:triggering movel to ((0.0, 0.0, -12.5), (-10.0, -5.0, 0.0))
DEBUG:----------------------------------------------
DEBUG:Position info about the robot:
DEBUG:Initial pos/angle: ([[ 0.428  0.023 -0.210]], [[ 0.150 -3.137  0.000]])
DEBUG:Current pos/angle: ([[ 0.428  0.023 -0.197]], [[-0.143  3.004  0.273]]
DEBUG:----------------------------------------------
DEBUG:triggering movel to ((0.0, 0.0, -12.5), (-10.0, -2.5, 0.0))
DEBUG:----------------------------------------------
DEBUG:Position info about the robot:
DEBUG:Initial pos/angle: ([[ 0.428  0.023 -0.210]], [[ 0.150 -3.137  0.000]])
DEBUG:Current pos/angle: ([[ 0.428  0.023 -0.197]], [[-0.145  3.047  0.273]]
DEBUG:----------------------------------------------
DEBUG:triggering movel to ((0.0, 0.0, -12.5), (-10.0, 0.0, 0.0))
DEBUG:----------------------------------------------
DEBUG:Position info about the robot:
DEBUG:Initial pos/angle: ([[ 0.428  0.023 -0.210]], [[ 0.150 -3.137  0.000]])
DEBUG:Current pos/angle: ([[ 0.428  0.023 -0.197]], [[-0.147  3.091  0.274]]
DEBUG:----------------------------------------------
DEBUG:triggering movel to ((0.0, 0.0, -12.5), (-10.0, 2.5, 0.0))
DEBUG:----------------------------------------------
DEBUG:Position info about the robot:
DEBUG:Initial pos/angle: ([[ 0.428  0.023 -0.210]], [[ 0.150 -3.137  0.000]])
DEBUG:Current pos/angle: ([[ 0.428  0.023 -0.197]], [[ 0.149 -3.117 -0.272]]
DEBUG:----------------------------------------------
DEBUG:triggering movel to ((0.0, 0.0, -12.5), (-10.0, 5.0, 0.0))
DEBUG:----------------------------------------------
DEBUG:Position info about the robot:
DEBUG:Initial pos/angle: ([[ 0.428  0.023 -0.210]], [[ 0.150 -3.137  0.000]])
DEBUG:Current pos/angle: ([[ 0.428  0.023 -0.197]], [[ 0.147 -3.074 -0.265]]
DEBUG:----------------------------------------------
DEBUG:triggering movel to ((0.0, 0.0, -12.5), (-10.0, 7.5, 0.0))
DEBUG:----------------------------------------------
DEBUG:Position info about the robot:
DEBUG:Initial pos/angle: ([[ 0.428  0.023 -0.210]], [[ 0.150 -3.137  0.000]])
DEBUG:Current pos/angle: ([[ 0.428  0.023 -0.197]], [[ 0.145 -3.031 -0.258]]
DEBUG:----------------------------------------------
DEBUG:triggering movel to ((0.0, 0.0, -12.5), (-10.0, 10.0, 0.0))
DEBUG:----------------------------------------------
DEBUG:Position info about the robot:
DEBUG:Initial pos/angle: ([[ 0.428  0.023 -0.210]], [[ 0.150 -3.137  0.000]])
DEBUG:Current pos/angle: ([[ 0.428  0.023 -0.197]], [[ 0.143 -2.988 -0.252]]
DEBUG:----------------------------------------------
DEBUG:triggering movel to ((0.0, 0.0, -12.5), (-10.0, 12.5, 0.0))
DEBUG:----------------------------------------------
DEBUG:Position info about the robot:
DEBUG:Initial pos/angle: ([[ 0.428  0.023 -0.210]], [[ 0.150 -3.137  0.000]])
DEBUG:Current pos/angle: ([[ 0.428  0.023 -0.197]], [[ 0.141 -2.945 -0.245]]
DEBUG:----------------------------------------------
DEBUG:triggering movel to ((0.0, 0.0, -12.5), (-10.0, 15.0, 0.0))
DEBUG:----------------------------------------------
DEBUG:Position info about the robot:
DEBUG:Initial pos/angle: ([[ 0.428  0.023 -0.210]], [[ 0.150 -3.137  0.000]])
DEBUG:Current pos/angle: ([[ 0.428  0.023 -0.197]], [[ 0.139 -2.901 -0.239]]
DEBUG:----------------------------------------------
DEBUG:triggering movel to ((0.0, 0.0, -12.5), (-10.0, 17.5, 0.0))
DEBUG:----------------------------------------------
DEBUG:Position info about the robot:
DEBUG:Initial pos/angle: ([[ 0.428  0.023 -0.210]], [[ 0.150 -3.137  0.000]])
DEBUG:Current pos/angle: ([[ 0.428  0.023 -0.197]], [[ 0.137 -2.858 -0.233]]
DEBUG:----------------------------------------------
DEBUG:triggering movel to ((0.0, 0.0, -12.5), (-10.0, 20.0, 0.0))
DEBUG:----------------------------------------------
DEBUG:Position info about the robot:
DEBUG:Initial pos/angle: ([[ 0.428  0.023 -0.210]], [[ 0.150 -3.137  0.000]])
DEBUG:Current pos/angle: ([[ 0.428  0.023 -0.197]], [[ 0.135 -2.815 -0.227]]
DEBUG:----------------------------------------------
DEBUG:triggering movel to ((0.0, 0.0, -12.5), (-7.5, 20.0, 0.0))
DEBUG:----------------------------------------------
DEBUG:Position info about the robot:
DEBUG:Initial pos/angle: ([[ 0.428  0.023 -0.210]], [[ 0.150 -3.137  0.000]])
DEBUG:Current pos/angle: ([[ 0.428  0.023 -0.197]], [[ 0.133 -2.772 -0.221]]
DEBUG:----------------------------------------------
DEBUG:triggering movel to ((0.0, 0.0, -12.5), (-7.5, 17.5, 0.0))
DEBUG:----------------------------------------------
DEBUG:Position info about the robot:
DEBUG:Initial pos/angle: ([[ 0.428  0.023 -0.210]], [[ 0.150 -3.137  0.000]])
DEBUG:Current pos/angle: ([[ 0.428  0.023 -0.197]], [[ 0.133 -2.778 -0.160]]
DEBUG:----------------------------------------------
DEBUG:triggering movel to ((0.0, 0.0, -12.5), (-7.5, 15.0, 0.0))
DEBUG:----------------------------------------------
DEBUG:Position info about the robot:
DEBUG:Initial pos/angle: ([[ 0.428  0.023 -0.210]], [[ 0.150 -3.137  0.000]])
DEBUG:Current pos/angle: ([[ 0.428  0.023 -0.197]], [[ 0.135 -2.821 -0.164]]
DEBUG:----------------------------------------------
DEBUG:triggering movel to ((0.0, 0.0, -12.5), (-7.5, 12.5, 0.0))
