DEBUG:Debug log for the robot starting on 2022-06-29_18-42-41
DEBUG:----------------------------------------------
DEBUG:Position info about the robot:
DEBUG:Initial pos/angle: ([[ 0.428  0.023 -0.222]], [[-0.084  3.140  0.000]])
DEBUG:Current pos/angle: ([[ 0.428  0.023 -0.222]], [[ 0.085 -3.139  0.000]]
DEBUG:----------------------------------------------
DEBUG:----------------------------------------------
DEBUG:Position info about the robot:
DEBUG:Initial pos/angle: ([[ 0.428  0.023 -0.222]], [[-0.084  3.140  0.000]])
DEBUG:Current pos/angle: ([[ 0.428  0.023 -0.222]], [[ 0.085 -3.139  0.000]]
DEBUG:----------------------------------------------
DEBUG:----------------------------------------------
DEBUG:Position info about the robot:
DEBUG:Initial pos/angle: ([[ 0.428  0.023 -0.222]], [[-0.084  3.140  0.000]])
DEBUG:Current pos/angle: ([[ 0.428  0.023 -0.222]], [[-0.084  3.140  0.000]]
DEBUG:----------------------------------------------
DEBUG:----------------------------------------------
DEBUG:Position info about the robot:
DEBUG:Initial pos/angle: ([[ 0.428  0.023 -0.222]], [[-0.084  3.140  0.000]])
DEBUG:Current pos/angle: ([[ 0.428  0.023 -0.222]], [[ 0.086 -3.139  0.000]]
DEBUG:----------------------------------------------
DEBUG:----------------------------------------------
DEBUG:Position info about the robot:
DEBUG:Initial pos/angle: ([[ 0.428  0.023 -0.222]], [[-0.084  3.140  0.000]])
DEBUG:Current pos/angle: ([[ 0.428  0.023 -0.222]], [[-0.085  3.140  0.000]]
DEBUG:----------------------------------------------
DEBUG:----------------------------------------------
DEBUG:Position info about the robot:
DEBUG:Initial pos/angle: ([[ 0.428  0.023 -0.222]], [[-0.084  3.140  0.000]])
DEBUG:Current pos/angle: ([[ 0.428  0.023 -0.222]], [[ 0.085 -3.139  0.000]]
DEBUG:----------------------------------------------
DEBUG:----------------------------------------------
DEBUG:Position info about the robot:
DEBUG:Initial pos/angle: ([[ 0.428  0.023 -0.222]], [[-0.084  3.140  0.000]])
DEBUG:Current pos/angle: ([[ 0.428  0.023 -0.222]], [[-0.084  3.140  0.000]]
DEBUG:----------------------------------------------
DEBUG:----------------------------------------------
DEBUG:Position info about the robot:
DEBUG:Initial pos/angle: ([[ 0.428  0.023 -0.222]], [[-0.084  3.140  0.000]])
DEBUG:Current pos/angle: ([[ 0.428  0.023 -0.222]], [[ 0.085 -3.139  0.000]]
DEBUG:----------------------------------------------
DEBUG:----------------------------------------------
DEBUG:Position info about the robot:
DEBUG:Initial pos/angle: ([[ 0.428  0.023 -0.222]], [[-0.084  3.140  0.000]])
DEBUG:Current pos/angle: ([[ 0.428  0.023 -0.222]], [[-0.085  3.140  0.000]]
DEBUG:----------------------------------------------
DEBUG:----------------------------------------------
DEBUG:Position info about the robot:
DEBUG:Initial pos/angle: ([[ 0.428  0.023 -0.222]], [[-0.084  3.140  0.000]])
DEBUG:Current pos/angle: ([[ 0.428  0.023 -0.222]], [[-0.084  3.140  0.000]]
DEBUG:----------------------------------------------
DEBUG:----------------------------------------------
DEBUG:Position info about the robot:
DEBUG:Initial pos/angle: ([[ 0.428  0.023 -0.222]], [[-0.084  3.140  0.000]])
DEBUG:Current pos/angle: ([[ 0.428  0.023 -0.222]], [[ 0.085 -3.139  0.000]]
DEBUG:----------------------------------------------
DEBUG:----------------------------------------------
DEBUG:Position info about the robot:
DEBUG:Initial pos/angle: ([[ 0.428  0.023 -0.222]], [[-0.084  3.140  0.000]])
DEBUG:Current pos/angle: ([[ 0.428  0.023 -0.222]], [[ 0.085 -3.139  0.000]]
DEBUG:----------------------------------------------
DEBUG:----------------------------------------------
DEBUG:Position info about the robot:
DEBUG:Initial pos/angle: ([[ 0.428  0.023 -0.222]], [[-0.084  3.140  0.000]])
DEBUG:Current pos/angle: ([[ 0.428  0.023 -0.222]], [[ 0.085 -3.139  0.000]]
DEBUG:----------------------------------------------
DEBUG:----------------------------------------------
DEBUG:Position info about the robot:
DEBUG:Initial pos/angle: ([[ 0.428  0.023 -0.222]], [[-0.084  3.140  0.000]])
DEBUG:Current pos/angle: ([[ 0.428  0.023 -0.222]], [[ 0.085 -3.139  0.000]]
DEBUG:----------------------------------------------
DEBUG:----------------------------------------------
DEBUG:Position info about the robot:
DEBUG:Initial pos/angle: ([[ 0.428  0.023 -0.222]], [[-0.084  3.140  0.000]])
DEBUG:Current pos/angle: ([[ 0.428  0.023 -0.222]], [[ 0.086 -3.139  0.000]]
DEBUG:----------------------------------------------
DEBUG:----------------------------------------------
DEBUG:Position info about the robot:
DEBUG:Initial pos/angle: ([[ 0.428  0.023 -0.222]], [[-0.084  3.140  0.000]])
DEBUG:Current pos/angle: ([[ 0.428  0.023 -0.222]], [[-0.084  3.140  0.000]]
DEBUG:----------------------------------------------
DEBUG:----------------------------------------------
DEBUG:Position info about the robot:
DEBUG:Initial pos/angle: ([[ 0.428  0.023 -0.222]], [[-0.084  3.140  0.000]])
DEBUG:Current pos/angle: ([[ 0.428  0.023 -0.222]], [[ 0.086 -3.139  0.000]]
DEBUG:----------------------------------------------
DEBUG:----------------------------------------------
DEBUG:Position info about the robot:
DEBUG:Initial pos/angle: ([[ 0.428  0.023 -0.222]], [[-0.084  3.140  0.000]])
DEBUG:Current pos/angle: ([[ 0.428  0.023 -0.222]], [[-0.084  3.140  0.000]]
DEBUG:----------------------------------------------
DEBUG:----------------------------------------------
DEBUG:Position info about the robot:
DEBUG:Initial pos/angle: ([[ 0.428  0.023 -0.222]], [[-0.084  3.140  0.000]])
DEBUG:Current pos/angle: ([[ 0.428  0.023 -0.222]], [[ 0.086 -3.139  0.000]]
DEBUG:----------------------------------------------
DEBUG:----------------------------------------------
DEBUG:Position info about the robot:
DEBUG:Initial pos/angle: ([[ 0.428  0.023 -0.222]], [[-0.084  3.140  0.000]])
DEBUG:Current pos/angle: ([[ 0.428  0.023 -0.222]], [[ 0.085 -3.139  0.000]]
DEBUG:----------------------------------------------
DEBUG:----------------------------------------------
DEBUG:Position info about the robot:
DEBUG:Initial pos/angle: ([[ 0.428  0.023 -0.222]], [[-0.084  3.140  0.000]])
DEBUG:Current pos/angle: ([[ 0.428  0.023 -0.222]], [[-0.084  3.140  0.000]]
DEBUG:----------------------------------------------
DEBUG:----------------------------------------------
DEBUG:Position info about the robot:
DEBUG:Initial pos/angle: ([[ 0.428  0.023 -0.222]], [[-0.084  3.140  0.000]])
DEBUG:Current pos/angle: ([[ 0.428  0.023 -0.222]], [[ 0.086 -3.139  0.000]]
DEBUG:----------------------------------------------
DEBUG:----------------------------------------------
DEBUG:Position info about the robot:
DEBUG:Initial pos/angle: ([[ 0.428  0.023 -0.222]], [[-0.084  3.140  0.000]])
DEBUG:Current pos/angle: ([[ 0.428  0.023 -0.222]], [[-0.085  3.140  0.000]]
DEBUG:----------------------------------------------
DEBUG:----------------------------------------------
DEBUG:Position info about the robot:
DEBUG:Initial pos/angle: ([[ 0.428  0.023 -0.222]], [[-0.084  3.140  0.000]])
DEBUG:Current pos/angle: ([[ 0.428  0.023 -0.222]], [[-0.084  3.140  0.000]]
DEBUG:----------------------------------------------
DEBUG:----------------------------------------------
DEBUG:Position info about the robot:
DEBUG:Initial pos/angle: ([[ 0.428  0.023 -0.222]], [[-0.084  3.140  0.000]])
DEBUG:Current pos/angle: ([[ 0.428  0.023 -0.222]], [[-0.085  3.140  0.000]]
DEBUG:----------------------------------------------
DEBUG:----------------------------------------------
DEBUG:Position info about the robot:
DEBUG:Initial pos/angle: ([[ 0.428  0.023 -0.222]], [[-0.084  3.140  0.000]])
DEBUG:Current pos/angle: ([[ 0.428  0.023 -0.222]], [[-0.085  3.140  0.000]]
DEBUG:----------------------------------------------
DEBUG:----------------------------------------------
DEBUG:Position info about the robot:
DEBUG:Initial pos/angle: ([[ 0.428  0.023 -0.222]], [[-0.084  3.140  0.000]])
DEBUG:Current pos/angle: ([[ 0.428  0.023 -0.222]], [[ 0.085 -3.139  0.000]]
DEBUG:----------------------------------------------
DEBUG:----------------------------------------------
DEBUG:Position info about the robot:
DEBUG:Initial pos/angle: ([[ 0.428  0.023 -0.222]], [[-0.084  3.140  0.000]])
DEBUG:Current pos/angle: ([[ 0.428  0.023 -0.222]], [[ 0.086 -3.139  0.000]]
DEBUG:----------------------------------------------
DEBUG:----------------------------------------------
DEBUG:Position info about the robot:
DEBUG:Initial pos/angle: ([[ 0.428  0.023 -0.222]], [[-0.084  3.140  0.000]])
DEBUG:Current pos/angle: ([[ 0.428  0.023 -0.222]], [[ 0.085 -3.139  0.000]]
DEBUG:----------------------------------------------
DEBUG:----------------------------------------------
DEBUG:Position info about the robot:
DEBUG:Initial pos/angle: ([[ 0.428  0.023 -0.222]], [[-0.084  3.140  0.000]])
DEBUG:Current pos/angle: ([[ 0.428  0.023 -0.222]], [[-0.084  3.140  0.000]]
DEBUG:----------------------------------------------
DEBUG:----------------------------------------------
DEBUG:Position info about the robot:
DEBUG:Initial pos/angle: ([[ 0.428  0.023 -0.222]], [[-0.084  3.140  0.000]])
DEBUG:Current pos/angle: ([[ 0.428  0.023 -0.222]], [[-0.085  3.140  0.000]]
DEBUG:----------------------------------------------
DEBUG:----------------------------------------------
DEBUG:Position info about the robot:
DEBUG:Initial pos/angle: ([[ 0.428  0.023 -0.222]], [[-0.084  3.140  0.000]])
DEBUG:Current pos/angle: ([[ 0.428  0.023 -0.222]], [[-0.084  3.140  0.000]]
DEBUG:----------------------------------------------
DEBUG:----------------------------------------------
DEBUG:Position info about the robot:
DEBUG:Initial pos/angle: ([[ 0.428  0.023 -0.222]], [[-0.084  3.140  0.000]])
DEBUG:Current pos/angle: ([[ 0.428  0.023 -0.222]], [[-0.084  3.140  0.000]]
DEBUG:----------------------------------------------
DEBUG:----------------------------------------------
DEBUG:Position info about the robot:
DEBUG:Initial pos/angle: ([[ 0.428  0.023 -0.222]], [[-0.084  3.140  0.000]])
DEBUG:Current pos/angle: ([[ 0.428  0.023 -0.222]], [[ 0.085 -3.139  0.000]]
DEBUG:----------------------------------------------
DEBUG:----------------------------------------------
DEBUG:Position info about the robot:
DEBUG:Initial pos/angle: ([[ 0.428  0.023 -0.222]], [[-0.084  3.140  0.000]])
DEBUG:Current pos/angle: ([[ 0.428  0.023 -0.222]], [[ 0.086 -3.139  0.000]]
DEBUG:----------------------------------------------
DEBUG:----------------------------------------------
DEBUG:Position info about the robot:
DEBUG:Initial pos/angle: ([[ 0.428  0.023 -0.222]], [[-0.084  3.140  0.000]])
DEBUG:Current pos/angle: ([[ 0.428  0.023 -0.222]], [[ 0.086 -3.139  0.000]]
DEBUG:----------------------------------------------
DEBUG:----------------------------------------------
DEBUG:Position info about the robot:
DEBUG:Initial pos/angle: ([[ 0.428  0.023 -0.222]], [[-0.084  3.140  0.000]])
DEBUG:Current pos/angle: ([[ 0.428  0.023 -0.222]], [[-0.085  3.140  0.000]]
DEBUG:----------------------------------------------
DEBUG:----------------------------------------------
DEBUG:Position info about the robot:
DEBUG:Initial pos/angle: ([[ 0.428  0.023 -0.222]], [[-0.084  3.140  0.000]])
DEBUG:Current pos/angle: ([[ 0.428  0.023 -0.222]], [[ 0.085 -3.139  0.000]]
DEBUG:----------------------------------------------
DEBUG:----------------------------------------------
DEBUG:Position info about the robot:
DEBUG:Initial pos/angle: ([[ 0.428  0.023 -0.222]], [[-0.084  3.140  0.000]])
DEBUG:Current pos/angle: ([[ 0.428  0.023 -0.222]], [[ 0.086 -3.139  0.000]]
DEBUG:----------------------------------------------
DEBUG:----------------------------------------------
DEBUG:Position info about the robot:
DEBUG:Initial pos/angle: ([[ 0.428  0.023 -0.222]], [[-0.084  3.140  0.000]])
DEBUG:Current pos/angle: ([[ 0.428  0.023 -0.222]], [[ 0.086 -3.139  0.000]]
DEBUG:----------------------------------------------
DEBUG:----------------------------------------------
DEBUG:Position info about the robot:
DEBUG:Initial pos/angle: ([[ 0.428  0.023 -0.222]], [[-0.084  3.140  0.000]])
DEBUG:Current pos/angle: ([[ 0.428  0.023 -0.222]], [[-0.084  3.140  0.000]]
DEBUG:----------------------------------------------
DEBUG:----------------------------------------------
DEBUG:Position info about the robot:
DEBUG:Initial pos/angle: ([[ 0.428  0.023 -0.222]], [[-0.084  3.140  0.000]])
DEBUG:Current pos/angle: ([[ 0.428  0.023 -0.222]], [[-0.084  3.140  0.000]]
DEBUG:----------------------------------------------
DEBUG:----------------------------------------------
DEBUG:Position info about the robot:
DEBUG:Initial pos/angle: ([[ 0.428  0.023 -0.222]], [[-0.084  3.140  0.000]])
DEBUG:Current pos/angle: ([[ 0.428  0.023 -0.222]], [[-0.084  3.140  0.000]]
DEBUG:----------------------------------------------
DEBUG:----------------------------------------------
DEBUG:Position info about the robot:
DEBUG:Initial pos/angle: ([[ 0.428  0.023 -0.222]], [[-0.084  3.140  0.000]])
DEBUG:Current pos/angle: ([[ 0.428  0.023 -0.222]], [[ 0.085 -3.139  0.000]]
DEBUG:----------------------------------------------
DEBUG:----------------------------------------------
DEBUG:Position info about the robot:
DEBUG:Initial pos/angle: ([[ 0.428  0.023 -0.222]], [[-0.084  3.140  0.000]])
DEBUG:Current pos/angle: ([[ 0.428  0.023 -0.222]], [[ 0.085 -3.139  0.000]]
DEBUG:----------------------------------------------
DEBUG:----------------------------------------------
DEBUG:Position info about the robot:
DEBUG:Initial pos/angle: ([[ 0.428  0.023 -0.222]], [[-0.084  3.140  0.000]])
DEBUG:Current pos/angle: ([[ 0.428  0.023 -0.222]], [[-0.085  3.140  0.000]]
DEBUG:----------------------------------------------
DEBUG:----------------------------------------------
DEBUG:Position info about the robot:
DEBUG:Initial pos/angle: ([[ 0.428  0.023 -0.222]], [[-0.084  3.140  0.000]])
DEBUG:Current pos/angle: ([[ 0.428  0.023 -0.222]], [[ 0.085 -3.139  0.000]]
DEBUG:----------------------------------------------
DEBUG:----------------------------------------------
DEBUG:Position info about the robot:
DEBUG:Initial pos/angle: ([[ 0.428  0.023 -0.222]], [[-0.084  3.140  0.000]])
DEBUG:Current pos/angle: ([[ 0.428  0.023 -0.222]], [[-0.085  3.140  0.000]]
DEBUG:----------------------------------------------
DEBUG:----------------------------------------------
DEBUG:Position info about the robot:
DEBUG:Initial pos/angle: ([[ 0.428  0.023 -0.222]], [[-0.084  3.140  0.000]])
DEBUG:Current pos/angle: ([[ 0.428  0.023 -0.222]], [[ 0.086 -3.139  0.000]]
DEBUG:----------------------------------------------
DEBUG:----------------------------------------------
DEBUG:Position info about the robot:
DEBUG:Initial pos/angle: ([[ 0.428  0.023 -0.222]], [[-0.084  3.140  0.000]])
DEBUG:Current pos/angle: ([[ 0.428  0.023 -0.222]], [[ 0.085 -3.139  0.000]]
DEBUG:----------------------------------------------
DEBUG:----------------------------------------------
DEBUG:Position info about the robot:
DEBUG:Initial pos/angle: ([[ 0.428  0.023 -0.222]], [[-0.084  3.140  0.000]])
DEBUG:Current pos/angle: ([[ 0.428  0.023 -0.222]], [[ 0.086 -3.139  0.000]]
DEBUG:----------------------------------------------
DEBUG:----------------------------------------------
DEBUG:Position info about the robot:
DEBUG:Initial pos/angle: ([[ 0.428  0.023 -0.222]], [[-0.084  3.140  0.000]])
DEBUG:Current pos/angle: ([[ 0.428  0.023 -0.222]], [[ 0.085 -3.139  0.000]]
DEBUG:----------------------------------------------
DEBUG:----------------------------------------------
DEBUG:Position info about the robot:
DEBUG:Initial pos/angle: ([[ 0.428  0.023 -0.222]], [[-0.084  3.140  0.000]])
DEBUG:Current pos/angle: ([[ 0.428  0.023 -0.222]], [[ 0.085 -3.139  0.000]]
DEBUG:----------------------------------------------
DEBUG:----------------------------------------------
DEBUG:Position info about the robot:
DEBUG:Initial pos/angle: ([[ 0.428  0.023 -0.222]], [[-0.084  3.140  0.000]])
DEBUG:Current pos/angle: ([[ 0.428  0.023 -0.222]], [[-0.085  3.140  0.000]]
DEBUG:----------------------------------------------
DEBUG:----------------------------------------------
DEBUG:Position info about the robot:
DEBUG:Initial pos/angle: ([[ 0.428  0.023 -0.222]], [[-0.084  3.140  0.000]])
DEBUG:Current pos/angle: ([[ 0.428  0.023 -0.222]], [[-0.085  3.140  0.000]]
DEBUG:----------------------------------------------
DEBUG:----------------------------------------------
DEBUG:Position info about the robot:
DEBUG:Initial pos/angle: ([[ 0.428  0.023 -0.222]], [[-0.084  3.140  0.000]])
DEBUG:Current pos/angle: ([[ 0.428  0.023 -0.222]], [[-0.084  3.140  0.000]]
DEBUG:----------------------------------------------
DEBUG:----------------------------------------------
DEBUG:Position info about the robot:
DEBUG:Initial pos/angle: ([[ 0.428  0.023 -0.222]], [[-0.084  3.140  0.000]])
DEBUG:Current pos/angle: ([[ 0.428  0.023 -0.222]], [[ 0.085 -3.139  0.000]]
DEBUG:----------------------------------------------
DEBUG:----------------------------------------------
DEBUG:Position info about the robot:
DEBUG:Initial pos/angle: ([[ 0.428  0.023 -0.222]], [[-0.084  3.140  0.000]])
DEBUG:Current pos/angle: ([[ 0.428  0.023 -0.222]], [[ 0.085 -3.139  0.000]]
DEBUG:----------------------------------------------
DEBUG:----------------------------------------------
DEBUG:Position info about the robot:
DEBUG:Initial pos/angle: ([[ 0.428  0.023 -0.222]], [[-0.084  3.140  0.000]])
DEBUG:Current pos/angle: ([[ 0.428  0.023 -0.222]], [[-0.085  3.140  0.000]]
DEBUG:----------------------------------------------
DEBUG:----------------------------------------------
DEBUG:Position info about the robot:
DEBUG:Initial pos/angle: ([[ 0.428  0.023 -0.222]], [[-0.084  3.140  0.000]])
DEBUG:Current pos/angle: ([[ 0.428  0.023 -0.222]], [[ 0.086 -3.139  0.000]]
DEBUG:----------------------------------------------
DEBUG:----------------------------------------------
DEBUG:Position info about the robot:
DEBUG:Initial pos/angle: ([[ 0.428  0.023 -0.222]], [[-0.084  3.140  0.000]])
DEBUG:Current pos/angle: ([[ 0.428  0.023 -0.222]], [[-0.084  3.140  0.000]]
DEBUG:----------------------------------------------
DEBUG:----------------------------------------------
DEBUG:Position info about the robot:
DEBUG:Initial pos/angle: ([[ 0.428  0.023 -0.222]], [[-0.084  3.140  0.000]])
DEBUG:Current pos/angle: ([[ 0.428  0.023 -0.222]], [[ 0.086 -3.139  0.000]]
DEBUG:----------------------------------------------
DEBUG:----------------------------------------------
DEBUG:Position info about the robot:
DEBUG:Initial pos/angle: ([[ 0.428  0.023 -0.222]], [[-0.084  3.140  0.000]])
DEBUG:Current pos/angle: ([[ 0.428  0.023 -0.222]], [[-0.084  3.140  0.000]]
DEBUG:----------------------------------------------
DEBUG:----------------------------------------------
DEBUG:Position info about the robot:
DEBUG:Initial pos/angle: ([[ 0.428  0.023 -0.222]], [[-0.084  3.140  0.000]])
DEBUG:Current pos/angle: ([[ 0.428  0.023 -0.222]], [[ 0.085 -3.139  0.000]]
DEBUG:----------------------------------------------
DEBUG:----------------------------------------------
DEBUG:Position info about the robot:
DEBUG:Initial pos/angle: ([[ 0.428  0.023 -0.222]], [[-0.084  3.140  0.000]])
DEBUG:Current pos/angle: ([[ 0.428  0.023 -0.222]], [[ 0.085 -3.139  0.000]]
DEBUG:----------------------------------------------
DEBUG:----------------------------------------------
DEBUG:Position info about the robot:
DEBUG:Initial pos/angle: ([[ 0.428  0.023 -0.222]], [[-0.084  3.140  0.000]])
DEBUG:Current pos/angle: ([[ 0.428  0.023 -0.222]], [[-0.084  3.140  0.000]]
DEBUG:----------------------------------------------
DEBUG:----------------------------------------------
DEBUG:Position info about the robot:
DEBUG:Initial pos/angle: ([[ 0.428  0.023 -0.222]], [[-0.084  3.140  0.000]])
DEBUG:Current pos/angle: ([[ 0.428  0.023 -0.222]], [[ 0.085 -3.139  0.000]]
DEBUG:----------------------------------------------
DEBUG:----------------------------------------------
DEBUG:Position info about the robot:
DEBUG:Initial pos/angle: ([[ 0.428  0.023 -0.222]], [[-0.084  3.140  0.000]])
DEBUG:Current pos/angle: ([[ 0.428  0.023 -0.222]], [[ 0.086 -3.139  0.000]]
DEBUG:----------------------------------------------
DEBUG:----------------------------------------------
DEBUG:Position info about the robot:
DEBUG:Initial pos/angle: ([[ 0.428  0.023 -0.222]], [[-0.084  3.140  0.000]])
DEBUG:Current pos/angle: ([[ 0.428  0.023 -0.222]], [[-0.085  3.140  0.000]]
DEBUG:----------------------------------------------
DEBUG:----------------------------------------------
DEBUG:Position info about the robot:
DEBUG:Initial pos/angle: ([[ 0.428  0.023 -0.222]], [[-0.084  3.140  0.000]])
DEBUG:Current pos/angle: ([[ 0.428  0.023 -0.222]], [[ 0.086 -3.139  0.000]]
DEBUG:----------------------------------------------
DEBUG:----------------------------------------------
DEBUG:Position info about the robot:
DEBUG:Initial pos/angle: ([[ 0.428  0.023 -0.222]], [[-0.084  3.140  0.000]])
DEBUG:Current pos/angle: ([[ 0.428  0.023 -0.222]], [[-0.085  3.140  0.000]]
DEBUG:----------------------------------------------
DEBUG:----------------------------------------------
DEBUG:Position info about the robot:
DEBUG:Initial pos/angle: ([[ 0.428  0.023 -0.222]], [[-0.084  3.140  0.000]])
DEBUG:Current pos/angle: ([[ 0.428  0.023 -0.222]], [[-0.084  3.140  0.000]]
DEBUG:----------------------------------------------
DEBUG:----------------------------------------------
DEBUG:Position info about the robot:
DEBUG:Initial pos/angle: ([[ 0.428  0.023 -0.222]], [[-0.084  3.140  0.000]])
DEBUG:Current pos/angle: ([[ 0.428  0.023 -0.222]], [[-0.084  3.140  0.000]]
DEBUG:----------------------------------------------
DEBUG:----------------------------------------------
DEBUG:Position info about the robot:
DEBUG:Initial pos/angle: ([[ 0.428  0.023 -0.222]], [[-0.084  3.140  0.000]])
DEBUG:Current pos/angle: ([[ 0.428  0.023 -0.222]], [[ 0.085 -3.139  0.000]]
DEBUG:----------------------------------------------
DEBUG:----------------------------------------------
DEBUG:Position info about the robot:
DEBUG:Initial pos/angle: ([[ 0.428  0.023 -0.222]], [[-0.084  3.140  0.000]])
DEBUG:Current pos/angle: ([[ 0.428  0.023 -0.222]], [[-0.084  3.140  0.000]]
DEBUG:----------------------------------------------
DEBUG:----------------------------------------------
DEBUG:Position info about the robot:
DEBUG:Initial pos/angle: ([[ 0.428  0.023 -0.222]], [[-0.084  3.140  0.000]])
DEBUG:Current pos/angle: ([[ 0.428  0.023 -0.222]], [[ 0.085 -3.139  0.000]]
DEBUG:----------------------------------------------
DEBUG:----------------------------------------------
DEBUG:Position info about the robot:
DEBUG:Initial pos/angle: ([[ 0.428  0.023 -0.222]], [[-0.084  3.140  0.000]])
DEBUG:Current pos/angle: ([[ 0.428  0.023 -0.222]], [[ 0.085 -3.139  0.000]]
DEBUG:----------------------------------------------
DEBUG:----------------------------------------------
DEBUG:Position info about the robot:
DEBUG:Initial pos/angle: ([[ 0.428  0.023 -0.222]], [[-0.084  3.140  0.000]])
DEBUG:Current pos/angle: ([[ 0.428  0.023 -0.222]], [[ 0.085 -3.139  0.000]]
DEBUG:----------------------------------------------
DEBUG:----------------------------------------------
DEBUG:Position info about the robot:
DEBUG:Initial pos/angle: ([[ 0.428  0.023 -0.222]], [[-0.084  3.140  0.000]])
DEBUG:Current pos/angle: ([[ 0.428  0.023 -0.222]], [[ 0.086 -3.139  0.000]]
DEBUG:----------------------------------------------
DEBUG:----------------------------------------------
DEBUG:Position info about the robot:
DEBUG:Initial pos/angle: ([[ 0.428  0.023 -0.222]], [[-0.084  3.140  0.000]])
DEBUG:Current pos/angle: ([[ 0.428  0.023 -0.222]], [[ 0.085 -3.139  0.000]]
DEBUG:----------------------------------------------
DEBUG:----------------------------------------------
DEBUG:Position info about the robot:
DEBUG:Initial pos/angle: ([[ 0.428  0.023 -0.222]], [[-0.084  3.140  0.000]])
DEBUG:Current pos/angle: ([[ 0.428  0.023 -0.222]], [[ 0.085 -3.139  0.000]]
DEBUG:----------------------------------------------
DEBUG:----------------------------------------------
DEBUG:Position info about the robot:
DEBUG:Initial pos/angle: ([[ 0.428  0.023 -0.222]], [[-0.084  3.140  0.000]])
DEBUG:Current pos/angle: ([[ 0.428  0.023 -0.222]], [[-0.085  3.140  0.000]]
DEBUG:----------------------------------------------
DEBUG:----------------------------------------------
DEBUG:Position info about the robot:
DEBUG:Initial pos/angle: ([[ 0.428  0.023 -0.222]], [[-0.084  3.140  0.000]])
DEBUG:Current pos/angle: ([[ 0.428  0.023 -0.222]], [[-0.084  3.140  0.000]]
DEBUG:----------------------------------------------
DEBUG:----------------------------------------------
DEBUG:Position info about the robot:
DEBUG:Initial pos/angle: ([[ 0.428  0.023 -0.222]], [[-0.084  3.140  0.000]])
DEBUG:Current pos/angle: ([[ 0.428  0.023 -0.222]], [[-0.084  3.140  0.000]]
DEBUG:----------------------------------------------
DEBUG:----------------------------------------------
DEBUG:Position info about the robot:
DEBUG:Initial pos/angle: ([[ 0.428  0.023 -0.222]], [[-0.084  3.140  0.000]])
DEBUG:Current pos/angle: ([[ 0.428  0.023 -0.222]], [[ 0.085 -3.139  0.000]]
DEBUG:----------------------------------------------
DEBUG:----------------------------------------------
DEBUG:Position info about the robot:
DEBUG:Initial pos/angle: ([[ 0.428  0.023 -0.222]], [[-0.084  3.140  0.000]])
DEBUG:Current pos/angle: ([[ 0.428  0.023 -0.222]], [[ 0.085 -3.139  0.000]]
DEBUG:----------------------------------------------
DEBUG:----------------------------------------------
DEBUG:Position info about the robot:
DEBUG:Initial pos/angle: ([[ 0.428  0.023 -0.222]], [[-0.084  3.140  0.000]])
DEBUG:Current pos/angle: ([[ 0.428  0.023 -0.222]], [[ 0.086 -3.139  0.000]]
DEBUG:----------------------------------------------
DEBUG:----------------------------------------------
DEBUG:Position info about the robot:
DEBUG:Initial pos/angle: ([[ 0.428  0.023 -0.222]], [[-0.084  3.140  0.000]])
DEBUG:Current pos/angle: ([[ 0.428  0.023 -0.222]], [[-0.084  3.140  0.000]]
DEBUG:----------------------------------------------
DEBUG:----------------------------------------------
DEBUG:Position info about the robot:
DEBUG:Initial pos/angle: ([[ 0.428  0.023 -0.222]], [[-0.084  3.140  0.000]])
DEBUG:Current pos/angle: ([[ 0.428  0.023 -0.222]], [[ 0.086 -3.139  0.000]]
DEBUG:----------------------------------------------
DEBUG:----------------------------------------------
DEBUG:Position info about the robot:
DEBUG:Initial pos/angle: ([[ 0.428  0.023 -0.222]], [[-0.084  3.140  0.000]])
DEBUG:Current pos/angle: ([[ 0.428  0.023 -0.222]], [[ 0.086 -3.139  0.000]]
DEBUG:----------------------------------------------
DEBUG:----------------------------------------------
DEBUG:Position info about the robot:
DEBUG:Initial pos/angle: ([[ 0.428  0.023 -0.222]], [[-0.084  3.140  0.000]])
DEBUG:Current pos/angle: ([[ 0.428  0.023 -0.222]], [[ 0.086 -3.139  0.000]]
DEBUG:----------------------------------------------
DEBUG:----------------------------------------------
DEBUG:Position info about the robot:
DEBUG:Initial pos/angle: ([[ 0.428  0.023 -0.222]], [[-0.084  3.140  0.000]])
DEBUG:Current pos/angle: ([[ 0.428  0.023 -0.222]], [[-0.084  3.140  0.000]]
DEBUG:----------------------------------------------
DEBUG:----------------------------------------------
DEBUG:Position info about the robot:
DEBUG:Initial pos/angle: ([[ 0.428  0.023 -0.222]], [[-0.084  3.140  0.000]])
DEBUG:Current pos/angle: ([[ 0.428  0.023 -0.222]], [[ 0.085 -3.139  0.000]]
DEBUG:----------------------------------------------
DEBUG:----------------------------------------------
DEBUG:Position info about the robot:
DEBUG:Initial pos/angle: ([[ 0.428  0.023 -0.222]], [[-0.084  3.140  0.000]])
DEBUG:Current pos/angle: ([[ 0.428  0.023 -0.222]], [[ 0.085 -3.139  0.000]]
DEBUG:----------------------------------------------
DEBUG:----------------------------------------------
DEBUG:Position info about the robot:
DEBUG:Initial pos/angle: ([[ 0.428  0.023 -0.222]], [[-0.084  3.140  0.000]])
DEBUG:Current pos/angle: ([[ 0.428  0.023 -0.222]], [[-0.084  3.140  0.000]]
DEBUG:----------------------------------------------
DEBUG:----------------------------------------------
DEBUG:Position info about the robot:
DEBUG:Initial pos/angle: ([[ 0.428  0.023 -0.222]], [[-0.084  3.140  0.000]])
DEBUG:Current pos/angle: ([[ 0.428  0.023 -0.222]], [[ 0.085 -3.139  0.000]]
DEBUG:----------------------------------------------
DEBUG:----------------------------------------------
DEBUG:Position info about the robot:
DEBUG:Initial pos/angle: ([[ 0.428  0.023 -0.222]], [[-0.084  3.140  0.000]])
DEBUG:Current pos/angle: ([[ 0.428  0.023 -0.222]], [[ 0.086 -3.139  0.000]]
DEBUG:----------------------------------------------
DEBUG:----------------------------------------------
DEBUG:Position info about the robot:
DEBUG:Initial pos/angle: ([[ 0.428  0.023 -0.222]], [[-0.084  3.140  0.000]])
DEBUG:Current pos/angle: ([[ 0.428  0.023 -0.222]], [[-0.085  3.140  0.000]]
DEBUG:----------------------------------------------
DEBUG:----------------------------------------------
DEBUG:Position info about the robot:
DEBUG:Initial pos/angle: ([[ 0.428  0.023 -0.222]], [[-0.084  3.140  0.000]])
DEBUG:Current pos/angle: ([[ 0.428  0.023 -0.222]], [[-0.084  3.140  0.000]]
DEBUG:----------------------------------------------
DEBUG:----------------------------------------------
DEBUG:Position info about the robot:
DEBUG:Initial pos/angle: ([[ 0.428  0.023 -0.222]], [[-0.084  3.140  0.000]])
DEBUG:Current pos/angle: ([[ 0.428  0.023 -0.222]], [[ 0.085 -3.139  0.000]]
DEBUG:----------------------------------------------
DEBUG:----------------------------------------------
DEBUG:Position info about the robot:
DEBUG:Initial pos/angle: ([[ 0.428  0.023 -0.222]], [[-0.084  3.140  0.000]])
DEBUG:Current pos/angle: ([[ 0.428  0.023 -0.222]], [[-0.084  3.140  0.000]]
DEBUG:----------------------------------------------
DEBUG:----------------------------------------------
DEBUG:Position info about the robot:
DEBUG:Initial pos/angle: ([[ 0.428  0.023 -0.222]], [[-0.084  3.140  0.000]])
DEBUG:Current pos/angle: ([[ 0.428  0.023 -0.222]], [[ 0.085 -3.139  0.000]]
DEBUG:----------------------------------------------
DEBUG:----------------------------------------------
DEBUG:Position info about the robot:
DEBUG:Initial pos/angle: ([[ 0.428  0.023 -0.222]], [[-0.084  3.140  0.000]])
DEBUG:Current pos/angle: ([[ 0.428  0.023 -0.222]], [[-0.084  3.140  0.000]]
DEBUG:----------------------------------------------
DEBUG:----------------------------------------------
DEBUG:Position info about the robot:
DEBUG:Initial pos/angle: ([[ 0.428  0.023 -0.222]], [[-0.084  3.140  0.000]])
DEBUG:Current pos/angle: ([[ 0.428  0.023 -0.222]], [[ 0.085 -3.139  0.000]]
DEBUG:----------------------------------------------
DEBUG:----------------------------------------------
DEBUG:Position info about the robot:
DEBUG:Initial pos/angle: ([[ 0.428  0.023 -0.222]], [[-0.084  3.140  0.000]])
DEBUG:Current pos/angle: ([[ 0.428  0.023 -0.222]], [[ 0.085 -3.139  0.000]]
DEBUG:----------------------------------------------
DEBUG:----------------------------------------------
DEBUG:Position info about the robot:
DEBUG:Initial pos/angle: ([[ 0.428  0.023 -0.222]], [[-0.084  3.140  0.000]])
DEBUG:Current pos/angle: ([[ 0.428  0.023 -0.222]], [[ 0.085 -3.139  0.000]]
DEBUG:----------------------------------------------
DEBUG:----------------------------------------------
DEBUG:Position info about the robot:
DEBUG:Initial pos/angle: ([[ 0.428  0.023 -0.222]], [[-0.084  3.140  0.000]])
DEBUG:Current pos/angle: ([[ 0.428  0.023 -0.222]], [[ 0.086 -3.139  0.000]]
DEBUG:----------------------------------------------
DEBUG:----------------------------------------------
DEBUG:Position info about the robot:
DEBUG:Initial pos/angle: ([[ 0.428  0.023 -0.222]], [[-0.084  3.140  0.000]])
DEBUG:Current pos/angle: ([[ 0.428  0.023 -0.222]], [[ 0.086 -3.139  0.000]]
DEBUG:----------------------------------------------
DEBUG:----------------------------------------------
DEBUG:Position info about the robot:
DEBUG:Initial pos/angle: ([[ 0.428  0.023 -0.222]], [[-0.084  3.140  0.000]])
DEBUG:Current pos/angle: ([[ 0.428  0.023 -0.222]], [[-0.084  3.140  0.000]]
DEBUG:----------------------------------------------
DEBUG:----------------------------------------------
DEBUG:Position info about the robot:
DEBUG:Initial pos/angle: ([[ 0.428  0.023 -0.222]], [[-0.084  3.140  0.000]])
DEBUG:Current pos/angle: ([[ 0.428  0.023 -0.222]], [[ 0.085 -3.139  0.000]]
DEBUG:----------------------------------------------
DEBUG:----------------------------------------------
DEBUG:Position info about the robot:
DEBUG:Initial pos/angle: ([[ 0.428  0.023 -0.222]], [[-0.084  3.140  0.000]])
DEBUG:Current pos/angle: ([[ 0.428  0.023 -0.222]], [[ 0.085 -3.139  0.000]]
DEBUG:----------------------------------------------
DEBUG:----------------------------------------------
DEBUG:Position info about the robot:
DEBUG:Initial pos/angle: ([[ 0.428  0.023 -0.222]], [[-0.084  3.140  0.000]])
DEBUG:Current pos/angle: ([[ 0.428  0.023 -0.222]], [[-0.084  3.140  0.000]]
DEBUG:----------------------------------------------
DEBUG:----------------------------------------------
DEBUG:Position info about the robot:
DEBUG:Initial pos/angle: ([[ 0.428  0.023 -0.222]], [[-0.084  3.140  0.000]])
DEBUG:Current pos/angle: ([[ 0.428  0.023 -0.222]], [[-0.084  3.140  0.000]]
DEBUG:----------------------------------------------
DEBUG:----------------------------------------------
DEBUG:Position info about the robot:
DEBUG:Initial pos/angle: ([[ 0.428  0.023 -0.222]], [[-0.084  3.140  0.000]])
DEBUG:Current pos/angle: ([[ 0.428  0.023 -0.222]], [[ 0.085 -3.139  0.000]]
DEBUG:----------------------------------------------
DEBUG:----------------------------------------------
DEBUG:Position info about the robot:
DEBUG:Initial pos/angle: ([[ 0.428  0.023 -0.222]], [[-0.084  3.140  0.000]])
DEBUG:Current pos/angle: ([[ 0.428  0.023 -0.222]], [[-0.084  3.140  0.000]]
DEBUG:----------------------------------------------
DEBUG:----------------------------------------------
DEBUG:Position info about the robot:
DEBUG:Initial pos/angle: ([[ 0.428  0.023 -0.222]], [[-0.084  3.140  0.000]])
DEBUG:Current pos/angle: ([[ 0.428  0.023 -0.222]], [[ 0.085 -3.139  0.000]]
DEBUG:----------------------------------------------
DEBUG:----------------------------------------------
DEBUG:Position info about the robot:
DEBUG:Initial pos/angle: ([[ 0.428  0.023 -0.222]], [[-0.084  3.140  0.000]])
DEBUG:Current pos/angle: ([[ 0.428  0.023 -0.222]], [[ 0.086 -3.139  0.000]]
DEBUG:----------------------------------------------
DEBUG:----------------------------------------------
DEBUG:Position info about the robot:
DEBUG:Initial pos/angle: ([[ 0.428  0.023 -0.222]], [[-0.084  3.140  0.000]])
DEBUG:Current pos/angle: ([[ 0.428  0.023 -0.222]], [[ 0.085 -3.139  0.000]]
DEBUG:----------------------------------------------
DEBUG:----------------------------------------------
DEBUG:Position info about the robot:
DEBUG:Initial pos/angle: ([[ 0.428  0.023 -0.222]], [[-0.084  3.140  0.000]])
DEBUG:Current pos/angle: ([[ 0.428  0.023 -0.222]], [[ 0.085 -3.139  0.000]]
DEBUG:----------------------------------------------
DEBUG:----------------------------------------------
DEBUG:Position info about the robot:
DEBUG:Initial pos/angle: ([[ 0.428  0.023 -0.222]], [[-0.084  3.140  0.000]])
DEBUG:Current pos/angle: ([[ 0.428  0.023 -0.222]], [[-0.084  3.140  0.000]]
DEBUG:----------------------------------------------
DEBUG:----------------------------------------------
DEBUG:Position info about the robot:
DEBUG:Initial pos/angle: ([[ 0.428  0.023 -0.222]], [[-0.084  3.140  0.000]])
DEBUG:Current pos/angle: ([[ 0.428  0.023 -0.222]], [[-0.085  3.140  0.000]]
DEBUG:----------------------------------------------
DEBUG:----------------------------------------------
DEBUG:Position info about the robot:
DEBUG:Initial pos/angle: ([[ 0.428  0.023 -0.222]], [[-0.084  3.140  0.000]])
DEBUG:Current pos/angle: ([[ 0.428  0.023 -0.222]], [[-0.085  3.140  0.000]]
DEBUG:----------------------------------------------
DEBUG:----------------------------------------------
DEBUG:Position info about the robot:
DEBUG:Initial pos/angle: ([[ 0.428  0.023 -0.222]], [[-0.084  3.140  0.000]])
DEBUG:Current pos/angle: ([[ 0.428  0.023 -0.222]], [[ 0.085 -3.139  0.000]]
DEBUG:----------------------------------------------
DEBUG:----------------------------------------------
DEBUG:Position info about the robot:
DEBUG:Initial pos/angle: ([[ 0.428  0.023 -0.222]], [[-0.084  3.140  0.000]])
DEBUG:Current pos/angle: ([[ 0.428  0.023 -0.222]], [[ 0.086 -3.139  0.000]]
DEBUG:----------------------------------------------
DEBUG:----------------------------------------------
DEBUG:Position info about the robot:
DEBUG:Initial pos/angle: ([[ 0.428  0.023 -0.222]], [[-0.084  3.140  0.000]])
DEBUG:Current pos/angle: ([[ 0.428  0.023 -0.222]], [[-0.085  3.140  0.000]]
DEBUG:----------------------------------------------
DEBUG:----------------------------------------------
DEBUG:Position info about the robot:
DEBUG:Initial pos/angle: ([[ 0.428  0.023 -0.222]], [[-0.084  3.140  0.000]])
DEBUG:Current pos/angle: ([[ 0.428  0.023 -0.222]], [[-0.085  3.140  0.000]]
DEBUG:----------------------------------------------
DEBUG:----------------------------------------------
DEBUG:Position info about the robot:
DEBUG:Initial pos/angle: ([[ 0.428  0.023 -0.222]], [[-0.084  3.140  0.000]])
DEBUG:Current pos/angle: ([[ 0.428  0.023 -0.222]], [[ 0.085 -3.139  0.000]]
DEBUG:----------------------------------------------
DEBUG:----------------------------------------------
DEBUG:Position info about the robot:
DEBUG:Initial pos/angle: ([[ 0.428  0.023 -0.222]], [[-0.084  3.140  0.000]])
DEBUG:Current pos/angle: ([[ 0.428  0.023 -0.222]], [[ 0.085 -3.139  0.000]]
DEBUG:----------------------------------------------
DEBUG:----------------------------------------------
DEBUG:Position info about the robot:
DEBUG:Initial pos/angle: ([[ 0.428  0.023 -0.222]], [[-0.084  3.140  0.000]])
DEBUG:Current pos/angle: ([[ 0.428  0.023 -0.222]], [[-0.085  3.140  0.000]]
DEBUG:----------------------------------------------
DEBUG:----------------------------------------------
DEBUG:Position info about the robot:
DEBUG:Initial pos/angle: ([[ 0.428  0.023 -0.222]], [[-0.084  3.140  0.000]])
DEBUG:Current pos/angle: ([[ 0.428  0.023 -0.222]], [[ 0.085 -3.139  0.000]]
DEBUG:----------------------------------------------
DEBUG:----------------------------------------------
DEBUG:Position info about the robot:
DEBUG:Initial pos/angle: ([[ 0.428  0.023 -0.222]], [[-0.084  3.140  0.000]])
DEBUG:Current pos/angle: ([[ 0.428  0.023 -0.222]], [[-0.084  3.140  0.000]]
DEBUG:----------------------------------------------
DEBUG:----------------------------------------------
DEBUG:Position info about the robot:
DEBUG:Initial pos/angle: ([[ 0.428  0.023 -0.222]], [[-0.084  3.140  0.000]])
DEBUG:Current pos/angle: ([[ 0.428  0.023 -0.222]], [[ 0.086 -3.139  0.000]]
DEBUG:----------------------------------------------
DEBUG:----------------------------------------------
DEBUG:Position info about the robot:
DEBUG:Initial pos/angle: ([[ 0.428  0.023 -0.222]], [[-0.084  3.140  0.000]])
DEBUG:Current pos/angle: ([[ 0.428  0.023 -0.222]], [[-0.084  3.140  0.000]]
DEBUG:----------------------------------------------
DEBUG:----------------------------------------------
DEBUG:Position info about the robot:
DEBUG:Initial pos/angle: ([[ 0.428  0.023 -0.222]], [[-0.084  3.140  0.000]])
DEBUG:Current pos/angle: ([[ 0.428  0.023 -0.222]], [[-0.084  3.140  0.000]]
DEBUG:----------------------------------------------
DEBUG:----------------------------------------------
DEBUG:Position info about the robot:
DEBUG:Initial pos/angle: ([[ 0.428  0.023 -0.222]], [[-0.084  3.140  0.000]])
DEBUG:Current pos/angle: ([[ 0.428  0.023 -0.222]], [[-0.085  3.140  0.000]]
DEBUG:----------------------------------------------
DEBUG:----------------------------------------------
DEBUG:Position info about the robot:
DEBUG:Initial pos/angle: ([[ 0.428  0.023 -0.222]], [[-0.084  3.140  0.000]])
DEBUG:Current pos/angle: ([[ 0.428  0.023 -0.222]], [[ 0.085 -3.139  0.000]]
DEBUG:----------------------------------------------
DEBUG:----------------------------------------------
DEBUG:Position info about the robot:
DEBUG:Initial pos/angle: ([[ 0.428  0.023 -0.222]], [[-0.084  3.140  0.000]])
DEBUG:Current pos/angle: ([[ 0.428  0.023 -0.222]], [[-0.084  3.140  0.000]]
DEBUG:----------------------------------------------
DEBUG:----------------------------------------------
DEBUG:Position info about the robot:
DEBUG:Initial pos/angle: ([[ 0.428  0.023 -0.222]], [[-0.084  3.140  0.000]])
DEBUG:Current pos/angle: ([[ 0.428  0.023 -0.222]], [[ 0.085 -3.139  0.000]]
DEBUG:----------------------------------------------
DEBUG:----------------------------------------------
DEBUG:Position info about the robot:
DEBUG:Initial pos/angle: ([[ 0.428  0.023 -0.222]], [[-0.084  3.140  0.000]])
DEBUG:Current pos/angle: ([[ 0.428  0.023 -0.222]], [[-0.084  3.140  0.000]]
DEBUG:----------------------------------------------
DEBUG:----------------------------------------------
DEBUG:Position info about the robot:
DEBUG:Initial pos/angle: ([[ 0.428  0.023 -0.222]], [[-0.084  3.140  0.000]])
DEBUG:Current pos/angle: ([[ 0.428  0.023 -0.222]], [[-0.084  3.140  0.000]]
DEBUG:----------------------------------------------
DEBUG:----------------------------------------------
DEBUG:Position info about the robot:
DEBUG:Initial pos/angle: ([[ 0.428  0.023 -0.222]], [[-0.084  3.140  0.000]])
DEBUG:Current pos/angle: ([[ 0.428  0.023 -0.222]], [[ 0.086 -3.139  0.000]]
DEBUG:----------------------------------------------
DEBUG:----------------------------------------------
DEBUG:Position info about the robot:
DEBUG:Initial pos/angle: ([[ 0.428  0.023 -0.222]], [[-0.084  3.140  0.000]])
DEBUG:Current pos/angle: ([[ 0.428  0.023 -0.222]], [[-0.084  3.140  0.000]]
DEBUG:----------------------------------------------
DEBUG:----------------------------------------------
DEBUG:Position info about the robot:
DEBUG:Initial pos/angle: ([[ 0.428  0.023 -0.222]], [[-0.084  3.140  0.000]])
DEBUG:Current pos/angle: ([[ 0.428  0.023 -0.222]], [[ 0.085 -3.139  0.000]]
DEBUG:----------------------------------------------
DEBUG:----------------------------------------------
DEBUG:Position info about the robot:
DEBUG:Initial pos/angle: ([[ 0.428  0.023 -0.222]], [[-0.084  3.140  0.000]])
DEBUG:Current pos/angle: ([[ 0.428  0.023 -0.222]], [[ 0.085 -3.139  0.000]]
DEBUG:----------------------------------------------
DEBUG:----------------------------------------------
DEBUG:Position info about the robot:
DEBUG:Initial pos/angle: ([[ 0.428  0.023 -0.222]], [[-0.084  3.140  0.000]])
DEBUG:Current pos/angle: ([[ 0.428  0.023 -0.222]], [[ 0.085 -3.139  0.000]]
DEBUG:----------------------------------------------
DEBUG:----------------------------------------------
DEBUG:Position info about the robot:
DEBUG:Initial pos/angle: ([[ 0.428  0.023 -0.222]], [[-0.084  3.140  0.000]])
DEBUG:Current pos/angle: ([[ 0.428  0.023 -0.222]], [[ 0.086 -3.139  0.000]]
DEBUG:----------------------------------------------
DEBUG:----------------------------------------------
DEBUG:Position info about the robot:
DEBUG:Initial pos/angle: ([[ 0.428  0.023 -0.222]], [[-0.084  3.140  0.000]])
DEBUG:Current pos/angle: ([[ 0.428  0.023 -0.222]], [[ 0.086 -3.139  0.000]]
DEBUG:----------------------------------------------
DEBUG:----------------------------------------------
DEBUG:Position info about the robot:
DEBUG:Initial pos/angle: ([[ 0.428  0.023 -0.222]], [[-0.084  3.140  0.000]])
DEBUG:Current pos/angle: ([[ 0.428  0.023 -0.222]], [[-0.085  3.140  0.000]]
DEBUG:----------------------------------------------
DEBUG:----------------------------------------------
DEBUG:Position info about the robot:
DEBUG:Initial pos/angle: ([[ 0.428  0.023 -0.222]], [[-0.084  3.140  0.000]])
DEBUG:Current pos/angle: ([[ 0.428  0.023 -0.222]], [[ 0.086 -3.139  0.000]]
DEBUG:----------------------------------------------
DEBUG:----------------------------------------------
DEBUG:Position info about the robot:
DEBUG:Initial pos/angle: ([[ 0.428  0.023 -0.222]], [[-0.084  3.140  0.000]])
DEBUG:Current pos/angle: ([[ 0.428  0.023 -0.222]], [[-0.085  3.140  0.000]]
DEBUG:----------------------------------------------
DEBUG:----------------------------------------------
DEBUG:Position info about the robot:
DEBUG:Initial pos/angle: ([[ 0.428  0.023 -0.222]], [[-0.084  3.140  0.000]])
DEBUG:Current pos/angle: ([[ 0.428  0.023 -0.222]], [[ 0.085 -3.139  0.000]]
DEBUG:----------------------------------------------
DEBUG:----------------------------------------------
DEBUG:Position info about the robot:
DEBUG:Initial pos/angle: ([[ 0.428  0.023 -0.222]], [[-0.084  3.140  0.000]])
DEBUG:Current pos/angle: ([[ 0.428  0.023 -0.222]], [[ 0.085 -3.139  0.000]]
DEBUG:----------------------------------------------
DEBUG:----------------------------------------------
DEBUG:Position info about the robot:
DEBUG:Initial pos/angle: ([[ 0.428  0.023 -0.222]], [[-0.084  3.140  0.000]])
DEBUG:Current pos/angle: ([[ 0.428  0.023 -0.222]], [[-0.085  3.140  0.000]]
DEBUG:----------------------------------------------
DEBUG:triggering movel to ((0.0, 0.0, -12.5), (-20.0, -20.0, 0.0))
DEBUG:----------------------------------------------
DEBUG:Position info about the robot:
DEBUG:Initial pos/angle: ([[ 0.428  0.023 -0.222]], [[-0.084  3.140  0.000]])
DEBUG:Current pos/angle: ([[ 0.428  0.023 -0.222]], [[ 0.085 -3.139  0.000]]
DEBUG:----------------------------------------------
DEBUG:triggering movel to ((0.0, 0.0, -12.5), (-20.0, -17.5, 0.0))
DEBUG:----------------------------------------------
DEBUG:Position info about the robot:
DEBUG:Initial pos/angle: ([[ 0.428  0.023 -0.222]], [[-0.084  3.140  0.000]])
DEBUG:Current pos/angle: ([[ 0.428  0.023 -0.210]], [[-0.074  2.757  0.504]]
DEBUG:----------------------------------------------
DEBUG:triggering movel to ((0.0, 0.0, -12.5), (-20.0, -15.0, 0.0))
DEBUG:----------------------------------------------
DEBUG:Position info about the robot:
DEBUG:Initial pos/angle: ([[ 0.428  0.023 -0.222]], [[-0.084  3.140  0.000]])
DEBUG:Current pos/angle: ([[ 0.428  0.023 -0.210]], [[-0.075  2.800  0.510]]
DEBUG:----------------------------------------------
DEBUG:triggering movel to ((0.0, 0.0, -12.5), (-20.0, -12.5, 0.0))
DEBUG:----------------------------------------------
DEBUG:Position info about the robot:
DEBUG:Initial pos/angle: ([[ 0.428  0.023 -0.222]], [[-0.084  3.140  0.000]])
DEBUG:Current pos/angle: ([[ 0.428  0.023 -0.210]], [[-0.076  2.844  0.515]]
DEBUG:----------------------------------------------
DEBUG:triggering movel to ((0.0, 0.0, -12.5), (-20.0, -10.0, 0.0))
DEBUG:----------------------------------------------
DEBUG:Position info about the robot:
DEBUG:Initial pos/angle: ([[ 0.428  0.023 -0.222]], [[-0.084  3.140  0.000]])
DEBUG:Current pos/angle: ([[ 0.428  0.023 -0.210]], [[-0.077  2.887  0.520]]
DEBUG:----------------------------------------------
DEBUG:triggering movel to ((0.0, 0.0, -12.5), (-20.0, -7.5, 0.0))
DEBUG:----------------------------------------------
DEBUG:Position info about the robot:
DEBUG:Initial pos/angle: ([[ 0.428  0.023 -0.222]], [[-0.084  3.140  0.000]])
DEBUG:Current pos/angle: ([[ 0.428  0.023 -0.210]], [[-0.079  2.930  0.525]]
DEBUG:----------------------------------------------
DEBUG:triggering movel to ((0.0, 0.0, -12.5), (-20.0, -5.0, 0.0))
DEBUG:----------------------------------------------
DEBUG:Position info about the robot:
DEBUG:Initial pos/angle: ([[ 0.428  0.023 -0.222]], [[-0.084  3.140  0.000]])
DEBUG:Current pos/angle: ([[ 0.428  0.023 -0.210]], [[-0.080  2.973  0.530]]
DEBUG:----------------------------------------------
DEBUG:triggering movel to ((0.0, 0.0, -12.5), (-20.0, -2.5, 0.0))
DEBUG:----------------------------------------------
DEBUG:Position info about the robot:
DEBUG:Initial pos/angle: ([[ 0.428  0.023 -0.222]], [[-0.084  3.140  0.000]])
DEBUG:Current pos/angle: ([[ 0.428  0.023 -0.210]], [[-0.081  3.016  0.536]]
DEBUG:----------------------------------------------
DEBUG:triggering movel to ((0.0, 0.0, -12.5), (-20.0, 0.0, 0.0))
DEBUG:----------------------------------------------
DEBUG:Position info about the robot:
DEBUG:Initial pos/angle: ([[ 0.428  0.023 -0.222]], [[-0.084  3.140  0.000]])
DEBUG:Current pos/angle: ([[ 0.428  0.023 -0.210]], [[-0.082  3.059  0.541]]
DEBUG:----------------------------------------------
DEBUG:triggering movel to ((0.0, 0.0, -12.5), (-20.0, 2.5, 0.0))
DEBUG:----------------------------------------------
DEBUG:Position info about the robot:
DEBUG:Initial pos/angle: ([[ 0.428  0.023 -0.222]], [[-0.084  3.140  0.000]])
DEBUG:Current pos/angle: ([[ 0.428  0.023 -0.210]], [[ 0.084 -3.083 -0.543]]
DEBUG:----------------------------------------------
DEBUG:triggering movel to ((0.0, 0.0, -12.5), (-20.0, 5.0, 0.0))
DEBUG:----------------------------------------------
DEBUG:Position info about the robot:
DEBUG:Initial pos/angle: ([[ 0.428  0.023 -0.222]], [[-0.084  3.140  0.000]])
DEBUG:Current pos/angle: ([[ 0.428  0.023 -0.210]], [[ 0.083 -3.040 -0.533]]
DEBUG:----------------------------------------------
DEBUG:triggering movel to ((0.0, 0.0, -12.5), (-20.0, 7.5, 0.0))
DEBUG:----------------------------------------------
DEBUG:Position info about the robot:
DEBUG:Initial pos/angle: ([[ 0.428  0.023 -0.222]], [[-0.084  3.140  0.000]])
DEBUG:Current pos/angle: ([[ 0.428  0.023 -0.210]], [[ 0.082 -2.998 -0.525]]
DEBUG:----------------------------------------------
DEBUG:triggering movel to ((0.0, 0.0, -12.5), (-20.0, 10.0, 0.0))
DEBUG:----------------------------------------------
DEBUG:Position info about the robot:
DEBUG:Initial pos/angle: ([[ 0.428  0.023 -0.222]], [[-0.084  3.140  0.000]])
DEBUG:Current pos/angle: ([[ 0.428  0.023 -0.210]], [[ 0.080 -2.955 -0.516]]
DEBUG:----------------------------------------------
DEBUG:triggering movel to ((0.0, 0.0, -12.5), (-20.0, 12.5, 0.0))
DEBUG:----------------------------------------------
DEBUG:Position info about the robot:
DEBUG:Initial pos/angle: ([[ 0.428  0.023 -0.222]], [[-0.084  3.140  0.000]])
DEBUG:Current pos/angle: ([[ 0.428  0.023 -0.210]], [[ 0.079 -2.913 -0.507]]
DEBUG:----------------------------------------------
DEBUG:triggering movel to ((0.0, 0.0, -12.5), (-20.0, 15.0, 0.0))
DEBUG:----------------------------------------------
DEBUG:Position info about the robot:
DEBUG:Initial pos/angle: ([[ 0.428  0.023 -0.222]], [[-0.084  3.140  0.000]])
DEBUG:Current pos/angle: ([[ 0.428  0.023 -0.210]], [[ 0.078 -2.870 -0.499]]
DEBUG:----------------------------------------------
DEBUG:triggering movel to ((0.0, 0.0, -12.5), (-20.0, 17.5, 0.0))
DEBUG:----------------------------------------------
DEBUG:Position info about the robot:
DEBUG:Initial pos/angle: ([[ 0.428  0.023 -0.222]], [[-0.084  3.140  0.000]])
DEBUG:Current pos/angle: ([[ 0.428  0.023 -0.210]], [[ 0.077 -2.828 -0.490]]
DEBUG:----------------------------------------------
DEBUG:triggering movel to ((0.0, 0.0, -12.5), (-20.0, 20.0, 0.0))
DEBUG:----------------------------------------------
DEBUG:Position info about the robot:
DEBUG:Initial pos/angle: ([[ 0.428  0.023 -0.222]], [[-0.084  3.140  0.000]])
DEBUG:Current pos/angle: ([[ 0.428  0.023 -0.210]], [[ 0.076 -2.785 -0.482]]
DEBUG:----------------------------------------------
DEBUG:triggering movel to ((0.0, 0.0, -12.5), (-17.5, 20.0, 0.0))
DEBUG:----------------------------------------------
DEBUG:Position info about the robot:
DEBUG:Initial pos/angle: ([[ 0.428  0.023 -0.222]], [[-0.084  3.140  0.000]])
DEBUG:Current pos/angle: ([[ 0.428  0.023 -0.210]], [[ 0.075 -2.742 -0.475]]
DEBUG:----------------------------------------------
DEBUG:triggering movel to ((0.0, 0.0, -12.5), (-17.5, 17.5, 0.0))
DEBUG:----------------------------------------------
DEBUG:Position info about the robot:
DEBUG:Initial pos/angle: ([[ 0.428  0.023 -0.222]], [[-0.084  3.140  0.000]])
DEBUG:Current pos/angle: ([[ 0.428  0.023 -0.210]], [[ 0.075 -2.753 -0.414]]
DEBUG:----------------------------------------------
DEBUG:triggering movel to ((0.0, 0.0, -12.5), (-17.5, 15.0, 0.0))
DEBUG:----------------------------------------------
DEBUG:Position info about the robot:
DEBUG:Initial pos/angle: ([[ 0.428  0.023 -0.222]], [[-0.084  3.140  0.000]])
DEBUG:Current pos/angle: ([[ 0.428  0.023 -0.210]], [[ 0.076 -2.796 -0.421]]
DEBUG:----------------------------------------------
DEBUG:triggering movel to ((0.0, 0.0, -12.5), (-17.5, 12.5, 0.0))
DEBUG:----------------------------------------------
DEBUG:Position info about the robot:
DEBUG:Initial pos/angle: ([[ 0.428  0.023 -0.222]], [[-0.084  3.140  0.000]])
DEBUG:Current pos/angle: ([[ 0.428  0.023 -0.210]], [[ 0.077 -2.838 -0.428]]
DEBUG:----------------------------------------------
DEBUG:triggering movel to ((0.0, 0.0, -12.5), (-17.5, 10.0, 0.0))
DEBUG:----------------------------------------------
DEBUG:Position info about the robot:
DEBUG:Initial pos/angle: ([[ 0.428  0.023 -0.222]], [[-0.084  3.140  0.000]])
DEBUG:Current pos/angle: ([[ 0.428  0.023 -0.210]], [[ 0.078 -2.881 -0.436]]
DEBUG:----------------------------------------------
DEBUG:triggering movel to ((0.0, 0.0, -12.5), (-17.5, 7.5, 0.0))
DEBUG:----------------------------------------------
DEBUG:Position info about the robot:
DEBUG:Initial pos/angle: ([[ 0.428  0.023 -0.222]], [[-0.084  3.140  0.000]])
DEBUG:Current pos/angle: ([[ 0.428  0.023 -0.210]], [[ 0.080 -2.924 -0.443]]
DEBUG:----------------------------------------------
DEBUG:triggering movel to ((0.0, 0.0, -12.5), (-17.5, 5.0, 0.0))
DEBUG:----------------------------------------------
DEBUG:Position info about the robot:
DEBUG:Initial pos/angle: ([[ 0.428  0.023 -0.222]], [[-0.084  3.140  0.000]])
DEBUG:Current pos/angle: ([[ 0.428  0.023 -0.210]], [[ 0.081 -2.967 -0.451]]
DEBUG:----------------------------------------------
DEBUG:triggering movel to ((0.0, 0.0, -12.5), (-17.5, 2.5, 0.0))
DEBUG:----------------------------------------------
DEBUG:Position info about the robot:
DEBUG:Initial pos/angle: ([[ 0.428  0.023 -0.222]], [[-0.084  3.140  0.000]])
DEBUG:Current pos/angle: ([[ 0.428  0.023 -0.210]], [[ 0.082 -3.009 -0.459]]
DEBUG:----------------------------------------------
DEBUG:triggering movel to ((0.0, 0.0, -12.5), (-17.5, 0.0, 0.0))
DEBUG:----------------------------------------------
DEBUG:Position info about the robot:
DEBUG:Initial pos/angle: ([[ 0.428  0.023 -0.222]], [[-0.084  3.140  0.000]])
DEBUG:Current pos/angle: ([[ 0.428  0.023 -0.210]], [[ 0.083 -3.052 -0.467]]
DEBUG:----------------------------------------------
DEBUG:triggering movel to ((0.0, 0.0, -12.5), (-17.5, -2.5, 0.0))
DEBUG:----------------------------------------------
DEBUG:Position info about the robot:
DEBUG:Initial pos/angle: ([[ 0.428  0.023 -0.222]], [[-0.084  3.140  0.000]])
DEBUG:Current pos/angle: ([[ 0.428  0.023 -0.210]], [[ 0.084 -3.095 -0.475]]
DEBUG:----------------------------------------------
DEBUG:triggering movel to ((0.0, 0.0, -12.5), (-17.5, -5.0, 0.0))
DEBUG:----------------------------------------------
DEBUG:Position info about the robot:
DEBUG:Initial pos/angle: ([[ 0.428  0.023 -0.222]], [[-0.084  3.140  0.000]])
DEBUG:Current pos/angle: ([[ 0.428  0.023 -0.210]], [[-0.083  3.069  0.474]]
DEBUG:----------------------------------------------
DEBUG:triggering movel to ((0.0, 0.0, -12.5), (-17.5, -7.5, 0.0))
DEBUG:----------------------------------------------
DEBUG:Position info about the robot:
DEBUG:Initial pos/angle: ([[ 0.428  0.023 -0.222]], [[-0.084  3.140  0.000]])
DEBUG:Current pos/angle: ([[ 0.428  0.023 -0.210]], [[-0.081  3.026  0.470]]
DEBUG:----------------------------------------------
DEBUG:triggering movel to ((0.0, 0.0, -12.5), (-17.5, -10.0, 0.0))
DEBUG:----------------------------------------------
DEBUG:Position info about the robot:
DEBUG:Initial pos/angle: ([[ 0.428  0.023 -0.222]], [[-0.084  3.140  0.000]])
DEBUG:Current pos/angle: ([[ 0.428  0.023 -0.210]], [[-0.080  2.983  0.465]]
DEBUG:----------------------------------------------
DEBUG:triggering movel to ((0.0, 0.0, -12.5), (-17.5, -12.5, 0.0))
