DEBUG:Debug log for the robot starting on 2022-04-27_22-59-47
DEBUG:----------------------------------------------
DEBUG:Position info about the robot:
DEBUG:Initial pos/angle: ([[ 0.272  0.136  0.001]], [[-1.021 -2.953  0.013]])
DEBUG:Current pos/angle: ([[ 0.272  0.136  0.001]], [[-1.021 -2.953  0.013]]
DEBUG:----------------------------------------------
DEBUG:----------------------------------------------
DEBUG:Position info about the robot:
DEBUG:Initial pos/angle: ([[ 0.272  0.136  0.001]], [[-1.021 -2.953  0.013]])
DEBUG:Current pos/angle: ([[ 0.272  0.136  0.001]], [[-1.020 -2.953  0.013]]
DEBUG:----------------------------------------------
DEBUG:----------------------------------------------
DEBUG:Position info about the robot:
DEBUG:Initial pos/angle: ([[ 0.272  0.136  0.001]], [[-1.021 -2.953  0.013]])
DEBUG:Current pos/angle: ([[ 0.272  0.136  0.001]], [[-1.021 -2.953  0.013]]
DEBUG:----------------------------------------------
DEBUG:----------------------------------------------
DEBUG:Position info about the robot:
DEBUG:Initial pos/angle: ([[ 0.272  0.136  0.001]], [[-1.021 -2.953  0.013]])
DEBUG:Current pos/angle: ([[ 0.272  0.136  0.001]], [[-1.021 -2.954  0.013]]
DEBUG:----------------------------------------------
DEBUG:----------------------------------------------
DEBUG:Position info about the robot:
DEBUG:Initial pos/angle: ([[ 0.272  0.136  0.001]], [[-1.021 -2.953  0.013]])
DEBUG:Current pos/angle: ([[ 0.272  0.136  0.001]], [[-1.020 -2.953  0.013]]
DEBUG:----------------------------------------------
DEBUG:----------------------------------------------
DEBUG:Position info about the robot:
DEBUG:Initial pos/angle: ([[ 0.272  0.136  0.001]], [[-1.021 -2.953  0.013]])
DEBUG:Current pos/angle: ([[ 0.272  0.136  0.001]], [[-1.021 -2.953  0.013]]
DEBUG:----------------------------------------------
DEBUG:----------------------------------------------
DEBUG:Position info about the robot:
DEBUG:Initial pos/angle: ([[ 0.272  0.136  0.001]], [[-1.021 -2.953  0.013]])
DEBUG:Current pos/angle: ([[ 0.272  0.136  0.001]], [[-1.020 -2.953  0.013]]
DEBUG:----------------------------------------------
DEBUG:----------------------------------------------
DEBUG:Position info about the robot:
DEBUG:Initial pos/angle: ([[ 0.272  0.136  0.001]], [[-1.021 -2.953  0.013]])
DEBUG:Current pos/angle: ([[ 0.272  0.136  0.001]], [[-1.020 -2.953  0.013]]
DEBUG:----------------------------------------------
DEBUG:----------------------------------------------
DEBUG:Position info about the robot:
DEBUG:Initial pos/angle: ([[ 0.272  0.136  0.001]], [[-1.021 -2.953  0.013]])
DEBUG:Current pos/angle: ([[ 0.272  0.136  0.001]], [[-1.021 -2.953  0.013]]
DEBUG:----------------------------------------------
DEBUG:----------------------------------------------
DEBUG:Position info about the robot:
DEBUG:Initial pos/angle: ([[ 0.272  0.136  0.001]], [[-1.021 -2.953  0.013]])
DEBUG:Current pos/angle: ([[ 0.272  0.136  0.001]], [[-1.021 -2.953  0.013]]
DEBUG:----------------------------------------------
DEBUG:----------------------------------------------
DEBUG:Position info about the robot:
DEBUG:Initial pos/angle: ([[ 0.272  0.136  0.001]], [[-1.021 -2.953  0.013]])
DEBUG:Current pos/angle: ([[ 0.272  0.136  0.001]], [[-1.021 -2.953  0.013]]
DEBUG:----------------------------------------------
DEBUG:----------------------------------------------
DEBUG:Position info about the robot:
DEBUG:Initial pos/angle: ([[ 0.272  0.136  0.001]], [[-1.021 -2.953  0.013]])
DEBUG:Current pos/angle: ([[ 0.272  0.136  0.001]], [[-1.021 -2.953  0.013]]
DEBUG:----------------------------------------------
DEBUG:----------------------------------------------
DEBUG:Position info about the robot:
DEBUG:Initial pos/angle: ([[ 0.272  0.136  0.001]], [[-1.021 -2.953  0.013]])
DEBUG:Current pos/angle: ([[ 0.272  0.136  0.001]], [[-1.021 -2.953  0.013]]
DEBUG:----------------------------------------------
DEBUG:----------------------------------------------
DEBUG:Position info about the robot:
DEBUG:Initial pos/angle: ([[ 0.272  0.136  0.001]], [[-1.021 -2.953  0.013]])
DEBUG:Current pos/angle: ([[ 0.272  0.136  0.001]], [[-1.021 -2.953  0.013]]
DEBUG:----------------------------------------------
DEBUG:----------------------------------------------
DEBUG:Position info about the robot:
DEBUG:Initial pos/angle: ([[ 0.272  0.136  0.001]], [[-1.021 -2.953  0.013]])
DEBUG:Current pos/angle: ([[ 0.272  0.136  0.001]], [[-1.021 -2.953  0.013]]
DEBUG:----------------------------------------------
DEBUG:----------------------------------------------
DEBUG:Position info about the robot:
DEBUG:Initial pos/angle: ([[ 0.272  0.136  0.001]], [[-1.021 -2.953  0.013]])
DEBUG:Current pos/angle: ([[ 0.272  0.136  0.001]], [[-1.021 -2.953  0.013]]
DEBUG:----------------------------------------------
DEBUG:----------------------------------------------
DEBUG:Position info about the robot:
DEBUG:Initial pos/angle: ([[ 0.272  0.136  0.001]], [[-1.021 -2.953  0.013]])
DEBUG:Current pos/angle: ([[ 0.272  0.136  0.001]], [[-1.020 -2.953  0.013]]
DEBUG:----------------------------------------------
DEBUG:----------------------------------------------
DEBUG:Position info about the robot:
DEBUG:Initial pos/angle: ([[ 0.272  0.136  0.001]], [[-1.021 -2.953  0.013]])
DEBUG:Current pos/angle: ([[ 0.272  0.136  0.001]], [[-1.020 -2.953  0.013]]
DEBUG:----------------------------------------------
DEBUG:----------------------------------------------
DEBUG:Position info about the robot:
DEBUG:Initial pos/angle: ([[ 0.272  0.136  0.001]], [[-1.021 -2.953  0.013]])
DEBUG:Current pos/angle: ([[ 0.272  0.136  0.001]], [[-1.020 -2.953  0.013]]
DEBUG:----------------------------------------------
DEBUG:----------------------------------------------
DEBUG:Position info about the robot:
DEBUG:Initial pos/angle: ([[ 0.272  0.136  0.001]], [[-1.021 -2.953  0.013]])
DEBUG:Current pos/angle: ([[ 0.272  0.136  0.001]], [[-1.021 -2.953  0.013]]
DEBUG:----------------------------------------------
DEBUG:----------------------------------------------
DEBUG:Position info about the robot:
DEBUG:Initial pos/angle: ([[ 0.272  0.136  0.001]], [[-1.021 -2.953  0.013]])
DEBUG:Current pos/angle: ([[ 0.272  0.136  0.001]], [[-1.020 -2.953  0.013]]
DEBUG:----------------------------------------------
DEBUG:----------------------------------------------
DEBUG:Position info about the robot:
DEBUG:Initial pos/angle: ([[ 0.272  0.136  0.001]], [[-1.021 -2.953  0.013]])
DEBUG:Current pos/angle: ([[ 0.272  0.136  0.001]], [[-1.021 -2.953  0.013]]
DEBUG:----------------------------------------------
DEBUG:----------------------------------------------
DEBUG:Position info about the robot:
DEBUG:Initial pos/angle: ([[ 0.272  0.136  0.001]], [[-1.021 -2.953  0.013]])
DEBUG:Current pos/angle: ([[ 0.272  0.136  0.001]], [[-1.021 -2.953  0.013]]
DEBUG:----------------------------------------------
DEBUG:----------------------------------------------
DEBUG:Position info about the robot:
DEBUG:Initial pos/angle: ([[ 0.272  0.136  0.001]], [[-1.021 -2.953  0.013]])
DEBUG:Current pos/angle: ([[ 0.272  0.136  0.001]], [[-1.021 -2.953  0.013]]
DEBUG:----------------------------------------------
DEBUG:----------------------------------------------
DEBUG:Position info about the robot:
DEBUG:Initial pos/angle: ([[ 0.272  0.136  0.001]], [[-1.021 -2.953  0.013]])
DEBUG:Current pos/angle: ([[ 0.272  0.136  0.001]], [[-1.021 -2.953  0.013]]
DEBUG:----------------------------------------------
DEBUG:----------------------------------------------
DEBUG:Position info about the robot:
DEBUG:Initial pos/angle: ([[ 0.272  0.136  0.001]], [[-1.021 -2.953  0.013]])
DEBUG:Current pos/angle: ([[ 0.272  0.136  0.001]], [[-1.021 -2.953  0.013]]
DEBUG:----------------------------------------------
DEBUG:----------------------------------------------
DEBUG:Position info about the robot:
DEBUG:Initial pos/angle: ([[ 0.272  0.136  0.001]], [[-1.021 -2.953  0.013]])
DEBUG:Current pos/angle: ([[ 0.272  0.136  0.001]], [[-1.021 -2.953  0.013]]
DEBUG:----------------------------------------------
DEBUG:----------------------------------------------
DEBUG:Position info about the robot:
DEBUG:Initial pos/angle: ([[ 0.272  0.136  0.001]], [[-1.021 -2.953  0.013]])
DEBUG:Current pos/angle: ([[ 0.272  0.136  0.001]], [[-1.021 -2.953  0.013]]
DEBUG:----------------------------------------------
DEBUG:----------------------------------------------
DEBUG:Position info about the robot:
DEBUG:Initial pos/angle: ([[ 0.272  0.136  0.001]], [[-1.021 -2.953  0.013]])
DEBUG:Current pos/angle: ([[ 0.272  0.136  0.001]], [[-1.021 -2.953  0.013]]
DEBUG:----------------------------------------------
DEBUG:----------------------------------------------
DEBUG:Position info about the robot:
DEBUG:Initial pos/angle: ([[ 0.272  0.136  0.001]], [[-1.021 -2.953  0.013]])
DEBUG:Current pos/angle: ([[ 0.272  0.136  0.001]], [[-1.021 -2.953  0.013]]
DEBUG:----------------------------------------------
DEBUG:----------------------------------------------
DEBUG:Position info about the robot:
DEBUG:Initial pos/angle: ([[ 0.272  0.136  0.001]], [[-1.021 -2.953  0.013]])
DEBUG:Current pos/angle: ([[ 0.272  0.136  0.001]], [[-1.021 -2.953  0.013]]
DEBUG:----------------------------------------------
DEBUG:----------------------------------------------
DEBUG:Position info about the robot:
DEBUG:Initial pos/angle: ([[ 0.272  0.136  0.001]], [[-1.021 -2.953  0.013]])
DEBUG:Current pos/angle: ([[ 0.272  0.136  0.001]], [[-1.021 -2.953  0.013]]
DEBUG:----------------------------------------------
DEBUG:----------------------------------------------
DEBUG:Position info about the robot:
DEBUG:Initial pos/angle: ([[ 0.272  0.136  0.001]], [[-1.021 -2.953  0.013]])
DEBUG:Current pos/angle: ([[ 0.272  0.136  0.001]], [[-1.021 -2.953  0.013]]
DEBUG:----------------------------------------------
DEBUG:----------------------------------------------
DEBUG:Position info about the robot:
DEBUG:Initial pos/angle: ([[ 0.272  0.136  0.001]], [[-1.021 -2.953  0.013]])
DEBUG:Current pos/angle: ([[ 0.272  0.136  0.001]], [[-1.021 -2.953  0.013]]
DEBUG:----------------------------------------------
DEBUG:----------------------------------------------
DEBUG:Position info about the robot:
DEBUG:Initial pos/angle: ([[ 0.272  0.136  0.001]], [[-1.021 -2.953  0.013]])
DEBUG:Current pos/angle: ([[ 0.272  0.136  0.001]], [[-1.021 -2.954  0.013]]
DEBUG:----------------------------------------------
DEBUG:----------------------------------------------
DEBUG:Position info about the robot:
DEBUG:Initial pos/angle: ([[ 0.272  0.136  0.001]], [[-1.021 -2.953  0.013]])
DEBUG:Current pos/angle: ([[ 0.272  0.136  0.001]], [[-1.021 -2.953  0.013]]
DEBUG:----------------------------------------------
DEBUG:----------------------------------------------
DEBUG:Position info about the robot:
DEBUG:Initial pos/angle: ([[ 0.272  0.136  0.001]], [[-1.021 -2.953  0.013]])
DEBUG:Current pos/angle: ([[ 0.272  0.136  0.001]], [[-1.021 -2.953  0.013]]
DEBUG:----------------------------------------------
DEBUG:----------------------------------------------
DEBUG:Position info about the robot:
DEBUG:Initial pos/angle: ([[ 0.272  0.136  0.001]], [[-1.021 -2.953  0.013]])
DEBUG:Current pos/angle: ([[ 0.272  0.136  0.001]], [[-1.021 -2.953  0.013]]
DEBUG:----------------------------------------------
DEBUG:----------------------------------------------
DEBUG:Position info about the robot:
DEBUG:Initial pos/angle: ([[ 0.272  0.136  0.001]], [[-1.021 -2.953  0.013]])
DEBUG:Current pos/angle: ([[ 0.272  0.136  0.001]], [[-1.020 -2.953  0.013]]
DEBUG:----------------------------------------------
DEBUG:----------------------------------------------
DEBUG:Position info about the robot:
DEBUG:Initial pos/angle: ([[ 0.272  0.136  0.001]], [[-1.021 -2.953  0.013]])
DEBUG:Current pos/angle: ([[ 0.272  0.136  0.001]], [[-1.021 -2.953  0.013]]
DEBUG:----------------------------------------------
DEBUG:----------------------------------------------
DEBUG:Position info about the robot:
DEBUG:Initial pos/angle: ([[ 0.272  0.136  0.001]], [[-1.021 -2.953  0.013]])
DEBUG:Current pos/angle: ([[ 0.272  0.136  0.001]], [[-1.021 -2.953  0.013]]
DEBUG:----------------------------------------------
DEBUG:----------------------------------------------
DEBUG:Position info about the robot:
DEBUG:Initial pos/angle: ([[ 0.272  0.136  0.001]], [[-1.021 -2.953  0.013]])
DEBUG:Current pos/angle: ([[ 0.272  0.136  0.001]], [[-1.021 -2.953  0.013]]
DEBUG:----------------------------------------------
DEBUG:----------------------------------------------
DEBUG:Position info about the robot:
DEBUG:Initial pos/angle: ([[ 0.272  0.136  0.001]], [[-1.021 -2.953  0.013]])
DEBUG:Current pos/angle: ([[ 0.272  0.136  0.001]], [[-1.021 -2.953  0.013]]
DEBUG:----------------------------------------------
DEBUG:----------------------------------------------
DEBUG:Position info about the robot:
DEBUG:Initial pos/angle: ([[ 0.272  0.136  0.001]], [[-1.021 -2.953  0.013]])
DEBUG:Current pos/angle: ([[ 0.272  0.136  0.001]], [[-1.021 -2.953  0.013]]
DEBUG:----------------------------------------------
DEBUG:----------------------------------------------
DEBUG:Position info about the robot:
DEBUG:Initial pos/angle: ([[ 0.272  0.136  0.001]], [[-1.021 -2.953  0.013]])
DEBUG:Current pos/angle: ([[ 0.272  0.136  0.001]], [[-1.021 -2.953  0.013]]
DEBUG:----------------------------------------------
DEBUG:----------------------------------------------
DEBUG:Position info about the robot:
DEBUG:Initial pos/angle: ([[ 0.272  0.136  0.001]], [[-1.021 -2.953  0.013]])
DEBUG:Current pos/angle: ([[ 0.272  0.136  0.001]], [[-1.021 -2.953  0.013]]
DEBUG:----------------------------------------------
DEBUG:----------------------------------------------
DEBUG:Position info about the robot:
DEBUG:Initial pos/angle: ([[ 0.272  0.136  0.001]], [[-1.021 -2.953  0.013]])
DEBUG:Current pos/angle: ([[ 0.272  0.136  0.001]], [[-1.021 -2.953  0.013]]
DEBUG:----------------------------------------------
DEBUG:----------------------------------------------
DEBUG:Position info about the robot:
DEBUG:Initial pos/angle: ([[ 0.272  0.136  0.001]], [[-1.021 -2.953  0.013]])
DEBUG:Current pos/angle: ([[ 0.272  0.136  0.001]], [[-1.021 -2.953  0.013]]
DEBUG:----------------------------------------------
DEBUG:----------------------------------------------
DEBUG:Position info about the robot:
DEBUG:Initial pos/angle: ([[ 0.272  0.136  0.001]], [[-1.021 -2.953  0.013]])
DEBUG:Current pos/angle: ([[ 0.272  0.136  0.001]], [[-1.021 -2.953  0.013]]
DEBUG:----------------------------------------------
DEBUG:----------------------------------------------
DEBUG:Position info about the robot:
DEBUG:Initial pos/angle: ([[ 0.272  0.136  0.001]], [[-1.021 -2.953  0.013]])
DEBUG:Current pos/angle: ([[ 0.272  0.136  0.001]], [[-1.021 -2.953  0.013]]
DEBUG:----------------------------------------------
DEBUG:----------------------------------------------
DEBUG:Position info about the robot:
DEBUG:Initial pos/angle: ([[ 0.272  0.136  0.001]], [[-1.021 -2.953  0.013]])
DEBUG:Current pos/angle: ([[ 0.272  0.136  0.001]], [[-1.021 -2.953  0.013]]
DEBUG:----------------------------------------------
DEBUG:----------------------------------------------
DEBUG:Position info about the robot:
DEBUG:Initial pos/angle: ([[ 0.272  0.136  0.001]], [[-1.021 -2.953  0.013]])
DEBUG:Current pos/angle: ([[ 0.272  0.136  0.001]], [[-1.021 -2.953  0.013]]
DEBUG:----------------------------------------------
DEBUG:----------------------------------------------
DEBUG:Position info about the robot:
DEBUG:Initial pos/angle: ([[ 0.272  0.136  0.001]], [[-1.021 -2.953  0.013]])
DEBUG:Current pos/angle: ([[ 0.272  0.136  0.001]], [[-1.021 -2.953  0.013]]
DEBUG:----------------------------------------------
DEBUG:----------------------------------------------
DEBUG:Position info about the robot:
DEBUG:Initial pos/angle: ([[ 0.272  0.136  0.001]], [[-1.021 -2.953  0.013]])
DEBUG:Current pos/angle: ([[ 0.272  0.136  0.001]], [[-1.021 -2.953  0.013]]
DEBUG:----------------------------------------------
DEBUG:----------------------------------------------
DEBUG:Position info about the robot:
DEBUG:Initial pos/angle: ([[ 0.272  0.136  0.001]], [[-1.021 -2.953  0.013]])
DEBUG:Current pos/angle: ([[ 0.272  0.136  0.001]], [[-1.021 -2.953  0.013]]
DEBUG:----------------------------------------------
DEBUG:----------------------------------------------
DEBUG:Position info about the robot:
DEBUG:Initial pos/angle: ([[ 0.272  0.136  0.001]], [[-1.021 -2.953  0.013]])
DEBUG:Current pos/angle: ([[ 0.272  0.136  0.001]], [[-1.020 -2.953  0.013]]
DEBUG:----------------------------------------------
DEBUG:----------------------------------------------
DEBUG:Position info about the robot:
DEBUG:Initial pos/angle: ([[ 0.272  0.136  0.001]], [[-1.021 -2.953  0.013]])
DEBUG:Current pos/angle: ([[ 0.272  0.136  0.001]], [[-1.021 -2.953  0.013]]
DEBUG:----------------------------------------------
DEBUG:----------------------------------------------
DEBUG:Position info about the robot:
DEBUG:Initial pos/angle: ([[ 0.272  0.136  0.001]], [[-1.021 -2.953  0.013]])
DEBUG:Current pos/angle: ([[ 0.272  0.136  0.001]], [[-1.021 -2.953  0.013]]
DEBUG:----------------------------------------------
DEBUG:----------------------------------------------
DEBUG:Position info about the robot:
DEBUG:Initial pos/angle: ([[ 0.272  0.136  0.001]], [[-1.021 -2.953  0.013]])
DEBUG:Current pos/angle: ([[ 0.272  0.136  0.001]], [[-1.021 -2.953  0.013]]
DEBUG:----------------------------------------------
DEBUG:----------------------------------------------
DEBUG:Position info about the robot:
DEBUG:Initial pos/angle: ([[ 0.272  0.136  0.001]], [[-1.021 -2.953  0.013]])
DEBUG:Current pos/angle: ([[ 0.272  0.136  0.001]], [[-1.021 -2.953  0.013]]
DEBUG:----------------------------------------------
DEBUG:----------------------------------------------
DEBUG:Position info about the robot:
DEBUG:Initial pos/angle: ([[ 0.272  0.136  0.001]], [[-1.021 -2.953  0.013]])
DEBUG:Current pos/angle: ([[ 0.272  0.136  0.001]], [[-1.020 -2.953  0.013]]
DEBUG:----------------------------------------------
DEBUG:----------------------------------------------
DEBUG:Position info about the robot:
DEBUG:Initial pos/angle: ([[ 0.272  0.136  0.001]], [[-1.021 -2.953  0.013]])
DEBUG:Current pos/angle: ([[ 0.272  0.136  0.001]], [[-1.021 -2.953  0.013]]
DEBUG:----------------------------------------------
DEBUG:----------------------------------------------
DEBUG:Position info about the robot:
DEBUG:Initial pos/angle: ([[ 0.272  0.136  0.001]], [[-1.021 -2.953  0.013]])
DEBUG:Current pos/angle: ([[ 0.272  0.136  0.001]], [[-1.021 -2.953  0.013]]
DEBUG:----------------------------------------------
DEBUG:----------------------------------------------
DEBUG:Position info about the robot:
DEBUG:Initial pos/angle: ([[ 0.272  0.136  0.001]], [[-1.021 -2.953  0.013]])
DEBUG:Current pos/angle: ([[ 0.272  0.136  0.001]], [[-1.021 -2.953  0.013]]
DEBUG:----------------------------------------------
DEBUG:----------------------------------------------
DEBUG:Position info about the robot:
DEBUG:Initial pos/angle: ([[ 0.272  0.136  0.001]], [[-1.021 -2.953  0.013]])
DEBUG:Current pos/angle: ([[ 0.272  0.136  0.001]], [[-1.021 -2.953  0.013]]
DEBUG:----------------------------------------------
DEBUG:----------------------------------------------
DEBUG:Position info about the robot:
DEBUG:Initial pos/angle: ([[ 0.272  0.136  0.001]], [[-1.021 -2.953  0.013]])
DEBUG:Current pos/angle: ([[ 0.272  0.136  0.001]], [[-1.021 -2.953  0.013]]
DEBUG:----------------------------------------------
DEBUG:----------------------------------------------
DEBUG:Position info about the robot:
DEBUG:Initial pos/angle: ([[ 0.272  0.136  0.001]], [[-1.021 -2.953  0.013]])
DEBUG:Current pos/angle: ([[ 0.272  0.136  0.001]], [[-1.021 -2.953  0.013]]
DEBUG:----------------------------------------------
DEBUG:----------------------------------------------
DEBUG:Position info about the robot:
DEBUG:Initial pos/angle: ([[ 0.272  0.136  0.001]], [[-1.021 -2.953  0.013]])
DEBUG:Current pos/angle: ([[ 0.272  0.136  0.001]], [[-1.020 -2.953  0.013]]
DEBUG:----------------------------------------------
DEBUG:----------------------------------------------
DEBUG:Position info about the robot:
DEBUG:Initial pos/angle: ([[ 0.272  0.136  0.001]], [[-1.021 -2.953  0.013]])
DEBUG:Current pos/angle: ([[ 0.272  0.136  0.001]], [[-1.021 -2.953  0.013]]
DEBUG:----------------------------------------------
DEBUG:----------------------------------------------
DEBUG:Position info about the robot:
DEBUG:Initial pos/angle: ([[ 0.272  0.136  0.001]], [[-1.021 -2.953  0.013]])
DEBUG:Current pos/angle: ([[ 0.272  0.136  0.001]], [[-1.020 -2.953  0.013]]
DEBUG:----------------------------------------------
DEBUG:----------------------------------------------
DEBUG:Position info about the robot:
DEBUG:Initial pos/angle: ([[ 0.272  0.136  0.001]], [[-1.021 -2.953  0.013]])
DEBUG:Current pos/angle: ([[ 0.272  0.136  0.001]], [[-1.021 -2.953  0.013]]
DEBUG:----------------------------------------------
DEBUG:----------------------------------------------
DEBUG:Position info about the robot:
DEBUG:Initial pos/angle: ([[ 0.272  0.136  0.001]], [[-1.021 -2.953  0.013]])
DEBUG:Current pos/angle: ([[ 0.272  0.136  0.001]], [[-1.021 -2.953  0.013]]
DEBUG:----------------------------------------------
DEBUG:----------------------------------------------
DEBUG:Position info about the robot:
DEBUG:Initial pos/angle: ([[ 0.272  0.136  0.001]], [[-1.021 -2.953  0.013]])
DEBUG:Current pos/angle: ([[ 0.272  0.136  0.001]], [[-1.021 -2.954  0.013]]
DEBUG:----------------------------------------------
DEBUG:----------------------------------------------
DEBUG:Position info about the robot:
DEBUG:Initial pos/angle: ([[ 0.272  0.136  0.001]], [[-1.021 -2.953  0.013]])
DEBUG:Current pos/angle: ([[ 0.272  0.136  0.001]], [[-1.021 -2.953  0.013]]
DEBUG:----------------------------------------------
DEBUG:----------------------------------------------
DEBUG:Position info about the robot:
DEBUG:Initial pos/angle: ([[ 0.272  0.136  0.001]], [[-1.021 -2.953  0.013]])
DEBUG:Current pos/angle: ([[ 0.272  0.136  0.001]], [[-1.020 -2.953  0.013]]
DEBUG:----------------------------------------------
DEBUG:----------------------------------------------
DEBUG:Position info about the robot:
DEBUG:Initial pos/angle: ([[ 0.272  0.136  0.001]], [[-1.021 -2.953  0.013]])
DEBUG:Current pos/angle: ([[ 0.272  0.136  0.001]], [[-1.021 -2.953  0.013]]
DEBUG:----------------------------------------------
DEBUG:----------------------------------------------
DEBUG:Position info about the robot:
DEBUG:Initial pos/angle: ([[ 0.272  0.136  0.001]], [[-1.021 -2.953  0.013]])
DEBUG:Current pos/angle: ([[ 0.272  0.136  0.001]], [[-1.021 -2.953  0.013]]
DEBUG:----------------------------------------------
DEBUG:----------------------------------------------
DEBUG:Position info about the robot:
DEBUG:Initial pos/angle: ([[ 0.272  0.136  0.001]], [[-1.021 -2.953  0.013]])
DEBUG:Current pos/angle: ([[ 0.272  0.136  0.001]], [[-1.021 -2.953  0.013]]
DEBUG:----------------------------------------------
DEBUG:----------------------------------------------
DEBUG:Position info about the robot:
DEBUG:Initial pos/angle: ([[ 0.272  0.136  0.001]], [[-1.021 -2.953  0.013]])
DEBUG:Current pos/angle: ([[ 0.272  0.136  0.001]], [[-1.020 -2.953  0.013]]
DEBUG:----------------------------------------------
DEBUG:----------------------------------------------
DEBUG:Position info about the robot:
DEBUG:Initial pos/angle: ([[ 0.272  0.136  0.001]], [[-1.021 -2.953  0.013]])
DEBUG:Current pos/angle: ([[ 0.272  0.136  0.001]], [[-1.021 -2.954  0.013]]
DEBUG:----------------------------------------------
DEBUG:----------------------------------------------
DEBUG:Position info about the robot:
DEBUG:Initial pos/angle: ([[ 0.272  0.136  0.001]], [[-1.021 -2.953  0.013]])
DEBUG:Current pos/angle: ([[ 0.272  0.136  0.001]], [[-1.021 -2.953  0.013]]
DEBUG:----------------------------------------------
DEBUG:----------------------------------------------
DEBUG:Position info about the robot:
DEBUG:Initial pos/angle: ([[ 0.272  0.136  0.001]], [[-1.021 -2.953  0.013]])
DEBUG:Current pos/angle: ([[ 0.272  0.136  0.001]], [[-1.021 -2.954  0.013]]
DEBUG:----------------------------------------------
DEBUG:----------------------------------------------
DEBUG:Position info about the robot:
DEBUG:Initial pos/angle: ([[ 0.272  0.136  0.001]], [[-1.021 -2.953  0.013]])
DEBUG:Current pos/angle: ([[ 0.272  0.136  0.001]], [[-1.021 -2.953  0.013]]
DEBUG:----------------------------------------------
DEBUG:----------------------------------------------
DEBUG:Position info about the robot:
DEBUG:Initial pos/angle: ([[ 0.272  0.136  0.001]], [[-1.021 -2.953  0.013]])
DEBUG:Current pos/angle: ([[ 0.272  0.136  0.001]], [[-1.020 -2.953  0.013]]
DEBUG:----------------------------------------------
DEBUG:----------------------------------------------
DEBUG:Position info about the robot:
DEBUG:Initial pos/angle: ([[ 0.272  0.136  0.001]], [[-1.021 -2.953  0.013]])
DEBUG:Current pos/angle: ([[ 0.272  0.136  0.001]], [[-1.021 -2.953  0.013]]
DEBUG:----------------------------------------------
DEBUG:----------------------------------------------
DEBUG:Position info about the robot:
DEBUG:Initial pos/angle: ([[ 0.272  0.136  0.001]], [[-1.021 -2.953  0.013]])
DEBUG:Current pos/angle: ([[ 0.272  0.136  0.001]], [[-1.020 -2.953  0.013]]
DEBUG:----------------------------------------------
DEBUG:----------------------------------------------
DEBUG:Position info about the robot:
DEBUG:Initial pos/angle: ([[ 0.272  0.136  0.001]], [[-1.021 -2.953  0.013]])
DEBUG:Current pos/angle: ([[ 0.272  0.136  0.001]], [[-1.021 -2.953  0.013]]
DEBUG:----------------------------------------------
DEBUG:----------------------------------------------
DEBUG:Position info about the robot:
DEBUG:Initial pos/angle: ([[ 0.272  0.136  0.001]], [[-1.021 -2.953  0.013]])
DEBUG:Current pos/angle: ([[ 0.272  0.136  0.001]], [[-1.021 -2.953  0.013]]
DEBUG:----------------------------------------------
DEBUG:----------------------------------------------
DEBUG:Position info about the robot:
DEBUG:Initial pos/angle: ([[ 0.272  0.136  0.001]], [[-1.021 -2.953  0.013]])
DEBUG:Current pos/angle: ([[ 0.272  0.136  0.001]], [[-1.021 -2.953  0.013]]
DEBUG:----------------------------------------------
DEBUG:----------------------------------------------
DEBUG:Position info about the robot:
DEBUG:Initial pos/angle: ([[ 0.272  0.136  0.001]], [[-1.021 -2.953  0.013]])
DEBUG:Current pos/angle: ([[ 0.272  0.136  0.001]], [[-1.021 -2.953  0.013]]
DEBUG:----------------------------------------------
DEBUG:----------------------------------------------
DEBUG:Position info about the robot:
DEBUG:Initial pos/angle: ([[ 0.272  0.136  0.001]], [[-1.021 -2.953  0.013]])
DEBUG:Current pos/angle: ([[ 0.272  0.136  0.001]], [[-1.021 -2.953  0.013]]
DEBUG:----------------------------------------------
DEBUG:----------------------------------------------
DEBUG:Position info about the robot:
DEBUG:Initial pos/angle: ([[ 0.272  0.136  0.001]], [[-1.021 -2.953  0.013]])
DEBUG:Current pos/angle: ([[ 0.272  0.136  0.001]], [[-1.020 -2.953  0.013]]
DEBUG:----------------------------------------------
DEBUG:----------------------------------------------
DEBUG:Position info about the robot:
DEBUG:Initial pos/angle: ([[ 0.272  0.136  0.001]], [[-1.021 -2.953  0.013]])
DEBUG:Current pos/angle: ([[ 0.272  0.136  0.001]], [[-1.021 -2.953  0.013]]
DEBUG:----------------------------------------------
DEBUG:----------------------------------------------
DEBUG:Position info about the robot:
DEBUG:Initial pos/angle: ([[ 0.272  0.136  0.001]], [[-1.021 -2.953  0.013]])
DEBUG:Current pos/angle: ([[ 0.272  0.136  0.001]], [[-1.021 -2.953  0.013]]
DEBUG:----------------------------------------------
DEBUG:----------------------------------------------
DEBUG:Position info about the robot:
DEBUG:Initial pos/angle: ([[ 0.272  0.136  0.001]], [[-1.021 -2.953  0.013]])
DEBUG:Current pos/angle: ([[ 0.272  0.136  0.001]], [[-1.021 -2.953  0.013]]
DEBUG:----------------------------------------------
DEBUG:----------------------------------------------
DEBUG:Position info about the robot:
DEBUG:Initial pos/angle: ([[ 0.272  0.136  0.001]], [[-1.021 -2.953  0.013]])
DEBUG:Current pos/angle: ([[ 0.272  0.136  0.001]], [[-1.021 -2.953  0.013]]
DEBUG:----------------------------------------------
DEBUG:----------------------------------------------
DEBUG:Position info about the robot:
DEBUG:Initial pos/angle: ([[ 0.272  0.136  0.001]], [[-1.021 -2.953  0.013]])
DEBUG:Current pos/angle: ([[ 0.272  0.136  0.001]], [[-1.021 -2.954  0.013]]
DEBUG:----------------------------------------------
DEBUG:----------------------------------------------
DEBUG:Position info about the robot:
DEBUG:Initial pos/angle: ([[ 0.272  0.136  0.001]], [[-1.021 -2.953  0.013]])
DEBUG:Current pos/angle: ([[ 0.272  0.136  0.001]], [[-1.021 -2.953  0.013]]
DEBUG:----------------------------------------------
DEBUG:----------------------------------------------
DEBUG:Position info about the robot:
DEBUG:Initial pos/angle: ([[ 0.272  0.136  0.001]], [[-1.021 -2.953  0.013]])
DEBUG:Current pos/angle: ([[ 0.272  0.136  0.001]], [[-1.020 -2.953  0.013]]
DEBUG:----------------------------------------------
DEBUG:----------------------------------------------
DEBUG:Position info about the robot:
DEBUG:Initial pos/angle: ([[ 0.272  0.136  0.001]], [[-1.021 -2.953  0.013]])
DEBUG:Current pos/angle: ([[ 0.272  0.136  0.001]], [[-1.021 -2.953  0.013]]
DEBUG:----------------------------------------------
DEBUG:----------------------------------------------
DEBUG:Position info about the robot:
DEBUG:Initial pos/angle: ([[ 0.272  0.136  0.001]], [[-1.021 -2.953  0.013]])
DEBUG:Current pos/angle: ([[ 0.272  0.136  0.001]], [[-1.021 -2.953  0.013]]
DEBUG:----------------------------------------------
DEBUG:----------------------------------------------
DEBUG:Position info about the robot:
DEBUG:Initial pos/angle: ([[ 0.272  0.136  0.001]], [[-1.021 -2.953  0.013]])
DEBUG:Current pos/angle: ([[ 0.272  0.136  0.001]], [[-1.021 -2.953  0.013]]
DEBUG:----------------------------------------------
DEBUG:----------------------------------------------
DEBUG:Position info about the robot:
DEBUG:Initial pos/angle: ([[ 0.272  0.136  0.001]], [[-1.021 -2.953  0.013]])
DEBUG:Current pos/angle: ([[ 0.272  0.136  0.001]], [[-1.021 -2.953  0.013]]
DEBUG:----------------------------------------------
DEBUG:----------------------------------------------
DEBUG:Position info about the robot:
DEBUG:Initial pos/angle: ([[ 0.272  0.136  0.001]], [[-1.021 -2.953  0.013]])
DEBUG:Current pos/angle: ([[ 0.272  0.136  0.001]], [[-1.020 -2.953  0.013]]
DEBUG:----------------------------------------------
DEBUG:----------------------------------------------
DEBUG:Position info about the robot:
DEBUG:Initial pos/angle: ([[ 0.272  0.136  0.001]], [[-1.021 -2.953  0.013]])
DEBUG:Current pos/angle: ([[ 0.272  0.136  0.001]], [[-1.021 -2.954  0.013]]
DEBUG:----------------------------------------------
DEBUG:----------------------------------------------
DEBUG:Position info about the robot:
DEBUG:Initial pos/angle: ([[ 0.272  0.136  0.001]], [[-1.021 -2.953  0.013]])
DEBUG:Current pos/angle: ([[ 0.272  0.136  0.001]], [[-1.021 -2.953  0.013]]
DEBUG:----------------------------------------------
DEBUG:----------------------------------------------
DEBUG:Position info about the robot:
DEBUG:Initial pos/angle: ([[ 0.272  0.136  0.001]], [[-1.021 -2.953  0.013]])
DEBUG:Current pos/angle: ([[ 0.272  0.136  0.001]], [[-1.021 -2.953  0.013]]
DEBUG:----------------------------------------------
DEBUG:----------------------------------------------
DEBUG:Position info about the robot:
DEBUG:Initial pos/angle: ([[ 0.272  0.136  0.001]], [[-1.021 -2.953  0.013]])
DEBUG:Current pos/angle: ([[ 0.272  0.136  0.001]], [[-1.021 -2.953  0.013]]
DEBUG:----------------------------------------------
DEBUG:----------------------------------------------
DEBUG:Position info about the robot:
DEBUG:Initial pos/angle: ([[ 0.272  0.136  0.001]], [[-1.021 -2.953  0.013]])
DEBUG:Current pos/angle: ([[ 0.272  0.136  0.001]], [[-1.021 -2.953  0.013]]
DEBUG:----------------------------------------------
DEBUG:----------------------------------------------
DEBUG:Position info about the robot:
DEBUG:Initial pos/angle: ([[ 0.272  0.136  0.001]], [[-1.021 -2.953  0.013]])
DEBUG:Current pos/angle: ([[ 0.272  0.136  0.001]], [[-1.021 -2.953  0.013]]
DEBUG:----------------------------------------------
DEBUG:----------------------------------------------
DEBUG:Position info about the robot:
DEBUG:Initial pos/angle: ([[ 0.272  0.136  0.001]], [[-1.021 -2.953  0.013]])
DEBUG:Current pos/angle: ([[ 0.272  0.136  0.001]], [[-1.021 -2.953  0.013]]
DEBUG:----------------------------------------------
DEBUG:----------------------------------------------
DEBUG:Position info about the robot:
DEBUG:Initial pos/angle: ([[ 0.272  0.136  0.001]], [[-1.021 -2.953  0.013]])
DEBUG:Current pos/angle: ([[ 0.272  0.136  0.001]], [[-1.021 -2.953  0.013]]
DEBUG:----------------------------------------------
DEBUG:----------------------------------------------
DEBUG:Position info about the robot:
DEBUG:Initial pos/angle: ([[ 0.272  0.136  0.001]], [[-1.021 -2.953  0.013]])
DEBUG:Current pos/angle: ([[ 0.272  0.136  0.001]], [[-1.021 -2.953  0.013]]
DEBUG:----------------------------------------------
DEBUG:----------------------------------------------
DEBUG:Position info about the robot:
DEBUG:Initial pos/angle: ([[ 0.272  0.136  0.001]], [[-1.021 -2.953  0.013]])
DEBUG:Current pos/angle: ([[ 0.272  0.136  0.001]], [[-1.021 -2.953  0.013]]
DEBUG:----------------------------------------------
DEBUG:----------------------------------------------
DEBUG:Position info about the robot:
DEBUG:Initial pos/angle: ([[ 0.272  0.136  0.001]], [[-1.021 -2.953  0.013]])
DEBUG:Current pos/angle: ([[ 0.272  0.136  0.001]], [[-1.020 -2.953  0.013]]
DEBUG:----------------------------------------------
DEBUG:----------------------------------------------
DEBUG:Position info about the robot:
DEBUG:Initial pos/angle: ([[ 0.272  0.136  0.001]], [[-1.021 -2.953  0.013]])
DEBUG:Current pos/angle: ([[ 0.272  0.136  0.001]], [[-1.020 -2.953  0.013]]
DEBUG:----------------------------------------------
DEBUG:----------------------------------------------
DEBUG:Position info about the robot:
DEBUG:Initial pos/angle: ([[ 0.272  0.136  0.001]], [[-1.021 -2.953  0.013]])
DEBUG:Current pos/angle: ([[ 0.272  0.136  0.001]], [[-1.021 -2.953  0.013]]
DEBUG:----------------------------------------------
DEBUG:----------------------------------------------
DEBUG:Position info about the robot:
DEBUG:Initial pos/angle: ([[ 0.272  0.136  0.001]], [[-1.021 -2.953  0.013]])
DEBUG:Current pos/angle: ([[ 0.272  0.136  0.001]], [[-1.021 -2.953  0.013]]
DEBUG:----------------------------------------------
DEBUG:----------------------------------------------
DEBUG:Position info about the robot:
DEBUG:Initial pos/angle: ([[ 0.272  0.136  0.001]], [[-1.021 -2.953  0.013]])
DEBUG:Current pos/angle: ([[ 0.272  0.136  0.001]], [[-1.021 -2.953  0.013]]
DEBUG:----------------------------------------------
DEBUG:----------------------------------------------
DEBUG:Position info about the robot:
DEBUG:Initial pos/angle: ([[ 0.272  0.136  0.001]], [[-1.021 -2.953  0.013]])
DEBUG:Current pos/angle: ([[ 0.272  0.136  0.001]], [[-1.021 -2.953  0.013]]
DEBUG:----------------------------------------------
DEBUG:----------------------------------------------
DEBUG:Position info about the robot:
DEBUG:Initial pos/angle: ([[ 0.272  0.136  0.001]], [[-1.021 -2.953  0.013]])
DEBUG:Current pos/angle: ([[ 0.272  0.136  0.001]], [[-1.021 -2.953  0.013]]
DEBUG:----------------------------------------------
DEBUG:----------------------------------------------
DEBUG:Position info about the robot:
DEBUG:Initial pos/angle: ([[ 0.272  0.136  0.001]], [[-1.021 -2.953  0.013]])
DEBUG:Current pos/angle: ([[ 0.272  0.136  0.001]], [[-1.021 -2.953  0.013]]
DEBUG:----------------------------------------------
DEBUG:----------------------------------------------
DEBUG:Position info about the robot:
DEBUG:Initial pos/angle: ([[ 0.272  0.136  0.001]], [[-1.021 -2.953  0.013]])
DEBUG:Current pos/angle: ([[ 0.272  0.136  0.001]], [[-1.021 -2.953  0.013]]
DEBUG:----------------------------------------------
DEBUG:----------------------------------------------
DEBUG:Position info about the robot:
DEBUG:Initial pos/angle: ([[ 0.272  0.136  0.001]], [[-1.021 -2.953  0.013]])
DEBUG:Current pos/angle: ([[ 0.272  0.136  0.001]], [[-1.021 -2.953  0.013]]
DEBUG:----------------------------------------------
DEBUG:----------------------------------------------
DEBUG:Position info about the robot:
DEBUG:Initial pos/angle: ([[ 0.272  0.136  0.001]], [[-1.021 -2.953  0.013]])
DEBUG:Current pos/angle: ([[ 0.272  0.136  0.001]], [[-1.021 -2.953  0.013]]
DEBUG:----------------------------------------------
DEBUG:----------------------------------------------
DEBUG:Position info about the robot:
DEBUG:Initial pos/angle: ([[ 0.272  0.136  0.001]], [[-1.021 -2.953  0.013]])
DEBUG:Current pos/angle: ([[ 0.272  0.136  0.001]], [[-1.021 -2.953  0.013]]
DEBUG:----------------------------------------------
DEBUG:----------------------------------------------
DEBUG:Position info about the robot:
DEBUG:Initial pos/angle: ([[ 0.272  0.136  0.001]], [[-1.021 -2.953  0.013]])
DEBUG:Current pos/angle: ([[ 0.272  0.136  0.001]], [[-1.021 -2.953  0.013]]
DEBUG:----------------------------------------------
DEBUG:----------------------------------------------
DEBUG:Position info about the robot:
DEBUG:Initial pos/angle: ([[ 0.272  0.136  0.001]], [[-1.021 -2.953  0.013]])
DEBUG:Current pos/angle: ([[ 0.272  0.136  0.001]], [[-1.021 -2.953  0.013]]
DEBUG:----------------------------------------------
DEBUG:----------------------------------------------
DEBUG:Position info about the robot:
DEBUG:Initial pos/angle: ([[ 0.272  0.136  0.001]], [[-1.021 -2.953  0.013]])
DEBUG:Current pos/angle: ([[ 0.272  0.136  0.001]], [[-1.021 -2.953  0.013]]
DEBUG:----------------------------------------------
DEBUG:----------------------------------------------
DEBUG:Position info about the robot:
DEBUG:Initial pos/angle: ([[ 0.272  0.136  0.001]], [[-1.021 -2.953  0.013]])
DEBUG:Current pos/angle: ([[ 0.272  0.136  0.001]], [[-1.021 -2.953  0.013]]
DEBUG:----------------------------------------------
DEBUG:----------------------------------------------
DEBUG:Position info about the robot:
DEBUG:Initial pos/angle: ([[ 0.272  0.136  0.001]], [[-1.021 -2.953  0.013]])
DEBUG:Current pos/angle: ([[ 0.272  0.136  0.001]], [[-1.021 -2.953  0.013]]
DEBUG:----------------------------------------------
DEBUG:----------------------------------------------
DEBUG:Position info about the robot:
DEBUG:Initial pos/angle: ([[ 0.272  0.136  0.001]], [[-1.021 -2.953  0.013]])
DEBUG:Current pos/angle: ([[ 0.272  0.136  0.001]], [[-1.021 -2.953  0.013]]
DEBUG:----------------------------------------------
DEBUG:----------------------------------------------
DEBUG:Position info about the robot:
DEBUG:Initial pos/angle: ([[ 0.272  0.136  0.001]], [[-1.021 -2.953  0.013]])
DEBUG:Current pos/angle: ([[ 0.272  0.136  0.001]], [[-1.021 -2.954  0.013]]
DEBUG:----------------------------------------------
DEBUG:----------------------------------------------
DEBUG:Position info about the robot:
DEBUG:Initial pos/angle: ([[ 0.272  0.136  0.001]], [[-1.021 -2.953  0.013]])
DEBUG:Current pos/angle: ([[ 0.272  0.136  0.001]], [[-1.021 -2.953  0.013]]
DEBUG:----------------------------------------------
DEBUG:----------------------------------------------
DEBUG:Position info about the robot:
DEBUG:Initial pos/angle: ([[ 0.272  0.136  0.001]], [[-1.021 -2.953  0.013]])
DEBUG:Current pos/angle: ([[ 0.272  0.136  0.001]], [[-1.021 -2.953  0.013]]
DEBUG:----------------------------------------------
DEBUG:----------------------------------------------
DEBUG:Position info about the robot:
DEBUG:Initial pos/angle: ([[ 0.272  0.136  0.001]], [[-1.021 -2.953  0.013]])
DEBUG:Current pos/angle: ([[ 0.272  0.136  0.001]], [[-1.021 -2.953  0.013]]
DEBUG:----------------------------------------------
DEBUG:----------------------------------------------
DEBUG:Position info about the robot:
DEBUG:Initial pos/angle: ([[ 0.272  0.136  0.001]], [[-1.021 -2.953  0.013]])
DEBUG:Current pos/angle: ([[ 0.272  0.136  0.001]], [[-1.021 -2.953  0.013]]
DEBUG:----------------------------------------------
DEBUG:----------------------------------------------
DEBUG:Position info about the robot:
DEBUG:Initial pos/angle: ([[ 0.272  0.136  0.001]], [[-1.021 -2.953  0.013]])
DEBUG:Current pos/angle: ([[ 0.272  0.136  0.001]], [[-1.021 -2.953  0.013]]
DEBUG:----------------------------------------------
DEBUG:----------------------------------------------
DEBUG:Position info about the robot:
DEBUG:Initial pos/angle: ([[ 0.272  0.136  0.001]], [[-1.021 -2.953  0.013]])
DEBUG:Current pos/angle: ([[ 0.272  0.136  0.001]], [[-1.021 -2.953  0.013]]
DEBUG:----------------------------------------------
DEBUG:----------------------------------------------
DEBUG:Position info about the robot:
DEBUG:Initial pos/angle: ([[ 0.272  0.136  0.001]], [[-1.021 -2.953  0.013]])
DEBUG:Current pos/angle: ([[ 0.272  0.136  0.001]], [[-1.021 -2.953  0.013]]
DEBUG:----------------------------------------------
DEBUG:----------------------------------------------
DEBUG:Position info about the robot:
DEBUG:Initial pos/angle: ([[ 0.272  0.136  0.001]], [[-1.021 -2.953  0.013]])
DEBUG:Current pos/angle: ([[ 0.272  0.136  0.001]], [[-1.021 -2.954  0.013]]
DEBUG:----------------------------------------------
DEBUG:----------------------------------------------
DEBUG:Position info about the robot:
DEBUG:Initial pos/angle: ([[ 0.272  0.136  0.001]], [[-1.021 -2.953  0.013]])
DEBUG:Current pos/angle: ([[ 0.272  0.136  0.001]], [[-1.021 -2.953  0.013]]
DEBUG:----------------------------------------------
DEBUG:----------------------------------------------
DEBUG:Position info about the robot:
DEBUG:Initial pos/angle: ([[ 0.272  0.136  0.001]], [[-1.021 -2.953  0.013]])
DEBUG:Current pos/angle: ([[ 0.272  0.136  0.001]], [[-1.021 -2.953  0.013]]
DEBUG:----------------------------------------------
DEBUG:----------------------------------------------
DEBUG:Position info about the robot:
DEBUG:Initial pos/angle: ([[ 0.272  0.136  0.001]], [[-1.021 -2.953  0.013]])
DEBUG:Current pos/angle: ([[ 0.272  0.136  0.001]], [[-1.021 -2.953  0.013]]
DEBUG:----------------------------------------------
DEBUG:----------------------------------------------
DEBUG:Position info about the robot:
DEBUG:Initial pos/angle: ([[ 0.272  0.136  0.001]], [[-1.021 -2.953  0.013]])
DEBUG:Current pos/angle: ([[ 0.272  0.136  0.001]], [[-1.021 -2.953  0.013]]
DEBUG:----------------------------------------------
DEBUG:----------------------------------------------
DEBUG:Position info about the robot:
DEBUG:Initial pos/angle: ([[ 0.272  0.136  0.001]], [[-1.021 -2.953  0.013]])
DEBUG:Current pos/angle: ([[ 0.272  0.136  0.001]], [[-1.020 -2.953  0.013]]
DEBUG:----------------------------------------------
DEBUG:----------------------------------------------
DEBUG:Position info about the robot:
DEBUG:Initial pos/angle: ([[ 0.272  0.136  0.001]], [[-1.021 -2.953  0.013]])
DEBUG:Current pos/angle: ([[ 0.272  0.136  0.001]], [[-1.021 -2.953  0.013]]
DEBUG:----------------------------------------------
DEBUG:----------------------------------------------
DEBUG:Position info about the robot:
DEBUG:Initial pos/angle: ([[ 0.272  0.136  0.001]], [[-1.021 -2.953  0.013]])
DEBUG:Current pos/angle: ([[ 0.272  0.136  0.001]], [[-1.020 -2.953  0.013]]
DEBUG:----------------------------------------------
DEBUG:----------------------------------------------
DEBUG:Position info about the robot:
DEBUG:Initial pos/angle: ([[ 0.272  0.136  0.001]], [[-1.021 -2.953  0.013]])
DEBUG:Current pos/angle: ([[ 0.272  0.136  0.001]], [[-1.021 -2.953  0.013]]
DEBUG:----------------------------------------------
DEBUG:----------------------------------------------
DEBUG:Position info about the robot:
DEBUG:Initial pos/angle: ([[ 0.272  0.136  0.001]], [[-1.021 -2.953  0.013]])
DEBUG:Current pos/angle: ([[ 0.272  0.136  0.001]], [[-1.021 -2.953  0.013]]
DEBUG:----------------------------------------------
DEBUG:----------------------------------------------
DEBUG:Position info about the robot:
DEBUG:Initial pos/angle: ([[ 0.272  0.136  0.001]], [[-1.021 -2.953  0.013]])
DEBUG:Current pos/angle: ([[ 0.272  0.136  0.001]], [[-1.021 -2.953  0.013]]
DEBUG:----------------------------------------------
DEBUG:----------------------------------------------
DEBUG:Position info about the robot:
DEBUG:Initial pos/angle: ([[ 0.272  0.136  0.001]], [[-1.021 -2.953  0.013]])
DEBUG:Current pos/angle: ([[ 0.272  0.136  0.001]], [[-1.021 -2.953  0.013]]
DEBUG:----------------------------------------------
DEBUG:----------------------------------------------
DEBUG:Position info about the robot:
DEBUG:Initial pos/angle: ([[ 0.272  0.136  0.001]], [[-1.021 -2.953  0.013]])
DEBUG:Current pos/angle: ([[ 0.272  0.136  0.001]], [[-1.021 -2.953  0.013]]
DEBUG:----------------------------------------------
DEBUG:----------------------------------------------
DEBUG:Position info about the robot:
DEBUG:Initial pos/angle: ([[ 0.272  0.136  0.001]], [[-1.021 -2.953  0.013]])
DEBUG:Current pos/angle: ([[ 0.272  0.136  0.001]], [[-1.021 -2.953  0.013]]
DEBUG:----------------------------------------------
DEBUG:----------------------------------------------
DEBUG:Position info about the robot:
DEBUG:Initial pos/angle: ([[ 0.272  0.136  0.001]], [[-1.021 -2.953  0.013]])
DEBUG:Current pos/angle: ([[ 0.272  0.136  0.001]], [[-1.021 -2.953  0.013]]
DEBUG:----------------------------------------------
DEBUG:----------------------------------------------
DEBUG:Position info about the robot:
DEBUG:Initial pos/angle: ([[ 0.272  0.136  0.001]], [[-1.021 -2.953  0.013]])
DEBUG:Current pos/angle: ([[ 0.272  0.136  0.001]], [[-1.020 -2.953  0.013]]
DEBUG:----------------------------------------------
DEBUG:----------------------------------------------
DEBUG:Position info about the robot:
DEBUG:Initial pos/angle: ([[ 0.272  0.136  0.001]], [[-1.021 -2.953  0.013]])
DEBUG:Current pos/angle: ([[ 0.272  0.136  0.001]], [[-1.021 -2.953  0.013]]
DEBUG:----------------------------------------------
DEBUG:----------------------------------------------
DEBUG:Position info about the robot:
DEBUG:Initial pos/angle: ([[ 0.272  0.136  0.001]], [[-1.021 -2.953  0.013]])
DEBUG:Current pos/angle: ([[ 0.272  0.136  0.001]], [[-1.021 -2.953  0.013]]
DEBUG:----------------------------------------------
DEBUG:----------------------------------------------
DEBUG:Position info about the robot:
DEBUG:Initial pos/angle: ([[ 0.272  0.136  0.001]], [[-1.021 -2.953  0.013]])
DEBUG:Current pos/angle: ([[ 0.272  0.136  0.001]], [[-1.021 -2.953  0.013]]
DEBUG:----------------------------------------------
DEBUG:----------------------------------------------
DEBUG:Position info about the robot:
DEBUG:Initial pos/angle: ([[ 0.272  0.136  0.001]], [[-1.021 -2.953  0.013]])
DEBUG:Current pos/angle: ([[ 0.272  0.136  0.001]], [[-1.021 -2.953  0.013]]
DEBUG:----------------------------------------------
DEBUG:----------------------------------------------
DEBUG:Position info about the robot:
DEBUG:Initial pos/angle: ([[ 0.272  0.136  0.001]], [[-1.021 -2.953  0.013]])
DEBUG:Current pos/angle: ([[ 0.272  0.136  0.001]], [[-1.021 -2.953  0.013]]
DEBUG:----------------------------------------------
DEBUG:----------------------------------------------
DEBUG:Position info about the robot:
DEBUG:Initial pos/angle: ([[ 0.272  0.136  0.001]], [[-1.021 -2.953  0.013]])
DEBUG:Current pos/angle: ([[ 0.272  0.136  0.001]], [[-1.021 -2.953  0.013]]
DEBUG:----------------------------------------------
DEBUG:----------------------------------------------
DEBUG:Position info about the robot:
DEBUG:Initial pos/angle: ([[ 0.272  0.136  0.001]], [[-1.021 -2.953  0.013]])
DEBUG:Current pos/angle: ([[ 0.272  0.136  0.001]], [[-1.021 -2.953  0.013]]
DEBUG:----------------------------------------------
DEBUG:----------------------------------------------
DEBUG:Position info about the robot:
DEBUG:Initial pos/angle: ([[ 0.272  0.136  0.001]], [[-1.021 -2.953  0.013]])
DEBUG:Current pos/angle: ([[ 0.272  0.136  0.001]], [[-1.020 -2.953  0.013]]
DEBUG:----------------------------------------------
DEBUG:----------------------------------------------
DEBUG:Position info about the robot:
DEBUG:Initial pos/angle: ([[ 0.272  0.136  0.001]], [[-1.021 -2.953  0.013]])
DEBUG:Current pos/angle: ([[ 0.272  0.136  0.001]], [[-1.021 -2.953  0.013]]
DEBUG:----------------------------------------------
DEBUG:----------------------------------------------
DEBUG:Position info about the robot:
DEBUG:Initial pos/angle: ([[ 0.272  0.136  0.001]], [[-1.021 -2.953  0.013]])
DEBUG:Current pos/angle: ([[ 0.272  0.136  0.001]], [[-1.021 -2.953  0.013]]
DEBUG:----------------------------------------------
DEBUG:----------------------------------------------
DEBUG:Position info about the robot:
DEBUG:Initial pos/angle: ([[ 0.272  0.136  0.001]], [[-1.021 -2.953  0.013]])
DEBUG:Current pos/angle: ([[ 0.272  0.136  0.001]], [[-1.021 -2.953  0.013]]
DEBUG:----------------------------------------------
DEBUG:----------------------------------------------
DEBUG:Position info about the robot:
DEBUG:Initial pos/angle: ([[ 0.272  0.136  0.001]], [[-1.021 -2.953  0.013]])
DEBUG:Current pos/angle: ([[ 0.272  0.136  0.001]], [[-1.021 -2.953  0.013]]
DEBUG:----------------------------------------------
DEBUG:----------------------------------------------
DEBUG:Position info about the robot:
DEBUG:Initial pos/angle: ([[ 0.272  0.136  0.001]], [[-1.021 -2.953  0.013]])
DEBUG:Current pos/angle: ([[ 0.272  0.136  0.001]], [[-1.021 -2.953  0.013]]
DEBUG:----------------------------------------------
DEBUG:----------------------------------------------
DEBUG:Position info about the robot:
DEBUG:Initial pos/angle: ([[ 0.272  0.136  0.001]], [[-1.021 -2.953  0.013]])
DEBUG:Current pos/angle: ([[ 0.272  0.136  0.001]], [[-1.021 -2.953  0.013]]
DEBUG:----------------------------------------------
DEBUG:----------------------------------------------
DEBUG:Position info about the robot:
DEBUG:Initial pos/angle: ([[ 0.272  0.136  0.001]], [[-1.021 -2.953  0.013]])
DEBUG:Current pos/angle: ([[ 0.272  0.136  0.001]], [[-1.021 -2.953  0.013]]
DEBUG:----------------------------------------------
DEBUG:----------------------------------------------
DEBUG:Position info about the robot:
DEBUG:Initial pos/angle: ([[ 0.272  0.136  0.001]], [[-1.021 -2.953  0.013]])
DEBUG:Current pos/angle: ([[ 0.272  0.136  0.001]], [[-1.021 -2.953  0.013]]
DEBUG:----------------------------------------------
DEBUG:----------------------------------------------
DEBUG:Position info about the robot:
DEBUG:Initial pos/angle: ([[ 0.272  0.136  0.001]], [[-1.021 -2.953  0.013]])
DEBUG:Current pos/angle: ([[ 0.272  0.136  0.001]], [[-1.021 -2.953  0.013]]
DEBUG:----------------------------------------------
DEBUG:----------------------------------------------
DEBUG:Position info about the robot:
DEBUG:Initial pos/angle: ([[ 0.272  0.136  0.001]], [[-1.021 -2.953  0.013]])
DEBUG:Current pos/angle: ([[ 0.272  0.136  0.001]], [[-1.020 -2.953  0.013]]
DEBUG:----------------------------------------------
DEBUG:----------------------------------------------
DEBUG:Position info about the robot:
DEBUG:Initial pos/angle: ([[ 0.272  0.136  0.001]], [[-1.021 -2.953  0.013]])
DEBUG:Current pos/angle: ([[ 0.272  0.136  0.001]], [[ 1.020  2.951 -0.031]]
DEBUG:----------------------------------------------
DEBUG:----------------------------------------------
DEBUG:Position info about the robot:
DEBUG:Initial pos/angle: ([[ 0.272  0.136  0.001]], [[-1.021 -2.953  0.013]])
DEBUG:Current pos/angle: ([[ 0.272  0.136  0.001]], [[ 1.000  2.895 -0.061]]
DEBUG:----------------------------------------------
DEBUG:----------------------------------------------
DEBUG:Position info about the robot:
DEBUG:Initial pos/angle: ([[ 0.272  0.136  0.001]], [[-1.021 -2.953  0.013]])
DEBUG:Current pos/angle: ([[ 0.272  0.136  0.001]], [[ 0.980  2.840 -0.090]]
DEBUG:----------------------------------------------
DEBUG:----------------------------------------------
DEBUG:Position info about the robot:
DEBUG:Initial pos/angle: ([[ 0.272  0.136  0.001]], [[-1.021 -2.953  0.013]])
DEBUG:Current pos/angle: ([[ 0.272  0.136  0.001]], [[ 0.961  2.784 -0.118]]
DEBUG:----------------------------------------------
DEBUG:----------------------------------------------
DEBUG:Position info about the robot:
DEBUG:Initial pos/angle: ([[ 0.272  0.136  0.001]], [[-1.021 -2.953  0.013]])
DEBUG:Current pos/angle: ([[ 0.272  0.136  0.001]], [[ 0.941  2.728 -0.145]]
DEBUG:----------------------------------------------
DEBUG:----------------------------------------------
DEBUG:Position info about the robot:
DEBUG:Initial pos/angle: ([[ 0.272  0.136  0.001]], [[-1.021 -2.953  0.013]])
DEBUG:Current pos/angle: ([[ 0.272  0.136  0.001]], [[ 0.921  2.672 -0.171]]
DEBUG:----------------------------------------------
DEBUG:----------------------------------------------
DEBUG:Position info about the robot:
DEBUG:Initial pos/angle: ([[ 0.272  0.136  0.001]], [[-1.021 -2.953  0.013]])
DEBUG:Current pos/angle: ([[ 0.272  0.136  0.001]], [[ 0.901  2.616 -0.196]]
DEBUG:----------------------------------------------
DEBUG:----------------------------------------------
DEBUG:Position info about the robot:
DEBUG:Initial pos/angle: ([[ 0.272  0.136  0.001]], [[-1.021 -2.953  0.013]])
DEBUG:Current pos/angle: ([[ 0.272  0.136  0.001]], [[ 0.881  2.560 -0.221]]
DEBUG:----------------------------------------------
DEBUG:----------------------------------------------
DEBUG:Position info about the robot:
DEBUG:Initial pos/angle: ([[ 0.272  0.136  0.001]], [[-1.021 -2.953  0.013]])
DEBUG:Current pos/angle: ([[ 0.272  0.136  0.001]], [[ 0.863  2.510 -0.241]]
DEBUG:----------------------------------------------
DEBUG:----------------------------------------------
DEBUG:Position info about the robot:
DEBUG:Initial pos/angle: ([[ 0.272  0.136  0.001]], [[-1.021 -2.953  0.013]])
DEBUG:Current pos/angle: ([[ 0.272  0.136  0.001]], [[ 0.860  2.502 -0.208]]
DEBUG:----------------------------------------------
DEBUG:----------------------------------------------
DEBUG:Position info about the robot:
DEBUG:Initial pos/angle: ([[ 0.272  0.136  0.001]], [[-1.021 -2.953  0.013]])
DEBUG:Current pos/angle: ([[ 0.272  0.136  0.001]], [[ 0.855  2.486 -0.128]]
DEBUG:----------------------------------------------
DEBUG:----------------------------------------------
DEBUG:Position info about the robot:
DEBUG:Initial pos/angle: ([[ 0.272  0.136  0.001]], [[-1.021 -2.953  0.013]])
DEBUG:Current pos/angle: ([[ 0.272  0.136  0.001]], [[ 0.850  2.468 -0.049]]
DEBUG:----------------------------------------------
DEBUG:----------------------------------------------
DEBUG:Position info about the robot:
DEBUG:Initial pos/angle: ([[ 0.272  0.136  0.001]], [[-1.021 -2.953  0.013]])
DEBUG:Current pos/angle: ([[ 0.272  0.136  0.001]], [[ 0.844  2.449  0.028]]
DEBUG:----------------------------------------------
DEBUG:----------------------------------------------
DEBUG:Position info about the robot:
DEBUG:Initial pos/angle: ([[ 0.272  0.136  0.001]], [[-1.021 -2.953  0.013]])
DEBUG:Current pos/angle: ([[ 0.272  0.136  0.001]], [[ 0.837  2.428  0.105]]
DEBUG:----------------------------------------------
DEBUG:----------------------------------------------
DEBUG:Position info about the robot:
DEBUG:Initial pos/angle: ([[ 0.272  0.136  0.001]], [[-1.021 -2.953  0.013]])
DEBUG:Current pos/angle: ([[ 0.272  0.136  0.001]], [[ 0.829  2.404  0.182]]
DEBUG:----------------------------------------------
DEBUG:----------------------------------------------
DEBUG:Position info about the robot:
DEBUG:Initial pos/angle: ([[ 0.272  0.136  0.001]], [[-1.021 -2.953  0.013]])
DEBUG:Current pos/angle: ([[ 0.275  0.137  0.001]], [[ 0.819  2.371  0.262]]
DEBUG:----------------------------------------------
DEBUG:----------------------------------------------
DEBUG:Position info about the robot:
DEBUG:Initial pos/angle: ([[ 0.272  0.136  0.001]], [[-1.021 -2.953  0.013]])
DEBUG:Current pos/angle: ([[ 0.275  0.137  0.001]], [[ 0.822  2.381  0.243]]
DEBUG:----------------------------------------------
DEBUG:----------------------------------------------
DEBUG:Position info about the robot:
DEBUG:Initial pos/angle: ([[ 0.272  0.136  0.001]], [[-1.021 -2.953  0.013]])
DEBUG:Current pos/angle: ([[ 0.275  0.137  0.001]], [[ 0.822  2.381  0.243]]
DEBUG:----------------------------------------------
DEBUG:----------------------------------------------
DEBUG:Position info about the robot:
DEBUG:Initial pos/angle: ([[ 0.272  0.136  0.001]], [[-1.021 -2.953  0.013]])
DEBUG:Current pos/angle: ([[ 0.275  0.137  0.001]], [[ 0.822  2.381  0.243]]
DEBUG:----------------------------------------------
DEBUG:----------------------------------------------
DEBUG:Position info about the robot:
DEBUG:Initial pos/angle: ([[ 0.272  0.136  0.001]], [[-1.021 -2.953  0.013]])
DEBUG:Current pos/angle: ([[ 0.275  0.137  0.001]], [[ 0.822  2.381  0.243]]
DEBUG:----------------------------------------------
DEBUG:----------------------------------------------
DEBUG:Position info about the robot:
DEBUG:Initial pos/angle: ([[ 0.272  0.136  0.001]], [[-1.021 -2.953  0.013]])
DEBUG:Current pos/angle: ([[ 0.275  0.137  0.001]], [[ 0.822  2.381  0.243]]
DEBUG:----------------------------------------------
DEBUG:----------------------------------------------
DEBUG:Position info about the robot:
DEBUG:Initial pos/angle: ([[ 0.272  0.136  0.001]], [[-1.021 -2.953  0.013]])
DEBUG:Current pos/angle: ([[ 0.275  0.137  0.001]], [[ 0.822  2.381  0.243]]
DEBUG:----------------------------------------------
DEBUG:----------------------------------------------
DEBUG:Position info about the robot:
DEBUG:Initial pos/angle: ([[ 0.272  0.136  0.001]], [[-1.021 -2.953  0.013]])
DEBUG:Current pos/angle: ([[ 0.275  0.137  0.001]], [[ 0.822  2.381  0.243]]
DEBUG:----------------------------------------------
DEBUG:----------------------------------------------
DEBUG:Position info about the robot:
DEBUG:Initial pos/angle: ([[ 0.272  0.136  0.001]], [[-1.021 -2.953  0.013]])
DEBUG:Current pos/angle: ([[ 0.275  0.137  0.001]], [[ 0.822  2.381  0.243]]
DEBUG:----------------------------------------------
DEBUG:----------------------------------------------
DEBUG:Position info about the robot:
DEBUG:Initial pos/angle: ([[ 0.272  0.136  0.001]], [[-1.021 -2.953  0.013]])
DEBUG:Current pos/angle: ([[ 0.275  0.137  0.001]], [[ 0.822  2.381  0.243]]
DEBUG:----------------------------------------------
DEBUG:----------------------------------------------
DEBUG:Position info about the robot:
DEBUG:Initial pos/angle: ([[ 0.272  0.136  0.001]], [[-1.021 -2.953  0.013]])
DEBUG:Current pos/angle: ([[ 0.275  0.137  0.001]], [[ 0.822  2.381  0.242]]
DEBUG:----------------------------------------------
DEBUG:----------------------------------------------
DEBUG:Position info about the robot:
DEBUG:Initial pos/angle: ([[ 0.272  0.136  0.001]], [[-1.021 -2.953  0.013]])
DEBUG:Current pos/angle: ([[ 0.275  0.137  0.001]], [[ 0.822  2.381  0.242]]
DEBUG:----------------------------------------------
DEBUG:----------------------------------------------
DEBUG:Position info about the robot:
DEBUG:Initial pos/angle: ([[ 0.272  0.136  0.001]], [[-1.021 -2.953  0.013]])
DEBUG:Current pos/angle: ([[ 0.275  0.137  0.001]], [[ 0.822  2.381  0.243]]
DEBUG:----------------------------------------------
DEBUG:----------------------------------------------
DEBUG:Position info about the robot:
DEBUG:Initial pos/angle: ([[ 0.272  0.136  0.001]], [[-1.021 -2.953  0.013]])
DEBUG:Current pos/angle: ([[ 0.275  0.137  0.001]], [[ 0.822  2.381  0.243]]
DEBUG:----------------------------------------------
DEBUG:----------------------------------------------
DEBUG:Position info about the robot:
DEBUG:Initial pos/angle: ([[ 0.272  0.136  0.001]], [[-1.021 -2.953  0.013]])
DEBUG:Current pos/angle: ([[ 0.275  0.137  0.001]], [[ 0.822  2.381  0.243]]
DEBUG:----------------------------------------------
DEBUG:----------------------------------------------
DEBUG:Position info about the robot:
DEBUG:Initial pos/angle: ([[ 0.272  0.136  0.001]], [[-1.021 -2.953  0.013]])
DEBUG:Current pos/angle: ([[ 0.275  0.137  0.001]], [[ 0.822  2.381  0.243]]
DEBUG:----------------------------------------------
DEBUG:----------------------------------------------
DEBUG:Position info about the robot:
DEBUG:Initial pos/angle: ([[ 0.272  0.136  0.001]], [[-1.021 -2.953  0.013]])
DEBUG:Current pos/angle: ([[ 0.275  0.137  0.001]], [[ 0.822  2.381  0.243]]
DEBUG:----------------------------------------------
DEBUG:----------------------------------------------
DEBUG:Position info about the robot:
DEBUG:Initial pos/angle: ([[ 0.272  0.136  0.001]], [[-1.021 -2.953  0.013]])
DEBUG:Current pos/angle: ([[ 0.275  0.137  0.001]], [[ 0.822  2.381  0.243]]
DEBUG:----------------------------------------------
DEBUG:----------------------------------------------
DEBUG:Position info about the robot:
DEBUG:Initial pos/angle: ([[ 0.272  0.136  0.001]], [[-1.021 -2.953  0.013]])
DEBUG:Current pos/angle: ([[ 0.275  0.137  0.001]], [[ 0.822  2.381  0.243]]
DEBUG:----------------------------------------------
DEBUG:----------------------------------------------
DEBUG:Position info about the robot:
DEBUG:Initial pos/angle: ([[ 0.272  0.136  0.001]], [[-1.021 -2.953  0.013]])
DEBUG:Current pos/angle: ([[ 0.275  0.137  0.001]], [[ 0.822  2.381  0.243]]
DEBUG:----------------------------------------------
DEBUG:----------------------------------------------
DEBUG:Position info about the robot:
DEBUG:Initial pos/angle: ([[ 0.272  0.136  0.001]], [[-1.021 -2.953  0.013]])
DEBUG:Current pos/angle: ([[ 0.275  0.137  0.001]], [[ 0.822  2.381  0.243]]
DEBUG:----------------------------------------------
DEBUG:----------------------------------------------
DEBUG:Position info about the robot:
DEBUG:Initial pos/angle: ([[ 0.272  0.136  0.001]], [[-1.021 -2.953  0.013]])
DEBUG:Current pos/angle: ([[ 0.275  0.137  0.001]], [[ 0.822  2.381  0.243]]
DEBUG:----------------------------------------------
