DEBUG:Debug log for the robot starting on 2022-02-26_14-04-56
DEBUG:----------------------------------------------
DEBUG:Position info about the robot:
DEBUG:Initial pos/angle: ([[ 0.325  0.097 -0.016]], [[-2.058 -2.354  0.006]])
DEBUG:Current pos/angle: ([[ 0.325  0.097 -0.016]], [[-2.058 -2.354  0.006]]
DEBUG:----------------------------------------------
DEBUG:----------------------------------------------
DEBUG:Position info about the robot:
DEBUG:Initial pos/angle: ([[ 0.325  0.097 -0.016]], [[-2.058 -2.354  0.006]])
DEBUG:Current pos/angle: ([[ 0.325  0.097 -0.016]], [[-2.058 -2.354  0.006]]
DEBUG:----------------------------------------------
DEBUG:----------------------------------------------
DEBUG:Position info about the robot:
DEBUG:Initial pos/angle: ([[ 0.325  0.097 -0.016]], [[-2.058 -2.354  0.006]])
DEBUG:Current pos/angle: ([[ 0.325  0.097 -0.016]], [[-2.058 -2.354  0.006]]
DEBUG:----------------------------------------------
DEBUG:----------------------------------------------
DEBUG:Position info about the robot:
DEBUG:Initial pos/angle: ([[ 0.325  0.097 -0.016]], [[-2.058 -2.354  0.006]])
DEBUG:Current pos/angle: ([[ 0.325  0.097 -0.016]], [[-2.058 -2.354  0.006]]
DEBUG:----------------------------------------------
DEBUG:----------------------------------------------
DEBUG:Position info about the robot:
DEBUG:Initial pos/angle: ([[ 0.325  0.097 -0.016]], [[-2.058 -2.354  0.006]])
DEBUG:Current pos/angle: ([[ 0.325  0.097 -0.016]], [[-2.058 -2.354  0.006]]
DEBUG:----------------------------------------------
DEBUG:----------------------------------------------
DEBUG:Position info about the robot:
DEBUG:Initial pos/angle: ([[ 0.325  0.097 -0.016]], [[-2.058 -2.354  0.006]])
DEBUG:Current pos/angle: ([[ 0.325  0.097 -0.016]], [[-2.058 -2.354  0.006]]
DEBUG:----------------------------------------------
DEBUG:----------------------------------------------
DEBUG:Position info about the robot:
DEBUG:Initial pos/angle: ([[ 0.325  0.097 -0.016]], [[-2.058 -2.354  0.006]])
DEBUG:Current pos/angle: ([[ 0.325  0.097 -0.016]], [[-2.058 -2.354  0.006]]
DEBUG:----------------------------------------------
DEBUG:----------------------------------------------
DEBUG:Position info about the robot:
DEBUG:Initial pos/angle: ([[ 0.325  0.097 -0.016]], [[-2.058 -2.354  0.006]])
DEBUG:Current pos/angle: ([[ 0.325  0.097 -0.016]], [[-2.058 -2.354  0.006]]
DEBUG:----------------------------------------------
DEBUG:----------------------------------------------
DEBUG:Position info about the robot:
DEBUG:Initial pos/angle: ([[ 0.325  0.097 -0.016]], [[-2.058 -2.354  0.006]])
DEBUG:Current pos/angle: ([[ 0.325  0.097 -0.016]], [[-2.058 -2.354  0.006]]
DEBUG:----------------------------------------------
DEBUG:----------------------------------------------
DEBUG:Position info about the robot:
DEBUG:Initial pos/angle: ([[ 0.325  0.097 -0.016]], [[-2.058 -2.354  0.006]])
DEBUG:Current pos/angle: ([[ 0.325  0.097 -0.016]], [[-2.057 -2.354  0.006]]
DEBUG:----------------------------------------------
DEBUG:----------------------------------------------
DEBUG:Position info about the robot:
DEBUG:Initial pos/angle: ([[ 0.325  0.097 -0.016]], [[-2.058 -2.354  0.006]])
DEBUG:Current pos/angle: ([[ 0.325  0.097 -0.016]], [[-2.058 -2.354  0.006]]
DEBUG:----------------------------------------------
DEBUG:----------------------------------------------
DEBUG:Position info about the robot:
DEBUG:Initial pos/angle: ([[ 0.325  0.097 -0.016]], [[-2.058 -2.354  0.006]])
DEBUG:Current pos/angle: ([[ 0.325  0.097 -0.016]], [[-2.058 -2.354  0.006]]
DEBUG:----------------------------------------------
DEBUG:----------------------------------------------
DEBUG:Position info about the robot:
DEBUG:Initial pos/angle: ([[ 0.325  0.097 -0.016]], [[-2.058 -2.354  0.006]])
DEBUG:Current pos/angle: ([[ 0.325  0.097 -0.016]], [[-2.058 -2.354  0.006]]
DEBUG:----------------------------------------------
DEBUG:----------------------------------------------
DEBUG:Position info about the robot:
DEBUG:Initial pos/angle: ([[ 0.325  0.097 -0.016]], [[-2.058 -2.354  0.006]])
DEBUG:Current pos/angle: ([[ 0.325  0.097 -0.016]], [[-2.058 -2.354  0.006]]
DEBUG:----------------------------------------------
DEBUG:----------------------------------------------
DEBUG:Position info about the robot:
DEBUG:Initial pos/angle: ([[ 0.325  0.097 -0.016]], [[-2.058 -2.354  0.006]])
DEBUG:Current pos/angle: ([[ 0.325  0.097 -0.016]], [[-2.058 -2.354  0.006]]
DEBUG:----------------------------------------------
DEBUG:----------------------------------------------
DEBUG:Position info about the robot:
DEBUG:Initial pos/angle: ([[ 0.325  0.097 -0.016]], [[-2.058 -2.354  0.006]])
DEBUG:Current pos/angle: ([[ 0.325  0.097 -0.016]], [[-2.058 -2.354  0.006]]
DEBUG:----------------------------------------------
DEBUG:----------------------------------------------
DEBUG:Position info about the robot:
DEBUG:Initial pos/angle: ([[ 0.325  0.097 -0.016]], [[-2.058 -2.354  0.006]])
DEBUG:Current pos/angle: ([[ 0.325  0.097 -0.016]], [[-2.058 -2.354  0.006]]
DEBUG:----------------------------------------------
DEBUG:----------------------------------------------
DEBUG:Position info about the robot:
DEBUG:Initial pos/angle: ([[ 0.325  0.097 -0.016]], [[-2.058 -2.354  0.006]])
DEBUG:Current pos/angle: ([[ 0.325  0.097 -0.016]], [[-2.058 -2.354  0.006]]
DEBUG:----------------------------------------------
DEBUG:----------------------------------------------
DEBUG:Position info about the robot:
DEBUG:Initial pos/angle: ([[ 0.325  0.097 -0.016]], [[-2.058 -2.354  0.006]])
DEBUG:Current pos/angle: ([[ 0.325  0.097 -0.016]], [[-2.058 -2.354  0.006]]
DEBUG:----------------------------------------------
DEBUG:----------------------------------------------
DEBUG:Position info about the robot:
DEBUG:Initial pos/angle: ([[ 0.325  0.097 -0.016]], [[-2.058 -2.354  0.006]])
DEBUG:Current pos/angle: ([[ 0.325  0.097 -0.016]], [[-2.058 -2.354  0.006]]
DEBUG:----------------------------------------------
DEBUG:----------------------------------------------
DEBUG:Position info about the robot:
DEBUG:Initial pos/angle: ([[ 0.325  0.097 -0.016]], [[-2.058 -2.354  0.006]])
DEBUG:Current pos/angle: ([[ 0.325  0.097 -0.016]], [[-2.058 -2.354  0.006]]
DEBUG:----------------------------------------------
DEBUG:----------------------------------------------
DEBUG:Position info about the robot:
DEBUG:Initial pos/angle: ([[ 0.325  0.097 -0.016]], [[-2.058 -2.354  0.006]])
DEBUG:Current pos/angle: ([[ 0.325  0.097 -0.016]], [[-2.058 -2.354  0.006]]
DEBUG:----------------------------------------------
DEBUG:----------------------------------------------
DEBUG:Position info about the robot:
DEBUG:Initial pos/angle: ([[ 0.325  0.097 -0.016]], [[-2.058 -2.354  0.006]])
DEBUG:Current pos/angle: ([[ 0.325  0.097 -0.016]], [[-2.058 -2.354  0.006]]
DEBUG:----------------------------------------------
DEBUG:----------------------------------------------
DEBUG:Position info about the robot:
DEBUG:Initial pos/angle: ([[ 0.325  0.097 -0.016]], [[-2.058 -2.354  0.006]])
DEBUG:Current pos/angle: ([[ 0.325  0.097 -0.016]], [[-2.058 -2.354  0.006]]
DEBUG:----------------------------------------------
DEBUG:----------------------------------------------
DEBUG:Position info about the robot:
DEBUG:Initial pos/angle: ([[ 0.325  0.097 -0.016]], [[-2.058 -2.354  0.006]])
DEBUG:Current pos/angle: ([[ 0.325  0.097 -0.016]], [[-2.058 -2.354  0.006]]
DEBUG:----------------------------------------------
DEBUG:----------------------------------------------
DEBUG:Position info about the robot:
DEBUG:Initial pos/angle: ([[ 0.325  0.097 -0.016]], [[-2.058 -2.354  0.006]])
DEBUG:Current pos/angle: ([[ 0.325  0.097 -0.016]], [[-2.058 -2.354  0.006]]
DEBUG:----------------------------------------------
DEBUG:----------------------------------------------
DEBUG:Position info about the robot:
DEBUG:Initial pos/angle: ([[ 0.325  0.097 -0.016]], [[-2.058 -2.354  0.006]])
DEBUG:Current pos/angle: ([[ 0.325  0.097 -0.016]], [[-2.058 -2.354  0.006]]
DEBUG:----------------------------------------------
DEBUG:----------------------------------------------
DEBUG:Position info about the robot:
DEBUG:Initial pos/angle: ([[ 0.325  0.097 -0.016]], [[-2.058 -2.354  0.006]])
DEBUG:Current pos/angle: ([[ 0.325  0.097 -0.016]], [[-2.058 -2.354  0.006]]
DEBUG:----------------------------------------------
DEBUG:----------------------------------------------
DEBUG:Position info about the robot:
DEBUG:Initial pos/angle: ([[ 0.325  0.097 -0.016]], [[-2.058 -2.354  0.006]])
DEBUG:Current pos/angle: ([[ 0.325  0.097 -0.016]], [[-2.058 -2.354  0.006]]
DEBUG:----------------------------------------------
DEBUG:----------------------------------------------
DEBUG:Position info about the robot:
DEBUG:Initial pos/angle: ([[ 0.325  0.097 -0.016]], [[-2.058 -2.354  0.006]])
DEBUG:Current pos/angle: ([[ 0.325  0.097 -0.016]], [[-2.058 -2.354  0.006]]
DEBUG:----------------------------------------------
DEBUG:----------------------------------------------
DEBUG:Position info about the robot:
DEBUG:Initial pos/angle: ([[ 0.325  0.097 -0.016]], [[-2.058 -2.354  0.006]])
DEBUG:Current pos/angle: ([[ 0.325  0.097 -0.016]], [[-2.058 -2.354  0.006]]
DEBUG:----------------------------------------------
DEBUG:----------------------------------------------
DEBUG:Position info about the robot:
DEBUG:Initial pos/angle: ([[ 0.325  0.097 -0.016]], [[-2.058 -2.354  0.006]])
DEBUG:Current pos/angle: ([[ 0.325  0.097 -0.016]], [[-2.058 -2.354  0.006]]
DEBUG:----------------------------------------------
DEBUG:----------------------------------------------
DEBUG:Position info about the robot:
DEBUG:Initial pos/angle: ([[ 0.325  0.097 -0.016]], [[-2.058 -2.354  0.006]])
DEBUG:Current pos/angle: ([[ 0.325  0.097 -0.016]], [[-2.058 -2.354  0.006]]
DEBUG:----------------------------------------------
DEBUG:----------------------------------------------
DEBUG:Position info about the robot:
DEBUG:Initial pos/angle: ([[ 0.325  0.097 -0.016]], [[-2.058 -2.354  0.006]])
DEBUG:Current pos/angle: ([[ 0.325  0.097 -0.016]], [[-2.058 -2.354  0.006]]
DEBUG:----------------------------------------------
DEBUG:----------------------------------------------
DEBUG:Position info about the robot:
DEBUG:Initial pos/angle: ([[ 0.325  0.097 -0.016]], [[-2.058 -2.354  0.006]])
DEBUG:Current pos/angle: ([[ 0.325  0.097 -0.016]], [[-2.058 -2.354  0.006]]
DEBUG:----------------------------------------------
DEBUG:----------------------------------------------
DEBUG:Position info about the robot:
DEBUG:Initial pos/angle: ([[ 0.325  0.097 -0.016]], [[-2.058 -2.354  0.006]])
DEBUG:Current pos/angle: ([[ 0.325  0.097 -0.016]], [[-2.058 -2.354  0.006]]
DEBUG:----------------------------------------------
DEBUG:----------------------------------------------
DEBUG:Position info about the robot:
DEBUG:Initial pos/angle: ([[ 0.325  0.097 -0.016]], [[-2.058 -2.354  0.006]])
DEBUG:Current pos/angle: ([[ 0.325  0.097 -0.016]], [[-2.058 -2.354  0.006]]
DEBUG:----------------------------------------------
DEBUG:----------------------------------------------
DEBUG:Position info about the robot:
DEBUG:Initial pos/angle: ([[ 0.325  0.097 -0.016]], [[-2.058 -2.354  0.006]])
DEBUG:Current pos/angle: ([[ 0.325  0.097 -0.016]], [[-2.058 -2.354  0.006]]
DEBUG:----------------------------------------------
DEBUG:----------------------------------------------
DEBUG:Position info about the robot:
DEBUG:Initial pos/angle: ([[ 0.325  0.097 -0.016]], [[-2.058 -2.354  0.006]])
DEBUG:Current pos/angle: ([[ 0.325  0.097 -0.016]], [[-2.058 -2.354  0.006]]
DEBUG:----------------------------------------------
DEBUG:----------------------------------------------
DEBUG:Position info about the robot:
DEBUG:Initial pos/angle: ([[ 0.325  0.097 -0.016]], [[-2.058 -2.354  0.006]])
DEBUG:Current pos/angle: ([[ 0.325  0.097 -0.016]], [[-2.058 -2.354  0.006]]
DEBUG:----------------------------------------------
DEBUG:----------------------------------------------
DEBUG:Position info about the robot:
DEBUG:Initial pos/angle: ([[ 0.325  0.097 -0.016]], [[-2.058 -2.354  0.006]])
DEBUG:Current pos/angle: ([[ 0.325  0.097 -0.016]], [[-2.058 -2.354  0.006]]
DEBUG:----------------------------------------------
DEBUG:----------------------------------------------
DEBUG:Position info about the robot:
DEBUG:Initial pos/angle: ([[ 0.325  0.097 -0.016]], [[-2.058 -2.354  0.006]])
DEBUG:Current pos/angle: ([[ 0.325  0.097 -0.016]], [[-2.058 -2.354  0.006]]
DEBUG:----------------------------------------------
DEBUG:----------------------------------------------
DEBUG:Position info about the robot:
DEBUG:Initial pos/angle: ([[ 0.325  0.097 -0.016]], [[-2.058 -2.354  0.006]])
DEBUG:Current pos/angle: ([[ 0.325  0.097 -0.016]], [[-2.058 -2.354  0.006]]
DEBUG:----------------------------------------------
DEBUG:----------------------------------------------
DEBUG:Position info about the robot:
DEBUG:Initial pos/angle: ([[ 0.325  0.097 -0.016]], [[-2.058 -2.354  0.006]])
DEBUG:Current pos/angle: ([[ 0.325  0.097 -0.016]], [[-2.058 -2.354  0.006]]
DEBUG:----------------------------------------------
DEBUG:----------------------------------------------
DEBUG:Position info about the robot:
DEBUG:Initial pos/angle: ([[ 0.325  0.097 -0.016]], [[-2.058 -2.354  0.006]])
DEBUG:Current pos/angle: ([[ 0.325  0.097 -0.016]], [[-2.058 -2.354  0.006]]
DEBUG:----------------------------------------------
DEBUG:----------------------------------------------
DEBUG:Position info about the robot:
DEBUG:Initial pos/angle: ([[ 0.325  0.097 -0.016]], [[-2.058 -2.354  0.006]])
DEBUG:Current pos/angle: ([[ 0.325  0.097 -0.016]], [[-2.058 -2.354  0.006]]
DEBUG:----------------------------------------------
DEBUG:----------------------------------------------
DEBUG:Position info about the robot:
DEBUG:Initial pos/angle: ([[ 0.325  0.097 -0.016]], [[-2.058 -2.354  0.006]])
DEBUG:Current pos/angle: ([[ 0.325  0.097 -0.016]], [[-2.058 -2.354  0.006]]
DEBUG:----------------------------------------------
DEBUG:----------------------------------------------
DEBUG:Position info about the robot:
DEBUG:Initial pos/angle: ([[ 0.325  0.097 -0.016]], [[-2.058 -2.354  0.006]])
DEBUG:Current pos/angle: ([[ 0.325  0.097 -0.016]], [[-2.058 -2.354  0.006]]
DEBUG:----------------------------------------------
DEBUG:----------------------------------------------
DEBUG:Position info about the robot:
DEBUG:Initial pos/angle: ([[ 0.325  0.097 -0.016]], [[-2.058 -2.354  0.006]])
DEBUG:Current pos/angle: ([[ 0.325  0.097 -0.016]], [[-2.058 -2.354  0.006]]
DEBUG:----------------------------------------------
DEBUG:----------------------------------------------
DEBUG:Position info about the robot:
DEBUG:Initial pos/angle: ([[ 0.325  0.097 -0.016]], [[-2.058 -2.354  0.006]])
DEBUG:Current pos/angle: ([[ 0.325  0.097 -0.016]], [[-2.058 -2.354  0.006]]
DEBUG:----------------------------------------------
DEBUG:----------------------------------------------
DEBUG:Position info about the robot:
DEBUG:Initial pos/angle: ([[ 0.325  0.097 -0.016]], [[-2.058 -2.354  0.006]])
DEBUG:Current pos/angle: ([[ 0.325  0.097 -0.016]], [[-2.058 -2.354  0.006]]
DEBUG:----------------------------------------------
DEBUG:----------------------------------------------
DEBUG:Position info about the robot:
DEBUG:Initial pos/angle: ([[ 0.325  0.097 -0.016]], [[-2.058 -2.354  0.006]])
DEBUG:Current pos/angle: ([[ 0.325  0.097 -0.016]], [[-2.058 -2.354  0.006]]
DEBUG:----------------------------------------------
DEBUG:----------------------------------------------
DEBUG:Position info about the robot:
DEBUG:Initial pos/angle: ([[ 0.325  0.097 -0.016]], [[-2.058 -2.354  0.006]])
DEBUG:Current pos/angle: ([[ 0.325  0.097 -0.016]], [[-2.058 -2.354  0.006]]
DEBUG:----------------------------------------------
DEBUG:----------------------------------------------
DEBUG:Position info about the robot:
DEBUG:Initial pos/angle: ([[ 0.325  0.097 -0.016]], [[-2.058 -2.354  0.006]])
DEBUG:Current pos/angle: ([[ 0.325  0.097 -0.016]], [[-2.058 -2.354  0.006]]
DEBUG:----------------------------------------------
DEBUG:----------------------------------------------
DEBUG:Position info about the robot:
DEBUG:Initial pos/angle: ([[ 0.325  0.097 -0.016]], [[-2.058 -2.354  0.006]])
DEBUG:Current pos/angle: ([[ 0.325  0.097 -0.016]], [[-2.058 -2.354  0.006]]
DEBUG:----------------------------------------------
DEBUG:----------------------------------------------
DEBUG:Position info about the robot:
DEBUG:Initial pos/angle: ([[ 0.325  0.097 -0.016]], [[-2.058 -2.354  0.006]])
DEBUG:Current pos/angle: ([[ 0.325  0.097 -0.016]], [[-2.058 -2.354  0.006]]
DEBUG:----------------------------------------------
DEBUG:----------------------------------------------
DEBUG:Position info about the robot:
DEBUG:Initial pos/angle: ([[ 0.325  0.097 -0.016]], [[-2.058 -2.354  0.006]])
DEBUG:Current pos/angle: ([[ 0.325  0.097 -0.016]], [[-2.058 -2.354  0.006]]
DEBUG:----------------------------------------------
DEBUG:----------------------------------------------
DEBUG:Position info about the robot:
DEBUG:Initial pos/angle: ([[ 0.325  0.097 -0.016]], [[-2.058 -2.354  0.006]])
DEBUG:Current pos/angle: ([[ 0.325  0.097 -0.016]], [[-2.058 -2.354  0.006]]
DEBUG:----------------------------------------------
DEBUG:----------------------------------------------
DEBUG:Position info about the robot:
DEBUG:Initial pos/angle: ([[ 0.325  0.097 -0.016]], [[-2.058 -2.354  0.006]])
DEBUG:Current pos/angle: ([[ 0.325  0.097 -0.016]], [[-2.058 -2.354  0.006]]
DEBUG:----------------------------------------------
DEBUG:----------------------------------------------
DEBUG:Position info about the robot:
DEBUG:Initial pos/angle: ([[ 0.325  0.097 -0.016]], [[-2.058 -2.354  0.006]])
DEBUG:Current pos/angle: ([[ 0.325  0.097 -0.016]], [[-2.058 -2.354  0.006]]
DEBUG:----------------------------------------------
DEBUG:----------------------------------------------
DEBUG:Position info about the robot:
DEBUG:Initial pos/angle: ([[ 0.325  0.097 -0.016]], [[-2.058 -2.354  0.006]])
DEBUG:Current pos/angle: ([[ 0.325  0.097 -0.016]], [[-2.058 -2.354  0.006]]
DEBUG:----------------------------------------------
DEBUG:----------------------------------------------
DEBUG:Position info about the robot:
DEBUG:Initial pos/angle: ([[ 0.325  0.097 -0.016]], [[-2.058 -2.354  0.006]])
DEBUG:Current pos/angle: ([[ 0.325  0.097 -0.016]], [[-2.058 -2.354  0.006]]
DEBUG:----------------------------------------------
DEBUG:----------------------------------------------
DEBUG:Position info about the robot:
DEBUG:Initial pos/angle: ([[ 0.325  0.097 -0.016]], [[-2.058 -2.354  0.006]])
DEBUG:Current pos/angle: ([[ 0.325  0.097 -0.016]], [[-2.058 -2.354  0.006]]
DEBUG:----------------------------------------------
DEBUG:----------------------------------------------
DEBUG:Position info about the robot:
DEBUG:Initial pos/angle: ([[ 0.325  0.097 -0.016]], [[-2.058 -2.354  0.006]])
DEBUG:Current pos/angle: ([[ 0.325  0.097 -0.016]], [[-2.058 -2.354  0.006]]
DEBUG:----------------------------------------------
DEBUG:----------------------------------------------
DEBUG:Position info about the robot:
DEBUG:Initial pos/angle: ([[ 0.325  0.097 -0.016]], [[-2.058 -2.354  0.006]])
DEBUG:Current pos/angle: ([[ 0.325  0.097 -0.016]], [[-2.058 -2.354  0.006]]
DEBUG:----------------------------------------------
DEBUG:----------------------------------------------
DEBUG:Position info about the robot:
DEBUG:Initial pos/angle: ([[ 0.325  0.097 -0.016]], [[-2.058 -2.354  0.006]])
DEBUG:Current pos/angle: ([[ 0.325  0.097 -0.016]], [[-2.058 -2.354  0.006]]
DEBUG:----------------------------------------------
DEBUG:----------------------------------------------
DEBUG:Position info about the robot:
DEBUG:Initial pos/angle: ([[ 0.325  0.097 -0.016]], [[-2.058 -2.354  0.006]])
DEBUG:Current pos/angle: ([[ 0.325  0.097 -0.016]], [[-2.058 -2.354  0.006]]
DEBUG:----------------------------------------------
DEBUG:----------------------------------------------
DEBUG:Position info about the robot:
DEBUG:Initial pos/angle: ([[ 0.325  0.097 -0.016]], [[-2.058 -2.354  0.006]])
DEBUG:Current pos/angle: ([[ 0.325  0.097 -0.016]], [[-2.058 -2.354  0.006]]
DEBUG:----------------------------------------------
DEBUG:----------------------------------------------
DEBUG:Position info about the robot:
DEBUG:Initial pos/angle: ([[ 0.325  0.097 -0.016]], [[-2.058 -2.354  0.006]])
DEBUG:Current pos/angle: ([[ 0.325  0.097 -0.016]], [[-2.058 -2.354  0.006]]
DEBUG:----------------------------------------------
DEBUG:----------------------------------------------
DEBUG:Position info about the robot:
DEBUG:Initial pos/angle: ([[ 0.325  0.097 -0.016]], [[-2.058 -2.354  0.006]])
DEBUG:Current pos/angle: ([[ 0.325  0.097 -0.016]], [[-2.058 -2.354  0.006]]
DEBUG:----------------------------------------------
DEBUG:----------------------------------------------
DEBUG:Position info about the robot:
DEBUG:Initial pos/angle: ([[ 0.325  0.097 -0.016]], [[-2.058 -2.354  0.006]])
DEBUG:Current pos/angle: ([[ 0.325  0.097 -0.016]], [[-2.058 -2.354  0.006]]
DEBUG:----------------------------------------------
DEBUG:----------------------------------------------
DEBUG:Position info about the robot:
DEBUG:Initial pos/angle: ([[ 0.325  0.097 -0.016]], [[-2.058 -2.354  0.006]])
DEBUG:Current pos/angle: ([[ 0.325  0.097 -0.016]], [[-2.058 -2.354  0.006]]
DEBUG:----------------------------------------------
DEBUG:----------------------------------------------
DEBUG:Position info about the robot:
DEBUG:Initial pos/angle: ([[ 0.325  0.097 -0.016]], [[-2.058 -2.354  0.006]])
DEBUG:Current pos/angle: ([[ 0.325  0.097 -0.016]], [[-2.058 -2.354  0.006]]
DEBUG:----------------------------------------------
DEBUG:----------------------------------------------
DEBUG:Position info about the robot:
DEBUG:Initial pos/angle: ([[ 0.325  0.097 -0.016]], [[-2.058 -2.354  0.006]])
DEBUG:Current pos/angle: ([[ 0.325  0.097 -0.016]], [[-2.058 -2.354  0.006]]
DEBUG:----------------------------------------------
DEBUG:----------------------------------------------
DEBUG:Position info about the robot:
DEBUG:Initial pos/angle: ([[ 0.325  0.097 -0.016]], [[-2.058 -2.354  0.006]])
DEBUG:Current pos/angle: ([[ 0.325  0.097 -0.016]], [[-2.058 -2.354  0.006]]
DEBUG:----------------------------------------------
DEBUG:----------------------------------------------
DEBUG:Position info about the robot:
DEBUG:Initial pos/angle: ([[ 0.325  0.097 -0.016]], [[-2.058 -2.354  0.006]])
DEBUG:Current pos/angle: ([[ 0.325  0.097 -0.016]], [[-2.058 -2.354  0.006]]
DEBUG:----------------------------------------------
DEBUG:----------------------------------------------
DEBUG:Position info about the robot:
DEBUG:Initial pos/angle: ([[ 0.325  0.097 -0.016]], [[-2.058 -2.354  0.006]])
DEBUG:Current pos/angle: ([[ 0.325  0.097 -0.016]], [[-2.058 -2.354  0.006]]
DEBUG:----------------------------------------------
DEBUG:----------------------------------------------
DEBUG:Position info about the robot:
DEBUG:Initial pos/angle: ([[ 0.325  0.097 -0.016]], [[-2.058 -2.354  0.006]])
DEBUG:Current pos/angle: ([[ 0.325  0.097 -0.016]], [[-2.058 -2.354  0.006]]
DEBUG:----------------------------------------------
DEBUG:----------------------------------------------
DEBUG:Position info about the robot:
DEBUG:Initial pos/angle: ([[ 0.325  0.097 -0.016]], [[-2.058 -2.354  0.006]])
DEBUG:Current pos/angle: ([[ 0.325  0.097 -0.016]], [[-2.058 -2.354  0.006]]
DEBUG:----------------------------------------------
DEBUG:

-------------------------------------------------
DEBUG:Entering a new round of motion interpolation
DEBUG:-------------------------------------------------
DEBUG:1. Current change in position from the origin: 
DEBUG:
[[ 0.000]
 [ 0.000]
 [ 0.000]], [[ 0.000]
 [ 0.000]
 [ 0.000]]
DEBUG:2. Current target position relative to the origin: 
 (Should be the same shape)
DEBUG:
[[ 0.000]
 [ 0.000]
 [-5.000]], [[ 0.000]
 [ 0.000]
 [ 0.000]]
DEBUG:3. Change in position required to get from the current to the target position
DEBUG:[[ 0.000]
 [ 0.000]
 [-5.000]]
DEBUG:4. Calculated speed-vector to reach that delta_pos in a decent amount of time:
DEBUG:[[ 0.000]
 [ 0.000]
 [-1.000]]
DEBUG:5. Change in angle required to get from the current to the target position
DEBUG:[[ 0.000  0.000  0.000]]
DEBUG:Transmitting to the robot the following motion vectors: 
DEBUG:Translate: [[ 0.000]
 [ 0.000]
 [-1.000]] 
Rotate: [[ 0.000]
 [ 0.000]
 [ 0.000]]
DEBUG:----------------------------------------------
DEBUG:Position info about the robot:
DEBUG:Initial pos/angle: ([[ 0.325  0.097 -0.016]], [[-2.058 -2.354  0.006]])
DEBUG:Current pos/angle: ([[ 0.325  0.097 -0.016]], [[-2.058 -2.354  0.006]]
DEBUG:----------------------------------------------
DEBUG:

-------------------------------------------------
DEBUG:Entering a new round of motion interpolation
DEBUG:-------------------------------------------------
DEBUG:1. Current change in position from the origin: 
DEBUG:
[[ 0.000]
 [ 0.000]
 [ 0.000]], [[ 0.000]
 [ 0.000]
 [ 0.000]]
DEBUG:2. Current target position relative to the origin: 
 (Should be the same shape)
DEBUG:
[[ 0.000]
 [ 0.000]
 [-5.000]], [[ 0.000]
 [ 0.000]
 [ 0.000]]
DEBUG:3. Change in position required to get from the current to the target position
DEBUG:[[ 0.000]
 [ 0.000]
 [-5.000]]
DEBUG:4. Calculated speed-vector to reach that delta_pos in a decent amount of time:
DEBUG:[[ 0.000]
 [ 0.000]
 [-1.000]]
DEBUG:5. Change in angle required to get from the current to the target position
DEBUG:[[ 0.000  0.000  0.000]]
DEBUG:Transmitting to the robot the following motion vectors: 
DEBUG:Translate: [[ 0.000]
 [ 0.000]
 [-1.000]] 
Rotate: [[ 0.000]
 [ 0.000]
 [ 0.000]]
DEBUG:----------------------------------------------
DEBUG:Position info about the robot:
DEBUG:Initial pos/angle: ([[ 0.325  0.097 -0.016]], [[-2.058 -2.354  0.006]])
DEBUG:Current pos/angle: ([[ 0.325  0.097 -0.016]], [[-2.058 -2.354  0.006]]
DEBUG:----------------------------------------------
DEBUG:

-------------------------------------------------
DEBUG:Entering a new round of motion interpolation
DEBUG:-------------------------------------------------
DEBUG:1. Current change in position from the origin: 
DEBUG:
[[ 0.000]
 [ 0.000]
 [ 0.000]], [[ 0.000]
 [ 0.000]
 [ 0.000]]
DEBUG:2. Current target position relative to the origin: 
 (Should be the same shape)
DEBUG:
[[ 0.000]
 [ 0.000]
 [-5.000]], [[ 0.000]
 [ 0.000]
 [ 0.000]]
DEBUG:3. Change in position required to get from the current to the target position
DEBUG:[[ 0.000]
 [ 0.000]
 [-5.000]]
DEBUG:4. Calculated speed-vector to reach that delta_pos in a decent amount of time:
DEBUG:[[ 0.000]
 [ 0.000]
 [-1.000]]
DEBUG:5. Change in angle required to get from the current to the target position
DEBUG:[[ 0.000  0.000  0.000]]
DEBUG:Transmitting to the robot the following motion vectors: 
DEBUG:Translate: [[ 0.000]
 [ 0.000]
 [-1.000]] 
Rotate: [[ 0.000]
 [ 0.000]
 [ 0.000]]
DEBUG:----------------------------------------------
DEBUG:Position info about the robot:
DEBUG:Initial pos/angle: ([[ 0.325  0.097 -0.016]], [[-2.058 -2.354  0.006]])
DEBUG:Current pos/angle: ([[ 0.325  0.097 -0.016]], [[-2.058 -2.354  0.006]]
DEBUG:----------------------------------------------
DEBUG:

-------------------------------------------------
DEBUG:Entering a new round of motion interpolation
DEBUG:-------------------------------------------------
DEBUG:1. Current change in position from the origin: 
DEBUG:
[[ 0.000]
 [ 0.000]
 [ 0.000]], [[ 0.000]
 [ 0.000]
 [ 0.000]]
DEBUG:2. Current target position relative to the origin: 
 (Should be the same shape)
DEBUG:
[[ 0.000]
 [ 0.000]
 [-5.000]], [[ 0.000]
 [ 0.000]
 [ 0.000]]
DEBUG:3. Change in position required to get from the current to the target position
DEBUG:[[ 0.000]
 [ 0.000]
 [-5.000]]
DEBUG:4. Calculated speed-vector to reach that delta_pos in a decent amount of time:
DEBUG:[[ 0.000]
 [ 0.000]
 [-1.000]]
DEBUG:5. Change in angle required to get from the current to the target position
DEBUG:[[ 0.000  0.000  0.000]]
DEBUG:Transmitting to the robot the following motion vectors: 
DEBUG:Translate: [[ 0.000]
 [ 0.000]
 [-1.000]] 
Rotate: [[ 0.000]
 [ 0.000]
 [ 0.000]]
DEBUG:----------------------------------------------
DEBUG:Position info about the robot:
DEBUG:Initial pos/angle: ([[ 0.325  0.097 -0.016]], [[-2.058 -2.354  0.006]])
DEBUG:Current pos/angle: ([[ 0.325  0.097 -0.016]], [[-2.058 -2.354  0.006]]
DEBUG:----------------------------------------------
DEBUG:

-------------------------------------------------
DEBUG:Entering a new round of motion interpolation
DEBUG:-------------------------------------------------
DEBUG:1. Current change in position from the origin: 
DEBUG:
[[ 0.000]
 [ 0.000]
 [ 0.000]], [[ 0.000]
 [ 0.000]
 [ 0.000]]
DEBUG:2. Current target position relative to the origin: 
 (Should be the same shape)
DEBUG:
[[ 0.000]
 [ 0.000]
 [-5.000]], [[ 0.000]
 [ 0.000]
 [ 0.000]]
DEBUG:3. Change in position required to get from the current to the target position
DEBUG:[[ 0.000]
 [ 0.000]
 [-5.000]]
DEBUG:4. Calculated speed-vector to reach that delta_pos in a decent amount of time:
DEBUG:[[ 0.000]
 [ 0.000]
 [-1.000]]
DEBUG:5. Change in angle required to get from the current to the target position
DEBUG:[[ 0.000  0.000  0.000]]
DEBUG:Transmitting to the robot the following motion vectors: 
DEBUG:Translate: [[ 0.000]
 [ 0.000]
 [-1.000]] 
Rotate: [[ 0.000]
 [ 0.000]
 [ 0.000]]
DEBUG:----------------------------------------------
DEBUG:Position info about the robot:
DEBUG:Initial pos/angle: ([[ 0.325  0.097 -0.016]], [[-2.058 -2.354  0.006]])
DEBUG:Current pos/angle: ([[ 0.325  0.097 -0.016]], [[-2.058 -2.354  0.006]]
DEBUG:----------------------------------------------
DEBUG:

-------------------------------------------------
DEBUG:Entering a new round of motion interpolation
DEBUG:-------------------------------------------------
DEBUG:1. Current change in position from the origin: 
DEBUG:
[[-0.012]
 [ 0.098]
 [-0.101]], [[ 0.000]
 [ 0.000]
 [ 0.000]]
DEBUG:2. Current target position relative to the origin: 
 (Should be the same shape)
DEBUG:
[[ 0.000]
 [ 0.000]
 [-5.000]], [[ 0.000]
 [ 0.000]
 [ 0.000]]
DEBUG:3. Change in position required to get from the current to the target position
DEBUG:[[ 0.012]
 [-0.098]
 [-4.899]]
DEBUG:4. Calculated speed-vector to reach that delta_pos in a decent amount of time:
DEBUG:[[ 0.002]
 [-0.020]
 [-0.980]]
DEBUG:5. Change in angle required to get from the current to the target position
DEBUG:[[ 0.000  0.000  0.000]]
DEBUG:Transmitting to the robot the following motion vectors: 
DEBUG:Translate: [[ 0.002]
 [-0.020]
 [-0.980]] 
Rotate: [[ 0.000]
 [ 0.000]
 [ 0.000]]
DEBUG:----------------------------------------------
DEBUG:Position info about the robot:
DEBUG:Initial pos/angle: ([[ 0.325  0.097 -0.016]], [[-2.058 -2.354  0.006]])
DEBUG:Current pos/angle: ([[ 0.325  0.097 -0.016]], [[-2.058 -2.354  0.006]]
DEBUG:----------------------------------------------
DEBUG:

-------------------------------------------------
DEBUG:Entering a new round of motion interpolation
DEBUG:-------------------------------------------------
DEBUG:1. Current change in position from the origin: 
DEBUG:
[[ 0.000]
 [ 0.000]
 [ 0.000]], [[ 0.000]
 [ 0.000]
 [ 0.000]]
DEBUG:2. Current target position relative to the origin: 
 (Should be the same shape)
DEBUG:
[[ 0.000]
 [ 0.000]
 [-5.000]], [[ 0.000]
 [ 0.000]
 [ 0.000]]
DEBUG:3. Change in position required to get from the current to the target position
DEBUG:[[ 0.000]
 [ 0.000]
 [-5.000]]
DEBUG:4. Calculated speed-vector to reach that delta_pos in a decent amount of time:
DEBUG:[[ 0.000]
 [ 0.000]
 [-1.000]]
DEBUG:5. Change in angle required to get from the current to the target position
DEBUG:[[ 0.000  0.000  0.000]]
DEBUG:Transmitting to the robot the following motion vectors: 
DEBUG:Translate: [[ 0.000]
 [ 0.000]
 [-1.000]] 
Rotate: [[ 0.000]
 [ 0.000]
 [ 0.000]]
DEBUG:----------------------------------------------
DEBUG:Position info about the robot:
DEBUG:Initial pos/angle: ([[ 0.325  0.097 -0.016]], [[-2.058 -2.354  0.006]])
DEBUG:Current pos/angle: ([[ 0.325  0.097 -0.016]], [[-2.058 -2.354  0.006]]
DEBUG:----------------------------------------------
DEBUG:

-------------------------------------------------
DEBUG:Entering a new round of motion interpolation
DEBUG:-------------------------------------------------
DEBUG:1. Current change in position from the origin: 
DEBUG:
[[-0.012]
 [ 0.098]
 [-0.101]], [[ 0.000]
 [ 0.000]
 [ 0.000]]
DEBUG:2. Current target position relative to the origin: 
 (Should be the same shape)
DEBUG:
[[ 0.000]
 [ 0.000]
 [-5.000]], [[ 0.000]
 [ 0.000]
 [ 0.000]]
DEBUG:3. Change in position required to get from the current to the target position
DEBUG:[[ 0.012]
 [-0.098]
 [-4.899]]
DEBUG:4. Calculated speed-vector to reach that delta_pos in a decent amount of time:
DEBUG:[[ 0.002]
 [-0.020]
 [-0.980]]
DEBUG:5. Change in angle required to get from the current to the target position
DEBUG:[[ 0.000  0.000  0.000]]
DEBUG:Transmitting to the robot the following motion vectors: 
DEBUG:Translate: [[ 0.002]
 [-0.020]
 [-0.980]] 
Rotate: [[ 0.000]
 [ 0.000]
 [ 0.000]]
DEBUG:----------------------------------------------
DEBUG:Position info about the robot:
DEBUG:Initial pos/angle: ([[ 0.325  0.097 -0.016]], [[-2.058 -2.354  0.006]])
DEBUG:Current pos/angle: ([[ 0.325  0.097 -0.016]], [[-2.058 -2.354  0.006]]
DEBUG:----------------------------------------------
DEBUG:

-------------------------------------------------
DEBUG:Entering a new round of motion interpolation
DEBUG:-------------------------------------------------
DEBUG:1. Current change in position from the origin: 
DEBUG:
[[ 0.000]
 [ 0.000]
 [ 0.000]], [[ 0.000]
 [ 0.000]
 [ 0.000]]
DEBUG:2. Current target position relative to the origin: 
 (Should be the same shape)
DEBUG:
[[ 0.000]
 [ 0.000]
 [-5.000]], [[ 0.000]
 [ 0.000]
 [ 0.000]]
DEBUG:3. Change in position required to get from the current to the target position
DEBUG:[[ 0.000]
 [ 0.000]
 [-5.000]]
DEBUG:4. Calculated speed-vector to reach that delta_pos in a decent amount of time:
DEBUG:[[ 0.000]
 [ 0.000]
 [-1.000]]
DEBUG:5. Change in angle required to get from the current to the target position
DEBUG:[[ 0.000  0.000  0.000]]
DEBUG:Transmitting to the robot the following motion vectors: 
DEBUG:Translate: [[ 0.000]
 [ 0.000]
 [-1.000]] 
Rotate: [[ 0.000]
 [ 0.000]
 [ 0.000]]
DEBUG:----------------------------------------------
DEBUG:Position info about the robot:
DEBUG:Initial pos/angle: ([[ 0.325  0.097 -0.016]], [[-2.058 -2.354  0.006]])
DEBUG:Current pos/angle: ([[ 0.325  0.097 -0.016]], [[-2.058 -2.354  0.006]]
DEBUG:----------------------------------------------
DEBUG:

-------------------------------------------------
DEBUG:Entering a new round of motion interpolation
DEBUG:-------------------------------------------------
DEBUG:1. Current change in position from the origin: 
DEBUG:
[[ 0.000]
 [ 0.000]
 [ 0.000]], [[ 0.000]
 [ 0.000]
 [ 0.000]]
DEBUG:2. Current target position relative to the origin: 
 (Should be the same shape)
DEBUG:
[[ 0.000]
 [ 0.000]
 [-5.000]], [[ 0.000]
 [ 0.000]
 [ 0.000]]
DEBUG:3. Change in position required to get from the current to the target position
DEBUG:[[ 0.000]
 [ 0.000]
 [-5.000]]
DEBUG:4. Calculated speed-vector to reach that delta_pos in a decent amount of time:
DEBUG:[[ 0.000]
 [ 0.000]
 [-1.000]]
DEBUG:5. Change in angle required to get from the current to the target position
DEBUG:[[ 0.000  0.000  0.000]]
DEBUG:Transmitting to the robot the following motion vectors: 
DEBUG:Translate: [[ 0.000]
 [ 0.000]
 [-1.000]] 
Rotate: [[ 0.000]
 [ 0.000]
 [ 0.000]]
DEBUG:----------------------------------------------
DEBUG:Position info about the robot:
DEBUG:Initial pos/angle: ([[ 0.325  0.097 -0.016]], [[-2.058 -2.354  0.006]])
DEBUG:Current pos/angle: ([[ 0.325  0.097 -0.016]], [[-2.058 -2.354  0.006]]
DEBUG:----------------------------------------------
DEBUG:

-------------------------------------------------
DEBUG:Entering a new round of motion interpolation
DEBUG:-------------------------------------------------
DEBUG:1. Current change in position from the origin: 
DEBUG:
[[-0.013]
 [ 0.099]
 [-0.001]], [[ 0.000]
 [ 0.000]
 [ 0.000]]
DEBUG:2. Current target position relative to the origin: 
 (Should be the same shape)
DEBUG:
[[ 0.000]
 [ 0.000]
 [-5.000]], [[ 0.000]
 [ 0.000]
 [ 0.000]]
DEBUG:3. Change in position required to get from the current to the target position
DEBUG:[[ 0.013]
 [-0.099]
 [-4.999]]
DEBUG:4. Calculated speed-vector to reach that delta_pos in a decent amount of time:
DEBUG:[[ 0.003]
 [-0.020]
 [-1.000]]
DEBUG:5. Change in angle required to get from the current to the target position
DEBUG:[[ 0.000  0.000  0.000]]
DEBUG:Transmitting to the robot the following motion vectors: 
DEBUG:Translate: [[ 0.003]
 [-0.020]
 [-1.000]] 
Rotate: [[ 0.000]
 [ 0.000]
 [ 0.000]]
DEBUG:----------------------------------------------
DEBUG:Position info about the robot:
DEBUG:Initial pos/angle: ([[ 0.325  0.097 -0.016]], [[-2.058 -2.354  0.006]])
DEBUG:Current pos/angle: ([[ 0.325  0.097 -0.016]], [[-2.058 -2.354  0.006]]
DEBUG:----------------------------------------------
DEBUG:

-------------------------------------------------
DEBUG:Entering a new round of motion interpolation
DEBUG:-------------------------------------------------
DEBUG:1. Current change in position from the origin: 
DEBUG:
[[-0.013]
 [ 0.099]
 [-0.001]], [[ 0.000]
 [ 0.000]
 [ 0.000]]
DEBUG:2. Current target position relative to the origin: 
 (Should be the same shape)
DEBUG:
[[ 0.000]
 [ 0.000]
 [-5.000]], [[ 0.000]
 [ 0.000]
 [ 0.000]]
DEBUG:3. Change in position required to get from the current to the target position
DEBUG:[[ 0.013]
 [-0.099]
 [-4.999]]
DEBUG:4. Calculated speed-vector to reach that delta_pos in a decent amount of time:
DEBUG:[[ 0.003]
 [-0.020]
 [-1.000]]
DEBUG:5. Change in angle required to get from the current to the target position
DEBUG:[[ 0.000  0.000  0.000]]
DEBUG:Transmitting to the robot the following motion vectors: 
DEBUG:Translate: [[ 0.003]
 [-0.020]
 [-1.000]] 
Rotate: [[ 0.000]
 [ 0.000]
 [ 0.000]]
DEBUG:----------------------------------------------
DEBUG:Position info about the robot:
DEBUG:Initial pos/angle: ([[ 0.325  0.097 -0.016]], [[-2.058 -2.354  0.006]])
DEBUG:Current pos/angle: ([[ 0.325  0.097 -0.016]], [[-2.058 -2.354  0.006]]
DEBUG:----------------------------------------------
DEBUG:

-------------------------------------------------
DEBUG:Entering a new round of motion interpolation
DEBUG:-------------------------------------------------
DEBUG:1. Current change in position from the origin: 
DEBUG:
[[ 0.000]
 [ 0.000]
 [ 0.000]], [[ 0.000]
 [ 0.000]
 [ 0.000]]
DEBUG:2. Current target position relative to the origin: 
 (Should be the same shape)
DEBUG:
[[ 0.000]
 [ 0.000]
 [-5.000]], [[ 0.000]
 [ 0.000]
 [ 0.000]]
DEBUG:3. Change in position required to get from the current to the target position
DEBUG:[[ 0.000]
 [ 0.000]
 [-5.000]]
DEBUG:4. Calculated speed-vector to reach that delta_pos in a decent amount of time:
DEBUG:[[ 0.000]
 [ 0.000]
 [-1.000]]
DEBUG:5. Change in angle required to get from the current to the target position
DEBUG:[[ 0.000  0.000  0.000]]
DEBUG:Transmitting to the robot the following motion vectors: 
DEBUG:Translate: [[ 0.000]
 [ 0.000]
 [-1.000]] 
Rotate: [[ 0.000]
 [ 0.000]
 [ 0.000]]
DEBUG:----------------------------------------------
DEBUG:Position info about the robot:
DEBUG:Initial pos/angle: ([[ 0.325  0.097 -0.016]], [[-2.058 -2.354  0.006]])
DEBUG:Current pos/angle: ([[ 0.325  0.097 -0.016]], [[-2.058 -2.354  0.006]]
DEBUG:----------------------------------------------
DEBUG:

-------------------------------------------------
DEBUG:Entering a new round of motion interpolation
DEBUG:-------------------------------------------------
DEBUG:1. Current change in position from the origin: 
DEBUG:
[[ 0.000]
 [ 0.000]
 [ 0.000]], [[ 0.000]
 [ 0.000]
 [ 0.000]]
DEBUG:2. Current target position relative to the origin: 
 (Should be the same shape)
DEBUG:
[[ 0.000]
 [ 0.000]
 [-5.000]], [[ 0.000]
 [ 0.000]
 [ 0.000]]
DEBUG:3. Change in position required to get from the current to the target position
DEBUG:[[ 0.000]
 [ 0.000]
 [-5.000]]
DEBUG:4. Calculated speed-vector to reach that delta_pos in a decent amount of time:
DEBUG:[[ 0.000]
 [ 0.000]
 [-1.000]]
DEBUG:5. Change in angle required to get from the current to the target position
DEBUG:[[ 0.000  0.000  0.000]]
DEBUG:Transmitting to the robot the following motion vectors: 
DEBUG:Translate: [[ 0.000]
 [ 0.000]
 [-1.000]] 
Rotate: [[ 0.000]
 [ 0.000]
 [ 0.000]]
DEBUG:----------------------------------------------
DEBUG:Position info about the robot:
DEBUG:Initial pos/angle: ([[ 0.325  0.097 -0.016]], [[-2.058 -2.354  0.006]])
DEBUG:Current pos/angle: ([[ 0.325  0.097 -0.016]], [[-2.058 -2.354  0.006]]
DEBUG:----------------------------------------------
DEBUG:

-------------------------------------------------
DEBUG:Entering a new round of motion interpolation
DEBUG:-------------------------------------------------
DEBUG:1. Current change in position from the origin: 
DEBUG:
[[-0.013]
 [ 0.099]
 [-0.001]], [[ 0.000]
 [ 0.000]
 [ 0.000]]
DEBUG:2. Current target position relative to the origin: 
 (Should be the same shape)
DEBUG:
[[ 0.000]
 [ 0.000]
 [-5.000]], [[ 0.000]
 [ 0.000]
 [ 0.000]]
DEBUG:3. Change in position required to get from the current to the target position
DEBUG:[[ 0.013]
 [-0.099]
 [-4.999]]
DEBUG:4. Calculated speed-vector to reach that delta_pos in a decent amount of time:
DEBUG:[[ 0.003]
 [-0.020]
 [-1.000]]
DEBUG:5. Change in angle required to get from the current to the target position
DEBUG:[[ 0.000  0.000  0.000]]
DEBUG:Transmitting to the robot the following motion vectors: 
DEBUG:Translate: [[ 0.003]
 [-0.020]
 [-1.000]] 
Rotate: [[ 0.000]
 [ 0.000]
 [ 0.000]]
DEBUG:----------------------------------------------
DEBUG:Position info about the robot:
DEBUG:Initial pos/angle: ([[ 0.325  0.097 -0.016]], [[-2.058 -2.354  0.006]])
DEBUG:Current pos/angle: ([[ 0.325  0.097 -0.016]], [[-2.058 -2.354  0.006]]
DEBUG:----------------------------------------------
DEBUG:

-------------------------------------------------
DEBUG:Entering a new round of motion interpolation
DEBUG:-------------------------------------------------
DEBUG:1. Current change in position from the origin: 
DEBUG:
[[ 0.000]
 [ 0.000]
 [ 0.000]], [[ 0.000]
 [ 0.000]
 [ 0.000]]
DEBUG:2. Current target position relative to the origin: 
 (Should be the same shape)
DEBUG:
[[ 0.000]
 [ 0.000]
 [-5.000]], [[ 0.000]
 [ 0.000]
 [ 0.000]]
DEBUG:3. Change in position required to get from the current to the target position
DEBUG:[[ 0.000]
 [ 0.000]
 [-5.000]]
DEBUG:4. Calculated speed-vector to reach that delta_pos in a decent amount of time:
DEBUG:[[ 0.000]
 [ 0.000]
 [-1.000]]
DEBUG:5. Change in angle required to get from the current to the target position
DEBUG:[[ 0.000  0.000  0.000]]
DEBUG:Transmitting to the robot the following motion vectors: 
DEBUG:Translate: [[ 0.000]
 [ 0.000]
 [-1.000]] 
Rotate: [[ 0.000]
 [ 0.000]
 [ 0.000]]
DEBUG:----------------------------------------------
DEBUG:Position info about the robot:
DEBUG:Initial pos/angle: ([[ 0.325  0.097 -0.016]], [[-2.058 -2.354  0.006]])
DEBUG:Current pos/angle: ([[ 0.325  0.097 -0.016]], [[-2.058 -2.354  0.006]]
DEBUG:----------------------------------------------
DEBUG:

-------------------------------------------------
DEBUG:Entering a new round of motion interpolation
DEBUG:-------------------------------------------------
DEBUG:1. Current change in position from the origin: 
DEBUG:
[[ 0.000]
 [ 0.000]
 [ 0.000]], [[ 0.000]
 [ 0.000]
 [ 0.000]]
DEBUG:2. Current target position relative to the origin: 
 (Should be the same shape)
DEBUG:
[[ 0.000]
 [ 0.000]
 [-5.000]], [[ 0.000]
 [ 0.000]
 [ 0.000]]
DEBUG:3. Change in position required to get from the current to the target position
DEBUG:[[ 0.000]
 [ 0.000]
 [-5.000]]
DEBUG:4. Calculated speed-vector to reach that delta_pos in a decent amount of time:
DEBUG:[[ 0.000]
 [ 0.000]
 [-1.000]]
DEBUG:5. Change in angle required to get from the current to the target position
DEBUG:[[ 0.000  0.000  0.000]]
DEBUG:Transmitting to the robot the following motion vectors: 
DEBUG:Translate: [[ 0.000]
 [ 0.000]
 [-1.000]] 
Rotate: [[ 0.000]
 [ 0.000]
 [ 0.000]]
DEBUG:----------------------------------------------
DEBUG:Position info about the robot:
DEBUG:Initial pos/angle: ([[ 0.325  0.097 -0.016]], [[-2.058 -2.354  0.006]])
DEBUG:Current pos/angle: ([[ 0.325  0.097 -0.016]], [[-2.058 -2.354  0.006]]
DEBUG:----------------------------------------------
DEBUG:

-------------------------------------------------
DEBUG:Entering a new round of motion interpolation
DEBUG:-------------------------------------------------
DEBUG:1. Current change in position from the origin: 
DEBUG:
[[ 0.000]
 [ 0.000]
 [ 0.000]], [[ 0.000]
 [ 0.000]
 [ 0.000]]
DEBUG:2. Current target position relative to the origin: 
 (Should be the same shape)
DEBUG:
[[ 0.000]
 [ 0.000]
 [-5.000]], [[ 0.000]
 [ 0.000]
 [ 0.000]]
DEBUG:3. Change in position required to get from the current to the target position
DEBUG:[[ 0.000]
 [ 0.000]
 [-5.000]]
DEBUG:4. Calculated speed-vector to reach that delta_pos in a decent amount of time:
DEBUG:[[ 0.000]
 [ 0.000]
 [-1.000]]
DEBUG:5. Change in angle required to get from the current to the target position
DEBUG:[[ 0.000  0.000  0.000]]
DEBUG:Transmitting to the robot the following motion vectors: 
DEBUG:Translate: [[ 0.000]
 [ 0.000]
 [-1.000]] 
Rotate: [[ 0.000]
 [ 0.000]
 [ 0.000]]
DEBUG:----------------------------------------------
DEBUG:Position info about the robot:
DEBUG:Initial pos/angle: ([[ 0.325  0.097 -0.016]], [[-2.058 -2.354  0.006]])
DEBUG:Current pos/angle: ([[ 0.325  0.097 -0.016]], [[-2.058 -2.354  0.006]]
DEBUG:----------------------------------------------
DEBUG:

-------------------------------------------------
DEBUG:Entering a new round of motion interpolation
DEBUG:-------------------------------------------------
DEBUG:1. Current change in position from the origin: 
DEBUG:
[[ 0.000]
 [ 0.000]
 [ 0.000]], [[ 0.000]
 [ 0.000]
 [ 0.000]]
DEBUG:2. Current target position relative to the origin: 
 (Should be the same shape)
DEBUG:
[[ 0.000]
 [ 0.000]
 [-5.000]], [[ 0.000]
 [ 0.000]
 [ 0.000]]
DEBUG:3. Change in position required to get from the current to the target position
DEBUG:[[ 0.000]
 [ 0.000]
 [-5.000]]
DEBUG:4. Calculated speed-vector to reach that delta_pos in a decent amount of time:
DEBUG:[[ 0.000]
 [ 0.000]
 [-1.000]]
DEBUG:5. Change in angle required to get from the current to the target position
DEBUG:[[ 0.000  0.000  0.000]]
DEBUG:Transmitting to the robot the following motion vectors: 
DEBUG:Translate: [[ 0.000]
 [ 0.000]
 [-1.000]] 
Rotate: [[ 0.000]
 [ 0.000]
 [ 0.000]]
DEBUG:----------------------------------------------
DEBUG:Position info about the robot:
DEBUG:Initial pos/angle: ([[ 0.325  0.097 -0.016]], [[-2.058 -2.354  0.006]])
DEBUG:Current pos/angle: ([[ 0.325  0.097 -0.016]], [[-2.058 -2.354  0.006]]
DEBUG:----------------------------------------------
DEBUG:

-------------------------------------------------
DEBUG:Entering a new round of motion interpolation
DEBUG:-------------------------------------------------
DEBUG:1. Current change in position from the origin: 
DEBUG:
[[ 0.000]
 [ 0.000]
 [ 0.000]], [[ 0.000]
 [ 0.000]
 [ 0.000]]
DEBUG:2. Current target position relative to the origin: 
 (Should be the same shape)
DEBUG:
[[ 0.000]
 [ 0.000]
 [-5.000]], [[ 0.000]
 [ 0.000]
 [ 0.000]]
DEBUG:3. Change in position required to get from the current to the target position
DEBUG:[[ 0.000]
 [ 0.000]
 [-5.000]]
DEBUG:4. Calculated speed-vector to reach that delta_pos in a decent amount of time:
DEBUG:[[ 0.000]
 [ 0.000]
 [-1.000]]
DEBUG:5. Change in angle required to get from the current to the target position
DEBUG:[[ 0.000  0.000  0.000]]
DEBUG:Transmitting to the robot the following motion vectors: 
DEBUG:Translate: [[ 0.000]
 [ 0.000]
 [-1.000]] 
Rotate: [[ 0.000]
 [ 0.000]
 [ 0.000]]
DEBUG:----------------------------------------------
DEBUG:Position info about the robot:
DEBUG:Initial pos/angle: ([[ 0.325  0.097 -0.016]], [[-2.058 -2.354  0.006]])
DEBUG:Current pos/angle: ([[ 0.325  0.097 -0.016]], [[-2.058 -2.354  0.006]]
DEBUG:----------------------------------------------
DEBUG:

-------------------------------------------------
DEBUG:Entering a new round of motion interpolation
DEBUG:-------------------------------------------------
DEBUG:1. Current change in position from the origin: 
DEBUG:
[[ 0.000]
 [ 0.000]
 [ 0.000]], [[ 0.000]
 [ 0.000]
 [ 0.000]]
DEBUG:2. Current target position relative to the origin: 
 (Should be the same shape)
DEBUG:
[[ 0.000]
 [ 0.000]
 [-5.000]], [[ 0.000]
 [ 0.000]
 [ 0.000]]
DEBUG:3. Change in position required to get from the current to the target position
DEBUG:[[ 0.000]
 [ 0.000]
 [-5.000]]
DEBUG:4. Calculated speed-vector to reach that delta_pos in a decent amount of time:
DEBUG:[[ 0.000]
 [ 0.000]
 [-1.000]]
DEBUG:5. Change in angle required to get from the current to the target position
DEBUG:[[ 0.000  0.000  0.000]]
DEBUG:Transmitting to the robot the following motion vectors: 
DEBUG:Translate: [[ 0.000]
 [ 0.000]
 [-1.000]] 
Rotate: [[ 0.000]
 [ 0.000]
 [ 0.000]]
DEBUG:----------------------------------------------
DEBUG:Position info about the robot:
DEBUG:Initial pos/angle: ([[ 0.325  0.097 -0.016]], [[-2.058 -2.354  0.006]])
DEBUG:Current pos/angle: ([[ 0.325  0.097 -0.016]], [[-2.058 -2.354  0.006]]
DEBUG:----------------------------------------------
DEBUG:

-------------------------------------------------
DEBUG:Entering a new round of motion interpolation
DEBUG:-------------------------------------------------
DEBUG:1. Current change in position from the origin: 
DEBUG:
[[ 0.000]
 [ 0.000]
 [ 0.000]], [[ 0.000]
 [ 0.000]
 [ 0.000]]
DEBUG:2. Current target position relative to the origin: 
 (Should be the same shape)
DEBUG:
[[ 0.000]
 [ 0.000]
 [-5.000]], [[ 0.000]
 [ 0.000]
 [ 0.000]]
DEBUG:3. Change in position required to get from the current to the target position
DEBUG:[[ 0.000]
 [ 0.000]
 [-5.000]]
DEBUG:4. Calculated speed-vector to reach that delta_pos in a decent amount of time:
DEBUG:[[ 0.000]
 [ 0.000]
 [-1.000]]
DEBUG:5. Change in angle required to get from the current to the target position
DEBUG:[[ 0.000  0.000  0.000]]
DEBUG:Transmitting to the robot the following motion vectors: 
DEBUG:Translate: [[ 0.000]
 [ 0.000]
 [-1.000]] 
Rotate: [[ 0.000]
 [ 0.000]
 [ 0.000]]
DEBUG:----------------------------------------------
DEBUG:Position info about the robot:
DEBUG:Initial pos/angle: ([[ 0.325  0.097 -0.016]], [[-2.058 -2.354  0.006]])
DEBUG:Current pos/angle: ([[ 0.325  0.097 -0.016]], [[-2.058 -2.354  0.006]]
DEBUG:----------------------------------------------
DEBUG:

-------------------------------------------------
DEBUG:Entering a new round of motion interpolation
DEBUG:-------------------------------------------------
DEBUG:1. Current change in position from the origin: 
DEBUG:
[[ 0.000]
 [ 0.000]
 [ 0.000]], [[ 0.000]
 [ 0.000]
 [ 0.000]]
DEBUG:2. Current target position relative to the origin: 
 (Should be the same shape)
DEBUG:
[[ 0.000]
 [ 0.000]
 [-5.000]], [[ 0.000]
 [ 0.000]
 [ 0.000]]
DEBUG:3. Change in position required to get from the current to the target position
DEBUG:[[ 0.000]
 [ 0.000]
 [-5.000]]
DEBUG:4. Calculated speed-vector to reach that delta_pos in a decent amount of time:
DEBUG:[[ 0.000]
 [ 0.000]
 [-1.000]]
DEBUG:5. Change in angle required to get from the current to the target position
DEBUG:[[ 0.000  0.000  0.000]]
DEBUG:Transmitting to the robot the following motion vectors: 
DEBUG:Translate: [[ 0.000]
 [ 0.000]
 [-1.000]] 
Rotate: [[ 0.000]
 [ 0.000]
 [ 0.000]]
DEBUG:----------------------------------------------
DEBUG:Position info about the robot:
DEBUG:Initial pos/angle: ([[ 0.325  0.097 -0.016]], [[-2.058 -2.354  0.006]])
DEBUG:Current pos/angle: ([[ 0.325  0.097 -0.016]], [[-2.058 -2.354  0.006]]
DEBUG:----------------------------------------------
DEBUG:

-------------------------------------------------
DEBUG:Entering a new round of motion interpolation
DEBUG:-------------------------------------------------
DEBUG:1. Current change in position from the origin: 
DEBUG:
[[ 0.000]
 [ 0.000]
 [ 0.000]], [[ 0.000]
 [ 0.000]
 [ 0.000]]
DEBUG:2. Current target position relative to the origin: 
 (Should be the same shape)
DEBUG:
[[ 0.000]
 [ 0.000]
 [-5.000]], [[ 0.000]
 [ 0.000]
 [ 0.000]]
DEBUG:3. Change in position required to get from the current to the target position
DEBUG:[[ 0.000]
 [ 0.000]
 [-5.000]]
DEBUG:4. Calculated speed-vector to reach that delta_pos in a decent amount of time:
DEBUG:[[ 0.000]
 [ 0.000]
 [-1.000]]
DEBUG:5. Change in angle required to get from the current to the target position
DEBUG:[[ 0.000  0.000  0.000]]
DEBUG:Transmitting to the robot the following motion vectors: 
DEBUG:Translate: [[ 0.000]
 [ 0.000]
 [-1.000]] 
Rotate: [[ 0.000]
 [ 0.000]
 [ 0.000]]
DEBUG:----------------------------------------------
DEBUG:Position info about the robot:
DEBUG:Initial pos/angle: ([[ 0.325  0.097 -0.016]], [[-2.058 -2.354  0.006]])
DEBUG:Current pos/angle: ([[ 0.325  0.097 -0.016]], [[-2.058 -2.354  0.006]]
DEBUG:----------------------------------------------
DEBUG:

-------------------------------------------------
DEBUG:Entering a new round of motion interpolation
DEBUG:-------------------------------------------------
DEBUG:1. Current change in position from the origin: 
DEBUG:
[[ 0.000]
 [ 0.000]
 [ 0.000]], [[ 0.000]
 [ 0.000]
 [ 0.000]]
DEBUG:2. Current target position relative to the origin: 
 (Should be the same shape)
DEBUG:
[[ 0.000]
 [ 0.000]
 [-5.000]], [[ 0.000]
 [ 0.000]
 [ 0.000]]
DEBUG:3. Change in position required to get from the current to the target position
DEBUG:[[ 0.000]
 [ 0.000]
 [-5.000]]
DEBUG:4. Calculated speed-vector to reach that delta_pos in a decent amount of time:
DEBUG:[[ 0.000]
 [ 0.000]
 [-1.000]]
DEBUG:5. Change in angle required to get from the current to the target position
DEBUG:[[ 0.000  0.000  0.000]]
DEBUG:Transmitting to the robot the following motion vectors: 
DEBUG:Translate: [[ 0.000]
 [ 0.000]
 [-1.000]] 
Rotate: [[ 0.000]
 [ 0.000]
 [ 0.000]]
DEBUG:----------------------------------------------
DEBUG:Position info about the robot:
DEBUG:Initial pos/angle: ([[ 0.325  0.097 -0.016]], [[-2.058 -2.354  0.006]])
DEBUG:Current pos/angle: ([[ 0.325  0.097 -0.016]], [[-2.058 -2.354  0.006]]
DEBUG:----------------------------------------------
DEBUG:

-------------------------------------------------
DEBUG:Entering a new round of motion interpolation
DEBUG:-------------------------------------------------
DEBUG:1. Current change in position from the origin: 
DEBUG:
[[-0.012]
 [ 0.098]
 [-0.101]], [[ 0.000]
 [ 0.000]
 [ 0.000]]
DEBUG:2. Current target position relative to the origin: 
 (Should be the same shape)
DEBUG:
[[ 0.000]
 [ 0.000]
 [-5.000]], [[ 0.000]
 [ 0.000]
 [ 0.000]]
DEBUG:3. Change in position required to get from the current to the target position
DEBUG:[[ 0.012]
 [-0.098]
 [-4.899]]
DEBUG:4. Calculated speed-vector to reach that delta_pos in a decent amount of time:
DEBUG:[[ 0.002]
 [-0.020]
 [-0.980]]
DEBUG:5. Change in angle required to get from the current to the target position
DEBUG:[[ 0.000  0.000  0.000]]
DEBUG:Transmitting to the robot the following motion vectors: 
DEBUG:Translate: [[ 0.002]
 [-0.020]
 [-0.980]] 
Rotate: [[ 0.000]
 [ 0.000]
 [ 0.000]]
DEBUG:----------------------------------------------
DEBUG:Position info about the robot:
DEBUG:Initial pos/angle: ([[ 0.325  0.097 -0.016]], [[-2.058 -2.354  0.006]])
DEBUG:Current pos/angle: ([[ 0.325  0.097 -0.016]], [[-2.058 -2.354  0.006]]
DEBUG:----------------------------------------------
DEBUG:

-------------------------------------------------
DEBUG:Entering a new round of motion interpolation
DEBUG:-------------------------------------------------
DEBUG:1. Current change in position from the origin: 
DEBUG:
[[ 0.000]
 [ 0.000]
 [ 0.000]], [[ 0.000]
 [ 0.000]
 [ 0.000]]
DEBUG:2. Current target position relative to the origin: 
 (Should be the same shape)
DEBUG:
[[ 0.000]
 [ 0.000]
 [-5.000]], [[ 0.000]
 [ 0.000]
 [ 0.000]]
DEBUG:3. Change in position required to get from the current to the target position
DEBUG:[[ 0.000]
 [ 0.000]
 [-5.000]]
DEBUG:4. Calculated speed-vector to reach that delta_pos in a decent amount of time:
DEBUG:[[ 0.000]
 [ 0.000]
 [-1.000]]
DEBUG:5. Change in angle required to get from the current to the target position
DEBUG:[[ 0.000  0.000  0.000]]
DEBUG:Transmitting to the robot the following motion vectors: 
DEBUG:Translate: [[ 0.000]
 [ 0.000]
 [-1.000]] 
Rotate: [[ 0.000]
 [ 0.000]
 [ 0.000]]
DEBUG:----------------------------------------------
DEBUG:Position info about the robot:
DEBUG:Initial pos/angle: ([[ 0.325  0.097 -0.016]], [[-2.058 -2.354  0.006]])
DEBUG:Current pos/angle: ([[ 0.325  0.097 -0.016]], [[-2.058 -2.354  0.006]]
DEBUG:----------------------------------------------
DEBUG:

-------------------------------------------------
DEBUG:Entering a new round of motion interpolation
DEBUG:-------------------------------------------------
DEBUG:1. Current change in position from the origin: 
DEBUG:
[[ 0.000]
 [ 0.000]
 [ 0.000]], [[ 0.000]
 [ 0.000]
 [ 0.000]]
DEBUG:2. Current target position relative to the origin: 
 (Should be the same shape)
DEBUG:
[[ 0.000]
 [ 0.000]
 [-5.000]], [[ 0.000]
 [ 0.000]
 [ 0.000]]
DEBUG:3. Change in position required to get from the current to the target position
DEBUG:[[ 0.000]
 [ 0.000]
 [-5.000]]
DEBUG:4. Calculated speed-vector to reach that delta_pos in a decent amount of time:
DEBUG:[[ 0.000]
 [ 0.000]
 [-1.000]]
DEBUG:5. Change in angle required to get from the current to the target position
DEBUG:[[ 0.000  0.000  0.000]]
DEBUG:Transmitting to the robot the following motion vectors: 
DEBUG:Translate: [[ 0.000]
 [ 0.000]
 [-1.000]] 
Rotate: [[ 0.000]
 [ 0.000]
 [ 0.000]]
DEBUG:----------------------------------------------
DEBUG:Position info about the robot:
DEBUG:Initial pos/angle: ([[ 0.325  0.097 -0.016]], [[-2.058 -2.354  0.006]])
DEBUG:Current pos/angle: ([[ 0.325  0.097 -0.016]], [[-2.058 -2.354  0.006]]
DEBUG:----------------------------------------------
