DEBUG:Debug log for the robot starting on 2022-04-27_23-19-27
DEBUG:----------------------------------------------
DEBUG:Position info about the robot:
DEBUG:Initial pos/angle: ([[ 0.389  0.160 -0.067]], [[ 1.331  2.846  0.000]])
DEBUG:Current pos/angle: ([[ 0.389  0.160 -0.067]], [[ 1.331  2.846  0.000]]
DEBUG:----------------------------------------------
DEBUG:----------------------------------------------
DEBUG:Position info about the robot:
DEBUG:Initial pos/angle: ([[ 0.389  0.160 -0.067]], [[ 1.331  2.846  0.000]])
DEBUG:Current pos/angle: ([[ 0.389  0.160 -0.067]], [[ 1.331  2.846  0.000]]
DEBUG:----------------------------------------------
DEBUG:----------------------------------------------
DEBUG:Position info about the robot:
DEBUG:Initial pos/angle: ([[ 0.389  0.160 -0.067]], [[ 1.331  2.846  0.000]])
DEBUG:Current pos/angle: ([[ 0.389  0.160 -0.067]], [[-1.330 -2.845  0.000]]
DEBUG:----------------------------------------------
DEBUG:----------------------------------------------
DEBUG:Position info about the robot:
DEBUG:Initial pos/angle: ([[ 0.389  0.160 -0.067]], [[ 1.331  2.846  0.000]])
DEBUG:Current pos/angle: ([[ 0.389  0.160 -0.067]], [[ 1.331  2.846  0.000]]
DEBUG:----------------------------------------------
DEBUG:----------------------------------------------
DEBUG:Position info about the robot:
DEBUG:Initial pos/angle: ([[ 0.389  0.160 -0.067]], [[ 1.331  2.846  0.000]])
DEBUG:Current pos/angle: ([[ 0.389  0.160 -0.067]], [[-1.330 -2.845  0.000]]
DEBUG:----------------------------------------------
DEBUG:----------------------------------------------
DEBUG:Position info about the robot:
DEBUG:Initial pos/angle: ([[ 0.389  0.160 -0.067]], [[ 1.331  2.846  0.000]])
DEBUG:Current pos/angle: ([[ 0.389  0.160 -0.067]], [[ 1.331  2.846  0.000]]
DEBUG:----------------------------------------------
DEBUG:----------------------------------------------
DEBUG:Position info about the robot:
DEBUG:Initial pos/angle: ([[ 0.389  0.160 -0.067]], [[ 1.331  2.846  0.000]])
DEBUG:Current pos/angle: ([[ 0.389  0.160 -0.067]], [[-1.330 -2.845  0.000]]
DEBUG:----------------------------------------------
DEBUG:----------------------------------------------
DEBUG:Position info about the robot:
DEBUG:Initial pos/angle: ([[ 0.389  0.160 -0.067]], [[ 1.331  2.846  0.000]])
DEBUG:Current pos/angle: ([[ 0.389  0.160 -0.067]], [[-1.330 -2.845  0.000]]
DEBUG:----------------------------------------------
DEBUG:----------------------------------------------
DEBUG:Position info about the robot:
DEBUG:Initial pos/angle: ([[ 0.389  0.160 -0.067]], [[ 1.331  2.846  0.000]])
DEBUG:Current pos/angle: ([[ 0.389  0.160 -0.067]], [[ 1.331  2.846  0.000]]
DEBUG:----------------------------------------------
DEBUG:----------------------------------------------
DEBUG:Position info about the robot:
DEBUG:Initial pos/angle: ([[ 0.389  0.160 -0.067]], [[ 1.331  2.846  0.000]])
DEBUG:Current pos/angle: ([[ 0.389  0.160 -0.067]], [[-1.330 -2.845  0.000]]
DEBUG:----------------------------------------------
DEBUG:----------------------------------------------
DEBUG:Position info about the robot:
DEBUG:Initial pos/angle: ([[ 0.389  0.160 -0.067]], [[ 1.331  2.846  0.000]])
DEBUG:Current pos/angle: ([[ 0.389  0.160 -0.067]], [[-1.330 -2.845  0.000]]
DEBUG:----------------------------------------------
DEBUG:----------------------------------------------
DEBUG:Position info about the robot:
DEBUG:Initial pos/angle: ([[ 0.389  0.160 -0.067]], [[ 1.331  2.846  0.000]])
DEBUG:Current pos/angle: ([[ 0.389  0.160 -0.067]], [[ 1.331  2.846  0.000]]
DEBUG:----------------------------------------------
DEBUG:----------------------------------------------
DEBUG:Position info about the robot:
DEBUG:Initial pos/angle: ([[ 0.389  0.160 -0.067]], [[ 1.331  2.846  0.000]])
DEBUG:Current pos/angle: ([[ 0.389  0.160 -0.067]], [[-1.330 -2.845  0.000]]
DEBUG:----------------------------------------------
DEBUG:----------------------------------------------
DEBUG:Position info about the robot:
DEBUG:Initial pos/angle: ([[ 0.389  0.160 -0.067]], [[ 1.331  2.846  0.000]])
DEBUG:Current pos/angle: ([[ 0.389  0.160 -0.067]], [[-1.330 -2.845  0.000]]
DEBUG:----------------------------------------------
DEBUG:----------------------------------------------
DEBUG:Position info about the robot:
DEBUG:Initial pos/angle: ([[ 0.389  0.160 -0.067]], [[ 1.331  2.846  0.000]])
DEBUG:Current pos/angle: ([[ 0.389  0.160 -0.067]], [[-1.330 -2.845  0.000]]
DEBUG:----------------------------------------------
DEBUG:----------------------------------------------
DEBUG:Position info about the robot:
DEBUG:Initial pos/angle: ([[ 0.389  0.160 -0.067]], [[ 1.331  2.846  0.000]])
DEBUG:Current pos/angle: ([[ 0.389  0.160 -0.067]], [[-1.330 -2.845  0.000]]
DEBUG:----------------------------------------------
DEBUG:----------------------------------------------
DEBUG:Position info about the robot:
DEBUG:Initial pos/angle: ([[ 0.389  0.160 -0.067]], [[ 1.331  2.846  0.000]])
DEBUG:Current pos/angle: ([[ 0.389  0.160 -0.067]], [[-1.330 -2.845  0.000]]
DEBUG:----------------------------------------------
DEBUG:----------------------------------------------
DEBUG:Position info about the robot:
DEBUG:Initial pos/angle: ([[ 0.389  0.160 -0.067]], [[ 1.331  2.846  0.000]])
DEBUG:Current pos/angle: ([[ 0.389  0.160 -0.067]], [[-1.330 -2.845  0.000]]
DEBUG:----------------------------------------------
DEBUG:----------------------------------------------
DEBUG:Position info about the robot:
DEBUG:Initial pos/angle: ([[ 0.389  0.160 -0.067]], [[ 1.331  2.846  0.000]])
DEBUG:Current pos/angle: ([[ 0.389  0.160 -0.067]], [[ 1.331  2.846  0.000]]
DEBUG:----------------------------------------------
DEBUG:----------------------------------------------
DEBUG:Position info about the robot:
DEBUG:Initial pos/angle: ([[ 0.389  0.160 -0.067]], [[ 1.331  2.846  0.000]])
DEBUG:Current pos/angle: ([[ 0.389  0.160 -0.067]], [[-1.330 -2.845  0.000]]
DEBUG:----------------------------------------------
DEBUG:----------------------------------------------
DEBUG:Position info about the robot:
DEBUG:Initial pos/angle: ([[ 0.389  0.160 -0.067]], [[ 1.331  2.846  0.000]])
DEBUG:Current pos/angle: ([[ 0.389  0.160 -0.067]], [[-1.330 -2.845  0.000]]
DEBUG:----------------------------------------------
DEBUG:----------------------------------------------
DEBUG:Position info about the robot:
DEBUG:Initial pos/angle: ([[ 0.389  0.160 -0.067]], [[ 1.331  2.846  0.000]])
DEBUG:Current pos/angle: ([[ 0.389  0.160 -0.067]], [[-1.330 -2.845  0.000]]
DEBUG:----------------------------------------------
DEBUG:----------------------------------------------
DEBUG:Position info about the robot:
DEBUG:Initial pos/angle: ([[ 0.389  0.160 -0.067]], [[ 1.331  2.846  0.000]])
DEBUG:Current pos/angle: ([[ 0.389  0.160 -0.067]], [[ 1.331  2.846  0.000]]
DEBUG:----------------------------------------------
DEBUG:----------------------------------------------
DEBUG:Position info about the robot:
DEBUG:Initial pos/angle: ([[ 0.389  0.160 -0.067]], [[ 1.331  2.846  0.000]])
DEBUG:Current pos/angle: ([[ 0.389  0.160 -0.066]], [[ 1.331  2.846  0.000]]
DEBUG:----------------------------------------------
DEBUG:----------------------------------------------
DEBUG:Position info about the robot:
DEBUG:Initial pos/angle: ([[ 0.389  0.160 -0.067]], [[ 1.331  2.846  0.000]])
DEBUG:Current pos/angle: ([[ 0.389  0.160 -0.067]], [[-1.330 -2.845  0.000]]
DEBUG:----------------------------------------------
DEBUG:----------------------------------------------
DEBUG:Position info about the robot:
DEBUG:Initial pos/angle: ([[ 0.389  0.160 -0.067]], [[ 1.331  2.846  0.000]])
DEBUG:Current pos/angle: ([[ 0.389  0.160 -0.067]], [[-1.330 -2.845  0.000]]
DEBUG:----------------------------------------------
DEBUG:----------------------------------------------
DEBUG:Position info about the robot:
DEBUG:Initial pos/angle: ([[ 0.389  0.160 -0.067]], [[ 1.331  2.846  0.000]])
DEBUG:Current pos/angle: ([[ 0.389  0.160 -0.067]], [[ 1.331  2.846  0.000]]
DEBUG:----------------------------------------------
DEBUG:----------------------------------------------
DEBUG:Position info about the robot:
DEBUG:Initial pos/angle: ([[ 0.389  0.160 -0.067]], [[ 1.331  2.846  0.000]])
DEBUG:Current pos/angle: ([[ 0.389  0.160 -0.067]], [[ 1.331  2.846  0.000]]
DEBUG:----------------------------------------------
DEBUG:----------------------------------------------
DEBUG:Position info about the robot:
DEBUG:Initial pos/angle: ([[ 0.389  0.160 -0.067]], [[ 1.331  2.846  0.000]])
DEBUG:Current pos/angle: ([[ 0.389  0.160 -0.067]], [[-1.330 -2.845  0.000]]
DEBUG:----------------------------------------------
DEBUG:----------------------------------------------
DEBUG:Position info about the robot:
DEBUG:Initial pos/angle: ([[ 0.389  0.160 -0.067]], [[ 1.331  2.846  0.000]])
DEBUG:Current pos/angle: ([[ 0.389  0.160 -0.067]], [[-1.330 -2.845  0.000]]
DEBUG:----------------------------------------------
DEBUG:----------------------------------------------
DEBUG:Position info about the robot:
DEBUG:Initial pos/angle: ([[ 0.389  0.160 -0.067]], [[ 1.331  2.846  0.000]])
DEBUG:Current pos/angle: ([[ 0.389  0.160 -0.067]], [[ 1.331  2.846  0.000]]
DEBUG:----------------------------------------------
DEBUG:----------------------------------------------
DEBUG:Position info about the robot:
DEBUG:Initial pos/angle: ([[ 0.389  0.160 -0.067]], [[ 1.331  2.846  0.000]])
DEBUG:Current pos/angle: ([[ 0.389  0.160 -0.067]], [[-1.330 -2.845  0.000]]
DEBUG:----------------------------------------------
DEBUG:----------------------------------------------
DEBUG:Position info about the robot:
DEBUG:Initial pos/angle: ([[ 0.389  0.160 -0.067]], [[ 1.331  2.846  0.000]])
DEBUG:Current pos/angle: ([[ 0.389  0.160 -0.067]], [[-1.330 -2.845  0.000]]
DEBUG:----------------------------------------------
DEBUG:----------------------------------------------
DEBUG:Position info about the robot:
DEBUG:Initial pos/angle: ([[ 0.389  0.160 -0.067]], [[ 1.331  2.846  0.000]])
DEBUG:Current pos/angle: ([[ 0.389  0.160 -0.067]], [[-1.330 -2.845  0.000]]
DEBUG:----------------------------------------------
DEBUG:----------------------------------------------
DEBUG:Position info about the robot:
DEBUG:Initial pos/angle: ([[ 0.389  0.160 -0.067]], [[ 1.331  2.846  0.000]])
DEBUG:Current pos/angle: ([[ 0.389  0.160 -0.067]], [[ 1.331  2.846  0.000]]
DEBUG:----------------------------------------------
DEBUG:----------------------------------------------
DEBUG:Position info about the robot:
DEBUG:Initial pos/angle: ([[ 0.389  0.160 -0.067]], [[ 1.331  2.846  0.000]])
DEBUG:Current pos/angle: ([[ 0.389  0.160 -0.067]], [[-1.330 -2.845  0.000]]
DEBUG:----------------------------------------------
DEBUG:----------------------------------------------
DEBUG:Position info about the robot:
DEBUG:Initial pos/angle: ([[ 0.389  0.160 -0.067]], [[ 1.331  2.846  0.000]])
DEBUG:Current pos/angle: ([[ 0.389  0.160 -0.067]], [[ 1.331  2.846  0.000]]
DEBUG:----------------------------------------------
DEBUG:----------------------------------------------
DEBUG:Position info about the robot:
DEBUG:Initial pos/angle: ([[ 0.389  0.160 -0.067]], [[ 1.331  2.846  0.000]])
DEBUG:Current pos/angle: ([[ 0.389  0.160 -0.067]], [[-1.330 -2.845  0.000]]
DEBUG:----------------------------------------------
DEBUG:----------------------------------------------
DEBUG:Position info about the robot:
DEBUG:Initial pos/angle: ([[ 0.389  0.160 -0.067]], [[ 1.331  2.846  0.000]])
DEBUG:Current pos/angle: ([[ 0.389  0.160 -0.067]], [[ 1.331  2.846  0.000]]
DEBUG:----------------------------------------------
DEBUG:----------------------------------------------
DEBUG:Position info about the robot:
DEBUG:Initial pos/angle: ([[ 0.389  0.160 -0.067]], [[ 1.331  2.846  0.000]])
DEBUG:Current pos/angle: ([[ 0.389  0.160 -0.067]], [[-1.330 -2.845  0.000]]
DEBUG:----------------------------------------------
DEBUG:----------------------------------------------
DEBUG:Position info about the robot:
DEBUG:Initial pos/angle: ([[ 0.389  0.160 -0.067]], [[ 1.331  2.846  0.000]])
DEBUG:Current pos/angle: ([[ 0.389  0.160 -0.067]], [[-1.330 -2.845  0.000]]
DEBUG:----------------------------------------------
DEBUG:----------------------------------------------
DEBUG:Position info about the robot:
DEBUG:Initial pos/angle: ([[ 0.389  0.160 -0.067]], [[ 1.331  2.846  0.000]])
DEBUG:Current pos/angle: ([[ 0.389  0.160 -0.067]], [[-1.330 -2.845  0.000]]
DEBUG:----------------------------------------------
DEBUG:----------------------------------------------
DEBUG:Position info about the robot:
DEBUG:Initial pos/angle: ([[ 0.389  0.160 -0.067]], [[ 1.331  2.846  0.000]])
DEBUG:Current pos/angle: ([[ 0.389  0.160 -0.067]], [[-1.330 -2.845  0.000]]
DEBUG:----------------------------------------------
DEBUG:----------------------------------------------
DEBUG:Position info about the robot:
DEBUG:Initial pos/angle: ([[ 0.389  0.160 -0.067]], [[ 1.331  2.846  0.000]])
DEBUG:Current pos/angle: ([[ 0.389  0.160 -0.067]], [[ 1.331  2.846  0.000]]
DEBUG:----------------------------------------------
DEBUG:----------------------------------------------
DEBUG:Position info about the robot:
DEBUG:Initial pos/angle: ([[ 0.389  0.160 -0.067]], [[ 1.331  2.846  0.000]])
DEBUG:Current pos/angle: ([[ 0.389  0.160 -0.067]], [[ 1.331  2.846  0.000]]
DEBUG:----------------------------------------------
DEBUG:----------------------------------------------
DEBUG:Position info about the robot:
DEBUG:Initial pos/angle: ([[ 0.389  0.160 -0.067]], [[ 1.331  2.846  0.000]])
DEBUG:Current pos/angle: ([[ 0.389  0.160 -0.067]], [[-1.330 -2.845  0.000]]
DEBUG:----------------------------------------------
DEBUG:----------------------------------------------
DEBUG:Position info about the robot:
DEBUG:Initial pos/angle: ([[ 0.389  0.160 -0.067]], [[ 1.331  2.846  0.000]])
DEBUG:Current pos/angle: ([[ 0.389  0.160 -0.067]], [[ 1.331  2.846  0.000]]
DEBUG:----------------------------------------------
DEBUG:----------------------------------------------
DEBUG:Position info about the robot:
DEBUG:Initial pos/angle: ([[ 0.389  0.160 -0.067]], [[ 1.331  2.846  0.000]])
DEBUG:Current pos/angle: ([[ 0.389  0.160 -0.067]], [[ 1.331  2.846  0.000]]
DEBUG:----------------------------------------------
DEBUG:----------------------------------------------
DEBUG:Position info about the robot:
DEBUG:Initial pos/angle: ([[ 0.389  0.160 -0.067]], [[ 1.331  2.846  0.000]])
DEBUG:Current pos/angle: ([[ 0.389  0.160 -0.067]], [[ 1.331  2.846  0.000]]
DEBUG:----------------------------------------------
DEBUG:----------------------------------------------
DEBUG:Position info about the robot:
DEBUG:Initial pos/angle: ([[ 0.389  0.160 -0.067]], [[ 1.331  2.846  0.000]])
DEBUG:Current pos/angle: ([[ 0.389  0.160 -0.067]], [[ 1.331  2.846  0.000]]
DEBUG:----------------------------------------------
DEBUG:----------------------------------------------
DEBUG:Position info about the robot:
DEBUG:Initial pos/angle: ([[ 0.389  0.160 -0.067]], [[ 1.331  2.846  0.000]])
DEBUG:Current pos/angle: ([[ 0.389  0.160 -0.067]], [[ 1.331  2.846  0.000]]
DEBUG:----------------------------------------------
DEBUG:----------------------------------------------
DEBUG:Position info about the robot:
DEBUG:Initial pos/angle: ([[ 0.389  0.160 -0.067]], [[ 1.331  2.846  0.000]])
DEBUG:Current pos/angle: ([[ 0.389  0.160 -0.067]], [[ 1.331  2.846  0.000]]
DEBUG:----------------------------------------------
DEBUG:----------------------------------------------
DEBUG:Position info about the robot:
DEBUG:Initial pos/angle: ([[ 0.389  0.160 -0.067]], [[ 1.331  2.846  0.000]])
DEBUG:Current pos/angle: ([[ 0.389  0.160 -0.067]], [[ 1.325  2.834 -0.055]]
DEBUG:----------------------------------------------
DEBUG:----------------------------------------------
DEBUG:Position info about the robot:
DEBUG:Initial pos/angle: ([[ 0.389  0.160 -0.067]], [[ 1.331  2.846  0.000]])
DEBUG:Current pos/angle: ([[ 0.389  0.160 -0.067]], [[ 1.315  2.812 -0.144]]
DEBUG:----------------------------------------------
DEBUG:----------------------------------------------
DEBUG:Position info about the robot:
DEBUG:Initial pos/angle: ([[ 0.389  0.160 -0.067]], [[ 1.331  2.846  0.000]])
DEBUG:Current pos/angle: ([[ 0.389  0.160 -0.066]], [[ 1.304  2.788 -0.232]]
DEBUG:----------------------------------------------
DEBUG:----------------------------------------------
DEBUG:Position info about the robot:
DEBUG:Initial pos/angle: ([[ 0.389  0.160 -0.067]], [[ 1.331  2.846  0.000]])
DEBUG:Current pos/angle: ([[ 0.389  0.160 -0.067]], [[ 1.292  2.762 -0.319]]
DEBUG:----------------------------------------------
DEBUG:----------------------------------------------
DEBUG:Position info about the robot:
DEBUG:Initial pos/angle: ([[ 0.389  0.160 -0.067]], [[ 1.331  2.846  0.000]])
DEBUG:Current pos/angle: ([[ 0.389  0.160 -0.067]], [[ 1.279  2.734 -0.404]]
DEBUG:----------------------------------------------
DEBUG:----------------------------------------------
DEBUG:Position info about the robot:
DEBUG:Initial pos/angle: ([[ 0.389  0.160 -0.067]], [[ 1.331  2.846  0.000]])
DEBUG:Current pos/angle: ([[ 0.389  0.160 -0.067]], [[ 1.264  2.704 -0.488]]
DEBUG:----------------------------------------------
DEBUG:----------------------------------------------
DEBUG:Position info about the robot:
DEBUG:Initial pos/angle: ([[ 0.389  0.160 -0.067]], [[ 1.331  2.846  0.000]])
DEBUG:Current pos/angle: ([[ 0.389  0.160 -0.067]], [[ 1.249  2.672 -0.570]]
DEBUG:----------------------------------------------
DEBUG:----------------------------------------------
DEBUG:Position info about the robot:
DEBUG:Initial pos/angle: ([[ 0.389  0.160 -0.067]], [[ 1.331  2.846  0.000]])
DEBUG:Current pos/angle: ([[ 0.389  0.160 -0.067]], [[ 1.233  2.637 -0.651]]
DEBUG:----------------------------------------------
DEBUG:----------------------------------------------
DEBUG:Position info about the robot:
DEBUG:Initial pos/angle: ([[ 0.389  0.160 -0.067]], [[ 1.331  2.846  0.000]])
DEBUG:Current pos/angle: ([[ 0.389  0.160 -0.067]], [[ 1.217  2.601 -0.730]]
DEBUG:----------------------------------------------
DEBUG:----------------------------------------------
DEBUG:Position info about the robot:
DEBUG:Initial pos/angle: ([[ 0.389  0.160 -0.067]], [[ 1.331  2.846  0.000]])
DEBUG:Current pos/angle: ([[ 0.389  0.160 -0.066]], [[ 1.199  2.563 -0.808]]
DEBUG:----------------------------------------------
DEBUG:----------------------------------------------
DEBUG:Position info about the robot:
DEBUG:Initial pos/angle: ([[ 0.389  0.160 -0.067]], [[ 1.331  2.846  0.000]])
DEBUG:Current pos/angle: ([[ 0.389  0.160 -0.067]], [[ 1.191  2.546 -0.841]]
DEBUG:----------------------------------------------
DEBUG:----------------------------------------------
DEBUG:Position info about the robot:
DEBUG:Initial pos/angle: ([[ 0.389  0.160 -0.067]], [[ 1.331  2.846  0.000]])
DEBUG:Current pos/angle: ([[ 0.389  0.160 -0.067]], [[ 1.208  2.584 -0.828]]
DEBUG:----------------------------------------------
DEBUG:----------------------------------------------
DEBUG:Position info about the robot:
DEBUG:Initial pos/angle: ([[ 0.389  0.160 -0.067]], [[ 1.331  2.846  0.000]])
DEBUG:Current pos/angle: ([[ 0.389  0.160 -0.067]], [[ 1.236  2.642 -0.806]]
DEBUG:----------------------------------------------
DEBUG:----------------------------------------------
DEBUG:Position info about the robot:
DEBUG:Initial pos/angle: ([[ 0.389  0.160 -0.067]], [[ 1.331  2.846  0.000]])
DEBUG:Current pos/angle: ([[ 0.389  0.160 -0.067]], [[ 1.263  2.700 -0.783]]
DEBUG:----------------------------------------------
DEBUG:----------------------------------------------
DEBUG:Position info about the robot:
DEBUG:Initial pos/angle: ([[ 0.389  0.160 -0.067]], [[ 1.331  2.846  0.000]])
DEBUG:Current pos/angle: ([[ 0.389  0.160 -0.067]], [[ 1.290  2.758 -0.759]]
DEBUG:----------------------------------------------
DEBUG:----------------------------------------------
DEBUG:Position info about the robot:
DEBUG:Initial pos/angle: ([[ 0.389  0.160 -0.067]], [[ 1.331  2.846  0.000]])
DEBUG:Current pos/angle: ([[ 0.389  0.160 -0.067]], [[-1.273 -2.722  0.710]]
DEBUG:----------------------------------------------
DEBUG:----------------------------------------------
DEBUG:Position info about the robot:
DEBUG:Initial pos/angle: ([[ 0.389  0.160 -0.067]], [[ 1.331  2.846  0.000]])
DEBUG:Current pos/angle: ([[ 0.389  0.160 -0.067]], [[-1.253 -2.681  0.660]]
DEBUG:----------------------------------------------
DEBUG:----------------------------------------------
DEBUG:Position info about the robot:
DEBUG:Initial pos/angle: ([[ 0.389  0.160 -0.067]], [[ 1.331  2.846  0.000]])
DEBUG:Current pos/angle: ([[ 0.389  0.160 -0.067]], [[-1.234 -2.639  0.611]]
DEBUG:----------------------------------------------
DEBUG:----------------------------------------------
DEBUG:Position info about the robot:
DEBUG:Initial pos/angle: ([[ 0.389  0.160 -0.067]], [[ 1.331  2.846  0.000]])
DEBUG:Current pos/angle: ([[ 0.389  0.160 -0.067]], [[-1.214 -2.596  0.563]]
DEBUG:----------------------------------------------
DEBUG:----------------------------------------------
DEBUG:Position info about the robot:
DEBUG:Initial pos/angle: ([[ 0.389  0.160 -0.067]], [[ 1.331  2.846  0.000]])
DEBUG:Current pos/angle: ([[ 0.389  0.160 -0.067]], [[-1.194 -2.553  0.516]]
DEBUG:----------------------------------------------
DEBUG:----------------------------------------------
DEBUG:Position info about the robot:
DEBUG:Initial pos/angle: ([[ 0.389  0.160 -0.067]], [[ 1.331  2.846  0.000]])
DEBUG:Current pos/angle: ([[ 0.389  0.160 -0.067]], [[-1.173 -2.509  0.469]]
DEBUG:----------------------------------------------
DEBUG:----------------------------------------------
DEBUG:Position info about the robot:
DEBUG:Initial pos/angle: ([[ 0.389  0.160 -0.067]], [[ 1.331  2.846  0.000]])
DEBUG:Current pos/angle: ([[ 0.389  0.160 -0.067]], [[-1.152 -2.464  0.425]]
DEBUG:----------------------------------------------
DEBUG:----------------------------------------------
DEBUG:Position info about the robot:
DEBUG:Initial pos/angle: ([[ 0.389  0.160 -0.067]], [[ 1.331  2.846  0.000]])
DEBUG:Current pos/angle: ([[ 0.389  0.160 -0.067]], [[-1.131 -2.419  0.380]]
DEBUG:----------------------------------------------
DEBUG:----------------------------------------------
DEBUG:Position info about the robot:
DEBUG:Initial pos/angle: ([[ 0.389  0.160 -0.067]], [[ 1.331  2.846  0.000]])
DEBUG:Current pos/angle: ([[ 0.389  0.160 -0.067]], [[-1.110 -2.373  0.337]]
DEBUG:----------------------------------------------
DEBUG:----------------------------------------------
DEBUG:Position info about the robot:
DEBUG:Initial pos/angle: ([[ 0.389  0.160 -0.067]], [[ 1.331  2.846  0.000]])
DEBUG:Current pos/angle: ([[ 0.389  0.160 -0.067]], [[-1.088 -2.328  0.295]]
DEBUG:----------------------------------------------
DEBUG:----------------------------------------------
DEBUG:Position info about the robot:
DEBUG:Initial pos/angle: ([[ 0.389  0.160 -0.067]], [[ 1.331  2.846  0.000]])
DEBUG:Current pos/angle: ([[ 0.389  0.160 -0.067]], [[-1.078 -2.307  0.277]]
DEBUG:----------------------------------------------
DEBUG:----------------------------------------------
DEBUG:Position info about the robot:
DEBUG:Initial pos/angle: ([[ 0.389  0.160 -0.067]], [[ 1.331  2.846  0.000]])
DEBUG:Current pos/angle: ([[ 0.389  0.160 -0.067]], [[-1.086 -2.324  0.233]]
DEBUG:----------------------------------------------
DEBUG:----------------------------------------------
DEBUG:Position info about the robot:
DEBUG:Initial pos/angle: ([[ 0.389  0.160 -0.067]], [[ 1.331  2.846  0.000]])
DEBUG:Current pos/angle: ([[ 0.389  0.160 -0.067]], [[-1.099 -2.351  0.159]]
DEBUG:----------------------------------------------
DEBUG:----------------------------------------------
DEBUG:Position info about the robot:
DEBUG:Initial pos/angle: ([[ 0.389  0.160 -0.067]], [[ 1.331  2.846  0.000]])
DEBUG:Current pos/angle: ([[ 0.389  0.160 -0.067]], [[-1.111 -2.377  0.084]]
DEBUG:----------------------------------------------
DEBUG:----------------------------------------------
DEBUG:Position info about the robot:
DEBUG:Initial pos/angle: ([[ 0.389  0.160 -0.067]], [[ 1.331  2.846  0.000]])
DEBUG:Current pos/angle: ([[ 0.389  0.160 -0.067]], [[-1.122 -2.401  0.008]]
DEBUG:----------------------------------------------
DEBUG:----------------------------------------------
DEBUG:Position info about the robot:
DEBUG:Initial pos/angle: ([[ 0.389  0.160 -0.067]], [[ 1.331  2.846  0.000]])
DEBUG:Current pos/angle: ([[ 0.389  0.160 -0.067]], [[-1.133 -2.423 -0.069]]
DEBUG:----------------------------------------------
DEBUG:----------------------------------------------
DEBUG:Position info about the robot:
DEBUG:Initial pos/angle: ([[ 0.389  0.160 -0.067]], [[ 1.331  2.846  0.000]])
DEBUG:Current pos/angle: ([[ 0.389  0.160 -0.067]], [[-1.142 -2.444 -0.146]]
DEBUG:----------------------------------------------
DEBUG:----------------------------------------------
DEBUG:Position info about the robot:
DEBUG:Initial pos/angle: ([[ 0.389  0.160 -0.067]], [[ 1.331  2.846  0.000]])
DEBUG:Current pos/angle: ([[ 0.389  0.160 -0.067]], [[-1.151 -2.463 -0.225]]
DEBUG:----------------------------------------------
DEBUG:----------------------------------------------
DEBUG:Position info about the robot:
DEBUG:Initial pos/angle: ([[ 0.389  0.160 -0.067]], [[ 1.331  2.846  0.000]])
DEBUG:Current pos/angle: ([[ 0.389  0.160 -0.067]], [[-1.159 -2.480 -0.305]]
DEBUG:----------------------------------------------
DEBUG:----------------------------------------------
DEBUG:Position info about the robot:
DEBUG:Initial pos/angle: ([[ 0.389  0.160 -0.067]], [[ 1.331  2.846  0.000]])
DEBUG:Current pos/angle: ([[ 0.389  0.160 -0.067]], [[-1.166 -2.495 -0.385]]
DEBUG:----------------------------------------------
DEBUG:----------------------------------------------
DEBUG:Position info about the robot:
DEBUG:Initial pos/angle: ([[ 0.389  0.160 -0.067]], [[ 1.331  2.846  0.000]])
DEBUG:Current pos/angle: ([[ 0.389  0.160 -0.067]], [[-1.173 -2.508 -0.466]]
DEBUG:----------------------------------------------
DEBUG:----------------------------------------------
DEBUG:Position info about the robot:
DEBUG:Initial pos/angle: ([[ 0.389  0.160 -0.067]], [[ 1.331  2.846  0.000]])
DEBUG:Current pos/angle: ([[ 0.389  0.160 -0.067]], [[-1.178 -2.520 -0.548]]
DEBUG:----------------------------------------------
DEBUG:----------------------------------------------
DEBUG:Position info about the robot:
DEBUG:Initial pos/angle: ([[ 0.389  0.160 -0.067]], [[ 1.331  2.846  0.000]])
DEBUG:Current pos/angle: ([[ 0.389  0.160 -0.067]], [[-1.183 -2.530 -0.631]]
DEBUG:----------------------------------------------
DEBUG:----------------------------------------------
DEBUG:Position info about the robot:
DEBUG:Initial pos/angle: ([[ 0.389  0.160 -0.067]], [[ 1.331  2.846  0.000]])
DEBUG:Current pos/angle: ([[ 0.389  0.160 -0.067]], [[-1.186 -2.537 -0.714]]
DEBUG:----------------------------------------------
DEBUG:----------------------------------------------
DEBUG:Position info about the robot:
DEBUG:Initial pos/angle: ([[ 0.389  0.160 -0.067]], [[ 1.331  2.846  0.000]])
DEBUG:Current pos/angle: ([[ 0.389  0.160 -0.067]], [[-1.189 -2.543 -0.799]]
DEBUG:----------------------------------------------
DEBUG:----------------------------------------------
DEBUG:Position info about the robot:
DEBUG:Initial pos/angle: ([[ 0.389  0.160 -0.067]], [[ 1.331  2.846  0.000]])
DEBUG:Current pos/angle: ([[ 0.389  0.160 -0.067]], [[-1.190 -2.545 -0.841]]
DEBUG:----------------------------------------------
DEBUG:----------------------------------------------
DEBUG:Position info about the robot:
DEBUG:Initial pos/angle: ([[ 0.389  0.160 -0.067]], [[ 1.331  2.846  0.000]])
DEBUG:Current pos/angle: ([[ 0.389  0.160 -0.067]], [[-1.207 -2.582 -0.828]]
DEBUG:----------------------------------------------
DEBUG:----------------------------------------------
DEBUG:Position info about the robot:
DEBUG:Initial pos/angle: ([[ 0.389  0.160 -0.067]], [[ 1.331  2.846  0.000]])
DEBUG:Current pos/angle: ([[ 0.389  0.160 -0.067]], [[-1.234 -2.640 -0.807]]
DEBUG:----------------------------------------------
DEBUG:----------------------------------------------
DEBUG:Position info about the robot:
DEBUG:Initial pos/angle: ([[ 0.389  0.160 -0.067]], [[ 1.331  2.846  0.000]])
DEBUG:Current pos/angle: ([[ 0.389  0.160 -0.067]], [[-1.262 -2.698 -0.784]]
DEBUG:----------------------------------------------
DEBUG:----------------------------------------------
DEBUG:Position info about the robot:
DEBUG:Initial pos/angle: ([[ 0.389  0.160 -0.067]], [[ 1.331  2.846  0.000]])
DEBUG:Current pos/angle: ([[ 0.389  0.160 -0.067]], [[-1.289 -2.756 -0.759]]
DEBUG:----------------------------------------------
DEBUG:----------------------------------------------
DEBUG:Position info about the robot:
DEBUG:Initial pos/angle: ([[ 0.389  0.160 -0.067]], [[ 1.331  2.846  0.000]])
DEBUG:Current pos/angle: ([[ 0.389  0.160 -0.067]], [[ 1.274  2.724  0.711]]
DEBUG:----------------------------------------------
DEBUG:----------------------------------------------
DEBUG:Position info about the robot:
DEBUG:Initial pos/angle: ([[ 0.389  0.160 -0.067]], [[ 1.331  2.846  0.000]])
DEBUG:Current pos/angle: ([[ 0.389  0.160 -0.067]], [[ 1.254  2.682  0.660]]
DEBUG:----------------------------------------------
DEBUG:----------------------------------------------
DEBUG:Position info about the robot:
DEBUG:Initial pos/angle: ([[ 0.389  0.160 -0.067]], [[ 1.331  2.846  0.000]])
DEBUG:Current pos/angle: ([[ 0.389  0.160 -0.067]], [[ 1.235  2.640  0.611]]
DEBUG:----------------------------------------------
DEBUG:----------------------------------------------
DEBUG:Position info about the robot:
DEBUG:Initial pos/angle: ([[ 0.389  0.160 -0.067]], [[ 1.331  2.846  0.000]])
DEBUG:Current pos/angle: ([[ 0.389  0.160 -0.067]], [[ 1.215  2.598  0.563]]
DEBUG:----------------------------------------------
DEBUG:----------------------------------------------
DEBUG:Position info about the robot:
DEBUG:Initial pos/angle: ([[ 0.389  0.160 -0.067]], [[ 1.331  2.846  0.000]])
DEBUG:Current pos/angle: ([[ 0.389  0.160 -0.067]], [[ 1.195  2.554  0.516]]
DEBUG:----------------------------------------------
DEBUG:----------------------------------------------
DEBUG:Position info about the robot:
DEBUG:Initial pos/angle: ([[ 0.389  0.160 -0.067]], [[ 1.331  2.846  0.000]])
DEBUG:Current pos/angle: ([[ 0.389  0.160 -0.067]], [[ 1.174  2.510  0.470]]
DEBUG:----------------------------------------------
DEBUG:----------------------------------------------
DEBUG:Position info about the robot:
DEBUG:Initial pos/angle: ([[ 0.389  0.160 -0.067]], [[ 1.331  2.846  0.000]])
DEBUG:Current pos/angle: ([[ 0.389  0.160 -0.067]], [[ 1.153  2.466  0.425]]
DEBUG:----------------------------------------------
DEBUG:----------------------------------------------
DEBUG:Position info about the robot:
DEBUG:Initial pos/angle: ([[ 0.389  0.160 -0.067]], [[ 1.331  2.846  0.000]])
DEBUG:Current pos/angle: ([[ 0.389  0.160 -0.067]], [[ 1.132  2.420  0.381]]
DEBUG:----------------------------------------------
DEBUG:----------------------------------------------
DEBUG:Position info about the robot:
DEBUG:Initial pos/angle: ([[ 0.389  0.160 -0.067]], [[ 1.331  2.846  0.000]])
DEBUG:Current pos/angle: ([[ 0.389  0.160 -0.066]], [[ 1.110  2.374  0.337]]
DEBUG:----------------------------------------------
DEBUG:----------------------------------------------
DEBUG:Position info about the robot:
DEBUG:Initial pos/angle: ([[ 0.389  0.160 -0.067]], [[ 1.331  2.846  0.000]])
DEBUG:Current pos/angle: ([[ 0.389  0.160 -0.067]], [[ 1.089  2.328  0.295]]
DEBUG:----------------------------------------------
DEBUG:----------------------------------------------
DEBUG:Position info about the robot:
DEBUG:Initial pos/angle: ([[ 0.389  0.160 -0.067]], [[ 1.331  2.846  0.000]])
DEBUG:Current pos/angle: ([[ 0.389  0.160 -0.067]], [[ 1.079  2.308  0.277]]
DEBUG:----------------------------------------------
DEBUG:----------------------------------------------
DEBUG:Position info about the robot:
DEBUG:Initial pos/angle: ([[ 0.389  0.160 -0.067]], [[ 1.331  2.846  0.000]])
DEBUG:Current pos/angle: ([[ 0.389  0.160 -0.067]], [[ 1.095  2.341  0.263]]
DEBUG:----------------------------------------------
DEBUG:----------------------------------------------
DEBUG:Position info about the robot:
DEBUG:Initial pos/angle: ([[ 0.389  0.160 -0.067]], [[ 1.331  2.846  0.000]])
DEBUG:Current pos/angle: ([[ 0.389  0.160 -0.067]], [[ 1.120  2.396  0.239]]
DEBUG:----------------------------------------------
DEBUG:----------------------------------------------
DEBUG:Position info about the robot:
DEBUG:Initial pos/angle: ([[ 0.389  0.160 -0.067]], [[ 1.331  2.846  0.000]])
DEBUG:Current pos/angle: ([[ 0.389  0.160 -0.067]], [[ 1.146  2.450  0.214]]
DEBUG:----------------------------------------------
DEBUG:----------------------------------------------
DEBUG:Position info about the robot:
DEBUG:Initial pos/angle: ([[ 0.389  0.160 -0.067]], [[ 1.331  2.846  0.000]])
DEBUG:Current pos/angle: ([[ 0.389  0.160 -0.067]], [[ 1.171  2.504  0.189]]
DEBUG:----------------------------------------------
DEBUG:----------------------------------------------
DEBUG:Position info about the robot:
DEBUG:Initial pos/angle: ([[ 0.389  0.160 -0.067]], [[ 1.331  2.846  0.000]])
DEBUG:Current pos/angle: ([[ 0.389  0.160 -0.067]], [[ 1.196  2.557  0.162]]
DEBUG:----------------------------------------------
DEBUG:----------------------------------------------
DEBUG:Position info about the robot:
DEBUG:Initial pos/angle: ([[ 0.389  0.160 -0.067]], [[ 1.331  2.846  0.000]])
DEBUG:Current pos/angle: ([[ 0.389  0.160 -0.067]], [[ 1.221  2.611  0.135]]
DEBUG:----------------------------------------------
DEBUG:----------------------------------------------
DEBUG:Position info about the robot:
DEBUG:Initial pos/angle: ([[ 0.389  0.160 -0.067]], [[ 1.331  2.846  0.000]])
DEBUG:Current pos/angle: ([[ 0.389  0.160 -0.067]], [[ 1.246  2.664  0.106]]
DEBUG:----------------------------------------------
DEBUG:----------------------------------------------
DEBUG:Position info about the robot:
DEBUG:Initial pos/angle: ([[ 0.389  0.160 -0.067]], [[ 1.331  2.846  0.000]])
DEBUG:Current pos/angle: ([[ 0.389  0.160 -0.067]], [[ 1.271  2.717  0.077]]
DEBUG:----------------------------------------------
DEBUG:----------------------------------------------
DEBUG:Position info about the robot:
DEBUG:Initial pos/angle: ([[ 0.389  0.160 -0.067]], [[ 1.331  2.846  0.000]])
DEBUG:Current pos/angle: ([[ 0.389  0.160 -0.067]], [[ 1.295  2.770  0.046]]
DEBUG:----------------------------------------------
DEBUG:----------------------------------------------
DEBUG:Position info about the robot:
DEBUG:Initial pos/angle: ([[ 0.389  0.160 -0.067]], [[ 1.331  2.846  0.000]])
DEBUG:Current pos/angle: ([[ 0.389  0.160 -0.067]], [[ 1.320  2.822  0.015]]
DEBUG:----------------------------------------------
DEBUG:----------------------------------------------
DEBUG:Position info about the robot:
DEBUG:Initial pos/angle: ([[ 0.389  0.160 -0.067]], [[ 1.331  2.846  0.000]])
DEBUG:Current pos/angle: ([[ 0.389  0.160 -0.067]], [[-1.316 -2.815  0.018]]
DEBUG:----------------------------------------------
DEBUG:----------------------------------------------
DEBUG:Position info about the robot:
DEBUG:Initial pos/angle: ([[ 0.389  0.160 -0.067]], [[ 1.331  2.846  0.000]])
DEBUG:Current pos/angle: ([[ 0.389  0.160 -0.067]], [[-1.292 -2.763  0.050]]
DEBUG:----------------------------------------------
DEBUG:----------------------------------------------
DEBUG:Position info about the robot:
DEBUG:Initial pos/angle: ([[ 0.389  0.160 -0.067]], [[ 1.331  2.846  0.000]])
DEBUG:Current pos/angle: ([[ 0.389  0.160 -0.067]], [[-1.267 -2.710  0.080]]
DEBUG:----------------------------------------------
DEBUG:----------------------------------------------
DEBUG:Position info about the robot:
DEBUG:Initial pos/angle: ([[ 0.389  0.160 -0.067]], [[ 1.331  2.846  0.000]])
DEBUG:Current pos/angle: ([[ 0.389  0.160 -0.067]], [[-1.242 -2.657  0.110]]
DEBUG:----------------------------------------------
DEBUG:----------------------------------------------
DEBUG:Position info about the robot:
DEBUG:Initial pos/angle: ([[ 0.389  0.160 -0.067]], [[ 1.331  2.846  0.000]])
DEBUG:Current pos/angle: ([[ 0.389  0.160 -0.067]], [[-1.217 -2.604  0.138]]
DEBUG:----------------------------------------------
DEBUG:----------------------------------------------
DEBUG:Position info about the robot:
DEBUG:Initial pos/angle: ([[ 0.389  0.160 -0.067]], [[ 1.331  2.846  0.000]])
DEBUG:Current pos/angle: ([[ 0.389  0.160 -0.067]], [[-1.192 -2.550  0.165]]
DEBUG:----------------------------------------------
DEBUG:----------------------------------------------
DEBUG:Position info about the robot:
DEBUG:Initial pos/angle: ([[ 0.389  0.160 -0.067]], [[ 1.331  2.846  0.000]])
DEBUG:Current pos/angle: ([[ 0.389  0.160 -0.067]], [[-1.167 -2.496  0.192]]
DEBUG:----------------------------------------------
DEBUG:----------------------------------------------
DEBUG:Position info about the robot:
DEBUG:Initial pos/angle: ([[ 0.389  0.160 -0.067]], [[ 1.331  2.846  0.000]])
DEBUG:Current pos/angle: ([[ 0.389  0.160 -0.067]], [[-1.142 -2.442  0.217]]
DEBUG:----------------------------------------------
DEBUG:----------------------------------------------
DEBUG:Position info about the robot:
DEBUG:Initial pos/angle: ([[ 0.389  0.160 -0.067]], [[ 1.331  2.846  0.000]])
DEBUG:Current pos/angle: ([[ 0.389  0.160 -0.067]], [[-1.116 -2.388  0.242]]
DEBUG:----------------------------------------------
DEBUG:----------------------------------------------
DEBUG:Position info about the robot:
DEBUG:Initial pos/angle: ([[ 0.389  0.160 -0.067]], [[ 1.331  2.846  0.000]])
DEBUG:Current pos/angle: ([[ 0.389  0.160 -0.067]], [[-1.091 -2.334  0.265]]
DEBUG:----------------------------------------------
DEBUG:----------------------------------------------
DEBUG:Position info about the robot:
DEBUG:Initial pos/angle: ([[ 0.389  0.160 -0.067]], [[ 1.331  2.846  0.000]])
DEBUG:Current pos/angle: ([[ 0.389  0.160 -0.067]], [[-1.078 -2.307  0.277]]
DEBUG:----------------------------------------------
DEBUG:----------------------------------------------
DEBUG:Position info about the robot:
DEBUG:Initial pos/angle: ([[ 0.389  0.160 -0.067]], [[ 1.331  2.846  0.000]])
DEBUG:Current pos/angle: ([[ 0.389  0.160 -0.067]], [[-1.093 -2.338  0.304]]
DEBUG:----------------------------------------------
DEBUG:----------------------------------------------
DEBUG:Position info about the robot:
DEBUG:Initial pos/angle: ([[ 0.389  0.160 -0.067]], [[ 1.331  2.846  0.000]])
DEBUG:Current pos/angle: ([[ 0.389  0.160 -0.067]], [[-1.114 -2.383  0.347]]
DEBUG:----------------------------------------------
DEBUG:----------------------------------------------
DEBUG:Position info about the robot:
DEBUG:Initial pos/angle: ([[ 0.389  0.160 -0.067]], [[ 1.331  2.846  0.000]])
DEBUG:Current pos/angle: ([[ 0.389  0.160 -0.067]], [[-1.135 -2.429  0.390]]
DEBUG:----------------------------------------------
DEBUG:----------------------------------------------
DEBUG:Position info about the robot:
DEBUG:Initial pos/angle: ([[ 0.389  0.160 -0.067]], [[ 1.331  2.846  0.000]])
DEBUG:Current pos/angle: ([[ 0.389  0.160 -0.066]], [[-1.156 -2.474  0.434]]
DEBUG:----------------------------------------------
DEBUG:----------------------------------------------
DEBUG:Position info about the robot:
DEBUG:Initial pos/angle: ([[ 0.389  0.160 -0.067]], [[ 1.331  2.846  0.000]])
DEBUG:Current pos/angle: ([[ 0.389  0.160 -0.067]], [[-1.177 -2.518  0.479]]
DEBUG:----------------------------------------------
DEBUG:----------------------------------------------
DEBUG:Position info about the robot:
DEBUG:Initial pos/angle: ([[ 0.389  0.160 -0.067]], [[ 1.331  2.846  0.000]])
DEBUG:Current pos/angle: ([[ 0.389  0.160 -0.067]], [[-1.198 -2.562  0.525]]
DEBUG:----------------------------------------------
DEBUG:----------------------------------------------
DEBUG:Position info about the robot:
DEBUG:Initial pos/angle: ([[ 0.389  0.160 -0.067]], [[ 1.331  2.846  0.000]])
DEBUG:Current pos/angle: ([[ 0.389  0.160 -0.067]], [[-1.218 -2.605  0.572]]
DEBUG:----------------------------------------------
DEBUG:----------------------------------------------
DEBUG:Position info about the robot:
DEBUG:Initial pos/angle: ([[ 0.389  0.160 -0.067]], [[ 1.331  2.846  0.000]])
DEBUG:Current pos/angle: ([[ 0.389  0.160 -0.067]], [[-1.238 -2.648  0.621]]
DEBUG:----------------------------------------------
DEBUG:----------------------------------------------
DEBUG:Position info about the robot:
DEBUG:Initial pos/angle: ([[ 0.389  0.160 -0.067]], [[ 1.331  2.846  0.000]])
DEBUG:Current pos/angle: ([[ 0.389  0.160 -0.067]], [[-1.257 -2.690  0.670]]
DEBUG:----------------------------------------------
DEBUG:----------------------------------------------
DEBUG:Position info about the robot:
DEBUG:Initial pos/angle: ([[ 0.389  0.160 -0.067]], [[ 1.331  2.846  0.000]])
DEBUG:Current pos/angle: ([[ 0.389  0.160 -0.067]], [[-1.277 -2.731  0.721]]
DEBUG:----------------------------------------------
DEBUG:----------------------------------------------
DEBUG:Position info about the robot:
DEBUG:Initial pos/angle: ([[ 0.389  0.160 -0.067]], [[ 1.331  2.846  0.000]])
DEBUG:Current pos/angle: ([[ 0.389  0.160 -0.067]], [[ 1.284  2.746 -0.764]]
DEBUG:----------------------------------------------
DEBUG:----------------------------------------------
DEBUG:Position info about the robot:
DEBUG:Initial pos/angle: ([[ 0.389  0.160 -0.067]], [[ 1.331  2.846  0.000]])
DEBUG:Current pos/angle: ([[ 0.389  0.160 -0.067]], [[ 1.257  2.688 -0.788]]
DEBUG:----------------------------------------------
DEBUG:----------------------------------------------
DEBUG:Position info about the robot:
DEBUG:Initial pos/angle: ([[ 0.389  0.160 -0.067]], [[ 1.331  2.846  0.000]])
DEBUG:Current pos/angle: ([[ 0.389  0.160 -0.067]], [[ 1.230  2.630 -0.811]]
DEBUG:----------------------------------------------
DEBUG:----------------------------------------------
DEBUG:Position info about the robot:
DEBUG:Initial pos/angle: ([[ 0.389  0.160 -0.067]], [[ 1.331  2.846  0.000]])
DEBUG:Current pos/angle: ([[ 0.389  0.160 -0.067]], [[ 1.203  2.572 -0.832]]
DEBUG:----------------------------------------------
DEBUG:----------------------------------------------
DEBUG:Position info about the robot:
DEBUG:Initial pos/angle: ([[ 0.389  0.160 -0.067]], [[ 1.331  2.846  0.000]])
DEBUG:Current pos/angle: ([[ 0.389  0.160 -0.067]], [[ 1.191  2.546 -0.841]]
DEBUG:----------------------------------------------
DEBUG:----------------------------------------------
DEBUG:Position info about the robot:
DEBUG:Initial pos/angle: ([[ 0.389  0.160 -0.067]], [[ 1.331  2.846  0.000]])
DEBUG:Current pos/angle: ([[ 0.389  0.160 -0.067]], [[ 1.202  2.571 -0.792]]
DEBUG:----------------------------------------------
DEBUG:----------------------------------------------
DEBUG:Position info about the robot:
DEBUG:Initial pos/angle: ([[ 0.389  0.160 -0.067]], [[ 1.331  2.846  0.000]])
DEBUG:Current pos/angle: ([[ 0.389  0.160 -0.067]], [[ 1.220  2.609 -0.713]]
DEBUG:----------------------------------------------
DEBUG:----------------------------------------------
DEBUG:Position info about the robot:
DEBUG:Initial pos/angle: ([[ 0.389  0.160 -0.067]], [[ 1.331  2.846  0.000]])
DEBUG:Current pos/angle: ([[ 0.389  0.160 -0.067]], [[ 1.237  2.645 -0.634]]
DEBUG:----------------------------------------------
DEBUG:----------------------------------------------
DEBUG:Position info about the robot:
DEBUG:Initial pos/angle: ([[ 0.389  0.160 -0.067]], [[ 1.331  2.846  0.000]])
DEBUG:Current pos/angle: ([[ 0.389  0.160 -0.067]], [[ 1.253  2.678 -0.553]]
DEBUG:----------------------------------------------
DEBUG:----------------------------------------------
DEBUG:Position info about the robot:
DEBUG:Initial pos/angle: ([[ 0.389  0.160 -0.067]], [[ 1.331  2.846  0.000]])
DEBUG:Current pos/angle: ([[ 0.389  0.160 -0.067]], [[ 1.268  2.710 -0.470]]
DEBUG:----------------------------------------------
DEBUG:----------------------------------------------
DEBUG:Position info about the robot:
DEBUG:Initial pos/angle: ([[ 0.389  0.160 -0.067]], [[ 1.331  2.846  0.000]])
DEBUG:Current pos/angle: ([[ 0.389  0.160 -0.067]], [[ 1.282  2.740 -0.386]]
DEBUG:----------------------------------------------
DEBUG:----------------------------------------------
DEBUG:Position info about the robot:
DEBUG:Initial pos/angle: ([[ 0.389  0.160 -0.067]], [[ 1.331  2.846  0.000]])
DEBUG:Current pos/angle: ([[ 0.389  0.160 -0.067]], [[ 1.294  2.768 -0.301]]
DEBUG:----------------------------------------------
DEBUG:----------------------------------------------
DEBUG:Position info about the robot:
DEBUG:Initial pos/angle: ([[ 0.389  0.160 -0.067]], [[ 1.331  2.846  0.000]])
DEBUG:Current pos/angle: ([[ 0.389  0.160 -0.067]], [[ 1.306  2.793 -0.214]]
DEBUG:----------------------------------------------
DEBUG:----------------------------------------------
DEBUG:Position info about the robot:
DEBUG:Initial pos/angle: ([[ 0.389  0.160 -0.067]], [[ 1.331  2.846  0.000]])
DEBUG:Current pos/angle: ([[ 0.389  0.160 -0.067]], [[ 1.317  2.817 -0.126]]
DEBUG:----------------------------------------------
DEBUG:----------------------------------------------
DEBUG:Position info about the robot:
DEBUG:Initial pos/angle: ([[ 0.389  0.160 -0.067]], [[ 1.331  2.846  0.000]])
DEBUG:Current pos/angle: ([[ 0.389  0.160 -0.067]], [[ 1.327  2.838 -0.036]]
DEBUG:----------------------------------------------
DEBUG:----------------------------------------------
DEBUG:Position info about the robot:
DEBUG:Initial pos/angle: ([[ 0.389  0.160 -0.067]], [[ 1.331  2.846  0.000]])
DEBUG:Current pos/angle: ([[ 0.389  0.160 -0.067]], [[-1.325 -2.833 -0.051]]
DEBUG:----------------------------------------------
DEBUG:----------------------------------------------
DEBUG:Position info about the robot:
DEBUG:Initial pos/angle: ([[ 0.389  0.160 -0.067]], [[ 1.331  2.846  0.000]])
DEBUG:Current pos/angle: ([[ 0.389  0.160 -0.067]], [[-1.315 -2.812 -0.141]]
DEBUG:----------------------------------------------
DEBUG:----------------------------------------------
DEBUG:Position info about the robot:
DEBUG:Initial pos/angle: ([[ 0.389  0.160 -0.067]], [[ 1.331  2.846  0.000]])
DEBUG:Current pos/angle: ([[ 0.389  0.160 -0.067]], [[-1.303 -2.788 -0.229]]
DEBUG:----------------------------------------------
DEBUG:----------------------------------------------
DEBUG:Position info about the robot:
DEBUG:Initial pos/angle: ([[ 0.389  0.160 -0.067]], [[ 1.331  2.846  0.000]])
DEBUG:Current pos/angle: ([[ 0.389  0.160 -0.067]], [[-1.291 -2.762 -0.315]]
DEBUG:----------------------------------------------
DEBUG:----------------------------------------------
DEBUG:Position info about the robot:
DEBUG:Initial pos/angle: ([[ 0.389  0.160 -0.067]], [[ 1.331  2.846  0.000]])
DEBUG:Current pos/angle: ([[ 0.389  0.160 -0.067]], [[-1.278 -2.734 -0.400]]
DEBUG:----------------------------------------------
DEBUG:----------------------------------------------
DEBUG:Position info about the robot:
DEBUG:Initial pos/angle: ([[ 0.389  0.160 -0.067]], [[ 1.331  2.846  0.000]])
DEBUG:Current pos/angle: ([[ 0.389  0.160 -0.067]], [[-1.264 -2.704 -0.484]]
DEBUG:----------------------------------------------
DEBUG:----------------------------------------------
DEBUG:Position info about the robot:
DEBUG:Initial pos/angle: ([[ 0.389  0.160 -0.067]], [[ 1.331  2.846  0.000]])
DEBUG:Current pos/angle: ([[ 0.389  0.160 -0.067]], [[-1.249 -2.672 -0.567]]
DEBUG:----------------------------------------------
DEBUG:----------------------------------------------
DEBUG:Position info about the robot:
DEBUG:Initial pos/angle: ([[ 0.389  0.160 -0.067]], [[ 1.331  2.846  0.000]])
DEBUG:Current pos/angle: ([[ 0.389  0.160 -0.067]], [[-1.233 -2.638 -0.648]]
DEBUG:----------------------------------------------
DEBUG:----------------------------------------------
DEBUG:Position info about the robot:
DEBUG:Initial pos/angle: ([[ 0.389  0.160 -0.067]], [[ 1.331  2.846  0.000]])
DEBUG:Current pos/angle: ([[ 0.389  0.160 -0.067]], [[-1.216 -2.602 -0.727]]
DEBUG:----------------------------------------------
DEBUG:----------------------------------------------
DEBUG:Position info about the robot:
DEBUG:Initial pos/angle: ([[ 0.389  0.160 -0.067]], [[ 1.331  2.846  0.000]])
DEBUG:Current pos/angle: ([[ 0.389  0.160 -0.067]], [[-1.198 -2.564 -0.805]]
DEBUG:----------------------------------------------
DEBUG:----------------------------------------------
DEBUG:Position info about the robot:
DEBUG:Initial pos/angle: ([[ 0.389  0.160 -0.067]], [[ 1.331  2.846  0.000]])
DEBUG:Current pos/angle: ([[ 0.389  0.160 -0.067]], [[-1.190 -2.545 -0.841]]
DEBUG:----------------------------------------------
DEBUG:----------------------------------------------
DEBUG:Position info about the robot:
DEBUG:Initial pos/angle: ([[ 0.389  0.160 -0.067]], [[ 1.331  2.846  0.000]])
DEBUG:Current pos/angle: ([[ 0.389  0.160 -0.067]], [[-1.209 -2.585 -0.827]]
DEBUG:----------------------------------------------
DEBUG:----------------------------------------------
DEBUG:Position info about the robot:
DEBUG:Initial pos/angle: ([[ 0.389  0.160 -0.067]], [[ 1.331  2.846  0.000]])
DEBUG:Current pos/angle: ([[ 0.389  0.160 -0.067]], [[-1.236 -2.643 -0.805]]
DEBUG:----------------------------------------------
DEBUG:----------------------------------------------
DEBUG:Position info about the robot:
DEBUG:Initial pos/angle: ([[ 0.389  0.160 -0.067]], [[ 1.331  2.846  0.000]])
DEBUG:Current pos/angle: ([[ 0.389  0.160 -0.067]], [[-1.263 -2.701 -0.783]]
DEBUG:----------------------------------------------
DEBUG:----------------------------------------------
DEBUG:Position info about the robot:
DEBUG:Initial pos/angle: ([[ 0.389  0.160 -0.067]], [[ 1.331  2.846  0.000]])
DEBUG:Current pos/angle: ([[ 0.389  0.160 -0.067]], [[-1.290 -2.759 -0.758]]
DEBUG:----------------------------------------------
DEBUG:----------------------------------------------
DEBUG:Position info about the robot:
DEBUG:Initial pos/angle: ([[ 0.389  0.160 -0.067]], [[ 1.331  2.846  0.000]])
DEBUG:Current pos/angle: ([[ 0.389  0.160 -0.067]], [[ 1.273  2.722  0.708]]
DEBUG:----------------------------------------------
DEBUG:----------------------------------------------
DEBUG:Position info about the robot:
DEBUG:Initial pos/angle: ([[ 0.389  0.160 -0.067]], [[ 1.331  2.846  0.000]])
DEBUG:Current pos/angle: ([[ 0.389  0.160 -0.067]], [[ 1.253  2.680  0.658]]
DEBUG:----------------------------------------------
DEBUG:----------------------------------------------
DEBUG:Position info about the robot:
DEBUG:Initial pos/angle: ([[ 0.389  0.160 -0.067]], [[ 1.331  2.846  0.000]])
DEBUG:Current pos/angle: ([[ 0.389  0.160 -0.067]], [[ 1.234  2.638  0.608]]
DEBUG:----------------------------------------------
DEBUG:----------------------------------------------
DEBUG:Position info about the robot:
DEBUG:Initial pos/angle: ([[ 0.389  0.160 -0.067]], [[ 1.331  2.846  0.000]])
DEBUG:Current pos/angle: ([[ 0.389  0.160 -0.067]], [[ 1.214  2.595  0.560]]
DEBUG:----------------------------------------------
DEBUG:----------------------------------------------
DEBUG:Position info about the robot:
DEBUG:Initial pos/angle: ([[ 0.389  0.160 -0.067]], [[ 1.331  2.846  0.000]])
DEBUG:Current pos/angle: ([[ 0.389  0.160 -0.067]], [[ 1.194  2.552  0.514]]
DEBUG:----------------------------------------------
DEBUG:----------------------------------------------
DEBUG:Position info about the robot:
DEBUG:Initial pos/angle: ([[ 0.389  0.160 -0.067]], [[ 1.331  2.846  0.000]])
DEBUG:Current pos/angle: ([[ 0.389  0.160 -0.067]], [[ 1.173  2.508  0.468]]
DEBUG:----------------------------------------------
DEBUG:----------------------------------------------
DEBUG:Position info about the robot:
DEBUG:Initial pos/angle: ([[ 0.389  0.160 -0.067]], [[ 1.331  2.846  0.000]])
DEBUG:Current pos/angle: ([[ 0.389  0.160 -0.067]], [[ 1.152  2.463  0.423]]
DEBUG:----------------------------------------------
DEBUG:----------------------------------------------
DEBUG:Position info about the robot:
DEBUG:Initial pos/angle: ([[ 0.389  0.160 -0.067]], [[ 1.331  2.846  0.000]])
DEBUG:Current pos/angle: ([[ 0.389  0.160 -0.067]], [[ 1.131  2.418  0.379]]
DEBUG:----------------------------------------------
DEBUG:----------------------------------------------
DEBUG:Position info about the robot:
DEBUG:Initial pos/angle: ([[ 0.389  0.160 -0.067]], [[ 1.331  2.846  0.000]])
DEBUG:Current pos/angle: ([[ 0.389  0.160 -0.067]], [[ 1.110  2.373  0.336]]
DEBUG:----------------------------------------------
DEBUG:----------------------------------------------
DEBUG:Position info about the robot:
DEBUG:Initial pos/angle: ([[ 0.389  0.160 -0.067]], [[ 1.331  2.846  0.000]])
DEBUG:Current pos/angle: ([[ 0.389  0.160 -0.067]], [[ 1.088  2.326  0.293]]
DEBUG:----------------------------------------------
DEBUG:----------------------------------------------
DEBUG:Position info about the robot:
DEBUG:Initial pos/angle: ([[ 0.389  0.160 -0.067]], [[ 1.331  2.846  0.000]])
DEBUG:Current pos/angle: ([[ 0.389  0.160 -0.067]], [[ 1.079  2.308  0.277]]
DEBUG:----------------------------------------------
