DEBUG:Debug log for the robot starting on 2022-04-06_21-23-44
DEBUG:Toggling the command b'get_freedrive_status()\n'
Logging new packet.
Message type: 20, ROBOT_MESSAGE
Message length: 55
Full raw message data: b'\x00\x00\x007\x14\xff\xff\xff\xff\xff\xff\xff\xff\xfe\x03\tURControl\x05\x0b\x00\x00\x00\x00\x00\x00\x00\x0019-05-2021, 06:19:30'
Sub-package length: -1
Sub-package type: 255, fuck
Sub-package Data (including 5 header bits): b''
Sub-package length: 352321535
Sub-package type: 255, fuck
Sub-package Data (including 5 header bits): b'\x14\xff\xff\xff\xff\xff\xff\xff\xff\xfe\x03\tURControl\x05\x0b\x00\x00\x00\x00\x00\x00\x00\x0019-05-2021, 06:19:30'

DEBUG:Toggling the command b'get_freedrive_status()\n'
Logging new packet.
Message type: 20, ROBOT_MESSAGE
Message length: 24
Full raw message data: b'\x00\x00\x00\x18\x14\xff\xff\xff\xff\xff\xff\xff\xff\xfe\x0c\x00\x00\x00\x00\x00\x00\x00\x00\x01'
Sub-package length: -1
Sub-package type: 255, fuck
Sub-package Data (including 5 header bits): b''
Sub-package length: 352321535
Sub-package type: 255, fuck
Sub-package Data (including 5 header bits): b'\x14\xff\xff\xff\xff\xff\xff\xff\xff\xfe\x0c\x00\x00\x00\x00\x00\x00\x00\x00\x01'

DEBUG:Toggling the command b'force()\n'
Logging new packet.
Message type: 16, ROBOT_STATE
Message length: 1471
Full raw message data: b'\x00\x00\x05\xbf\x10\x00\x00\x00/\x00\x00\x00\x00\x01\x1e\x8eJ\xa8\x01\x01\x01\x00\x00\x00\x00\x07\x00?\xf0\x00\x00\x00\x00\x00\x00\x00\x00\x00\x00\x00\x00\x00\x00?\xf0\x00\x00\x00\x00\x00\x00\x00\x00\x00\x00\xfb\x01\xc0\n\xf8+h\x88Z0\xc0\n\xf8/\xe7e\x01T\x00\x00\x00\x00\x00\x00\x00\x00\xbd\xb6\xe1vB=\xfe\xe8A\xf3\x00\x00\x00\x00\x00\x00\xfd\xbf\xe8\x9e\xa3\xa8\xa4\x8a\xa0\xbf\xe8\x9e\xf0e\xa5\x9e\x08\x00\x00\x00\x00\x00\x00\x00\x00\xbf\x98\xc0\xbaB>\r\x96B\x02\x00\x00\x00\x00\x00\x00\xfd?\xf6"\xc1\xd1\x10\xb4`?\xf6"\xb4\x02 \xf8\x8c\x00\x00\x00\x00\x00\x00\x00\x00\xbe\xe2?sB>e\xa5B\x04\x00\x00\x00\x00\x00\x00\xfd\xc0\x15Jd)X\xbel\xc0\x15Jb\xf6\x1e\xd4\xac\x00\x00\x00\x00\x00\x00\x00\x00>\x91%\xb8B=\xfe\xe8B\x16\x80\x00\x00\x00\x00\x00\xfd\xc0\x12\xe5{\x8cD-\x18\xc0\x12\xe5x\x95\xc5i\xf3\x80\x00\x00\x00\x00\x00\x00\x00\xbds\xb8\xafB=\xf0;B!@\x00\x00\x00\x00\x00\xfd\xc07\xc4uFD-\x18\xc07\xc4r1\t\xb5 \x00\x00\x00\x00\x00\x00\x00\x00\xba\xaa@\xc0B>V\xf8B&\x80\x00\x00\x00\x00\x00\xfd\x00\x00\x00e\x04?\xd2R\x95\xb5\xe5\x14L?\xb1\x89\xac\xf3\xc34K\xbf\x90\xce\x16\xab[\xc8\x00\xc0\t\x14pWNV\xae?\xa0V\xe15\xd6\x1e\xb8?i\x1c\x06 \xd3\x1bV\x00\x00\x00\x00\x00\x00\x00\x00\x00\x00\x00\x00\x00\x00\x00\x00?\xbf]x\x81\x1b\x1d\x92\x00\x00\x00\x00\x00\x00\x00\x00\x00\x00\x00\x00\x00\x00\x00\x00\x00\x00\x00\x00\x00\x00\x00\x00\x00\x00\x00\xe1\x05\xb1\x1fM\xc5\xb0\xfeQ\x84\xb0\xdd7{\xb2\xcc\xea\x84\xb2\xde\xbb\xb4\xb2\xd8\xb9O>m\x06\x1a\xcb\xd0\x00\x00?\xec^u\x9a\xd1\xf1\x83\xbf\xeb\x065:G,J\xbf\xa5\x84\xd0\xfa\x90~\\>\xbdX\xb7\x0c\xae\x80\x00>w\xe5\x99u0\x00\x00\xbf\x19\x97\xa5\x02\x10\x0c\xcb\xbf\xc3\xbd,Z\x92\xd8h\xbf\xcbIc\xfdm\x7f\xeb\xbe\xf2\xed\x0e\xd4\x9ec\x95\xbf\x1d]\xf5\x00\xfc\xa3\x8b\x00\x00\x00\x00\x00\x00\x00\x00?\xc3u\xa2\xf1N#\x10@P\xbeV,\xfe\xaf,\xc0P9\xc6\xa6Z\x8e\xf2\xbf\xff\x0b\x12\t\x85\xb4\x10?\xb5\xdf\x9eaC\x9c\xe3?\xb7\x9dh\x05\xb8\x97\xfe?\xf9 ZS[/\n?g\x1f\x92\xb9\xad\xd5\xf3?q\xba\xe7\x19\x89\x04\x18?\xf9%W\xfa\x0b\x19\xf9\xbf\xf9$]G\x94=\xa3\x00\x00\x00\x00\x00\x00\x00\x00\x00\x00\x00\x02\x00\x00\x005\t?\xee\xc9p\xbc\xef\xb6I?\xbeO\xe3\xdd;\x81\x80\xbf\xe7\x1a\x85\x84Sd\x12\xbf\xbeC\xbc\xfdv\x8d(?\xcc\xa4\xbd"\x03\x87W?s\x9a\xad\'z\x02@\x00\x00\x00K\x03\x00\x00\x00\x00\x00\x00\x00\x00\x01\x01\x80\x00\x00\x00\x00\x00\x00\x00\x80\x00\x00\x00\x00\x00\x00\x00\x00\x00?pbM\xe0\x00\x00\x00?pbM\xe0\x00\x00\x00A\xfd\x80\x00B>3\xf9?Z\x92*\x00\x00\x00\x00\x01\x00\x00\xad\x88BW\x00\x01\x01\x00\x00\x00%\x02\x01\x01?\x9f\x93m\xa0\x00\x00\x00?\x95\x0c\xf3\xe0\x00\x00\x00\x00\x00\x00\x00\x00<\x8f\xd3\x80B\x15\x80\x00\xfd\x00\x00\x01\xbd\x06\xc0\x19W\x99(,/c@\x19W\x99(,/c\xc0\x19W\x99(,/c@\x19W\x99(,/c\xc0\x19W\x99(,/c@\x19W\x99(,/c\xc0\x19W\x99(,/c@\x19W\x99(,/c\xc0\x19W\x99(,/c@\x19W\x99(,/c\xc0\x19W\x99(,/c@\x19W\x99(,/c@\n\xbb\x94\xed\xdd\xc6\xb1@D\x00\x00\x00\x00\x00\x00@\n\xbb\x94\xed\xdd\xc6\xb1@D\x00\x00\x00\x00\x00\x00@\n\xbb\x94\xed\xdd\xc6\xb1@D\x00\x00\x00\x00\x00\x00@\x19\xee\xcb\xfb\x15\xb5t@T\x00\x00\x00\x00\x00\x00@\x19\xee\xcb\xfb\x15\xb5t@T\x00\x00\x00\x00\x00\x00@\x19\xee\xcb\xfb\x15\xb5t@T\x00\x00\x00\x00\x00\x00?\xf0\xc1R8-se?\xf6W\x18J\xe7D\x87?\xd0\x00\x00\x00\x00\x00\x00?\xf3333333?\xd0\x00\x00\x00\x00\x00\x00\x00\x00\x00\x00\x00\x00\x00\x00\xbf\xcf,\xa5zxl"\xbf\xcbJ#9\xc0\xeb\xee\x00\x00\x00\x00\x00\x00\x00\x00\x00\x00\x00\x00\x00\x00\x00\x00\x00\x00\x00\x00\x00\x00\x00\x00?\xc3o\xd2\x1f\xf2\xe4\x8f\x00\x00\x00\x00\x00\x00\x00\x00\x00\x00\x00\x00\x00\x00\x00\x00?\xc0\xc6?\x14\x12\x05\xbc?\xb5\xd9\x7fb\xb6\xae}?\xb7\x93\xdd\x97\xf6+k?\xf9!\xfbTREP\x00\x00\x00\x00\x00\x00\x00\x00\x00\x00\x00\x00\x00\x00\x00\x00?\xf9!\xfbTREP\xbf\xf9!\xfbTREP\x00\x00\x00\x00\x00\x00\x00\x00\x00\x00\x00\x00\x00\x00\x00\x00\x00\x00\x00\x00\x00\x00\x00\x00\x00\x00\x00\x00\x00\x00\x00\x00\x00\x00\x00\x00\x00\x00\x00\x00\x00\x00\x00\x00\x00\x00\x00\x00\x00\x00\x00\x00\x00\x00\x00\x00\x00\x00\x00\x06\x00\x00\x00\x06\x00\x00\x00\x03\x00\x00\x00\x03\x00\x00\x00=\x07\x00\x00\x00\x00\x00\x00\x00\x00\x00\x00\x00\x00\x00\x00\x00\x00\x00\x00\x00\x00\x00\x00\x00\x00\x00\x00\x00\x00\x00\x00\x00\x00\x00\x00\x00\x00\x00\x00\x00\x00\x00\x00\x00\x00\x00\x00\x00\x00?\'\xbe\xeb\xea}\xf4p\x00\x00\x00\t\x08\x00\x01\x00\x01\x00\x00\x00+\n\xad\x88BW\x00\x01?\xc8#\x02}\x1a\xe4%?\xa3\x7f\xc7%R\x11D?\xd4\x8f\xee\x10\xef\x1b\xcd?\xb9\x99\x99\x99\x99\x99\x9a\x00\x00\x00\x1a\x0b\x00\x00\x01\xc2\x00\x00\x00\x00\x00\x00\x00\x00\x01?\xc0\x00\x00@`\x00\x00\x00\x00\x00\x08\x0c\x00\x01\x01\x00\x00\x00U\x0e?\x94z\xe1G\xae\x14{\x00\x00\x00\x00\x00\x00\x00\x00\x00\x00\x00\x00\x00\x00\x00\x00\x00\x00\x00\x00\x00\x00\x00\x00>\xc0\xc6\xf7\xa0\xb5\xed\x8d>\xc0\xc6\xf7\xa0\xb5\xed\x8d>\xc0\xc6\xf7\xa0\xb5\xed\x8d\x00\x00\x00\x00\x00\x00\x00\x00\x00\x00\x00\x00\x00\x00\x00\x00\x00\x00\x00\x00\x00\x00\x00\x00'
Sub-package length: 47
Sub-package type: 0, ROBOT_MODE_DATA
Sub-package Data (including 5 header bits): b'\x00\x00\x00/\x00\x00\x00\x00\x01\x1e\x8eJ\xa8\x01\x01\x01\x00\x00\x00\x00\x07\x00?\xf0\x00\x00\x00\x00\x00\x00\x00\x00\x00\x00\x00\x00\x00\x00?\xf0\x00\x00\x00\x00\x00\x00\x00'
	packageSize: 47
	packageType: 0
	timestamp: 4807609000
	isRealRobotConnected: True
	isRealRobotEnabled: True
	isRobotPowerOn: True
	isEmergencyStopped: False
	isProtectiveStopped: False
	isProgramRunning: False
	isProgramPaused: False
	robotMode: 7
	controlMode: 0
	targetSpeedFraction: 1.0
	speedScaling: 0.0
	targetSpeedFractionLimit: 1.0
	reserved: 0
Sub-package length: 251
Sub-package type: 1, JOINT_DATA
Sub-package Data (including 5 header bits): b'\x00\x00\x00\xfb\x01\xc0\n\xf8+h\x88Z0\xc0\n\xf8/\xe7e\x01T\x00\x00\x00\x00\x00\x00\x00\x00\xbd\xb6\xe1vB=\xfe\xe8A\xf3\x00\x00\x00\x00\x00\x00\xfd\xbf\xe8\x9e\xa3\xa8\xa4\x8a\xa0\xbf\xe8\x9e\xf0e\xa5\x9e\x08\x00\x00\x00\x00\x00\x00\x00\x00\xbf\x98\xc0\xbaB>\r\x96B\x02\x00\x00\x00\x00\x00\x00\xfd?\xf6"\xc1\xd1\x10\xb4`?\xf6"\xb4\x02 \xf8\x8c\x00\x00\x00\x00\x00\x00\x00\x00\xbe\xe2?sB>e\xa5B\x04\x00\x00\x00\x00\x00\x00\xfd\xc0\x15Jd)X\xbel\xc0\x15Jb\xf6\x1e\xd4\xac\x00\x00\x00\x00\x00\x00\x00\x00>\x91%\xb8B=\xfe\xe8B\x16\x80\x00\x00\x00\x00\x00\xfd\xc0\x12\xe5{\x8cD-\x18\xc0\x12\xe5x\x95\xc5i\xf3\x80\x00\x00\x00\x00\x00\x00\x00\xbds\xb8\xafB=\xf0;B!@\x00\x00\x00\x00\x00\xfd\xc07\xc4uFD-\x18\xc07\xc4r1\t\xb5 \x00\x00\x00\x00\x00\x00\x00\x00\xba\xaa@\xc0B>V\xf8B&\x80\x00\x00\x00\x00\x00\xfd'
	packageSize: 251
	packageType: 1
	joint 1 q_actual: -3.371176544819967
	joint 1 q_target: -3.371185119409498
	joint 1 qd_actual: 0.0
	joint 1 i_actual: -0.08929722011089325
	joint 1 V_actual: 47.498931884765625
	joint 1 T_motor: 30.375
	joint 2 q_actual: 2.10334248e-314
	joint 2 q_target: -6.621875049926651e-137
	joint 2 qd_actual: -2.6885816042858402e+233
	joint 2 i_actual: 0.0
	joint 2 V_actual: 1.759537614132528e-38
	joint 2 T_motor: -0.0007409758982248604
	joint 3 q_actual: -1.8379507489823915e-201
	joint 3 q_target: 6.6645069262499674e-304
	joint 3 qd_actual: -2.0710003011703905e-56
	joint 3 i_actual: -2.271629875608987e+34
	joint 3 V_actual: 0.0
	joint 3 T_motor: 6.847585075769651e-41
	joint 4 q_actual: 0.004701846827018578
	joint 4 q_target: 3.20945e-319
	joint 4 qd_actual: 4.110106133727775e-206
	joint 4 i_actual: 4.087164154552673e-26
	joint 4 V_actual: 2.251751063491852e-20
	joint 4 T_motor: 0.0
	joint 5 q_actual: 1.327668720496e-312
	joint 5 q_target: 4.4975980448627717e-10
	joint 5 qd_actual: 5.38457043806e-312
	joint 5 i_actual: -1.5112860670781822e-31
	joint 5 V_actual: -2.295255661010742
	joint 5 T_motor: -7.97348247374333e-26
	joint 6 q_actual: -0.0
	joint 6 q_target: -1.121033178402152e-12
	joint 6 qd_actual: 37044092928.0
	joint 6 i_actual: -3.1937665858775697e+37
	joint 6 V_actual: 2.5133240896246517e+32
	joint 6 T_motor: 4.9687145644596336e-24
Sub-package length: 101
Sub-package type: 4, CARTESIAN_INFO
Sub-package Data (including 5 header bits): b'\x00\x00\x00e\x04?\xd2R\x95\xb5\xe5\x14L?\xb1\x89\xac\xf3\xc34K\xbf\x90\xce\x16\xab[\xc8\x00\xc0\t\x14pWNV\xae?\xa0V\xe15\xd6\x1e\xb8?i\x1c\x06 \xd3\x1bV\x00\x00\x00\x00\x00\x00\x00\x00\x00\x00\x00\x00\x00\x00\x00\x00?\xbf]x\x81\x1b\x1d\x92\x00\x00\x00\x00\x00\x00\x00\x00\x00\x00\x00\x00\x00\x00\x00\x00\x00\x00\x00\x00\x00\x00\x00\x00'
	packageSize: 101
	packageType: 4
	X: 0.2862905765835577
	Y: 0.06850701285584752
	Z: -0.01641116543664367
	Rx: -3.13497989852734
	Ry: 0.03191283971960729
	Rz: 0.003065120667631242
	TCPOffsetX: 0.0
	TCPOffsetY: 0.0
	TCPOffsetZ: 0.12251999999999999
	TCPOffsetRx: 0.0
	TCPOffsetRy: 0.0
	TCPOffsetRz: 0.0
Sub-package length: 225
Sub-package type: 5, KINEMATICS_INFO
Sub-package Data (including 5 header bits): b'\x00\x00\x00\xe1\x05\xb1\x1fM\xc5\xb0\xfeQ\x84\xb0\xdd7{\xb2\xcc\xea\x84\xb2\xde\xbb\xb4\xb2\xd8\xb9O>m\x06\x1a\xcb\xd0\x00\x00?\xec^u\x9a\xd1\xf1\x83\xbf\xeb\x065:G,J\xbf\xa5\x84\xd0\xfa\x90~\\>\xbdX\xb7\x0c\xae\x80\x00>w\xe5\x99u0\x00\x00\xbf\x19\x97\xa5\x02\x10\x0c\xcb\xbf\xc3\xbd,Z\x92\xd8h\xbf\xcbIc\xfdm\x7f\xeb\xbe\xf2\xed\x0e\xd4\x9ec\x95\xbf\x1d]\xf5\x00\xfc\xa3\x8b\x00\x00\x00\x00\x00\x00\x00\x00?\xc3u\xa2\xf1N#\x10@P\xbeV,\xfe\xaf,\xc0P9\xc6\xa6Z\x8e\xf2\xbf\xff\x0b\x12\t\x85\xb4\x10?\xb5\xdf\x9eaC\x9c\xe3?\xb7\x9dh\x05\xb8\x97\xfe?\xf9 ZS[/\n?g\x1f\x92\xb9\xad\xd5\xf3?q\xba\xe7\x19\x89\x04\x18?\xf9%W\xfa\x0b\x19\xf9\xbf\xf9$]G\x94=\xa3\x00\x00\x00\x00\x00\x00\x00\x00\x00\x00\x00\x02'
	packageSize: 225
	packageType: 5
	joint 1 checksum: 2971618757
	joint 2 checksum: 2969457028
	joint 3 checksum: 2967287675
	joint 4 checksum: 2999773828
	joint 5 checksum: 3000941492
	joint 6 checksum: 3000547663
	joint 1 DHtheta: 5.4061126665561066e-08
	joint 2 DHtheta: 0.8865306876974021
	joint 3 DHtheta: -0.8445078027956552
	joint 4 DHtheta: -0.042028933130720175
	joint 5 DHtheta: 1.7491902777125312e-06
	joint 6 DHtheta: 8.902278851585788e-08
	joint 1 DHa: -9.762711171394931e-05
	joint 2 DHa: -0.1542106096509912
	joint 3 DHa: -0.21317720293427497
	joint 4 DHa: -1.804924730883539e-05
	joint 5 DHa: -0.000112026289795465
	joint 6 DHa: 0.0
	joint 1 Dhd: 0.15202748091203278
	joint 2 Dhd: 66.97400975104819
	joint 3 Dhd: -64.9027496227607
	joint 4 Dhd: -1.940202748485948
	joint 5 Dhd: 0.08544340014087796
	joint 6 Dhd: 0.09224558009790937
	joint 1 Dhalpha: 1.5703986412144695
	joint 2 Dhalpha: 0.002822672436588952
	joint 3 Dhalpha: 0.004328634961496845
	joint 4 Dhalpha: 1.5716171042746494
	joint 5 Dhalpha: -1.571378020864224
	joint 6 Dhalpha: 0.0
	calibration status: 2
Sub-package length: 53
Sub-package type: 9, NEEDED_FOR_CALIB_DATA
Sub-package Data (including 5 header bits): b'\x00\x00\x005\t?\xee\xc9p\xbc\xef\xb6I?\xbeO\xe3\xdd;\x81\x80\xbf\xe7\x1a\x85\x84Sd\x12\xbf\xbeC\xbc\xfdv\x8d(?\xcc\xa4\xbd"\x03\x87W?s\x9a\xad\'z\x02@'
Sub-package length: 75
Sub-package type: 3, MASTERBOARD_DATA
Sub-package Data (including 5 header bits): b'\x00\x00\x00K\x03\x00\x00\x00\x00\x00\x00\x00\x00\x01\x01\x80\x00\x00\x00\x00\x00\x00\x00\x80\x00\x00\x00\x00\x00\x00\x00\x00\x00?pbM\xe0\x00\x00\x00?pbM\xe0\x00\x00\x00A\xfd\x80\x00B>3\xf9?Z\x92*\x00\x00\x00\x00\x01\x00\x00\xad\x88BW\x00\x01\x01'
Sub-package length: 37
Sub-package type: 2, TOOL_DATA
Sub-package Data (including 5 header bits): b'\x00\x00\x00%\x02\x01\x01?\x9f\x93m\xa0\x00\x00\x00?\x95\x0c\xf3\xe0\x00\x00\x00\x00\x00\x00\x00\x00<\x8f\xd3\x80B\x15\x80\x00\xfd'
Sub-package length: 445
Sub-package type: 6, CONFIGURATION_DATA
Sub-package Data (including 5 header bits): b'\x00\x00\x01\xbd\x06\xc0\x19W\x99(,/c@\x19W\x99(,/c\xc0\x19W\x99(,/c@\x19W\x99(,/c\xc0\x19W\x99(,/c@\x19W\x99(,/c\xc0\x19W\x99(,/c@\x19W\x99(,/c\xc0\x19W\x99(,/c@\x19W\x99(,/c\xc0\x19W\x99(,/c@\x19W\x99(,/c@\n\xbb\x94\xed\xdd\xc6\xb1@D\x00\x00\x00\x00\x00\x00@\n\xbb\x94\xed\xdd\xc6\xb1@D\x00\x00\x00\x00\x00\x00@\n\xbb\x94\xed\xdd\xc6\xb1@D\x00\x00\x00\x00\x00\x00@\x19\xee\xcb\xfb\x15\xb5t@T\x00\x00\x00\x00\x00\x00@\x19\xee\xcb\xfb\x15\xb5t@T\x00\x00\x00\x00\x00\x00@\x19\xee\xcb\xfb\x15\xb5t@T\x00\x00\x00\x00\x00\x00?\xf0\xc1R8-se?\xf6W\x18J\xe7D\x87?\xd0\x00\x00\x00\x00\x00\x00?\xf3333333?\xd0\x00\x00\x00\x00\x00\x00\x00\x00\x00\x00\x00\x00\x00\x00\xbf\xcf,\xa5zxl"\xbf\xcbJ#9\xc0\xeb\xee\x00\x00\x00\x00\x00\x00\x00\x00\x00\x00\x00\x00\x00\x00\x00\x00\x00\x00\x00\x00\x00\x00\x00\x00?\xc3o\xd2\x1f\xf2\xe4\x8f\x00\x00\x00\x00\x00\x00\x00\x00\x00\x00\x00\x00\x00\x00\x00\x00?\xc0\xc6?\x14\x12\x05\xbc?\xb5\xd9\x7fb\xb6\xae}?\xb7\x93\xdd\x97\xf6+k?\xf9!\xfbTREP\x00\x00\x00\x00\x00\x00\x00\x00\x00\x00\x00\x00\x00\x00\x00\x00?\xf9!\xfbTREP\xbf\xf9!\xfbTREP\x00\x00\x00\x00\x00\x00\x00\x00\x00\x00\x00\x00\x00\x00\x00\x00\x00\x00\x00\x00\x00\x00\x00\x00\x00\x00\x00\x00\x00\x00\x00\x00\x00\x00\x00\x00\x00\x00\x00\x00\x00\x00\x00\x00\x00\x00\x00\x00\x00\x00\x00\x00\x00\x00\x00\x00\x00\x00\x00\x06\x00\x00\x00\x06\x00\x00\x00\x03\x00\x00\x00\x03'
Sub-package length: 61
Sub-package type: 7, FORCE_MODE_DATA
Sub-package Data (including 5 header bits): b"\x00\x00\x00=\x07\x00\x00\x00\x00\x00\x00\x00\x00\x00\x00\x00\x00\x00\x00\x00\x00\x00\x00\x00\x00\x00\x00\x00\x00\x00\x00\x00\x00\x00\x00\x00\x00\x00\x00\x00\x00\x00\x00\x00\x00\x00\x00\x00\x00\x00\x00\x00\x00?'\xbe\xeb\xea}\xf4p"
Sub-package length: 9
Sub-package type: 8, ADDITIONAL_INFO
Sub-package Data (including 5 header bits): b'\x00\x00\x00\t\x08\x00\x01\x00\x01'
Sub-package length: 43
Sub-package type: 10, fuck
Sub-package Data (including 5 header bits): b'\x00\x00\x00+\n\xad\x88BW\x00\x01?\xc8#\x02}\x1a\xe4%?\xa3\x7f\xc7%R\x11D?\xd4\x8f\xee\x10\xef\x1b\xcd?\xb9\x99\x99\x99\x99\x99\x9a'
Sub-package length: 26
Sub-package type: 11, TOOL_COMM_INFO
Sub-package Data (including 5 header bits): b'\x00\x00\x00\x1a\x0b\x00\x00\x01\xc2\x00\x00\x00\x00\x00\x00\x00\x00\x01?\xc0\x00\x00@`\x00\x00'
Sub-package length: 8
Sub-package type: 12, TOOL_MODE_INFO
Sub-package Data (including 5 header bits): b'\x00\x00\x00\x08\x0c\x00\x01\x01'
Sub-package length: 85
Sub-package type: 14, fuck
Sub-package Data (including 5 header bits): b'\x00\x00\x00U\x0e?\x94z\xe1G\xae\x14{\x00\x00\x00\x00\x00\x00\x00\x00\x00\x00\x00\x00\x00\x00\x00\x00\x00\x00\x00\x00\x00\x00\x00\x00>\xc0\xc6\xf7\xa0\xb5\xed\x8d>\xc0\xc6\xf7\xa0\xb5\xed\x8d>\xc0\xc6\xf7\xa0\xb5\xed\x8d\x00\x00\x00\x00\x00\x00\x00\x00\x00\x00\x00\x00\x00\x00\x00\x00\x00\x00\x00\x00\x00\x00\x00\x00'

DEBUG:Toggling the command b'get_actual_joint_positions()\n'
Logging new packet.
Message type: 16, ROBOT_STATE
Message length: 716
Full raw message data: b'\x00\x00\x02\xcc\x10\x00\x00\x00/\x00\x00\x00\x00\x01\x1e\x8f\xd50\x01\x01\x01\x00\x00\x00\x00\x07\x00?\xf0\x00\x00\x00\x00\x00\x00\x00\x00\x00\x00\x00\x00\x00\x00?\xf0\x00\x00\x00\x00\x00\x00\x00\x00\x00\x00\xfb\x01\xc0\n\xf8\'h\x88Z0\xc0\n\xf8/\xe7e\x01T\x00\x00\x00\x00\x00\x00\x00\x00\xbd\\\x06iB=\xe1\x8eA\xf3\x00\x00\x00\x00\x00\x00\xfd\xbf\xe8\x9e\xbc\xa8\xa4\x8a\xa0\xbf\xe8\x9e\xf0e\xa5\x9e\x08\x00\x00\x00\x00\x00\x00\x00\x00\xbf\x9a\x03\xd7B>\x1cCB\x02\x00\x00\x00\x00\x00\x00\xfd?\xf6"\xecQ\x10\xb4`?\xf6"\xb4\x02 \xf8\x8c\x00\x00\x00\x00\x00\x00\x00\x00\xbe\xde\xcd2B>tSB\x04\x00\x00\x00\x00\x00\x00\xfd\xc0\x15Jg\x99X\xbel\xc0\x15Jb\xf6\x1e\xd4\xac\x00\x00\x00\x00\x00\x00\x00\x00>\x98W\xfbB>*\xf0B\x16\xc0\x00\x00\x00\x00\x00\xfd\xc0\x12\xe5t\x14D-\x18\xc0\x12\xe5x\x95\xc5i\xf3\x80\x00\x00\x00\x00\x00\x00\x00\xbd\x8f\xa7\xceB=\xf0;B!@\x00\x00\x00\x00\x00\xfd\xc07\xc4s\xa4D-\x18\xc07\xc4r1\t\xb5 \x00\x00\x00\x00\x00\x00\x00\x00;B\x1a\xc0B>HKB&\x80\x00\x00\x00\x00\x00\xfd\x00\x00\x00e\x04?\xd2Ri\x85i\xd2H?\xb1\x89\x8f7\xa3&\xfc\xbf\x90\xce\x81<\x80\xb4\xbc\xc0\t\x14}\x01X\x85d?\xa0Zw\x19\xc9xI?ib*\xa3\x0f\xe6\x04\x00\x00\x00\x00\x00\x00\x00\x00\x00\x00\x00\x00\x00\x00\x00\x00?\xbf]x\x81\x1b\x1d\x92\x00\x00\x00\x00\x00\x00\x00\x00\x00\x00\x00\x00\x00\x00\x00\x00\x00\x00\x00\x00\x00\x00\x00\x00\x00\x00\x005\t?\xe2\x85\x1b\x8eh\x0cZ?\xcc\xcb\xab\xca\xcdN\x80\xbf\xe8\xd1\xa3y\x91.\xc0\xbf\xc65A\x91\xe0\xcd`?\xd0\xebd\x08\xc7\x8c\x17\xbf\x86Y\xc4h\x07\x90@\x00\x00\x00K\x03\x00\x00\x00\x00\x00\x00\x00\x00\x01\x01\x80\x00\x00\x00\x00\x00\x00\x00\x80\x00\x00\x00\x00\x00\x00\x00\x00\x00?pbM\xe0\x00\x00\x00?pbM\xe0\x00\x00\x00A\xfd\x80\x00B>2#?f\x07\x7f\x00\x00\x00\x00\x01\x00\x00\xad\x88BW\x00\x01\x01\x00\x00\x00%\x02\x01\x01?\x9c\x11E \x00\x00\x00?\x98\x8f\x1c\x80\x00\x00\x00\x00\x00\x00\x00\x00<wY@B\x15\x80\x00\xfd\x00\x00\x00=\x07\x00\x00\x00\x00\x00\x00\x00\x00\x00\x00\x00\x00\x00\x00\x00\x00\x00\x00\x00\x00\x00\x00\x00\x00\x00\x00\x00\x00\x00\x00\x00\x00\x00\x00\x00\x00\x00\x00\x00\x00\x00\x00\x00\x00\x00\x00\x00\x00?\'\xbe\xc3\xa1\xb4\xe00\x00\x00\x00\t\x08\x00\x01\x00\x01\x00\x00\x00+\n\xad\x88BW\x00\x01?\xc8"\xfc>\x19Jw?\xa3\x80B\xd8\xae\xd1\r?\xd4\x8f\xee\x10\xef\x1b\xcd?\xb9\x99\x99\x99\x99\x99\x9a\x00\x00\x00\x1a\x0b\x00\x00\x01\xc2\x00\x00\x00\x00\x00\x00\x00\x00\x01?\xc0\x00\x00@`\x00\x00\x00\x00\x00\x08\x0c\x00\x01\x01'
Sub-package length: 47
Sub-package type: 0, ROBOT_MODE_DATA
Sub-package Data (including 5 header bits): b'\x00\x00\x00/\x00\x00\x00\x00\x01\x1e\x8f\xd50\x01\x01\x01\x00\x00\x00\x00\x07\x00?\xf0\x00\x00\x00\x00\x00\x00\x00\x00\x00\x00\x00\x00\x00\x00?\xf0\x00\x00\x00\x00\x00\x00\x00'
	packageSize: 47
	packageType: 0
	timestamp: 4807710000
	isRealRobotConnected: True
	isRealRobotEnabled: True
	isRobotPowerOn: True
	isEmergencyStopped: False
	isProtectiveStopped: False
	isProgramRunning: False
	isProgramPaused: False
	robotMode: 7
	controlMode: 0
	targetSpeedFraction: 1.0
	speedScaling: 0.0
	targetSpeedFractionLimit: 1.0
	reserved: 0
Sub-package length: 251
Sub-package type: 1, JOINT_DATA
Sub-package Data (including 5 header bits): b'\x00\x00\x00\xfb\x01\xc0\n\xf8\'h\x88Z0\xc0\n\xf8/\xe7e\x01T\x00\x00\x00\x00\x00\x00\x00\x00\xbd\\\x06iB=\xe1\x8eA\xf3\x00\x00\x00\x00\x00\x00\xfd\xbf\xe8\x9e\xbc\xa8\xa4\x8a\xa0\xbf\xe8\x9e\xf0e\xa5\x9e\x08\x00\x00\x00\x00\x00\x00\x00\x00\xbf\x9a\x03\xd7B>\x1cCB\x02\x00\x00\x00\x00\x00\x00\xfd?\xf6"\xecQ\x10\xb4`?\xf6"\xb4\x02 \xf8\x8c\x00\x00\x00\x00\x00\x00\x00\x00\xbe\xde\xcd2B>tSB\x04\x00\x00\x00\x00\x00\x00\xfd\xc0\x15Jg\x99X\xbel\xc0\x15Jb\xf6\x1e\xd4\xac\x00\x00\x00\x00\x00\x00\x00\x00>\x98W\xfbB>*\xf0B\x16\xc0\x00\x00\x00\x00\x00\xfd\xc0\x12\xe5t\x14D-\x18\xc0\x12\xe5x\x95\xc5i\xf3\x80\x00\x00\x00\x00\x00\x00\x00\xbd\x8f\xa7\xceB=\xf0;B!@\x00\x00\x00\x00\x00\xfd\xc07\xc4s\xa4D-\x18\xc07\xc4r1\t\xb5 \x00\x00\x00\x00\x00\x00\x00\x00;B\x1a\xc0B>HKB&\x80\x00\x00\x00\x00\x00\xfd'
	packageSize: 251
	packageType: 1
	joint 1 q_actual: -3.371168915425436
	joint 1 q_target: -3.371185119409498
	joint 1 qd_actual: 0.0
	joint 1 i_actual: -0.053717050701379776
	joint 1 V_actual: 47.47026824951172
	joint 1 T_motor: 30.375
	joint 2 q_actual: 2.10334248e-314
	joint 2 q_target: -1.7099336040379835e-16
	joint 2 qd_actual: -2.6885816042858402e+233
	joint 2 i_actual: 0.0
	joint 2 V_actual: 1.7595828760729256e-38
	joint 2 T_motor: -213572013522944.0
	joint 3 q_actual: 1.013749720809472e+16
	joint 3 q_target: 6.664506928504588e-304
	joint 3 qd_actual: -2.0710003011703905e-56
	joint 3 i_actual: -2.271629875608987e+34
	joint 3 V_actual: 0.0
	joint 3 T_motor: 6.847024556383921e-41
	joint 4 q_actual: -7.511220451460358e+63
	joint 4 q_target: 3.20945e-319
	joint 4 qd_actual: 4.1121973344506996e-206
	joint 4 i_actual: 4.087164154552673e-26
	joint 4 V_actual: 2.251751063491852e-20
	joint 4 T_motor: 0.0
	joint 5 q_actual: 1.328265228005e-312
	joint 5 q_target: 3.1360551291242933e-09
	joint 5 qd_actual: 5.384570438024e-312
	joint 5 i_actual: 9.904364369203575e-27
	joint 5 V_actual: -2.295255661010742
	joint 5 T_motor: -7.97348247374333e-26
	joint 6 q_actual: -0.0
	joint 6 q_target: -3.5988126693240006e-12
	joint 6 qd_actual: 37044092928.0
	joint 6 i_actual: -3.1937665858775697e+37
	joint 6 V_actual: 2.602903606933817e+31
	joint 6 T_motor: 4.9687145644596336e-24
Sub-package length: 101
Sub-package type: 4, CARTESIAN_INFO
Sub-package Data (including 5 header bits): b'\x00\x00\x00e\x04?\xd2Ri\x85i\xd2H?\xb1\x89\x8f7\xa3&\xfc\xbf\x90\xce\x81<\x80\xb4\xbc\xc0\t\x14}\x01X\x85d?\xa0Zw\x19\xc9xI?ib*\xa3\x0f\xe6\x04\x00\x00\x00\x00\x00\x00\x00\x00\x00\x00\x00\x00\x00\x00\x00\x00?\xbf]x\x81\x1b\x1d\x92\x00\x00\x00\x00\x00\x00\x00\x00\x00\x00\x00\x00\x00\x00\x00\x00\x00\x00\x00\x00\x00\x00\x00\x00'
	packageSize: 101
	packageType: 4
	X: 0.28628004101418414
	Y: 0.06850524051983692
	Z: -0.016412753408236766
	Rx: -3.135004053605984
	Ry: 0.03194019498617757
	Rz: 0.0030985672715331276
	TCPOffsetX: 0.0
	TCPOffsetY: 0.0
	TCPOffsetZ: 0.12251999999999999
	TCPOffsetRx: 0.0
	TCPOffsetRy: 0.0
	TCPOffsetRz: 0.0
Sub-package length: 53
Sub-package type: 9, NEEDED_FOR_CALIB_DATA
Sub-package Data (including 5 header bits): b'\x00\x00\x005\t?\xe2\x85\x1b\x8eh\x0cZ?\xcc\xcb\xab\xca\xcdN\x80\xbf\xe8\xd1\xa3y\x91.\xc0\xbf\xc65A\x91\xe0\xcd`?\xd0\xebd\x08\xc7\x8c\x17\xbf\x86Y\xc4h\x07\x90@'
Sub-package length: 75
Sub-package type: 3, MASTERBOARD_DATA
Sub-package Data (including 5 header bits): b'\x00\x00\x00K\x03\x00\x00\x00\x00\x00\x00\x00\x00\x01\x01\x80\x00\x00\x00\x00\x00\x00\x00\x80\x00\x00\x00\x00\x00\x00\x00\x00\x00?pbM\xe0\x00\x00\x00?pbM\xe0\x00\x00\x00A\xfd\x80\x00B>2#?f\x07\x7f\x00\x00\x00\x00\x01\x00\x00\xad\x88BW\x00\x01\x01'
Sub-package length: 37
Sub-package type: 2, TOOL_DATA
Sub-package Data (including 5 header bits): b'\x00\x00\x00%\x02\x01\x01?\x9c\x11E \x00\x00\x00?\x98\x8f\x1c\x80\x00\x00\x00\x00\x00\x00\x00\x00<wY@B\x15\x80\x00\xfd'
Sub-package length: 61
Sub-package type: 7, FORCE_MODE_DATA
Sub-package Data (including 5 header bits): b"\x00\x00\x00=\x07\x00\x00\x00\x00\x00\x00\x00\x00\x00\x00\x00\x00\x00\x00\x00\x00\x00\x00\x00\x00\x00\x00\x00\x00\x00\x00\x00\x00\x00\x00\x00\x00\x00\x00\x00\x00\x00\x00\x00\x00\x00\x00\x00\x00\x00\x00\x00\x00?'\xbe\xc3\xa1\xb4\xe00"
Sub-package length: 9
Sub-package type: 8, ADDITIONAL_INFO
Sub-package Data (including 5 header bits): b'\x00\x00\x00\t\x08\x00\x01\x00\x01'
Sub-package length: 43
Sub-package type: 10, fuck
Sub-package Data (including 5 header bits): b'\x00\x00\x00+\n\xad\x88BW\x00\x01?\xc8"\xfc>\x19Jw?\xa3\x80B\xd8\xae\xd1\r?\xd4\x8f\xee\x10\xef\x1b\xcd?\xb9\x99\x99\x99\x99\x99\x9a'
Sub-package length: 26
Sub-package type: 11, TOOL_COMM_INFO
Sub-package Data (including 5 header bits): b'\x00\x00\x00\x1a\x0b\x00\x00\x01\xc2\x00\x00\x00\x00\x00\x00\x00\x00\x01?\xc0\x00\x00@`\x00\x00'
Sub-package length: 8
Sub-package type: 12, TOOL_MODE_INFO
Sub-package Data (including 5 header bits): b'\x00\x00\x00\x08\x0c\x00\x01\x01'

DEBUG:Toggling the command b'get_actual_tcp_pose()\n'
Logging new packet.
Message type: 16, ROBOT_STATE
Message length: 716
Full raw message data: b'\x00\x00\x02\xcc\x10\x00\x00\x00/\x00\x00\x00\x00\x01\x1e\x91[\xd0\x01\x01\x01\x00\x00\x00\x00\x07\x00?\xf0\x00\x00\x00\x00\x00\x00\x00\x00\x00\x00\x00\x00\x00\x00?\xf0\x00\x00\x00\x00\x00\x00\x00\x00\x00\x00\xfb\x01\xc0\n\xf8/h\x88Z0\xc0\n\xf8/\xe7e\x01T\x00\x00\x00\x00\x00\x00\x00\x00\xbdB9\xc2B=\xf0;A\xf3\x00\x00\x00\x00\x00\x00\xfd\xbf\xe8\x9e\xdc\xe8\xa4\x8a\xa0\xbf\xe8\x9e\xf0e\xa5\x9e\x08\x00\x00\x00\x00\x00\x00\x00\x00\xbf\x95\x05HB>\x1cCB\x02\x00\x00\x00\x00\x00\x00\xfd?\xf6"\xce\xd1\x10\xb4`?\xf6"\xb4\x02 \xf8\x8c\x00\x00\x00\x00\x00\x00\x00\x00\xbe\xdd\xa6bB>V\xf8B\x04\x00\x00\x00\x00\x00\x00\xfd\xc0\x15Jg\x99X\xbel\xc0\x15Jb\xf6\x1e\xd4\xac\x00\x00\x00\x00\x00\x00\x00\x00>\x92\xa0\x08B=\xf0;B\x16\xc0\x00\x00\x00\x00\x00\xfd\xc0\x12\xe5~\xacD-\x18\xc0\x12\xe5x\x95\xc5i\xf3\x80\x00\x00\x00\x00\x00\x00\x00\xbdUU\xd9B=\xf0;B!@\x00\x00\x00\x00\x00\xfd\xc07\xc4sZD-\x18\xc07\xc4r1\t\xb5 \x00\x00\x00\x00\x00\x00\x00\x00;\xffQ\x90B>HKB&@\x00\x00\x00\x00\x00\xfd\x00\x00\x00e\x04?\xd2R\xa7wK\xb2\'?\xb1\x89\xa5\xc7\x8a\xd1\xab\xbf\x90\xcc\xc8\xb1\x057 \xc0\t\x14m$\x11\x90\x01?\xa0^r/\xac\x92\xc3?h\xb9\xf2J@U\xf4\x00\x00\x00\x00\x00\x00\x00\x00\x00\x00\x00\x00\x00\x00\x00\x00?\xbf]x\x81\x1b\x1d\x92\x00\x00\x00\x00\x00\x00\x00\x00\x00\x00\x00\x00\x00\x00\x00\x00\x00\x00\x00\x00\x00\x00\x00\x00\x00\x00\x005\t?\xe0Y.C\xcb}\x86\xbf\xc9No\xd5\xcf\x07@\xbf\xe9d1\xa7\x10c\x04\xbf\xc0\x95\xf0`)!|?\xc9\x04\xc6I\'v\xa5\xbf\x9df8\xfb\xc9d\xb0\x00\x00\x00K\x03\x00\x00\x00\x00\x00\x00\x00\x00\x01\x01\x80\x00\x00\x00\x00\x00\x00\x00\x80\x00\x00\x00\x00\x00\x00\x00\x00\x00?pbM\xe0\x00\x00\x00?pbM\xe0\x00\x00\x00A\xfd\x80\x00B>\x1d\xf6?c**\x00\x00\x00\x00\x01\x00\x00\xad\x88BW\x00\x01\x01\x00\x00\x00%\x02\x01\x01?\x98\x8f\x1c\x80\x00\x00\x00?\x98\x8f\x1c\x80\x00\x00\x00\x00\x00\x00\x00\x00<\x9ei@B\x15\x80\x00\xfd\x00\x00\x00=\x07\x00\x00\x00\x00\x00\x00\x00\x00\x00\x00\x00\x00\x00\x00\x00\x00\x00\x00\x00\x00\x00\x00\x00\x00\x00\x00\x00\x00\x00\x00\x00\x00\x00\x00\x00\x00\x00\x00\x00\x00\x00\x00\x00\x00\x00\x00\x00\x00?\'\xbe\xd1\xb7\xf8\xa1\x00\x00\x00\x00\t\x08\x00\x01\x00\x01\x00\x00\x00+\n\xad\x88BW\x00\x01?\xc8"\xeb\xd5|p\x9f?\xa3\x7f\xf62[P\x88?\xd4\x8f\xf9Y\xbb\\\x83?\xb9\x99\x99\x99\x99\x99\x9a\x00\x00\x00\x1a\x0b\x00\x00\x01\xc2\x00\x00\x00\x00\x00\x00\x00\x00\x01?\xc0\x00\x00@`\x00\x00\x00\x00\x00\x08\x0c\x00\x01\x01'
Sub-package length: 47
Sub-package type: 0, ROBOT_MODE_DATA
Sub-package Data (including 5 header bits): b'\x00\x00\x00/\x00\x00\x00\x00\x01\x1e\x91[\xd0\x01\x01\x01\x00\x00\x00\x00\x07\x00?\xf0\x00\x00\x00\x00\x00\x00\x00\x00\x00\x00\x00\x00\x00\x00?\xf0\x00\x00\x00\x00\x00\x00\x00'
	packageSize: 47
	packageType: 0
	timestamp: 4807810000
	isRealRobotConnected: True
	isRealRobotEnabled: True
	isRobotPowerOn: True
	isEmergencyStopped: False
	isProtectiveStopped: False
	isProgramRunning: False
	isProgramPaused: False
	robotMode: 7
	controlMode: 0
	targetSpeedFraction: 1.0
	speedScaling: 0.0
	targetSpeedFractionLimit: 1.0
	reserved: 0
Sub-package length: 251
Sub-package type: 1, JOINT_DATA
Sub-package Data (including 5 header bits): b'\x00\x00\x00\xfb\x01\xc0\n\xf8/h\x88Z0\xc0\n\xf8/\xe7e\x01T\x00\x00\x00\x00\x00\x00\x00\x00\xbdB9\xc2B=\xf0;A\xf3\x00\x00\x00\x00\x00\x00\xfd\xbf\xe8\x9e\xdc\xe8\xa4\x8a\xa0\xbf\xe8\x9e\xf0e\xa5\x9e\x08\x00\x00\x00\x00\x00\x00\x00\x00\xbf\x95\x05HB>\x1cCB\x02\x00\x00\x00\x00\x00\x00\xfd?\xf6"\xce\xd1\x10\xb4`?\xf6"\xb4\x02 \xf8\x8c\x00\x00\x00\x00\x00\x00\x00\x00\xbe\xdd\xa6bB>V\xf8B\x04\x00\x00\x00\x00\x00\x00\xfd\xc0\x15Jg\x99X\xbel\xc0\x15Jb\xf6\x1e\xd4\xac\x00\x00\x00\x00\x00\x00\x00\x00>\x92\xa0\x08B=\xf0;B\x16\xc0\x00\x00\x00\x00\x00\xfd\xc0\x12\xe5~\xacD-\x18\xc0\x12\xe5x\x95\xc5i\xf3\x80\x00\x00\x00\x00\x00\x00\x00\xbdUU\xd9B=\xf0;B!@\x00\x00\x00\x00\x00\xfd\xc07\xc4sZD-\x18\xc07\xc4r1\t\xb5 \x00\x00\x00\x00\x00\x00\x00\x00;\xffQ\x90B>HKB&@\x00\x00\x00\x00\x00\xfd'
	packageSize: 251
	packageType: 1
	joint 1 q_actual: -3.3711841742144983
	joint 1 q_target: -3.371185119409498
	joint 1 qd_actual: 0.0
	joint 1 i_actual: -0.04741836339235306
	joint 1 V_actual: 47.48460006713867
	joint 1 T_motor: 30.375
	joint 2 q_actual: 2.10334248e-314
	joint 2 q_target: -3.668233813743328e+139
	joint 2 qd_actual: -2.6885816042858402e+233
	joint 2 i_actual: 0.0
	joint 2 V_actual: 1.759403790129185e-38
	joint 2 T_motor: 198904.4375
	joint 3 q_actual: 1.013749720809472e+16
	joint 3 q_target: 6.664506926939616e-304
	joint 3 qd_actual: -2.0710003011703905e-56
	joint 3 i_actual: -2.271629875608987e+34
	joint 3 V_actual: 0.0
	joint 3 T_motor: 6.846884426537489e-41
	joint 4 q_actual: -8.631438084838635e-124
	joint 4 q_target: 3.20945e-319
	joint 4 qd_actual: 4.1121973344506996e-206
	joint 4 i_actual: 4.087164154552673e-26
	joint 4 V_actual: 2.251751063491852e-20
	joint 4 T_motor: 0.0
	joint 5 q_actual: 1.327791214626e-312
	joint 5 q_target: 2.361990800430619e-10
	joint 5 qd_actual: 5.384570438073e-312
	joint 5 i_actual: -2.7878307301554273e-12
	joint 5 V_actual: -2.295255661010742
	joint 5 T_motor: -7.97348247374333e-26
	joint 6 q_actual: -0.0
	joint 6 q_target: -3.0319350735729636e-13
	joint 6 qd_actual: 37044092928.0
	joint 6 i_actual: -3.1937665858775697e+37
	joint 6 V_actual: 1.729283881043936e+31
	joint 6 T_motor: 4.9687145644596336e-24
Sub-package length: 101
Sub-package type: 4, CARTESIAN_INFO
Sub-package Data (including 5 header bits): b"\x00\x00\x00e\x04?\xd2R\xa7wK\xb2'?\xb1\x89\xa5\xc7\x8a\xd1\xab\xbf\x90\xcc\xc8\xb1\x057 \xc0\t\x14m$\x11\x90\x01?\xa0^r/\xac\x92\xc3?h\xb9\xf2J@U\xf4\x00\x00\x00\x00\x00\x00\x00\x00\x00\x00\x00\x00\x00\x00\x00\x00?\xbf]x\x81\x1b\x1d\x92\x00\x00\x00\x00\x00\x00\x00\x00\x00\x00\x00\x00\x00\x00\x00\x00\x00\x00\x00\x00\x00\x00\x00\x00"
	packageSize: 101
	packageType: 4
	X: 0.28629480981797645
	Y: 0.06850658532750369
	Z: -0.01640618877836808
	Rx: -3.1349737947330145
	Ry: 0.03197056610068707
	Rz: 0.0030183536746430876
	TCPOffsetX: 0.0
	TCPOffsetY: 0.0
	TCPOffsetZ: 0.12251999999999999
	TCPOffsetRx: 0.0
	TCPOffsetRy: 0.0
	TCPOffsetRz: 0.0
Sub-package length: 53
Sub-package type: 9, NEEDED_FOR_CALIB_DATA
Sub-package Data (including 5 header bits): b"\x00\x00\x005\t?\xe0Y.C\xcb}\x86\xbf\xc9No\xd5\xcf\x07@\xbf\xe9d1\xa7\x10c\x04\xbf\xc0\x95\xf0`)!|?\xc9\x04\xc6I'v\xa5\xbf\x9df8\xfb\xc9d\xb0"
Sub-package length: 75
Sub-package type: 3, MASTERBOARD_DATA
Sub-package Data (including 5 header bits): b'\x00\x00\x00K\x03\x00\x00\x00\x00\x00\x00\x00\x00\x01\x01\x80\x00\x00\x00\x00\x00\x00\x00\x80\x00\x00\x00\x00\x00\x00\x00\x00\x00?pbM\xe0\x00\x00\x00?pbM\xe0\x00\x00\x00A\xfd\x80\x00B>\x1d\xf6?c**\x00\x00\x00\x00\x01\x00\x00\xad\x88BW\x00\x01\x01'
Sub-package length: 37
Sub-package type: 2, TOOL_DATA
Sub-package Data (including 5 header bits): b'\x00\x00\x00%\x02\x01\x01?\x98\x8f\x1c\x80\x00\x00\x00?\x98\x8f\x1c\x80\x00\x00\x00\x00\x00\x00\x00\x00<\x9ei@B\x15\x80\x00\xfd'
Sub-package length: 61
Sub-package type: 7, FORCE_MODE_DATA
Sub-package Data (including 5 header bits): b"\x00\x00\x00=\x07\x00\x00\x00\x00\x00\x00\x00\x00\x00\x00\x00\x00\x00\x00\x00\x00\x00\x00\x00\x00\x00\x00\x00\x00\x00\x00\x00\x00\x00\x00\x00\x00\x00\x00\x00\x00\x00\x00\x00\x00\x00\x00\x00\x00\x00\x00\x00\x00?'\xbe\xd1\xb7\xf8\xa1\x00"
Sub-package length: 9
Sub-package type: 8, ADDITIONAL_INFO
Sub-package Data (including 5 header bits): b'\x00\x00\x00\t\x08\x00\x01\x00\x01'
Sub-package length: 43
Sub-package type: 10, fuck
Sub-package Data (including 5 header bits): b'\x00\x00\x00+\n\xad\x88BW\x00\x01?\xc8"\xeb\xd5|p\x9f?\xa3\x7f\xf62[P\x88?\xd4\x8f\xf9Y\xbb\\\x83?\xb9\x99\x99\x99\x99\x99\x9a'
Sub-package length: 26
Sub-package type: 11, TOOL_COMM_INFO
Sub-package Data (including 5 header bits): b'\x00\x00\x00\x1a\x0b\x00\x00\x01\xc2\x00\x00\x00\x00\x00\x00\x00\x00\x01?\xc0\x00\x00@`\x00\x00'
Sub-package length: 8
Sub-package type: 12, TOOL_MODE_INFO
Sub-package Data (including 5 header bits): b'\x00\x00\x00\x08\x0c\x00\x01\x01'

DEBUG:Toggling the command b'get_controller_temp()\n'
Logging new packet.
Message type: 16, ROBOT_STATE
Message length: 716
Full raw message data: b'\x00\x00\x02\xcc\x10\x00\x00\x00/\x00\x00\x00\x00\x01\x1e\x92\xe6X\x01\x01\x01\x00\x00\x00\x00\x07\x00?\xf0\x00\x00\x00\x00\x00\x00\x00\x00\x00\x00\x00\x00\x00\x00?\xf0\x00\x00\x00\x00\x00\x00\x00\x00\x00\x00\xfb\x01\xc0\n\xf81\xa8\x88Z0\xc0\n\xf8/\xe7e\x01T\x00\x00\x00\x00\x00\x00\x00\x00\xbd\x1c\x05\xd0B=\xd2\xe1A\xf3\x00\x00\x00\x00\x00\x00\xfd\xbf\xe8\x9e\xcaH\xa4\x8a\xa0\xbf\xe8\x9e\xf0e\xa5\x9e\x08\x00\x00\x00\x00\x00\x00\x00\x00\xbf\x93\x84\xe7B>*\xf0B\x02\x00\x00\x00\x00\x00\x00\xfd?\xf6"\xa2Q\x10\xb4`?\xf6"\xb4\x02 \xf8\x8c\x00\x00\x00\x00\x00\x00\x00\x00\xbe\xdd4\x8eB>V\xf8B\x04\x00\x00\x00\x00\x00\x00\xfd\xc0\x15Jn\xa9X\xbel\xc0\x15Jb\xf6\x1e\xd4\xac\x00\x00\x00\x00\x00\x00\x00\x00>\x95\xe5qB>\r\x96B\x16\xc0\x00\x00\x00\x00\x00\xfd\xc0\x12\xe5v\x0cD-\x18\xc0\x12\xe5x\x95\xc5i\xf3\x80\x00\x00\x00\x00\x00\x00\x00\xbd\x8ca\x10B=\xfe\xe8B!@\x00\x00\x00\x00\x00\xfd\xc07\xc4p\x1eD-\x18\xc07\xc4r1\t\xb5 \x00\x00\x00\x00\x00\x00\x00\x00\xbc(\xb4\xe8B>\x83\x00B&@\x00\x00\x00\x00\x00\xfd\x00\x00\x00e\x04?\xd2R\xee\x1fg\xc8\x12?\xb1\x88\xd6\xd6\x07\xd2}\xbf\x90\xcd\tp\xef\xc2\xe0\xc0\t\x14\x84vF{\xfc?\xa0il?\xe9\x96C?h\x0fy\t\xf4c\xb4\x00\x00\x00\x00\x00\x00\x00\x00\x00\x00\x00\x00\x00\x00\x00\x00?\xbf]x\x81\x1b\x1d\x92\x00\x00\x00\x00\x00\x00\x00\x00\x00\x00\x00\x00\x00\x00\x00\x00\x00\x00\x00\x00\x00\x00\x00\x00\x00\x00\x005\t?\xdaC\xf7I\x9d\x16\xf0\xbf\xd4\xcd\x1c\xab\xcb9 \xbf\xe9\x9d\xd6\x92\x18\xb5\xbc\xbf\xc3\xcd\xca\xe4h\xde@?\xd0\x87m\xd3\x93S\xff?\xa3m\x18\x90]\xb6\xb8\x00\x00\x00K\x03\x00\x00\x00\x00\x00\x00\x00\x00\x01\x01\x80\x00\x00\x00\x00\x00\x00\x00\x80\x00\x00\x00\x00\x00\x00\x00\x00\x00?pbM\xe0\x00\x00\x00?pbM\xe0\x00\x00\x00A\xfd\x80\x00B>5\xce?S\xb2q\x00\x00\x00\x00\x01\x00\x00\xad\x88BW\x00\x01\x01\x00\x00\x00%\x02\x01\x01?\x9c\x11E \x00\x00\x00?\x9c\x11E \x00\x00\x00\x00\x00\x00\x00\x00<C\xe8\xc0B\x15\x80\x00\xfd\x00\x00\x00=\x07\x00\x00\x00\x00\x00\x00\x00\x00\x00\x00\x00\x00\x00\x00\x00\x00\x00\x00\x00\x00\x00\x00\x00\x00\x00\x00\x00\x00\x00\x00\x00\x00\x00\x00\x00\x00\x00\x00\x00\x00\x00\x00\x00\x00\x00\x00\x00\x00?\'\xbe\xfc\x07\xc9\x00\x10\x00\x00\x00\t\x08\x00\x01\x00\x01\x00\x00\x00+\n\xad\x88BW\x00\x01?\xc8"\xf9\x7f-N\x0e?\xa3\x7f\xcf\x8dQ\xea\x9a?\xd4\x8f\xf2\xd5f\x7f>?\xb9\x99\x99\x99\x99\x99\x9a\x00\x00\x00\x1a\x0b\x00\x00\x01\xc2\x00\x00\x00\x00\x00\x00\x00\x00\x01?\xc0\x00\x00@`\x00\x00\x00\x00\x00\x08\x0c\x00\x01\x01'
Sub-package length: 47
Sub-package type: 0, ROBOT_MODE_DATA
Sub-package Data (including 5 header bits): b'\x00\x00\x00/\x00\x00\x00\x00\x01\x1e\x92\xe6X\x01\x01\x01\x00\x00\x00\x00\x07\x00?\xf0\x00\x00\x00\x00\x00\x00\x00\x00\x00\x00\x00\x00\x00\x00?\xf0\x00\x00\x00\x00\x00\x00\x00'
	packageSize: 47
	packageType: 0
	timestamp: 4807911000
	isRealRobotConnected: True
	isRealRobotEnabled: True
	isRobotPowerOn: True
	isEmergencyStopped: False
	isProtectiveStopped: False
	isProgramRunning: False
	isProgramPaused: False
	robotMode: 7
	controlMode: 0
	targetSpeedFraction: 1.0
	speedScaling: 0.0
	targetSpeedFractionLimit: 1.0
	reserved: 0
Sub-package length: 251
Sub-package type: 1, JOINT_DATA
Sub-package Data (including 5 header bits): b'\x00\x00\x00\xfb\x01\xc0\n\xf81\xa8\x88Z0\xc0\n\xf8/\xe7e\x01T\x00\x00\x00\x00\x00\x00\x00\x00\xbd\x1c\x05\xd0B=\xd2\xe1A\xf3\x00\x00\x00\x00\x00\x00\xfd\xbf\xe8\x9e\xcaH\xa4\x8a\xa0\xbf\xe8\x9e\xf0e\xa5\x9e\x08\x00\x00\x00\x00\x00\x00\x00\x00\xbf\x93\x84\xe7B>*\xf0B\x02\x00\x00\x00\x00\x00\x00\xfd?\xf6"\xa2Q\x10\xb4`?\xf6"\xb4\x02 \xf8\x8c\x00\x00\x00\x00\x00\x00\x00\x00\xbe\xdd4\x8eB>V\xf8B\x04\x00\x00\x00\x00\x00\x00\xfd\xc0\x15Jn\xa9X\xbel\xc0\x15Jb\xf6\x1e\xd4\xac\x00\x00\x00\x00\x00\x00\x00\x00>\x95\xe5qB>\r\x96B\x16\xc0\x00\x00\x00\x00\x00\xfd\xc0\x12\xe5v\x0cD-\x18\xc0\x12\xe5x\x95\xc5i\xf3\x80\x00\x00\x00\x00\x00\x00\x00\xbd\x8ca\x10B=\xfe\xe8B!@\x00\x00\x00\x00\x00\xfd\xc07\xc4p\x1eD-\x18\xc07\xc4r1\t\xb5 \x00\x00\x00\x00\x00\x00\x00\x00\xbc(\xb4\xe8B>\x83\x00B&@\x00\x00\x00\x00\x00\xfd'
	packageSize: 251
	packageType: 1
	joint 1 q_actual: -3.371188465748922
	joint 1 q_target: -3.371185119409498
	joint 1 qd_actual: 0.0
	joint 1 i_actual: -0.03809148073196411
	joint 1 V_actual: 47.455936431884766
	joint 1 T_motor: 30.375
	joint 2 q_actual: 2.10334248e-314
	joint 2 q_target: -7.203081057692612e+49
	joint 2 qd_actual: -2.6885816042858402e+233
	joint 2 i_actual: 0.0
	joint 2 V_actual: 1.7593498401383084e-38
	joint 2 T_motor: -9.172858222282308e+23
	joint 3 q_actual: -5.591490941801772e+232
	joint 3 q_target: 6.664506924578896e-304
	joint 3 qd_actual: -2.0710003011703905e-56
	joint 3 i_actual: -2.271629875608987e+34
	joint 3 V_actual: 0.0
	joint 3 T_motor: 6.846884426537489e-41
	joint 4 q_actual: 1.5425597355871115e-55
	joint 4 q_target: 3.20945e-319
	joint 4 qd_actual: 4.1164938013905266e-206
	joint 4 i_actual: 4.087164154552673e-26
	joint 4 V_actual: 2.251751063491852e-20
	joint 4 T_motor: 0.0
	joint 5 q_actual: 1.32806236038e-312
	joint 5 q_target: 8.61093458256329e-10
	joint 5 qd_actual: 5.384570438034e-312
	joint 5 i_actual: 1.5112860670781822e-31
	joint 5 V_actual: -2.295255661010742
	joint 5 T_motor: -7.97348247374333e-26
	joint 6 q_actual: -0.0
	joint 6 q_target: -3.22633631401073e-12
	joint 6 qd_actual: 37044092928.0
	joint 6 i_actual: -3.1937665858775697e+37
	joint 6 V_actual: 1.9592420405599218e+29
	joint 6 T_motor: 4.9687145644596336e-24
Sub-package length: 101
Sub-package type: 4, CARTESIAN_INFO
Sub-package Data (including 5 header bits): b'\x00\x00\x00e\x04?\xd2R\xee\x1fg\xc8\x12?\xb1\x88\xd6\xd6\x07\xd2}\xbf\x90\xcd\tp\xef\xc2\xe0\xc0\t\x14\x84vF{\xfc?\xa0il?\xe9\x96C?h\x0fy\t\xf4c\xb4\x00\x00\x00\x00\x00\x00\x00\x00\x00\x00\x00\x00\x00\x00\x00\x00?\xbf]x\x81\x1b\x1d\x92\x00\x00\x00\x00\x00\x00\x00\x00\x00\x00\x00\x00\x00\x00\x00\x00\x00\x00\x00\x00\x00\x00\x00\x00'
	packageSize: 101
	packageType: 4
	X: 0.28631165568288097
	Y: 0.06849425053935394
	Z: -0.016407153623677284
	Rx: -3.135018276239405
	Ry: 0.03205431251698745
	Rz: 0.0029370655098656887
	TCPOffsetX: 0.0
	TCPOffsetY: 0.0
	TCPOffsetZ: 0.12251999999999999
	TCPOffsetRx: 0.0
	TCPOffsetRy: 0.0
	TCPOffsetRz: 0.0
Sub-package length: 53
Sub-package type: 9, NEEDED_FOR_CALIB_DATA
Sub-package Data (including 5 header bits): b'\x00\x00\x005\t?\xdaC\xf7I\x9d\x16\xf0\xbf\xd4\xcd\x1c\xab\xcb9 \xbf\xe9\x9d\xd6\x92\x18\xb5\xbc\xbf\xc3\xcd\xca\xe4h\xde@?\xd0\x87m\xd3\x93S\xff?\xa3m\x18\x90]\xb6\xb8'
Sub-package length: 75
Sub-package type: 3, MASTERBOARD_DATA
Sub-package Data (including 5 header bits): b'\x00\x00\x00K\x03\x00\x00\x00\x00\x00\x00\x00\x00\x01\x01\x80\x00\x00\x00\x00\x00\x00\x00\x80\x00\x00\x00\x00\x00\x00\x00\x00\x00?pbM\xe0\x00\x00\x00?pbM\xe0\x00\x00\x00A\xfd\x80\x00B>5\xce?S\xb2q\x00\x00\x00\x00\x01\x00\x00\xad\x88BW\x00\x01\x01'
Sub-package length: 37
Sub-package type: 2, TOOL_DATA
Sub-package Data (including 5 header bits): b'\x00\x00\x00%\x02\x01\x01?\x9c\x11E \x00\x00\x00?\x9c\x11E \x00\x00\x00\x00\x00\x00\x00\x00<C\xe8\xc0B\x15\x80\x00\xfd'
Sub-package length: 61
Sub-package type: 7, FORCE_MODE_DATA
Sub-package Data (including 5 header bits): b"\x00\x00\x00=\x07\x00\x00\x00\x00\x00\x00\x00\x00\x00\x00\x00\x00\x00\x00\x00\x00\x00\x00\x00\x00\x00\x00\x00\x00\x00\x00\x00\x00\x00\x00\x00\x00\x00\x00\x00\x00\x00\x00\x00\x00\x00\x00\x00\x00\x00\x00\x00\x00?'\xbe\xfc\x07\xc9\x00\x10"
Sub-package length: 9
Sub-package type: 8, ADDITIONAL_INFO
Sub-package Data (including 5 header bits): b'\x00\x00\x00\t\x08\x00\x01\x00\x01'
Sub-package length: 43
Sub-package type: 10, fuck
Sub-package Data (including 5 header bits): b'\x00\x00\x00+\n\xad\x88BW\x00\x01?\xc8"\xf9\x7f-N\x0e?\xa3\x7f\xcf\x8dQ\xea\x9a?\xd4\x8f\xf2\xd5f\x7f>?\xb9\x99\x99\x99\x99\x99\x9a'
Sub-package length: 26
Sub-package type: 11, TOOL_COMM_INFO
Sub-package Data (including 5 header bits): b'\x00\x00\x00\x1a\x0b\x00\x00\x01\xc2\x00\x00\x00\x00\x00\x00\x00\x00\x01?\xc0\x00\x00@`\x00\x00'
Sub-package length: 8
Sub-package type: 12, TOOL_MODE_INFO
Sub-package Data (including 5 header bits): b'\x00\x00\x00\x08\x0c\x00\x01\x01'

DEBUG:Toggling the command b'get_tcp_force()\n'
Logging new packet.
Message type: 16, ROBOT_STATE
Message length: 716
Full raw message data: b'\x00\x00\x02\xcc\x10\x00\x00\x00/\x00\x00\x00\x00\x01\x1e\x94l\xf8\x01\x01\x01\x00\x00\x00\x00\x07\x00?\xf0\x00\x00\x00\x00\x00\x00\x00\x00\x00\x00\x00\x00\x00\x00?\xf0\x00\x00\x00\x00\x00\x00\x00\x00\x00\x00\xfb\x01\xc0\n\xf8E\x08\x88Z0\xc0\n\xf8/\xe7e\x01T\x00\x00\x00\x00\x00\x00\x00\x00\xbdr,<B=\xf0;A\xf3\x00\x00\x00\x00\x00\x00\xfd\xbf\xe8\x9e\xc2\x88\xa4\x8a\xa0\xbf\xe8\x9e\xf0e\xa5\x9e\x08\x00\x00\x00\x00\x00\x00\x00\x00\xbf\x98\xa4\x03B>\r\x96B\x02\x00\x00\x00\x00\x00\x00\xfd?\xf6"\xbc\xd1\x10\xb4`?\xf6"\xb4\x02 \xf8\x8c\x00\x00\x00\x00\x00\x00\x00\x00\xbe\xd97\xa3B>e\xa5B\x04\x00\x00\x00\x00\x00\x00\xfd\xc0\x15JgIX\xbel\xc0\x15Jb\xf6\x1e\xd4\xac\x00\x00\x00\x00\x00\x00\x00\x00>\x99\x13ZB>*\xf0B\x16\xc0\x00\x00\x00\x00\x00\xfd\xc0\x12\xe5t\xecD-\x18\xc0\x12\xe5x\x95\xc5i\xf3\x80\x00\x00\x00\x00\x00\x00\x00\xbdn\xd1\xe7B>\x1cCB!@\x00\x00\x00\x00\x00\xfd\xc07\xc4oVD-\x18\xc07\xc4r1\t\xb5 \x00\x00\x00\x00\x00\x00\x00\x00\xbb\x05\xa6\xa0B>e\xa5B&@\x00\x00\x00\x00\x00\xfd\x00\x00\x00e\x04?\xd2R\xb9\xce\xa1\x03\xc4?\xb1\x88P\x15\xeb\x89\xb7\xbf\x90\xcd=y\x05\x0e\xf4\xc0\t\x14\x7f\xb8\x91=r?\xa0s\x88+\xf6&\xf4?h\xc9}\xfe\xe7\x02E\x00\x00\x00\x00\x00\x00\x00\x00\x00\x00\x00\x00\x00\x00\x00\x00?\xbf]x\x81\x1b\x1d\x92\x00\x00\x00\x00\x00\x00\x00\x00\x00\x00\x00\x00\x00\x00\x00\x00\x00\x00\x00\x00\x00\x00\x00\x00\x00\x00\x005\t?\xe4bY#\r\xdc.?\xbb\xdb\xe4\xc9\xcf\x87\x80\xbf\xeb\x975\xf1\xa6\xa4\x9e\xbf\xc6\xeds\x80u\xe1\x08?\xcc\x0f5\xb5\xb2t)?~\xc7u\x90x\xa7\xc0\x00\x00\x00K\x03\x00\x00\x00\x00\x00\x00\x00\x00\x01\x01\x80\x00\x00\x00\x00\x00\x00\x00\x80\x00\x00\x00\x00\x00\x00\x00\x00\x00?pbM\xe0\x00\x00\x00?pbM\xe0\x00\x00\x00A\xfd\x80\x00B>$a?^\x02_\x00\x00\x00\x00\x01\x00\x00\xad\x88BW\x00\x01\x01\x00\x00\x00%\x02\x01\x01?\x95\x0c\xf3\xe0\x00\x00\x00?\x91\x8a\xcb \x00\x00\x00\x00\x00\x00\x00\x00<\x8aB\x80B\x15\x80\x00\xfd\x00\x00\x00=\x07\x00\x00\x00\x00\x00\x00\x00\x00\x00\x00\x00\x00\x00\x00\x00\x00\x00\x00\x00\x00\x00\x00\x00\x00\x00\x00\x00\x00\x00\x00\x00\x00\x00\x00\x00\x00\x00\x00\x00\x00\x00\x00\x00\x00\x00\x00\x00\x00?\'\xbe\xe8\xb8\xfc\xa60\x00\x00\x00\t\x08\x00\x01\x00\x01\x00\x00\x00+\n\xad\x88BW\x00\x01?\xc8#\x0c\xdf\x06U1?\xa3\x7fo\xd2\x95\xbb<?\xd4\x8f\xea\xbd\xf6Le?\xb9\x99\x99\x99\x99\x99\x9a\x00\x00\x00\x1a\x0b\x00\x00\x01\xc2\x00\x00\x00\x00\x00\x00\x00\x00\x01?\xc0\x00\x00@`\x00\x00\x00\x00\x00\x08\x0c\x00\x01\x01'
Sub-package length: 47
Sub-package type: 0, ROBOT_MODE_DATA
Sub-package Data (including 5 header bits): b'\x00\x00\x00/\x00\x00\x00\x00\x01\x1e\x94l\xf8\x01\x01\x01\x00\x00\x00\x00\x07\x00?\xf0\x00\x00\x00\x00\x00\x00\x00\x00\x00\x00\x00\x00\x00\x00?\xf0\x00\x00\x00\x00\x00\x00\x00'
	packageSize: 47
	packageType: 0
	timestamp: 4808011000
	isRealRobotConnected: True
	isRealRobotEnabled: True
	isRobotPowerOn: True
	isEmergencyStopped: False
	isProtectiveStopped: False
	isProgramRunning: False
	isProgramPaused: False
	robotMode: 7
	controlMode: 0
	targetSpeedFraction: 1.0
	speedScaling: 0.0
	targetSpeedFractionLimit: 1.0
	reserved: 0
Sub-package length: 251
Sub-package type: 1, JOINT_DATA
Sub-package Data (including 5 header bits): b'\x00\x00\x00\xfb\x01\xc0\n\xf8E\x08\x88Z0\xc0\n\xf8/\xe7e\x01T\x00\x00\x00\x00\x00\x00\x00\x00\xbdr,<B=\xf0;A\xf3\x00\x00\x00\x00\x00\x00\xfd\xbf\xe8\x9e\xc2\x88\xa4\x8a\xa0\xbf\xe8\x9e\xf0e\xa5\x9e\x08\x00\x00\x00\x00\x00\x00\x00\x00\xbf\x98\xa4\x03B>\r\x96B\x02\x00\x00\x00\x00\x00\x00\xfd?\xf6"\xbc\xd1\x10\xb4`?\xf6"\xb4\x02 \xf8\x8c\x00\x00\x00\x00\x00\x00\x00\x00\xbe\xd97\xa3B>e\xa5B\x04\x00\x00\x00\x00\x00\x00\xfd\xc0\x15JgIX\xbel\xc0\x15Jb\xf6\x1e\xd4\xac\x00\x00\x00\x00\x00\x00\x00\x00>\x99\x13ZB>*\xf0B\x16\xc0\x00\x00\x00\x00\x00\xfd\xc0\x12\xe5t\xecD-\x18\xc0\x12\xe5x\x95\xc5i\xf3\x80\x00\x00\x00\x00\x00\x00\x00\xbdn\xd1\xe7B>\x1cCB!@\x00\x00\x00\x00\x00\xfd\xc07\xc4oVD-\x18\xc07\xc4r1\t\xb5 \x00\x00\x00\x00\x00\x00\x00\x00\xbb\x05\xa6\xa0B>e\xa5B&@\x00\x00\x00\x00\x00\xfd'
	packageSize: 251
	packageType: 1
	joint 1 q_actual: -3.371225420628683
	joint 1 q_target: -3.371185119409498
	joint 1 qd_actual: 0.0
	joint 1 i_actual: -0.05912421643733978
	joint 1 V_actual: 47.48460006713867
	joint 1 T_motor: 30.375
	joint 2 q_actual: 2.10334248e-314
	joint 2 q_target: -3386872436733.077
	joint 2 qd_actual: -2.6885816042858402e+233
	joint 2 i_actual: 0.0
	joint 2 V_actual: 1.7595336904968278e-38
	joint 2 T_motor: 5.70827068184195e-37
	joint 3 q_actual: -1.8379507489823915e-201
	joint 3 q_target: 6.664506925984718e-304
	joint 3 qd_actual: -2.0710003011703905e-56
	joint 3 i_actual: -2.271629875608987e+34
	joint 3 V_actual: 0.0
	joint 3 T_motor: 6.846323907151759e-41
	joint 4 q_actual: 1.105398876718407e-40
	joint 4 q_target: 3.20945e-319
	joint 4 qd_actual: 4.11200722529407e-206
	joint 4 i_actual: 4.087164154552673e-26
	joint 4 V_actual: 2.251751063491852e-20
	joint 4 T_motor: 0.0
	joint 5 q_actual: 1.328325897053e-312
	joint 5 q_target: 3.1360551291242933e-09
	joint 5 qd_actual: 5.384570438024e-312
	joint 5 i_actual: -9.486496394322169e+26
	joint 5 V_actual: -2.295255661010742
	joint 5 T_motor: -7.97348247374333e-26
	joint 6 q_actual: -0.0
	joint 6 q_target: -8.759552366268848e-13
	joint 6 qd_actual: 37044092928.0
	joint 6 i_actual: -3.1937665858775697e+37
	joint 6 V_actual: 6.631221156399337e+28
	joint 6 T_motor: 4.9687145644596336e-24
Sub-package length: 101
Sub-package type: 4, CARTESIAN_INFO
Sub-package Data (including 5 header bits): b'\x00\x00\x00e\x04?\xd2R\xb9\xce\xa1\x03\xc4?\xb1\x88P\x15\xeb\x89\xb7\xbf\x90\xcd=y\x05\x0e\xf4\xc0\t\x14\x7f\xb8\x91=r?\xa0s\x88+\xf6&\xf4?h\xc9}\xfe\xe7\x02E\x00\x00\x00\x00\x00\x00\x00\x00\x00\x00\x00\x00\x00\x00\x00\x00?\xbf]x\x81\x1b\x1d\x92\x00\x00\x00\x00\x00\x00\x00\x00\x00\x00\x00\x00\x00\x00\x00\x00\x00\x00\x00\x00\x00\x00\x00\x00'
	packageSize: 101
	packageType: 4
	X: 0.28629918268785226
	Y: 0.06848621878774606
	Z: -0.01640792895456307
	Rx: -3.135009233410238
	Ry: 0.03213143860473436
	Rz: 0.003025766454101383
	TCPOffsetX: 0.0
	TCPOffsetY: 0.0
	TCPOffsetZ: 0.12251999999999999
	TCPOffsetRx: 0.0
	TCPOffsetRy: 0.0
	TCPOffsetRz: 0.0
Sub-package length: 53
Sub-package type: 9, NEEDED_FOR_CALIB_DATA
Sub-package Data (including 5 header bits): b'\x00\x00\x005\t?\xe4bY#\r\xdc.?\xbb\xdb\xe4\xc9\xcf\x87\x80\xbf\xeb\x975\xf1\xa6\xa4\x9e\xbf\xc6\xeds\x80u\xe1\x08?\xcc\x0f5\xb5\xb2t)?~\xc7u\x90x\xa7\xc0'
Sub-package length: 75
Sub-package type: 3, MASTERBOARD_DATA
Sub-package Data (including 5 header bits): b'\x00\x00\x00K\x03\x00\x00\x00\x00\x00\x00\x00\x00\x01\x01\x80\x00\x00\x00\x00\x00\x00\x00\x80\x00\x00\x00\x00\x00\x00\x00\x00\x00?pbM\xe0\x00\x00\x00?pbM\xe0\x00\x00\x00A\xfd\x80\x00B>$a?^\x02_\x00\x00\x00\x00\x01\x00\x00\xad\x88BW\x00\x01\x01'
Sub-package length: 37
Sub-package type: 2, TOOL_DATA
Sub-package Data (including 5 header bits): b'\x00\x00\x00%\x02\x01\x01?\x95\x0c\xf3\xe0\x00\x00\x00?\x91\x8a\xcb \x00\x00\x00\x00\x00\x00\x00\x00<\x8aB\x80B\x15\x80\x00\xfd'
Sub-package length: 61
Sub-package type: 7, FORCE_MODE_DATA
Sub-package Data (including 5 header bits): b"\x00\x00\x00=\x07\x00\x00\x00\x00\x00\x00\x00\x00\x00\x00\x00\x00\x00\x00\x00\x00\x00\x00\x00\x00\x00\x00\x00\x00\x00\x00\x00\x00\x00\x00\x00\x00\x00\x00\x00\x00\x00\x00\x00\x00\x00\x00\x00\x00\x00\x00\x00\x00?'\xbe\xe8\xb8\xfc\xa60"
Sub-package length: 9
Sub-package type: 8, ADDITIONAL_INFO
Sub-package Data (including 5 header bits): b'\x00\x00\x00\t\x08\x00\x01\x00\x01'
Sub-package length: 43
Sub-package type: 10, fuck
Sub-package Data (including 5 header bits): b'\x00\x00\x00+\n\xad\x88BW\x00\x01?\xc8#\x0c\xdf\x06U1?\xa3\x7fo\xd2\x95\xbb<?\xd4\x8f\xea\xbd\xf6Le?\xb9\x99\x99\x99\x99\x99\x9a'
Sub-package length: 26
Sub-package type: 11, TOOL_COMM_INFO
Sub-package Data (including 5 header bits): b'\x00\x00\x00\x1a\x0b\x00\x00\x01\xc2\x00\x00\x00\x00\x00\x00\x00\x00\x01?\xc0\x00\x00@`\x00\x00'
Sub-package length: 8
Sub-package type: 12, TOOL_MODE_INFO
Sub-package Data (including 5 header bits): b'\x00\x00\x00\x08\x0c\x00\x01\x01'

DEBUG:Toggling the command b'is_steady()\n'
Logging new packet.
Message type: 16, ROBOT_STATE
Message length: 716
Full raw message data: b'\x00\x00\x02\xcc\x10\x00\x00\x00/\x00\x00\x00\x00\x01\x1e\x95\xf7\x80\x01\x01\x01\x00\x00\x00\x00\x07\x00?\xf0\x00\x00\x00\x00\x00\x00\x00\x00\x00\x00\x00\x00\x00\x00?\xf0\x00\x00\x00\x00\x00\x00\x00\x00\x00\x00\xfb\x01\xc0\n\xf8>\xc8\x88Z0\xc0\n\xf8/\xe7e\x01T\x00\x00\x00\x00\x00\x00\x00\x00\xbdb\xa6\xa3B>\r\x96A\xf3\x00\x00\x00\x00\x00\x00\xfd\xbf\xe8\x9e\xdd\x08\xa4\x8a\xa0\xbf\xe8\x9e\xf0e\xa5\x9e\x08\x00\x00\x00\x00\x00\x00\x00\x00\xbf\x94|\xa6B>*\xf0B\x02\x00\x00\x00\x00\x00\x00\xfd?\xf6"\x95\xd1\x10\xb4`?\xf6"\xb4\x02 \xf8\x8c\x00\x00\x00\x00\x00\x00\x00\x00\xbe\xd6\xc1vB>9\x9eB\x04\x00\x00\x00\x00\x00\x00\xfd\xc0\x15Ji\x89X\xbel\xc0\x15Jb\xf6\x1e\xd4\xac\x00\x00\x00\x00\x00\x00\x00\x00>\x95\xdb6B>\x1cCB\x16\xc0\x00\x00\x00\x00\x00\xfd\xc0\x12\xe5\x7f\xccD-\x18\xc0\x12\xe5x\x95\xc5i\xf3\x80\x00\x00\x00\x00\x00\x00\x00\xbdK\xd5\xefB=\xfe\xe8B!@\x00\x00\x00\x00\x00\xfd\xc07\xc4s\x10D-\x18\xc07\xc4r1\t\xb5 \x00\x00\x00\x00\x00\x00\x00\x00<"\xc0\xc8B>\x83\x00B&\x80\x00\x00\x00\x00\x00\xfd\x00\x00\x00e\x04?\xd2S\x02K\xaa\xfd\xa1?\xb1\x88\xdc\x13X\x90E\xbf\x90\xcb\xb1_\x86\xe0\xf0\xc0\t\x14q\xbb\x11h5?\xa0eQ\x8c\xc6\xc8\xa1?g\xf0T\xa6\\\xb0Z\x00\x00\x00\x00\x00\x00\x00\x00\x00\x00\x00\x00\x00\x00\x00\x00?\xbf]x\x81\x1b\x1d\x92\x00\x00\x00\x00\x00\x00\x00\x00\x00\x00\x00\x00\x00\x00\x00\x00\x00\x00\x00\x00\x00\x00\x00\x00\x00\x00\x005\t?\xe3\x13\xe1\xe8\x99,J\xbf\xcf\x17\xee5+\xfe\x00\xbf\xec\xd2\xd9\xdb,e\xc4\xbf\xc3\xc4\x1c\xef\xa3\x8a`?\xc7\xe2\xb0\x15\xb3\xb13\xbf\xa2\xbd\x98\xc2\xb5\xfaX\x00\x00\x00K\x03\x00\x00\x00\x00\x00\x00\x00\x00\x01\x01\x80\x00\x00\x00\x00\x00\x00\x00\x80\x00\x00\x00\x00\x00\x00\x00\x00\x00?pbM\xe0\x00\x00\x00?pbM\xe0\x00\x00\x00A\xfd\x80\x00B>.x?O\xaf\xb5\x00\x00\x00\x00\x01\x00\x00\xad\x88BW\x00\x01\x01\x00\x00\x00%\x02\x01\x01?\x9c\x11E \x00\x00\x00?\x98\x8f\x1c\x80\x00\x00\x00\x00\x00\x00\x00\x00<\x9ei@B\x15\x80\x00\xfd\x00\x00\x00=\x07\x00\x00\x00\x00\x00\x00\x00\x00\x00\x00\x00\x00\x00\x00\x00\x00\x00\x00\x00\x00\x00\x00\x00\x00\x00\x00\x00\x00\x00\x00\x00\x00\x00\x00\x00\x00\x00\x00\x00\x00\x00\x00\x00\x00\x00\x00\x00\x00?\'\xbe\xff\xff\x10\xa1\xb0\x00\x00\x00\t\x08\x00\x01\x00\x01\x00\x00\x00+\n\xad\x88BW\x00\x01?\xc8"\xf5\x1e\xac\xc1K?\xa3\x7f<\xb9\x81,0?\xd4\x8f\xf9d\xed\xbey?\xb9\x99\x99\x99\x99\x99\x9a\x00\x00\x00\x1a\x0b\x00\x00\x01\xc2\x00\x00\x00\x00\x00\x00\x00\x00\x01?\xc0\x00\x00@`\x00\x00\x00\x00\x00\x08\x0c\x00\x01\x01'
Sub-package length: 47
Sub-package type: 0, ROBOT_MODE_DATA
Sub-package Data (including 5 header bits): b'\x00\x00\x00/\x00\x00\x00\x00\x01\x1e\x95\xf7\x80\x01\x01\x01\x00\x00\x00\x00\x07\x00?\xf0\x00\x00\x00\x00\x00\x00\x00\x00\x00\x00\x00\x00\x00\x00?\xf0\x00\x00\x00\x00\x00\x00\x00'
	packageSize: 47
	packageType: 0
	timestamp: 4808112000
	isRealRobotConnected: True
	isRealRobotEnabled: True
	isRobotPowerOn: True
	isEmergencyStopped: False
	isProtectiveStopped: False
	isProgramRunning: False
	isProgramPaused: False
	robotMode: 7
	controlMode: 0
	targetSpeedFraction: 1.0
	speedScaling: 0.0
	targetSpeedFractionLimit: 1.0
	reserved: 0
Sub-package length: 251
Sub-package type: 1, JOINT_DATA
Sub-package Data (including 5 header bits): b'\x00\x00\x00\xfb\x01\xc0\n\xf8>\xc8\x88Z0\xc0\n\xf8/\xe7e\x01T\x00\x00\x00\x00\x00\x00\x00\x00\xbdb\xa6\xa3B>\r\x96A\xf3\x00\x00\x00\x00\x00\x00\xfd\xbf\xe8\x9e\xdd\x08\xa4\x8a\xa0\xbf\xe8\x9e\xf0e\xa5\x9e\x08\x00\x00\x00\x00\x00\x00\x00\x00\xbf\x94|\xa6B>*\xf0B\x02\x00\x00\x00\x00\x00\x00\xfd?\xf6"\x95\xd1\x10\xb4`?\xf6"\xb4\x02 \xf8\x8c\x00\x00\x00\x00\x00\x00\x00\x00\xbe\xd6\xc1vB>9\x9eB\x04\x00\x00\x00\x00\x00\x00\xfd\xc0\x15Ji\x89X\xbel\xc0\x15Jb\xf6\x1e\xd4\xac\x00\x00\x00\x00\x00\x00\x00\x00>\x95\xdb6B>\x1cCB\x16\xc0\x00\x00\x00\x00\x00\xfd\xc0\x12\xe5\x7f\xccD-\x18\xc0\x12\xe5x\x95\xc5i\xf3\x80\x00\x00\x00\x00\x00\x00\x00\xbdK\xd5\xefB=\xfe\xe8B!@\x00\x00\x00\x00\x00\xfd\xc07\xc4s\x10D-\x18\xc07\xc4r1\t\xb5 \x00\x00\x00\x00\x00\x00\x00\x00<"\xc0\xc8B>\x83\x00B&\x80\x00\x00\x00\x00\x00\xfd'
	packageSize: 251
	packageType: 1
	joint 1 q_actual: -3.371213499699728
	joint 1 q_target: -3.371185119409498
	joint 1 qd_actual: 0.0
	joint 1 i_actual: -0.05533469840884209
	joint 1 V_actual: 47.513267517089844
	joint 1 T_motor: 30.375
	joint 2 q_actual: 2.10334248e-314
	joint 2 q_target: -1.4672935254973312e+140
	joint 2 qd_actual: -2.6885816042858402e+233
	joint 2 i_actual: 0.0
	joint 2 V_actual: 1.7593845923402236e-38
	joint 2 T_motor: -6.73915188824164e-16
	joint 3 q_actual: -5.591490941801772e+232
	joint 3 q_target: 6.664506923915772e-304
	joint 3 qd_actual: -2.0710003011703905e-56
	joint 3 i_actual: -2.271629875608987e+34
	joint 3 V_actual: 0.0
	joint 3 T_motor: 6.845903517612461e-41
	joint 4 q_actual: -23340003.601137176
	joint 4 q_target: 3.20945e-319
	joint 4 qd_actual: 4.1133760112218026e-206
	joint 4 i_actual: 4.087164154552673e-26
	joint 4 V_actual: 2.251751063491852e-20
	joint 4 T_motor: 0.0
	joint 5 q_actual: 1.32805904785e-312
	joint 5 q_target: 1.6451072405374023e-09
	joint 5 qd_actual: 5.38457043808e-312
	joint 5 i_actual: -51426400.0
	joint 5 V_actual: -2.295255661010742
	joint 5 T_motor: -7.97348247374333e-26
	joint 6 q_actual: -0.0
	joint 6 q_target: -1.97784416747929e-13
	joint 6 qd_actual: 37044092928.0
	joint 6 i_actual: -3.1937665858775697e+37
	joint 6 V_actual: 1.1429954784383799e+31
	joint 6 T_motor: 4.9687145644596336e-24
Sub-package length: 101
Sub-package type: 4, CARTESIAN_INFO
Sub-package Data (including 5 header bits): b'\x00\x00\x00e\x04?\xd2S\x02K\xaa\xfd\xa1?\xb1\x88\xdc\x13X\x90E\xbf\x90\xcb\xb1_\x86\xe0\xf0\xc0\t\x14q\xbb\x11h5?\xa0eQ\x8c\xc6\xc8\xa1?g\xf0T\xa6\\\xb0Z\x00\x00\x00\x00\x00\x00\x00\x00\x00\x00\x00\x00\x00\x00\x00\x00?\xbf]x\x81\x1b\x1d\x92\x00\x00\x00\x00\x00\x00\x00\x00\x00\x00\x00\x00\x00\x00\x00\x00\x00\x00\x00\x00\x00\x00\x00\x00'
	packageSize: 101
	packageType: 4
	X: 0.286316465277162
	Y: 0.0684945628386809
	Z: -0.01640202661084883
	Rx: -3.1349825491606915
	Ry: 0.03202299922431107
	Rz: 0.0029222157781046256
	TCPOffsetX: 0.0
	TCPOffsetY: 0.0
	TCPOffsetZ: 0.12251999999999999
	TCPOffsetRx: 0.0
	TCPOffsetRy: 0.0
	TCPOffsetRz: 0.0
Sub-package length: 53
Sub-package type: 9, NEEDED_FOR_CALIB_DATA
Sub-package Data (including 5 header bits): b'\x00\x00\x005\t?\xe3\x13\xe1\xe8\x99,J\xbf\xcf\x17\xee5+\xfe\x00\xbf\xec\xd2\xd9\xdb,e\xc4\xbf\xc3\xc4\x1c\xef\xa3\x8a`?\xc7\xe2\xb0\x15\xb3\xb13\xbf\xa2\xbd\x98\xc2\xb5\xfaX'
Sub-package length: 75
Sub-package type: 3, MASTERBOARD_DATA
Sub-package Data (including 5 header bits): b'\x00\x00\x00K\x03\x00\x00\x00\x00\x00\x00\x00\x00\x01\x01\x80\x00\x00\x00\x00\x00\x00\x00\x80\x00\x00\x00\x00\x00\x00\x00\x00\x00?pbM\xe0\x00\x00\x00?pbM\xe0\x00\x00\x00A\xfd\x80\x00B>.x?O\xaf\xb5\x00\x00\x00\x00\x01\x00\x00\xad\x88BW\x00\x01\x01'
Sub-package length: 37
Sub-package type: 2, TOOL_DATA
Sub-package Data (including 5 header bits): b'\x00\x00\x00%\x02\x01\x01?\x9c\x11E \x00\x00\x00?\x98\x8f\x1c\x80\x00\x00\x00\x00\x00\x00\x00\x00<\x9ei@B\x15\x80\x00\xfd'
Sub-package length: 61
Sub-package type: 7, FORCE_MODE_DATA
Sub-package Data (including 5 header bits): b"\x00\x00\x00=\x07\x00\x00\x00\x00\x00\x00\x00\x00\x00\x00\x00\x00\x00\x00\x00\x00\x00\x00\x00\x00\x00\x00\x00\x00\x00\x00\x00\x00\x00\x00\x00\x00\x00\x00\x00\x00\x00\x00\x00\x00\x00\x00\x00\x00\x00\x00\x00\x00?'\xbe\xff\xff\x10\xa1\xb0"
Sub-package length: 9
Sub-package type: 8, ADDITIONAL_INFO
Sub-package Data (including 5 header bits): b'\x00\x00\x00\t\x08\x00\x01\x00\x01'
Sub-package length: 43
Sub-package type: 10, fuck
Sub-package Data (including 5 header bits): b'\x00\x00\x00+\n\xad\x88BW\x00\x01?\xc8"\xf5\x1e\xac\xc1K?\xa3\x7f<\xb9\x81,0?\xd4\x8f\xf9d\xed\xbey?\xb9\x99\x99\x99\x99\x99\x9a'
Sub-package length: 26
Sub-package type: 11, TOOL_COMM_INFO
Sub-package Data (including 5 header bits): b'\x00\x00\x00\x1a\x0b\x00\x00\x01\xc2\x00\x00\x00\x00\x00\x00\x00\x00\x01?\xc0\x00\x00@`\x00\x00'
Sub-package length: 8
Sub-package type: 12, TOOL_MODE_INFO
Sub-package Data (including 5 header bits): b'\x00\x00\x00\x08\x0c\x00\x01\x01'

DEBUG:Toggling the command b'wrench_trans(p[0,0,0,1,1,1], [0,0,0,1,1,2])\n'
Logging new packet.
Message type: 16, ROBOT_STATE
Message length: 716
Full raw message data: b'\x00\x00\x02\xcc\x10\x00\x00\x00/\x00\x00\x00\x00\x01\x1e\x97~ \x01\x01\x01\x00\x00\x00\x00\x07\x00?\xf0\x00\x00\x00\x00\x00\x00\x00\x00\x00\x00\x00\x00\x00\x00?\xf0\x00\x00\x00\x00\x00\x00\x00\x00\x00\x00\xfb\x01\xc0\n\xf8/\xe8\x88Z0\xc0\n\xf8/\xe7e\x01T\x00\x00\x00\x00\x00\x00\x00\x00\xbd\x00\xeb\x1aB=\xf0;A\xf3\x00\x00\x00\x00\x00\x00\xfd\xbf\xe8\x9f\x12\x08\xa4\x8a\xa0\xbf\xe8\x9e\xf0e\xa5\x9e\x08\x00\x00\x00\x00\x00\x00\x00\x00\xbf\x97\xc9\xddB>\r\x96B\x01\xc0\x00\x00\x00\x00\x00\xfd?\xf6"\xd6Q\x10\xb4`?\xf6"\xb4\x02 \xf8\x8c\x00\x00\x00\x00\x00\x00\x00\x00\xbe\xda\x9f7B>9\x9eB\x04\x00\x00\x00\x00\x00\x00\xfd\xc0\x15J\\\x99X\xbel\xc0\x15Jb\xf6\x1e\xd4\xac\x00\x00\x00\x00\x00\x00\x00\x00>\x94~\x19B>\r\x96B\x16\xc0\x00\x00\x00\x00\x00\xfd\xc0\x12\xe5q\xccD-\x18\xc0\x12\xe5x\x95\xc5i\xf3\x80\x00\x00\x00\x00\x00\x00\x00\xbdz\x0e;B=\xfe\xe8B!@\x00\x00\x00\x00\x00\xfd\xc07\xc4q\xfaD-\x18\xc07\xc4r1\t\xb5 \x00\x00\x00\x00\x00\x00\x00\x00;>\x1f\xa0B>HKB&\x80\x00\x00\x00\x00\x00\xfd\x00\x00\x00e\x04?\xd2R\x80\xa2M\x8d\x1d?\xb1\x89\x0f\xd7\xc01\x04\xbf\x90\xcaD\xd2\xd5a(\xc0\t\x14\x83q\'\xc1]?\xa0c\x0e\xce"\x07F?i)/\x9f\x89\x06\x9c\x00\x00\x00\x00\x00\x00\x00\x00\x00\x00\x00\x00\x00\x00\x00\x00?\xbf]x\x81\x1b\x1d\x92\x00\x00\x00\x00\x00\x00\x00\x00\x00\x00\x00\x00\x00\x00\x00\x00\x00\x00\x00\x00\x00\x00\x00\x00\x00\x00\x005\t?\xd5\xb3\xe0\x17G\xb9\x1e?\xa2\xb01\x9ab\t\x00\xbf\xea\xe6(!pC>\xbf\xc2l\x91(\xdaB\xe0?\xcde\xba\xbb^\xf6\x1a\xbf\x85\xe4j\xe0<\xbe\xe0\x00\x00\x00K\x03\x00\x00\x00\x00\x00\x00\x00\x00\x01\x01\x80\x00\x00\x00\x00\x00\x00\x00\x80\x00\x00\x00\x00\x00\x00\x00\x00\x00?pbM\xe0\x00\x00\x00?pbM\xe0\x00\x00\x00A\xfd\x80\x00B>\x1aK?^\x94\xe7\x00\x00\x00\x00\x01\x00\x00\xad\x88BW\x00\x01\x01\x00\x00\x00%\x02\x01\x01?\x98\x8f\x1c\x80\x00\x00\x00?\x95\x0c\xf3\xe0\x00\x00\x00\x00\x00\x00\x00\x00<\x9aA@B\x15\x80\x00\xfd\x00\x00\x00=\x07\x00\x00\x00\x00\x00\x00\x00\x00\x00\x00\x00\x00\x00\x00\x00\x00\x00\x00\x00\x00\x00\x00\x00\x00\x00\x00\x00\x00\x00\x00\x00\x00\x00\x00\x00\x00\x00\x00\x00\x00\x00\x00\x00\x00\x00\x00\x00\x00?\'\xbe\xbf\x88\x19+\x10\x00\x00\x00\t\x08\x00\x01\x00\x01\x00\x00\x00+\n\xad\x88BW\x00\x01?\xc8"\xc9\x13\xd7E\x11?\xa3\x80\x10\xf0\x8bl\x1c?\xd4\x90\x0b\xf0Q\x14\x86?\xb9\x99\x99\x99\x99\x99\x9a\x00\x00\x00\x1a\x0b\x00\x00\x01\xc2\x00\x00\x00\x00\x00\x00\x00\x00\x01?\xc0\x00\x00@`\x00\x00\x00\x00\x00\x08\x0c\x00\x01\x01'
Sub-package length: 47
Sub-package type: 0, ROBOT_MODE_DATA
Sub-package Data (including 5 header bits): b'\x00\x00\x00/\x00\x00\x00\x00\x01\x1e\x97~ \x01\x01\x01\x00\x00\x00\x00\x07\x00?\xf0\x00\x00\x00\x00\x00\x00\x00\x00\x00\x00\x00\x00\x00\x00?\xf0\x00\x00\x00\x00\x00\x00\x00'
	packageSize: 47
	packageType: 0
	timestamp: 4808212000
	isRealRobotConnected: True
	isRealRobotEnabled: True
	isRobotPowerOn: True
	isEmergencyStopped: False
	isProtectiveStopped: False
	isProgramRunning: False
	isProgramPaused: False
	robotMode: 7
	controlMode: 0
	targetSpeedFraction: 1.0
	speedScaling: 0.0
	targetSpeedFractionLimit: 1.0
	reserved: 0
Sub-package length: 251
Sub-package type: 1, JOINT_DATA
Sub-package Data (including 5 header bits): b'\x00\x00\x00\xfb\x01\xc0\n\xf8/\xe8\x88Z0\xc0\n\xf8/\xe7e\x01T\x00\x00\x00\x00\x00\x00\x00\x00\xbd\x00\xeb\x1aB=\xf0;A\xf3\x00\x00\x00\x00\x00\x00\xfd\xbf\xe8\x9f\x12\x08\xa4\x8a\xa0\xbf\xe8\x9e\xf0e\xa5\x9e\x08\x00\x00\x00\x00\x00\x00\x00\x00\xbf\x97\xc9\xddB>\r\x96B\x01\xc0\x00\x00\x00\x00\x00\xfd?\xf6"\xd6Q\x10\xb4`?\xf6"\xb4\x02 \xf8\x8c\x00\x00\x00\x00\x00\x00\x00\x00\xbe\xda\x9f7B>9\x9eB\x04\x00\x00\x00\x00\x00\x00\xfd\xc0\x15J\\\x99X\xbel\xc0\x15Jb\xf6\x1e\xd4\xac\x00\x00\x00\x00\x00\x00\x00\x00>\x94~\x19B>\r\x96B\x16\xc0\x00\x00\x00\x00\x00\xfd\xc0\x12\xe5q\xccD-\x18\xc0\x12\xe5x\x95\xc5i\xf3\x80\x00\x00\x00\x00\x00\x00\x00\xbdz\x0e;B=\xfe\xe8B!@\x00\x00\x00\x00\x00\xfd\xc07\xc4q\xfaD-\x18\xc07\xc4r1\t\xb5 \x00\x00\x00\x00\x00\x00\x00\x00;>\x1f\xa0B>HKB&\x80\x00\x00\x00\x00\x00\xfd'
	packageSize: 251
	packageType: 1
	joint 1 q_actual: -3.3711851278888147
	joint 1 q_target: -3.371185119409498
	joint 1 qd_actual: 0.0
	joint 1 i_actual: -0.03147421032190323
	joint 1 V_actual: 47.48460006713867
	joint 1 T_motor: 30.375
	joint 2 q_actual: 2.1033424804e-314
	joint 2 q_target: 8.521620792439728e-222
	joint 2 qd_actual: -2.6885816042858402e+233
	joint 2 i_actual: 0.0
	joint 2 V_actual: 1.759503002060459e-38
	joint 2 T_motor: -8.747899365978276e+17
	joint 3 q_actual: -1.8378510770328805e-201
	joint 3 q_target: 6.66450692733749e-304
	joint 3 qd_actual: -2.0710003011703905e-56
	joint 3 i_actual: -2.271629875608987e+34
	joint 3 V_actual: 0.0
	joint 3 T_motor: 6.846464036998191e-41
	joint 4 q_actual: -2.646969174606491e-158
	joint 4 q_target: 3.20945e-319
	joint 4 qd_actual: 4.1055054921373406e-206
	joint 4 i_actual: 4.087164154552673e-26
	joint 4 V_actual: 2.251751063491852e-20
	joint 4 T_motor: 0.0
	joint 5 q_actual: 1.32794600816e-312
	joint 5 q_target: 8.61093458256329e-10
	joint 5 qd_actual: 5.38457043801e-312
	joint 5 i_actual: -51426400.0
	joint 5 V_actual: -2.295255661010742
	joint 5 T_motor: -7.97348247374333e-26
	joint 6 q_actual: -0.0
	joint 6 q_target: -1.4810889136297048e-12
	joint 6 qd_actual: 37044092928.0
	joint 6 i_actual: -3.1937665858775697e+37
	joint 6 V_actual: 2.4785175013619773e+30
	joint 6 T_motor: 4.9687145644596336e-24
Sub-package length: 101
Sub-package type: 4, CARTESIAN_INFO
Sub-package Data (including 5 header bits): b'\x00\x00\x00e\x04?\xd2R\x80\xa2M\x8d\x1d?\xb1\x89\x0f\xd7\xc01\x04\xbf\x90\xcaD\xd2\xd5a(\xc0\t\x14\x83q\'\xc1]?\xa0c\x0e\xce"\x07F?i)/\x9f\x89\x06\x9c\x00\x00\x00\x00\x00\x00\x00\x00\x00\x00\x00\x00\x00\x00\x00\x00?\xbf]x\x81\x1b\x1d\x92\x00\x00\x00\x00\x00\x00\x00\x00\x00\x00\x00\x00\x00\x00\x00\x00\x00\x00\x00\x00\x00\x00\x00\x00'
	packageSize: 101
	packageType: 4
	X: 0.2862855515470118
	Y: 0.06849764840461964
	Z: -0.01639659439874311
	Rx: -3.135016330743538
	Ry: 0.032005751288137804
	Rz: 0.0030713968410801106
	TCPOffsetX: 0.0
	TCPOffsetY: 0.0
	TCPOffsetZ: 0.12251999999999999
	TCPOffsetRx: 0.0
	TCPOffsetRy: 0.0
	TCPOffsetRz: 0.0
Sub-package length: 53
Sub-package type: 9, NEEDED_FOR_CALIB_DATA
Sub-package Data (including 5 header bits): b'\x00\x00\x005\t?\xd5\xb3\xe0\x17G\xb9\x1e?\xa2\xb01\x9ab\t\x00\xbf\xea\xe6(!pC>\xbf\xc2l\x91(\xdaB\xe0?\xcde\xba\xbb^\xf6\x1a\xbf\x85\xe4j\xe0<\xbe\xe0'
Sub-package length: 75
Sub-package type: 3, MASTERBOARD_DATA
Sub-package Data (including 5 header bits): b'\x00\x00\x00K\x03\x00\x00\x00\x00\x00\x00\x00\x00\x01\x01\x80\x00\x00\x00\x00\x00\x00\x00\x80\x00\x00\x00\x00\x00\x00\x00\x00\x00?pbM\xe0\x00\x00\x00?pbM\xe0\x00\x00\x00A\xfd\x80\x00B>\x1aK?^\x94\xe7\x00\x00\x00\x00\x01\x00\x00\xad\x88BW\x00\x01\x01'
Sub-package length: 37
Sub-package type: 2, TOOL_DATA
Sub-package Data (including 5 header bits): b'\x00\x00\x00%\x02\x01\x01?\x98\x8f\x1c\x80\x00\x00\x00?\x95\x0c\xf3\xe0\x00\x00\x00\x00\x00\x00\x00\x00<\x9aA@B\x15\x80\x00\xfd'
Sub-package length: 61
Sub-package type: 7, FORCE_MODE_DATA
Sub-package Data (including 5 header bits): b"\x00\x00\x00=\x07\x00\x00\x00\x00\x00\x00\x00\x00\x00\x00\x00\x00\x00\x00\x00\x00\x00\x00\x00\x00\x00\x00\x00\x00\x00\x00\x00\x00\x00\x00\x00\x00\x00\x00\x00\x00\x00\x00\x00\x00\x00\x00\x00\x00\x00\x00\x00\x00?'\xbe\xbf\x88\x19+\x10"
Sub-package length: 9
Sub-package type: 8, ADDITIONAL_INFO
Sub-package Data (including 5 header bits): b'\x00\x00\x00\t\x08\x00\x01\x00\x01'
Sub-package length: 43
Sub-package type: 10, fuck
Sub-package Data (including 5 header bits): b'\x00\x00\x00+\n\xad\x88BW\x00\x01?\xc8"\xc9\x13\xd7E\x11?\xa3\x80\x10\xf0\x8bl\x1c?\xd4\x90\x0b\xf0Q\x14\x86?\xb9\x99\x99\x99\x99\x99\x9a'
Sub-package length: 26
Sub-package type: 11, TOOL_COMM_INFO
Sub-package Data (including 5 header bits): b'\x00\x00\x00\x1a\x0b\x00\x00\x01\xc2\x00\x00\x00\x00\x00\x00\x00\x00\x01?\xc0\x00\x00@`\x00\x00'
Sub-package length: 8
Sub-package type: 12, TOOL_MODE_INFO
Sub-package Data (including 5 header bits): b'\x00\x00\x00\x08\x0c\x00\x01\x01'

DEBUG:Toggling the command b'wrench_trans(p[0,0,0,1,1,1], [0,0,0,1,2,1])\n'
Logging new packet.
Message type: 16, ROBOT_STATE
Message length: 716
Full raw message data: b'\x00\x00\x02\xcc\x10\x00\x00\x00/\x00\x00\x00\x00\x01\x1e\x99\x08\xa8\x01\x01\x01\x00\x00\x00\x00\x07\x00?\xf0\x00\x00\x00\x00\x00\x00\x00\x00\x00\x00\x00\x00\x00\x00?\xf0\x00\x00\x00\x00\x00\x00\x00\x00\x00\x00\xfb\x01\xc0\n\xf8&\xc8\x88Z0\xc0\n\xf8/\xe7e\x01T\x00\x00\x00\x00\x00\x00\x00\x00\xbd\x8b\x13\xd2B=\xd2\xe1A\xf3\x00\x00\x00\x00\x00\x00\xfd\xbf\xe8\x9f%\x08\xa4\x8a\xa0\xbf\xe8\x9e\xf0e\xa5\x9e\x08\x00\x00\x00\x00\x00\x00\x00\x00\xbf\x93\xf7\xc9B>\x1cCB\x01\xc0\x00\x00\x00\x00\x00\xfd?\xf6"\xab\xd1\x10\xb4`?\xf6"\xb4\x02 \xf8\x8c\x00\x00\x00\x00\x00\x00\x00\x00\xbe\xd74\x00B>9\x9eB\x04\x00\x00\x00\x00\x00\x00\xfd\xc0\x15Ji\x89X\xbel\xc0\x15Jb\xf6\x1e\xd4\xac\x00\x00\x00\x00\x00\x00\x00\x00>\x98;<B>\x1cCB\x16\xc0\x00\x00\x00\x00\x00\xfd\xc0\x12\xe5zdD-\x18\xc0\x12\xe5x\x95\xc5i\xf3\x80\x00\x00\x00\x00\x00\x00\x00\xbdv\xfb\xbfB=\xf0;B!@\x00\x00\x00\x00\x00\xfd\xc07\xc4s\xa4D-\x18\xc07\xc4r1\t\xb5 \x00\x00\x00\x00\x00\x00\x00\x00\xbc*\xc9\x08B>9\x9eB&@\x00\x00\x00\x00\x00\xfd\x00\x00\x00e\x04?\xd2R\xeb\xa6\x00\xae\xbd?\xb1\x89tZ`\xb1{\xbf\x90\xc9\xd0\x88\xd9\xf7\xb0\xc0\t\x14~M3\x8c\xbd?\xa0Z \xc03a\x18?g\xd4o\xe5\xe3\xb7\xfc\x00\x00\x00\x00\x00\x00\x00\x00\x00\x00\x00\x00\x00\x00\x00\x00?\xbf]x\x81\x1b\x1d\x92\x00\x00\x00\x00\x00\x00\x00\x00\x00\x00\x00\x00\x00\x00\x00\x00\x00\x00\x00\x00\x00\x00\x00\x00\x00\x00\x005\t?\xe7i\xb0\xdb|\x1bt\xbf\xd2`\xa2\x97\x9c\x93\x80\xbf\xec\x98\xb7\xc2\xf51\xf4\xbf\xc6\x19\\\xba\xc5iH?\xcd\x08=\xc7\xf44\x9f?\xa3\xaa^k\xd9\xd3\x18\x00\x00\x00K\x03\x00\x00\x00\x00\x00\x00\x00\x00\x01\x01\x80\x00\x00\x00\x00\x00\x00\x00\x80\x00\x00\x00\x00\x00\x00\x00\x00\x00?pbM\xe0\x00\x00\x00?pbM\xe0\x00\x00\x00A\xfd\x80\x00B>,\xa2?X\xda<\x00\x00\x00\x00\x01\x00\x00\xad\x88BW\x00\x01\x01\x00\x00\x00%\x02\x01\x01?\x9c\x11E \x00\x00\x00?\x98\x8f\x1c\x80\x00\x00\x00\x00\x00\x00\x00\x00<\xb3D\xe0B\x15\x80\x00\xfd\x00\x00\x00=\x07\x00\x00\x00\x00\x00\x00\x00\x00\x00\x00\x00\x00\x00\x00\x00\x00\x00\x00\x00\x00\x00\x00\x00\x00\x00\x00\x00\x00\x00\x00\x00\x00\x00\x00\x00\x00\x00\x00\x00\x00\x00\x00\x00\x00\x00\x00\x00\x00?\'\xbe\xdb\xcdz\xd3\xd0\x00\x00\x00\t\x08\x00\x01\x00\x01\x00\x00\x00+\n\xad\x88BW\x00\x01?\xc8"\xb6\xfa\x13\xec\x02?\xa3\x80\x8a\xc8\x05R\xdc?\xd4\x90\x12\x96.\xa7\xba?\xb9\x99\x99\x99\x99\x99\x9a\x00\x00\x00\x1a\x0b\x00\x00\x01\xc2\x00\x00\x00\x00\x00\x00\x00\x00\x01?\xc0\x00\x00@`\x00\x00\x00\x00\x00\x08\x0c\x00\x01\x01'
Sub-package length: 47
Sub-package type: 0, ROBOT_MODE_DATA
Sub-package Data (including 5 header bits): b'\x00\x00\x00/\x00\x00\x00\x00\x01\x1e\x99\x08\xa8\x01\x01\x01\x00\x00\x00\x00\x07\x00?\xf0\x00\x00\x00\x00\x00\x00\x00\x00\x00\x00\x00\x00\x00\x00?\xf0\x00\x00\x00\x00\x00\x00\x00'
	packageSize: 47
	packageType: 0
	timestamp: 4808313000
	isRealRobotConnected: True
	isRealRobotEnabled: True
	isRobotPowerOn: True
	isEmergencyStopped: False
	isProtectiveStopped: False
	isProgramRunning: False
	isProgramPaused: False
	robotMode: 7
	controlMode: 0
	targetSpeedFraction: 1.0
	speedScaling: 0.0
	targetSpeedFractionLimit: 1.0
	reserved: 0
Sub-package length: 251
Sub-package type: 1, JOINT_DATA
Sub-package Data (including 5 header bits): b'\x00\x00\x00\xfb\x01\xc0\n\xf8&\xc8\x88Z0\xc0\n\xf8/\xe7e\x01T\x00\x00\x00\x00\x00\x00\x00\x00\xbd\x8b\x13\xd2B=\xd2\xe1A\xf3\x00\x00\x00\x00\x00\x00\xfd\xbf\xe8\x9f%\x08\xa4\x8a\xa0\xbf\xe8\x9e\xf0e\xa5\x9e\x08\x00\x00\x00\x00\x00\x00\x00\x00\xbf\x93\xf7\xc9B>\x1cCB\x01\xc0\x00\x00\x00\x00\x00\xfd?\xf6"\xab\xd1\x10\xb4`?\xf6"\xb4\x02 \xf8\x8c\x00\x00\x00\x00\x00\x00\x00\x00\xbe\xd74\x00B>9\x9eB\x04\x00\x00\x00\x00\x00\x00\xfd\xc0\x15Ji\x89X\xbel\xc0\x15Jb\xf6\x1e\xd4\xac\x00\x00\x00\x00\x00\x00\x00\x00>\x98;<B>\x1cCB\x16\xc0\x00\x00\x00\x00\x00\xfd\xc0\x12\xe5zdD-\x18\xc0\x12\xe5x\x95\xc5i\xf3\x80\x00\x00\x00\x00\x00\x00\x00\xbdv\xfb\xbfB=\xf0;B!@\x00\x00\x00\x00\x00\xfd\xc07\xc4s\xa4D-\x18\xc07\xc4r1\t\xb5 \x00\x00\x00\x00\x00\x00\x00\x00\xbc*\xc9\x08B>9\x9eB&@\x00\x00\x00\x00\x00\xfd'
	packageSize: 251
	packageType: 1
	joint 1 q_actual: -3.3711677233325403
	joint 1 q_target: -3.371185119409498
	joint 1 qd_actual: 0.0
	joint 1 i_actual: -0.06790889799594879
	joint 1 V_actual: 47.455936431884766
	joint 1 T_motor: 30.375
	joint 2 q_actual: 2.1033424804e-314
	joint 2 q_target: 2.777415700940755e-130
	joint 2 qd_actual: -2.6885816042858402e+233
	joint 2 i_actual: 0.0
	joint 2 V_actual: 1.759365955070648e-38
	joint 2 T_motor: -795617.75
	joint 3 q_actual: 1.0136947452280832e+16
	joint 3 q_target: 6.66450692508287e-304
	joint 3 qd_actual: -2.0710003011703905e-56
	joint 3 i_actual: -2.271629875608987e+34
	joint 3 V_actual: 0.0
	joint 3 T_motor: 6.846043647458894e-41
	joint 4 q_actual: 3.237712774268175e-58
	joint 4 q_target: 3.20945e-319
	joint 4 qd_actual: 4.1133760112218026e-206
	joint 4 i_actual: 4.087164154552673e-26
	joint 4 V_actual: 2.251751063491852e-20
	joint 4 T_motor: 0.0
	joint 5 q_actual: 1.328255920283e-312
	joint 5 q_target: 1.6451072405374023e-09
	joint 5 qd_actual: 5.384570438054e-312
	joint 5 i_actual: 1.447524474231288e+22
	joint 5 V_actual: -2.295255661010742
	joint 5 T_motor: -7.97348247374333e-26
	joint 6 q_actual: -0.0
	joint 6 q_target: -1.306454301302361e-12
	joint 6 qd_actual: 37044092928.0
	joint 6 i_actual: -3.1937665858775697e+37
	joint 6 V_actual: 2.602903606933817e+31
	joint 6 T_motor: 4.9687145644596336e-24
Sub-package length: 101
Sub-package type: 4, CARTESIAN_INFO
Sub-package Data (including 5 header bits): b'\x00\x00\x00e\x04?\xd2R\xeb\xa6\x00\xae\xbd?\xb1\x89tZ`\xb1{\xbf\x90\xc9\xd0\x88\xd9\xf7\xb0\xc0\t\x14~M3\x8c\xbd?\xa0Z \xc03a\x18?g\xd4o\xe5\xe3\xb7\xfc\x00\x00\x00\x00\x00\x00\x00\x00\x00\x00\x00\x00\x00\x00\x00\x00?\xbf]x\x81\x1b\x1d\x92\x00\x00\x00\x00\x00\x00\x00\x00\x00\x00\x00\x00\x00\x00\x00\x00\x00\x00\x00\x00\x00\x00\x00\x00'
	packageSize: 101
	packageType: 4
	X: 0.28631106578061943
	Y: 0.0685036392830564
	Z: -0.016394861557720908
	Rx: -3.135006526122736
	Ry: 0.031937621557235285
	Rz: 0.002908915091317075
	TCPOffsetX: 0.0
	TCPOffsetY: 0.0
	TCPOffsetZ: 0.12251999999999999
	TCPOffsetRx: 0.0
	TCPOffsetRy: 0.0
	TCPOffsetRz: 0.0
Sub-package length: 53
Sub-package type: 9, NEEDED_FOR_CALIB_DATA
Sub-package Data (including 5 header bits): b'\x00\x00\x005\t?\xe7i\xb0\xdb|\x1bt\xbf\xd2`\xa2\x97\x9c\x93\x80\xbf\xec\x98\xb7\xc2\xf51\xf4\xbf\xc6\x19\\\xba\xc5iH?\xcd\x08=\xc7\xf44\x9f?\xa3\xaa^k\xd9\xd3\x18'
Sub-package length: 75
Sub-package type: 3, MASTERBOARD_DATA
Sub-package Data (including 5 header bits): b'\x00\x00\x00K\x03\x00\x00\x00\x00\x00\x00\x00\x00\x01\x01\x80\x00\x00\x00\x00\x00\x00\x00\x80\x00\x00\x00\x00\x00\x00\x00\x00\x00?pbM\xe0\x00\x00\x00?pbM\xe0\x00\x00\x00A\xfd\x80\x00B>,\xa2?X\xda<\x00\x00\x00\x00\x01\x00\x00\xad\x88BW\x00\x01\x01'
Sub-package length: 37
Sub-package type: 2, TOOL_DATA
Sub-package Data (including 5 header bits): b'\x00\x00\x00%\x02\x01\x01?\x9c\x11E \x00\x00\x00?\x98\x8f\x1c\x80\x00\x00\x00\x00\x00\x00\x00\x00<\xb3D\xe0B\x15\x80\x00\xfd'
Sub-package length: 61
Sub-package type: 7, FORCE_MODE_DATA
Sub-package Data (including 5 header bits): b"\x00\x00\x00=\x07\x00\x00\x00\x00\x00\x00\x00\x00\x00\x00\x00\x00\x00\x00\x00\x00\x00\x00\x00\x00\x00\x00\x00\x00\x00\x00\x00\x00\x00\x00\x00\x00\x00\x00\x00\x00\x00\x00\x00\x00\x00\x00\x00\x00\x00\x00\x00\x00?'\xbe\xdb\xcdz\xd3\xd0"
Sub-package length: 9
Sub-package type: 8, ADDITIONAL_INFO
Sub-package Data (including 5 header bits): b'\x00\x00\x00\t\x08\x00\x01\x00\x01'
Sub-package length: 43
Sub-package type: 10, fuck
Sub-package Data (including 5 header bits): b'\x00\x00\x00+\n\xad\x88BW\x00\x01?\xc8"\xb6\xfa\x13\xec\x02?\xa3\x80\x8a\xc8\x05R\xdc?\xd4\x90\x12\x96.\xa7\xba?\xb9\x99\x99\x99\x99\x99\x9a'
Sub-package length: 26
Sub-package type: 11, TOOL_COMM_INFO
Sub-package Data (including 5 header bits): b'\x00\x00\x00\x1a\x0b\x00\x00\x01\xc2\x00\x00\x00\x00\x00\x00\x00\x00\x01?\xc0\x00\x00@`\x00\x00'
Sub-package length: 8
Sub-package type: 12, TOOL_MODE_INFO
Sub-package Data (including 5 header bits): b'\x00\x00\x00\x08\x0c\x00\x01\x01'

